[2.606s] Invoking command in '/home/michael/HRI/ros2_ws/src/examples/rclpy/topics/minimal_publisher': PYTHONPATH=/home/michael/HRI/ros2_ws/build/examples_rclpy_minimal_publisher/prefix_override:/home/michael/HRI/ros2_ws/install/examples_rclpy_minimal_publisher/lib/python3.10/site-packages:${PYTHONPATH} /usr/bin/python3 setup.py egg_info --egg-base ../../../../../build/examples_rclpy_minimal_publisher build --build-base /home/michael/HRI/ros2_ws/build/examples_rclpy_minimal_publisher/build install --record /home/michael/HRI/ros2_ws/build/examples_rclpy_minimal_publisher/install.log --single-version-externally-managed
[3.133s] running egg_info
[3.134s] creating ../../../../../build/examples_rclpy_minimal_publisher/examples_rclpy_minimal_publisher.egg-info
[3.134s] writing ../../../../../build/examples_rclpy_minimal_publisher/examples_rclpy_minimal_publisher.egg-info/PKG-INFO
[3.134s] writing dependency_links to ../../../../../build/examples_rclpy_minimal_publisher/examples_rclpy_minimal_publisher.egg-info/dependency_links.txt
[3.135s] writing entry points to ../../../../../build/examples_rclpy_minimal_publisher/examples_rclpy_minimal_publisher.egg-info/entry_points.txt
[3.135s] writing requirements to ../../../../../build/examples_rclpy_minimal_publisher/examples_rclpy_minimal_publisher.egg-info/requires.txt
[3.135s] writing top-level names to ../../../../../build/examples_rclpy_minimal_publisher/examples_rclpy_minimal_publisher.egg-info/top_level.txt
[3.136s] writing manifest file '../../../../../build/examples_rclpy_minimal_publisher/examples_rclpy_minimal_publisher.egg-info/SOURCES.txt'
[3.139s] reading manifest file '../../../../../build/examples_rclpy_minimal_publisher/examples_rclpy_minimal_publisher.egg-info/SOURCES.txt'
[3.140s] writing manifest file '../../../../../build/examples_rclpy_minimal_publisher/examples_rclpy_minimal_publisher.egg-info/SOURCES.txt'
[3.141s] running build
[3.141s] running build_py
[3.141s] creating /home/michael/HRI/ros2_ws/build/examples_rclpy_minimal_publisher/build
[3.142s] creating /home/michael/HRI/ros2_ws/build/examples_rclpy_minimal_publisher/build/lib
[3.142s] creating /home/michael/HRI/ros2_ws/build/examples_rclpy_minimal_publisher/build/lib/examples_rclpy_minimal_publisher
[3.142s] copying examples_rclpy_minimal_publisher/publisher_member_function.py -> /home/michael/HRI/ros2_ws/build/examples_rclpy_minimal_publisher/build/lib/examples_rclpy_minimal_publisher
[3.154s] copying examples_rclpy_minimal_publisher/__init__.py -> /home/michael/HRI/ros2_ws/build/examples_rclpy_minimal_publisher/build/lib/examples_rclpy_minimal_publisher
[3.154s] copying examples_rclpy_minimal_publisher/publisher_old_school.py -> /home/michael/HRI/ros2_ws/build/examples_rclpy_minimal_publisher/build/lib/examples_rclpy_minimal_publisher
[3.257s] copying examples_rclpy_minimal_publisher/publisher_local_function.py -> /home/michael/HRI/ros2_ws/build/examples_rclpy_minimal_publisher/build/lib/examples_rclpy_minimal_publisher
[3.340s] running install
[3.341s] /usr/lib/python3/dist-packages/setuptools/command/install.py:34: SetuptoolsDeprecationWarning: setup.py install is deprecated. Use build and pip and other standards-based tools.
[3.342s]   warnings.warn(
[3.342s] running install_lib
[3.346s] creating /home/michael/HRI/ros2_ws/install/examples_rclpy_minimal_publisher/lib/python3.10/site-packages/examples_rclpy_minimal_publisher
[3.346s] copying /home/michael/HRI/ros2_ws/build/examples_rclpy_minimal_publisher/build/lib/examples_rclpy_minimal_publisher/publisher_member_function.py -> /home/michael/HRI/ros2_ws/install/examples_rclpy_minimal_publisher/lib/python3.10/site-packages/examples_rclpy_minimal_publisher
[3.347s] copying /home/michael/HRI/ros2_ws/build/examples_rclpy_minimal_publisher/build/lib/examples_rclpy_minimal_publisher/__init__.py -> /home/michael/HRI/ros2_ws/install/examples_rclpy_minimal_publisher/lib/python3.10/site-packages/examples_rclpy_minimal_publisher
[3.348s] copying /home/michael/HRI/ros2_ws/build/examples_rclpy_minimal_publisher/build/lib/examples_rclpy_minimal_publisher/publisher_old_school.py -> /home/michael/HRI/ros2_ws/install/examples_rclpy_minimal_publisher/lib/python3.10/site-packages/examples_rclpy_minimal_publisher
[3.348s] copying /home/michael/HRI/ros2_ws/build/examples_rclpy_minimal_publisher/build/lib/examples_rclpy_minimal_publisher/publisher_local_function.py -> /home/michael/HRI/ros2_ws/install/examples_rclpy_minimal_publisher/lib/python3.10/site-packages/examples_rclpy_minimal_publisher
[3.350s] byte-compiling /home/michael/HRI/ros2_ws/install/examples_rclpy_minimal_publisher/lib/python3.10/site-packages/examples_rclpy_minimal_publisher/publisher_member_function.py to publisher_member_function.cpython-310.pyc
[3.352s] byte-compiling /home/michael/HRI/ros2_ws/install/examples_rclpy_minimal_publisher/lib/python3.10/site-packages/examples_rclpy_minimal_publisher/__init__.py to __init__.cpython-310.pyc
[3.353s] byte-compiling /home/michael/HRI/ros2_ws/install/examples_rclpy_minimal_publisher/lib/python3.10/site-packages/examples_rclpy_minimal_publisher/publisher_old_school.py to publisher_old_school.cpython-310.pyc
[3.355s] byte-compiling /home/michael/HRI/ros2_ws/install/examples_rclpy_minimal_publisher/lib/python3.10/site-packages/examples_rclpy_minimal_publisher/publisher_local_function.py to publisher_local_function.cpython-310.pyc
[3.356s] running install_data
[3.359s] creating /home/michael/HRI/ros2_ws/install/examples_rclpy_minimal_publisher/share/ament_index
[3.359s] creating /home/michael/HRI/ros2_ws/install/examples_rclpy_minimal_publisher/share/ament_index/resource_index
[3.360s] creating /home/michael/HRI/ros2_ws/install/examples_rclpy_minimal_publisher/share/ament_index/resource_index/packages
[3.360s] copying resource/examples_rclpy_minimal_publisher -> /home/michael/HRI/ros2_ws/install/examples_rclpy_minimal_publisher/share/ament_index/resource_index/packages
[3.361s] copying package.xml -> /home/michael/HRI/ros2_ws/install/examples_rclpy_minimal_publisher/share/examples_rclpy_minimal_publisher
[3.361s] running install_egg_info
[3.366s] Copying ../../../../../build/examples_rclpy_minimal_publisher/examples_rclpy_minimal_publisher.egg-info to /home/michael/HRI/ros2_ws/install/examples_rclpy_minimal_publisher/lib/python3.10/site-packages/examples_rclpy_minimal_publisher-0.15.1-py3.10.egg-info
[3.369s] running install_scripts
[3.448s] Installing publisher_local_function script to /home/michael/HRI/ros2_ws/install/examples_rclpy_minimal_publisher/lib/examples_rclpy_minimal_publisher
[3.448s] Installing publisher_member_function script to /home/michael/HRI/ros2_ws/install/examples_rclpy_minimal_publisher/lib/examples_rclpy_minimal_publisher
[3.448s] Installing publisher_old_school script to /home/michael/HRI/ros2_ws/install/examples_rclpy_minimal_publisher/lib/examples_rclpy_minimal_publisher
[3.449s] writing list of installed files to '/home/michael/HRI/ros2_ws/build/examples_rclpy_minimal_publisher/install.log'
[3.518s] Invoked command in '/home/michael/HRI/ros2_ws/src/examples/rclpy/topics/minimal_publisher' returned '0': PYTHONPATH=/home/michael/HRI/ros2_ws/build/examples_rclpy_minimal_publisher/prefix_override:/home/michael/HRI/ros2_ws/install/examples_rclpy_minimal_publisher/lib/python3.10/site-packages:${PYTHONPATH} /usr/bin/python3 setup.py egg_info --egg-base ../../../../../build/examples_rclpy_minimal_publisher build --build-base /home/michael/HRI/ros2_ws/build/examples_rclpy_minimal_publisher/build install --record /home/michael/HRI/ros2_ws/build/examples_rclpy_minimal_publisher/install.log --single-version-externally-managed
