[3.937s] Invoking command in '/home/michael/HRI/ros2_ws/src/examples/rclpy/actions/minimal_action_client': PYTHONPATH=/home/michael/HRI/ros2_ws/build/examples_rclpy_minimal_action_client/prefix_override:/home/michael/HRI/ros2_ws/install/examples_rclpy_minimal_action_client/lib/python3.10/site-packages:${PYTHONPATH} /usr/bin/python3 setup.py egg_info --egg-base ../../../../../build/examples_rclpy_minimal_action_client build --build-base /home/michael/HRI/ros2_ws/build/examples_rclpy_minimal_action_client/build install --record /home/michael/HRI/ros2_ws/build/examples_rclpy_minimal_action_client/install.log --single-version-externally-managed
[4.749s] running egg_info
[4.751s] writing ../../../../../build/examples_rclpy_minimal_action_client/examples_rclpy_minimal_action_client.egg-info/PKG-INFO
[4.752s] writing dependency_links to ../../../../../build/examples_rclpy_minimal_action_client/examples_rclpy_minimal_action_client.egg-info/dependency_links.txt
[4.756s] writing entry points to ../../../../../build/examples_rclpy_minimal_action_client/examples_rclpy_minimal_action_client.egg-info/entry_points.txt
[4.756s] writing requirements to ../../../../../build/examples_rclpy_minimal_action_client/examples_rclpy_minimal_action_client.egg-info/requires.txt
[4.758s] writing top-level names to ../../../../../build/examples_rclpy_minimal_action_client/examples_rclpy_minimal_action_client.egg-info/top_level.txt
[4.758s] reading manifest file '../../../../../build/examples_rclpy_minimal_action_client/examples_rclpy_minimal_action_client.egg-info/SOURCES.txt'
[4.761s] writing manifest file '../../../../../build/examples_rclpy_minimal_action_client/examples_rclpy_minimal_action_client.egg-info/SOURCES.txt'
[4.761s] running build
[4.762s] running build_py
[4.763s] running install
[4.763s] /usr/lib/python3/dist-packages/setuptools/command/install.py:34: SetuptoolsDeprecationWarning: setup.py install is deprecated. Use build and pip and other standards-based tools.
[4.764s]   warnings.warn(
[4.764s] running install_lib
[4.768s] running install_data
[4.770s] running install_egg_info
[4.775s] removing '/home/michael/HRI/ros2_ws/install/examples_rclpy_minimal_action_client/lib/python3.10/site-packages/examples_rclpy_minimal_action_client-0.15.1-py3.10.egg-info' (and everything under it)
[4.775s] Copying ../../../../../build/examples_rclpy_minimal_action_client/examples_rclpy_minimal_action_client.egg-info to /home/michael/HRI/ros2_ws/install/examples_rclpy_minimal_action_client/lib/python3.10/site-packages/examples_rclpy_minimal_action_client-0.15.1-py3.10.egg-info
[4.778s] running install_scripts
[4.849s] Installing client script to /home/michael/HRI/ros2_ws/install/examples_rclpy_minimal_action_client/lib/examples_rclpy_minimal_action_client
[4.850s] Installing client_asyncio script to /home/michael/HRI/ros2_ws/install/examples_rclpy_minimal_action_client/lib/examples_rclpy_minimal_action_client
[4.850s] Installing client_cancel script to /home/michael/HRI/ros2_ws/install/examples_rclpy_minimal_action_client/lib/examples_rclpy_minimal_action_client
[4.850s] Installing client_not_composable script to /home/michael/HRI/ros2_ws/install/examples_rclpy_minimal_action_client/lib/examples_rclpy_minimal_action_client
[4.851s] writing list of installed files to '/home/michael/HRI/ros2_ws/build/examples_rclpy_minimal_action_client/install.log'
[4.930s] Invoked command in '/home/michael/HRI/ros2_ws/src/examples/rclpy/actions/minimal_action_client' returned '0': PYTHONPATH=/home/michael/HRI/ros2_ws/build/examples_rclpy_minimal_action_client/prefix_override:/home/michael/HRI/ros2_ws/install/examples_rclpy_minimal_action_client/lib/python3.10/site-packages:${PYTHONPATH} /usr/bin/python3 setup.py egg_info --egg-base ../../../../../build/examples_rclpy_minimal_action_client build --build-base /home/michael/HRI/ros2_ws/build/examples_rclpy_minimal_action_client/build install --record /home/michael/HRI/ros2_ws/build/examples_rclpy_minimal_action_client/install.log --single-version-externally-managed
