[0.110s] Invoking command in '/home/michael/HRI/ros2_ws/build/examples_rclcpp_minimal_publisher': CMAKE_PREFIX_PATH=${CMAKE_PREFIX_PATH}:/opt/ros/humble /usr/bin/cmake --build /home/michael/HRI/ros2_ws/build/examples_rclcpp_minimal_publisher -- -j8 -l8
[0.354s] [35m[1mConsolidate compiler generated dependencies of target publisher_lambda[0m
[0.371s] [35m[1mConsolidate compiler generated dependencies of target publisher_member_function[0m
[0.371s] [35m[1mConsolidate compiler generated dependencies of target publisher_member_function_with_type_adapter[0m
[0.400s] [35m[1mConsolidate compiler generated dependencies of target publisher_wait_for_all_acked[0m
[0.400s] [35m[1mConsolidate compiler generated dependencies of target publisher_not_composable[0m
[0.407s] [35m[1mConsolidate compiler generated dependencies of target publisher_member_function_with_unique_network_flow_endpoints[0m
[0.431s] [ 16%] Built target publisher_lambda
[0.471s] [ 33%] Built target publisher_member_function
[0.473s] [ 50%] Built target publisher_wait_for_all_acked
[0.477s] [ 66%] Built target publisher_member_function_with_type_adapter
[0.477s] [ 83%] Built target publisher_member_function_with_unique_network_flow_endpoints
[0.490s] [100%] Built target publisher_not_composable
[0.544s] Invoked command in '/home/michael/HRI/ros2_ws/build/examples_rclcpp_minimal_publisher' returned '0': CMAKE_PREFIX_PATH=${CMAKE_PREFIX_PATH}:/opt/ros/humble /usr/bin/cmake --build /home/michael/HRI/ros2_ws/build/examples_rclcpp_minimal_publisher -- -j8 -l8
[0.778s] Invoking command in '/home/michael/HRI/ros2_ws/build/examples_rclcpp_minimal_publisher': CMAKE_PREFIX_PATH=${CMAKE_PREFIX_PATH}:/opt/ros/humble /usr/bin/cmake --install /home/michael/HRI/ros2_ws/build/examples_rclcpp_minimal_publisher
[0.801s] -- Install configuration: ""
[0.801s] -- Up-to-date: /home/michael/HRI/ros2_ws/install/examples_rclcpp_minimal_publisher/lib/examples_rclcpp_minimal_publisher/publisher_lambda
[0.801s] -- Up-to-date: /home/michael/HRI/ros2_ws/install/examples_rclcpp_minimal_publisher/lib/examples_rclcpp_minimal_publisher/publisher_member_function
[0.802s] -- Up-to-date: /home/michael/HRI/ros2_ws/install/examples_rclcpp_minimal_publisher/lib/examples_rclcpp_minimal_publisher/publisher_member_function_with_type_adapter
[0.802s] -- Up-to-date: /home/michael/HRI/ros2_ws/install/examples_rclcpp_minimal_publisher/lib/examples_rclcpp_minimal_publisher/publisher_member_function_with_unique_network_flow_endpoints
[0.803s] -- Up-to-date: /home/michael/HRI/ros2_ws/install/examples_rclcpp_minimal_publisher/lib/examples_rclcpp_minimal_publisher/publisher_wait_for_all_acked
[0.804s] -- Up-to-date: /home/michael/HRI/ros2_ws/install/examples_rclcpp_minimal_publisher/lib/examples_rclcpp_minimal_publisher/publisher_not_composable
[0.805s] -- Up-to-date: /home/michael/HRI/ros2_ws/install/examples_rclcpp_minimal_publisher/share/ament_index/resource_index/package_run_dependencies/examples_rclcpp_minimal_publisher
[0.806s] -- Up-to-date: /home/michael/HRI/ros2_ws/install/examples_rclcpp_minimal_publisher/share/ament_index/resource_index/parent_prefix_path/examples_rclcpp_minimal_publisher
[0.806s] -- Up-to-date: /home/michael/HRI/ros2_ws/install/examples_rclcpp_minimal_publisher/share/examples_rclcpp_minimal_publisher/environment/ament_prefix_path.sh
[0.807s] -- Up-to-date: /home/michael/HRI/ros2_ws/install/examples_rclcpp_minimal_publisher/share/examples_rclcpp_minimal_publisher/environment/ament_prefix_path.dsv
[0.807s] -- Up-to-date: /home/michael/HRI/ros2_ws/install/examples_rclcpp_minimal_publisher/share/examples_rclcpp_minimal_publisher/environment/path.sh
[0.808s] -- Up-to-date: /home/michael/HRI/ros2_ws/install/examples_rclcpp_minimal_publisher/share/examples_rclcpp_minimal_publisher/environment/path.dsv
[0.808s] -- Up-to-date: /home/michael/HRI/ros2_ws/install/examples_rclcpp_minimal_publisher/share/examples_rclcpp_minimal_publisher/local_setup.bash
[0.808s] -- Up-to-date: /home/michael/HRI/ros2_ws/install/examples_rclcpp_minimal_publisher/share/examples_rclcpp_minimal_publisher/local_setup.sh
[0.809s] -- Up-to-date: /home/michael/HRI/ros2_ws/install/examples_rclcpp_minimal_publisher/share/examples_rclcpp_minimal_publisher/local_setup.zsh
[0.810s] -- Up-to-date: /home/michael/HRI/ros2_ws/install/examples_rclcpp_minimal_publisher/share/examples_rclcpp_minimal_publisher/local_setup.dsv
[0.811s] -- Installing: /home/michael/HRI/ros2_ws/install/examples_rclcpp_minimal_publisher/share/examples_rclcpp_minimal_publisher/package.dsv
[0.811s] -- Up-to-date: /home/michael/HRI/ros2_ws/install/examples_rclcpp_minimal_publisher/share/ament_index/resource_index/packages/examples_rclcpp_minimal_publisher
[0.812s] -- Up-to-date: /home/michael/HRI/ros2_ws/install/examples_rclcpp_minimal_publisher/share/examples_rclcpp_minimal_publisher/cmake/examples_rclcpp_minimal_publisherConfig.cmake
[0.812s] -- Up-to-date: /home/michael/HRI/ros2_ws/install/examples_rclcpp_minimal_publisher/share/examples_rclcpp_minimal_publisher/cmake/examples_rclcpp_minimal_publisherConfig-version.cmake
[0.812s] -- Up-to-date: /home/michael/HRI/ros2_ws/install/examples_rclcpp_minimal_publisher/share/examples_rclcpp_minimal_publisher/package.xml
[0.876s] Invoked command in '/home/michael/HRI/ros2_ws/build/examples_rclcpp_minimal_publisher' returned '0': CMAKE_PREFIX_PATH=${CMAKE_PREFIX_PATH}:/opt/ros/humble /usr/bin/cmake --install /home/michael/HRI/ros2_ws/build/examples_rclcpp_minimal_publisher
