[2.725s] Invoking command in '/home/michael/HRI/ros2_ws/src/examples/rclpy/actions/minimal_action_server': PYTHONPATH=/home/michael/HRI/ros2_ws/build/examples_rclpy_minimal_action_server/prefix_override:/home/michael/HRI/ros2_ws/install/examples_rclpy_minimal_action_server/lib/python3.10/site-packages:${PYTHONPATH} /usr/bin/python3 setup.py egg_info --egg-base ../../../../../build/examples_rclpy_minimal_action_server build --build-base /home/michael/HRI/ros2_ws/build/examples_rclpy_minimal_action_server/build install --record /home/michael/HRI/ros2_ws/build/examples_rclpy_minimal_action_server/install.log --single-version-externally-managed
[3.569s] running egg_info
[3.570s] creating ../../../../../build/examples_rclpy_minimal_action_server/examples_rclpy_minimal_action_server.egg-info
[3.570s] writing ../../../../../build/examples_rclpy_minimal_action_server/examples_rclpy_minimal_action_server.egg-info/PKG-INFO
[3.571s] writing dependency_links to ../../../../../build/examples_rclpy_minimal_action_server/examples_rclpy_minimal_action_server.egg-info/dependency_links.txt
[3.571s] writing entry points to ../../../../../build/examples_rclpy_minimal_action_server/examples_rclpy_minimal_action_server.egg-info/entry_points.txt
[3.572s] writing requirements to ../../../../../build/examples_rclpy_minimal_action_server/examples_rclpy_minimal_action_server.egg-info/requires.txt
[3.572s] writing top-level names to ../../../../../build/examples_rclpy_minimal_action_server/examples_rclpy_minimal_action_server.egg-info/top_level.txt
[3.572s] writing manifest file '../../../../../build/examples_rclpy_minimal_action_server/examples_rclpy_minimal_action_server.egg-info/SOURCES.txt'
[3.573s] reading manifest file '../../../../../build/examples_rclpy_minimal_action_server/examples_rclpy_minimal_action_server.egg-info/SOURCES.txt'
[3.573s] writing manifest file '../../../../../build/examples_rclpy_minimal_action_server/examples_rclpy_minimal_action_server.egg-info/SOURCES.txt'
[3.573s] running build
[3.574s] running build_py
[3.574s] creating /home/michael/HRI/ros2_ws/build/examples_rclpy_minimal_action_server/build
[3.574s] creating /home/michael/HRI/ros2_ws/build/examples_rclpy_minimal_action_server/build/lib
[3.575s] creating /home/michael/HRI/ros2_ws/build/examples_rclpy_minimal_action_server/build/lib/examples_rclpy_minimal_action_server
[3.582s] copying examples_rclpy_minimal_action_server/server_queue_goals.py -> /home/michael/HRI/ros2_ws/build/examples_rclpy_minimal_action_server/build/lib/examples_rclpy_minimal_action_server
[3.582s] copying examples_rclpy_minimal_action_server/server_not_composable.py -> /home/michael/HRI/ros2_ws/build/examples_rclpy_minimal_action_server/build/lib/examples_rclpy_minimal_action_server
[3.583s] copying examples_rclpy_minimal_action_server/__init__.py -> /home/michael/HRI/ros2_ws/build/examples_rclpy_minimal_action_server/build/lib/examples_rclpy_minimal_action_server
[3.584s] copying examples_rclpy_minimal_action_server/server.py -> /home/michael/HRI/ros2_ws/build/examples_rclpy_minimal_action_server/build/lib/examples_rclpy_minimal_action_server
[3.585s] copying examples_rclpy_minimal_action_server/server_single_goal.py -> /home/michael/HRI/ros2_ws/build/examples_rclpy_minimal_action_server/build/lib/examples_rclpy_minimal_action_server
[3.585s] copying examples_rclpy_minimal_action_server/server_defer.py -> /home/michael/HRI/ros2_ws/build/examples_rclpy_minimal_action_server/build/lib/examples_rclpy_minimal_action_server
[3.590s] running install
[3.590s] running install_lib
[3.591s] /usr/lib/python3/dist-packages/setuptools/command/install.py:34: SetuptoolsDeprecationWarning: setup.py install is deprecated. Use build and pip and other standards-based tools.
[3.591s]   warnings.warn(
[3.591s] creating /home/michael/HRI/ros2_ws/install/examples_rclpy_minimal_action_server/lib/python3.10/site-packages/examples_rclpy_minimal_action_server
[3.591s] copying /home/michael/HRI/ros2_ws/build/examples_rclpy_minimal_action_server/build/lib/examples_rclpy_minimal_action_server/server_queue_goals.py -> /home/michael/HRI/ros2_ws/install/examples_rclpy_minimal_action_server/lib/python3.10/site-packages/examples_rclpy_minimal_action_server
[3.591s] copying /home/michael/HRI/ros2_ws/build/examples_rclpy_minimal_action_server/build/lib/examples_rclpy_minimal_action_server/server_not_composable.py -> /home/michael/HRI/ros2_ws/install/examples_rclpy_minimal_action_server/lib/python3.10/site-packages/examples_rclpy_minimal_action_server
[3.591s] copying /home/michael/HRI/ros2_ws/build/examples_rclpy_minimal_action_server/build/lib/examples_rclpy_minimal_action_server/__init__.py -> /home/michael/HRI/ros2_ws/install/examples_rclpy_minimal_action_server/lib/python3.10/site-packages/examples_rclpy_minimal_action_server
[3.591s] copying /home/michael/HRI/ros2_ws/build/examples_rclpy_minimal_action_server/build/lib/examples_rclpy_minimal_action_server/server.py -> /home/michael/HRI/ros2_ws/install/examples_rclpy_minimal_action_server/lib/python3.10/site-packages/examples_rclpy_minimal_action_server
[3.592s] copying /home/michael/HRI/ros2_ws/build/examples_rclpy_minimal_action_server/build/lib/examples_rclpy_minimal_action_server/server_single_goal.py -> /home/michael/HRI/ros2_ws/install/examples_rclpy_minimal_action_server/lib/python3.10/site-packages/examples_rclpy_minimal_action_server
[3.592s] copying /home/michael/HRI/ros2_ws/build/examples_rclpy_minimal_action_server/build/lib/examples_rclpy_minimal_action_server/server_defer.py -> /home/michael/HRI/ros2_ws/install/examples_rclpy_minimal_action_server/lib/python3.10/site-packages/examples_rclpy_minimal_action_server
[3.592s] byte-compiling /home/michael/HRI/ros2_ws/install/examples_rclpy_minimal_action_server/lib/python3.10/site-packages/examples_rclpy_minimal_action_server/server_queue_goals.py to server_queue_goals.cpython-310.pyc
[3.592s] byte-compiling /home/michael/HRI/ros2_ws/install/examples_rclpy_minimal_action_server/lib/python3.10/site-packages/examples_rclpy_minimal_action_server/server_not_composable.py to server_not_composable.cpython-310.pyc
[3.592s] byte-compiling /home/michael/HRI/ros2_ws/install/examples_rclpy_minimal_action_server/lib/python3.10/site-packages/examples_rclpy_minimal_action_server/__init__.py to __init__.cpython-310.pyc
[3.592s] byte-compiling /home/michael/HRI/ros2_ws/install/examples_rclpy_minimal_action_server/lib/python3.10/site-packages/examples_rclpy_minimal_action_server/server.py to server.cpython-310.pyc
[3.592s] byte-compiling /home/michael/HRI/ros2_ws/install/examples_rclpy_minimal_action_server/lib/python3.10/site-packages/examples_rclpy_minimal_action_server/server_single_goal.py to server_single_goal.cpython-310.pyc
[3.593s] byte-compiling /home/michael/HRI/ros2_ws/install/examples_rclpy_minimal_action_server/lib/python3.10/site-packages/examples_rclpy_minimal_action_server/server_defer.py to server_defer.cpython-310.pyc
[3.593s] running install_data
[3.593s] creating /home/michael/HRI/ros2_ws/install/examples_rclpy_minimal_action_server/share/ament_index
[3.593s] creating /home/michael/HRI/ros2_ws/install/examples_rclpy_minimal_action_server/share/ament_index/resource_index
[3.593s] creating /home/michael/HRI/ros2_ws/install/examples_rclpy_minimal_action_server/share/ament_index/resource_index/packages
[3.593s] copying resource/examples_rclpy_minimal_action_server -> /home/michael/HRI/ros2_ws/install/examples_rclpy_minimal_action_server/share/ament_index/resource_index/packages
[3.593s] copying package.xml -> /home/michael/HRI/ros2_ws/install/examples_rclpy_minimal_action_server/share/examples_rclpy_minimal_action_server
[3.593s] running install_egg_info
[3.593s] Copying ../../../../../build/examples_rclpy_minimal_action_server/examples_rclpy_minimal_action_server.egg-info to /home/michael/HRI/ros2_ws/install/examples_rclpy_minimal_action_server/lib/python3.10/site-packages/examples_rclpy_minimal_action_server-0.15.1-py3.10.egg-info
[3.594s] running install_scripts
[3.645s] Installing server script to /home/michael/HRI/ros2_ws/install/examples_rclpy_minimal_action_server/lib/examples_rclpy_minimal_action_server
[3.645s] Installing server_defer script to /home/michael/HRI/ros2_ws/install/examples_rclpy_minimal_action_server/lib/examples_rclpy_minimal_action_server
[3.646s] Installing server_not_composable script to /home/michael/HRI/ros2_ws/install/examples_rclpy_minimal_action_server/lib/examples_rclpy_minimal_action_server
[3.646s] Installing server_queue_goals script to /home/michael/HRI/ros2_ws/install/examples_rclpy_minimal_action_server/lib/examples_rclpy_minimal_action_server
[3.646s] Installing server_single_goal script to /home/michael/HRI/ros2_ws/install/examples_rclpy_minimal_action_server/lib/examples_rclpy_minimal_action_server
[3.646s] writing list of installed files to '/home/michael/HRI/ros2_ws/build/examples_rclpy_minimal_action_server/install.log'
[4.433s] Invoked command in '/home/michael/HRI/ros2_ws/src/examples/rclpy/actions/minimal_action_server' returned '0': PYTHONPATH=/home/michael/HRI/ros2_ws/build/examples_rclpy_minimal_action_server/prefix_override:/home/michael/HRI/ros2_ws/install/examples_rclpy_minimal_action_server/lib/python3.10/site-packages:${PYTHONPATH} /usr/bin/python3 setup.py egg_info --egg-base ../../../../../build/examples_rclpy_minimal_action_server build --build-base /home/michael/HRI/ros2_ws/build/examples_rclpy_minimal_action_server/build install --record /home/michael/HRI/ros2_ws/build/examples_rclpy_minimal_action_server/install.log --single-version-externally-managed
