[4.417s] Invoking command in '/home/michael/HRI/ros2_ws/src/examples/rclpy/actions/minimal_action_server': PYTHONPATH=/home/michael/HRI/ros2_ws/build/examples_rclpy_minimal_action_server/prefix_override:/home/michael/HRI/ros2_ws/install/examples_rclpy_minimal_action_server/lib/python3.10/site-packages:${PYTHONPATH} /usr/bin/python3 setup.py egg_info --egg-base ../../../../../build/examples_rclpy_minimal_action_server build --build-base /home/michael/HRI/ros2_ws/build/examples_rclpy_minimal_action_server/build install --record /home/michael/HRI/ros2_ws/build/examples_rclpy_minimal_action_server/install.log --single-version-externally-managed
[5.223s] running egg_info
[5.225s] writing ../../../../../build/examples_rclpy_minimal_action_server/examples_rclpy_minimal_action_server.egg-info/PKG-INFO
[5.225s] writing dependency_links to ../../../../../build/examples_rclpy_minimal_action_server/examples_rclpy_minimal_action_server.egg-info/dependency_links.txt
[5.226s] writing entry points to ../../../../../build/examples_rclpy_minimal_action_server/examples_rclpy_minimal_action_server.egg-info/entry_points.txt
[5.226s] writing requirements to ../../../../../build/examples_rclpy_minimal_action_server/examples_rclpy_minimal_action_server.egg-info/requires.txt
[5.227s] writing top-level names to ../../../../../build/examples_rclpy_minimal_action_server/examples_rclpy_minimal_action_server.egg-info/top_level.txt
[5.232s] reading manifest file '../../../../../build/examples_rclpy_minimal_action_server/examples_rclpy_minimal_action_server.egg-info/SOURCES.txt'
[5.235s] writing manifest file '../../../../../build/examples_rclpy_minimal_action_server/examples_rclpy_minimal_action_server.egg-info/SOURCES.txt'
[5.235s] running build
[5.235s] running build_py
[5.237s] running install
[5.237s] /usr/lib/python3/dist-packages/setuptools/command/install.py:34: SetuptoolsDeprecationWarning: setup.py install is deprecated. Use build and pip and other standards-based tools.
[5.237s]   warnings.warn(
[5.238s] running install_lib
[5.242s] running install_data
[5.243s] running install_egg_info
[5.247s] removing '/home/michael/HRI/ros2_ws/install/examples_rclpy_minimal_action_server/lib/python3.10/site-packages/examples_rclpy_minimal_action_server-0.15.1-py3.10.egg-info' (and everything under it)
[5.248s] Copying ../../../../../build/examples_rclpy_minimal_action_server/examples_rclpy_minimal_action_server.egg-info to /home/michael/HRI/ros2_ws/install/examples_rclpy_minimal_action_server/lib/python3.10/site-packages/examples_rclpy_minimal_action_server-0.15.1-py3.10.egg-info
[5.250s] running install_scripts
[5.312s] Installing server script to /home/michael/HRI/ros2_ws/install/examples_rclpy_minimal_action_server/lib/examples_rclpy_minimal_action_server
[5.313s] Installing server_defer script to /home/michael/HRI/ros2_ws/install/examples_rclpy_minimal_action_server/lib/examples_rclpy_minimal_action_server
[5.313s] Installing server_not_composable script to /home/michael/HRI/ros2_ws/install/examples_rclpy_minimal_action_server/lib/examples_rclpy_minimal_action_server
[5.313s] Installing server_queue_goals script to /home/michael/HRI/ros2_ws/install/examples_rclpy_minimal_action_server/lib/examples_rclpy_minimal_action_server
[5.314s] Installing server_single_goal script to /home/michael/HRI/ros2_ws/install/examples_rclpy_minimal_action_server/lib/examples_rclpy_minimal_action_server
[5.314s] writing list of installed files to '/home/michael/HRI/ros2_ws/build/examples_rclpy_minimal_action_server/install.log'
[5.377s] Invoked command in '/home/michael/HRI/ros2_ws/src/examples/rclpy/actions/minimal_action_server' returned '0': PYTHONPATH=/home/michael/HRI/ros2_ws/build/examples_rclpy_minimal_action_server/prefix_override:/home/michael/HRI/ros2_ws/install/examples_rclpy_minimal_action_server/lib/python3.10/site-packages:${PYTHONPATH} /usr/bin/python3 setup.py egg_info --egg-base ../../../../../build/examples_rclpy_minimal_action_server build --build-base /home/michael/HRI/ros2_ws/build/examples_rclpy_minimal_action_server/build install --record /home/michael/HRI/ros2_ws/build/examples_rclpy_minimal_action_server/install.log --single-version-externally-managed
