[0.071s] Invoking command in '/home/michael/HRI/ros2_ws/build/examples_rclcpp_minimal_composition': CMAKE_PREFIX_PATH=${CMAKE_PREFIX_PATH}:/opt/ros/humble /usr/bin/cmake /home/michael/HRI/ros2_ws/src/examples/rclcpp/composition/minimal_composition -DCMAKE_INSTALL_PREFIX=/home/michael/HRI/ros2_ws/install/examples_rclcpp_minimal_composition
[5.246s] -- The C compiler identification is GNU 11.3.0
[5.247s] -- The CXX compiler identification is GNU 11.3.0
[5.247s] -- Detecting C compiler ABI info
[5.247s] -- Detecting C compiler ABI info - done
[5.250s] -- Check for working C compiler: /usr/bin/cc - skipped
[5.250s] -- Detecting C compile features
[5.251s] -- Detecting C compile features - done
[5.251s] -- Detecting CXX compiler ABI info
[5.251s] -- Detecting CXX compiler ABI info - done
[5.251s] -- Check for working CXX compiler: /usr/bin/c++ - skipped
[5.251s] -- Detecting CXX compile features
[5.251s] -- Detecting CXX compile features - done
[5.252s] -- Found ament_cmake: 1.3.5 (/opt/ros/humble/share/ament_cmake/cmake)
[5.252s] -- Found Python3: /usr/bin/python3.10 (found version "3.10.6") found components: Interpreter 
[5.252s] -- Found rclcpp: 16.0.4 (/opt/ros/humble/share/rclcpp/cmake)
[5.252s] -- Found rosidl_generator_c: 3.1.4 (/opt/ros/humble/share/rosidl_generator_c/cmake)
[5.252s] -- Found rosidl_adapter: 3.1.4 (/opt/ros/humble/share/rosidl_adapter/cmake)
[5.252s] -- Found rosidl_generator_cpp: 3.1.4 (/opt/ros/humble/share/rosidl_generator_cpp/cmake)
[5.253s] -- Using all available rosidl_typesupport_c: rosidl_typesupport_fastrtps_c;rosidl_typesupport_introspection_c
[5.253s] -- Using all available rosidl_typesupport_cpp: rosidl_typesupport_fastrtps_cpp;rosidl_typesupport_introspection_cpp
[5.253s] -- Found rmw_implementation_cmake: 6.1.1 (/opt/ros/humble/share/rmw_implementation_cmake/cmake)
[5.253s] -- Found rmw_fastrtps_cpp: 6.2.2 (/opt/ros/humble/share/rmw_fastrtps_cpp/cmake)
[5.254s] -- Found OpenSSL: /usr/lib/x86_64-linux-gnu/libcrypto.so (found version "3.0.2")  
[5.254s] -- Found FastRTPS: /opt/ros/humble/include  
[5.254s] -- Using RMW implementation 'rmw_fastrtps_cpp' as default
[5.254s] -- Looking for pthread.h
[5.254s] -- Looking for pthread.h - found
[5.255s] -- Performing Test CMAKE_HAVE_LIBC_PTHREAD
[5.255s] -- Performing Test CMAKE_HAVE_LIBC_PTHREAD - Success
[5.255s] -- Found Threads: TRUE  
[5.255s] -- Found rclcpp_components: 16.0.4 (/opt/ros/humble/share/rclcpp_components/cmake)
[7.582s] -- Found ament_lint_auto: 0.12.6 (/opt/ros/humble/share/ament_lint_auto/cmake)
[8.133s] -- Added test 'copyright' to check source files copyright and LICENSE
[8.139s] -- Added test 'cppcheck' to perform static code analysis on C / C++ code
[8.140s] -- Configured cppcheck include dirs: /home/michael/HRI/ros2_ws/src/examples/rclcpp/composition/minimal_composition/include
[8.141s] -- Configured cppcheck exclude dirs and/or files: 
[8.155s] -- Added test 'cpplint' to check C / C++ code against the Google style
[8.156s] -- Configured cpplint exclude dirs and/or files: 
[8.168s] -- Added test 'lint_cmake' to check CMake code style
[8.184s] -- Added test 'uncrustify' to check C / C++ code style
[8.185s] -- Configured uncrustify additional arguments: 
[8.191s] -- Added test 'xmllint' to check XML markup files
[8.204s] -- Configuring done
[8.455s] -- Generating done
[8.469s] -- Build files have been written to: /home/michael/HRI/ros2_ws/build/examples_rclcpp_minimal_composition
[8.566s] Invoked command in '/home/michael/HRI/ros2_ws/build/examples_rclcpp_minimal_composition' returned '0': CMAKE_PREFIX_PATH=${CMAKE_PREFIX_PATH}:/opt/ros/humble /usr/bin/cmake /home/michael/HRI/ros2_ws/src/examples/rclcpp/composition/minimal_composition -DCMAKE_INSTALL_PREFIX=/home/michael/HRI/ros2_ws/install/examples_rclcpp_minimal_composition
[8.567s] Invoking command in '/home/michael/HRI/ros2_ws/build/examples_rclcpp_minimal_composition': CMAKE_PREFIX_PATH=${CMAKE_PREFIX_PATH}:/opt/ros/humble /usr/bin/cmake --build /home/michael/HRI/ros2_ws/build/examples_rclcpp_minimal_composition -- -j8 -l8
[14.820s] [ 11%] [32mBuilding CXX object CMakeFiles/composition_nodes.dir/src/publisher_node.cpp.o[0m
[14.820s] [ 22%] [32mBuilding CXX object CMakeFiles/composition_nodes.dir/src/subscriber_node.cpp.o[0m
[57.368s] [ 33%] [32m[1mLinking CXX shared library libcomposition_nodes.so[0m
[60.509s] [ 33%] Built target composition_nodes
[60.545s] [ 44%] [32mBuilding CXX object CMakeFiles/composition_publisher.dir/src/standalone_publisher.cpp.o[0m
[66.190s] [ 55%] [32m[1mLinking CXX executable composition_publisher[0m
[66.532s] [ 55%] Built target composition_publisher
[66.570s] [ 66%] [32mBuilding CXX object CMakeFiles/composition_composed.dir/src/composed.cpp.o[0m
[72.019s] [ 77%] [32m[1mLinking CXX executable composition_composed[0m
[72.338s] [ 77%] Built target composition_composed
[72.374s] [ 88%] [32mBuilding CXX object CMakeFiles/composition_subscriber.dir/src/standalone_subscriber.cpp.o[0m
[77.743s] [100%] [32m[1mLinking CXX executable composition_subscriber[0m
[78.079s] [100%] Built target composition_subscriber
[78.169s] Invoked command in '/home/michael/HRI/ros2_ws/build/examples_rclcpp_minimal_composition' returned '0': CMAKE_PREFIX_PATH=${CMAKE_PREFIX_PATH}:/opt/ros/humble /usr/bin/cmake --build /home/michael/HRI/ros2_ws/build/examples_rclcpp_minimal_composition -- -j8 -l8
[78.259s] Invoking command in '/home/michael/HRI/ros2_ws/build/examples_rclcpp_minimal_composition': CMAKE_PREFIX_PATH=${CMAKE_PREFIX_PATH}:/opt/ros/humble /usr/bin/cmake --install /home/michael/HRI/ros2_ws/build/examples_rclcpp_minimal_composition
[78.271s] -- Install configuration: ""
[78.271s] -- Installing: /home/michael/HRI/ros2_ws/install/examples_rclcpp_minimal_composition/share/examples_rclcpp_minimal_composition/environment/library_path.sh
[78.272s] -- Installing: /home/michael/HRI/ros2_ws/install/examples_rclcpp_minimal_composition/share/examples_rclcpp_minimal_composition/environment/library_path.dsv
[78.272s] -- Installing: /home/michael/HRI/ros2_ws/install/examples_rclcpp_minimal_composition/lib/libcomposition_nodes.so
[78.285s] -- Set runtime path of "/home/michael/HRI/ros2_ws/install/examples_rclcpp_minimal_composition/lib/libcomposition_nodes.so" to ""
[78.285s] -- Installing: /home/michael/HRI/ros2_ws/install/examples_rclcpp_minimal_composition/lib/examples_rclcpp_minimal_composition/composition_publisher
[78.286s] -- Set runtime path of "/home/michael/HRI/ros2_ws/install/examples_rclcpp_minimal_composition/lib/examples_rclcpp_minimal_composition/composition_publisher" to ""
[78.286s] -- Installing: /home/michael/HRI/ros2_ws/install/examples_rclcpp_minimal_composition/lib/examples_rclcpp_minimal_composition/composition_subscriber
[78.288s] -- Set runtime path of "/home/michael/HRI/ros2_ws/install/examples_rclcpp_minimal_composition/lib/examples_rclcpp_minimal_composition/composition_subscriber" to ""
[78.288s] -- Installing: /home/michael/HRI/ros2_ws/install/examples_rclcpp_minimal_composition/lib/examples_rclcpp_minimal_composition/composition_composed
[78.289s] -- Set runtime path of "/home/michael/HRI/ros2_ws/install/examples_rclcpp_minimal_composition/lib/examples_rclcpp_minimal_composition/composition_composed" to ""
[78.289s] -- Installing: /home/michael/HRI/ros2_ws/install/examples_rclcpp_minimal_composition/share/ament_index/resource_index/package_run_dependencies/examples_rclcpp_minimal_composition
[78.290s] -- Installing: /home/michael/HRI/ros2_ws/install/examples_rclcpp_minimal_composition/share/ament_index/resource_index/parent_prefix_path/examples_rclcpp_minimal_composition
[78.290s] -- Installing: /home/michael/HRI/ros2_ws/install/examples_rclcpp_minimal_composition/share/examples_rclcpp_minimal_composition/environment/ament_prefix_path.sh
[78.290s] -- Installing: /home/michael/HRI/ros2_ws/install/examples_rclcpp_minimal_composition/share/examples_rclcpp_minimal_composition/environment/ament_prefix_path.dsv
[78.291s] -- Installing: /home/michael/HRI/ros2_ws/install/examples_rclcpp_minimal_composition/share/examples_rclcpp_minimal_composition/environment/path.sh
[78.291s] -- Installing: /home/michael/HRI/ros2_ws/install/examples_rclcpp_minimal_composition/share/examples_rclcpp_minimal_composition/environment/path.dsv
[78.291s] -- Installing: /home/michael/HRI/ros2_ws/install/examples_rclcpp_minimal_composition/share/examples_rclcpp_minimal_composition/local_setup.bash
[78.292s] -- Installing: /home/michael/HRI/ros2_ws/install/examples_rclcpp_minimal_composition/share/examples_rclcpp_minimal_composition/local_setup.sh
[78.292s] -- Installing: /home/michael/HRI/ros2_ws/install/examples_rclcpp_minimal_composition/share/examples_rclcpp_minimal_composition/local_setup.zsh
[78.292s] -- Installing: /home/michael/HRI/ros2_ws/install/examples_rclcpp_minimal_composition/share/examples_rclcpp_minimal_composition/local_setup.dsv
[78.292s] -- Installing: /home/michael/HRI/ros2_ws/install/examples_rclcpp_minimal_composition/share/examples_rclcpp_minimal_composition/package.dsv
[78.293s] -- Installing: /home/michael/HRI/ros2_ws/install/examples_rclcpp_minimal_composition/share/ament_index/resource_index/packages/examples_rclcpp_minimal_composition
[78.293s] -- Installing: /home/michael/HRI/ros2_ws/install/examples_rclcpp_minimal_composition/share/examples_rclcpp_minimal_composition/cmake/examples_rclcpp_minimal_compositionConfig.cmake
[78.293s] -- Installing: /home/michael/HRI/ros2_ws/install/examples_rclcpp_minimal_composition/share/examples_rclcpp_minimal_composition/cmake/examples_rclcpp_minimal_compositionConfig-version.cmake
[78.294s] -- Installing: /home/michael/HRI/ros2_ws/install/examples_rclcpp_minimal_composition/share/examples_rclcpp_minimal_composition/package.xml
[78.302s] Invoked command in '/home/michael/HRI/ros2_ws/build/examples_rclcpp_minimal_composition' returned '0': CMAKE_PREFIX_PATH=${CMAKE_PREFIX_PATH}:/opt/ros/humble /usr/bin/cmake --install /home/michael/HRI/ros2_ws/build/examples_rclcpp_minimal_composition
