[0.106s] Invoking command in '/home/michael/HRI/ros2_ws/build/examples_rclcpp_async_client': CMAKE_PREFIX_PATH=${CMAKE_PREFIX_PATH}:/opt/ros/humble /usr/bin/cmake /home/michael/HRI/ros2_ws/src/examples/rclcpp/services/async_client -DCMAKE_INSTALL_PREFIX=/home/michael/HRI/ros2_ws/install/examples_rclcpp_async_client
[0.296s] -- The C compiler identification is GNU 11.3.0
[0.460s] -- The CXX compiler identification is GNU 11.3.0
[0.477s] -- Detecting C compiler ABI info
[0.657s] -- Detecting C compiler ABI info - done
[0.696s] -- Check for working C compiler: /usr/bin/cc - skipped
[0.696s] -- Detecting C compile features
[0.698s] -- Detecting C compile features - done
[0.710s] -- Detecting CXX compiler ABI info
[0.909s] -- Detecting CXX compiler ABI info - done
[0.931s] -- Check for working CXX compiler: /usr/bin/c++ - skipped
[0.932s] -- Detecting CXX compile features
[0.934s] -- Detecting CXX compile features - done
[0.941s] -- Found ament_cmake: 1.3.5 (/opt/ros/humble/share/ament_cmake/cmake)
[1.323s] -- Found Python3: /usr/bin/python3.10 (found version "3.10.6") found components: Interpreter 
[2.177s] -- Found example_interfaces: 0.9.3 (/opt/ros/humble/share/example_interfaces/cmake)
[2.813s] -- Found rosidl_generator_c: 3.1.4 (/opt/ros/humble/share/rosidl_generator_c/cmake)
[2.836s] -- Found rosidl_adapter: 3.1.4 (/opt/ros/humble/share/rosidl_adapter/cmake)
[2.870s] -- Found rosidl_generator_cpp: 3.1.4 (/opt/ros/humble/share/rosidl_generator_cpp/cmake)
[2.905s] -- Using all available rosidl_typesupport_c: rosidl_typesupport_fastrtps_c;rosidl_typesupport_introspection_c
[2.986s] -- Using all available rosidl_typesupport_cpp: rosidl_typesupport_fastrtps_cpp;rosidl_typesupport_introspection_cpp
[6.037s] -- Found rclcpp: 16.0.4 (/opt/ros/humble/share/rclcpp/cmake)
[6.601s] -- Found rmw_implementation_cmake: 6.1.1 (/opt/ros/humble/share/rmw_implementation_cmake/cmake)
[6.614s] -- Found rmw_fastrtps_cpp: 6.2.2 (/opt/ros/humble/share/rmw_fastrtps_cpp/cmake)
[7.390s] -- Found OpenSSL: /usr/lib/x86_64-linux-gnu/libcrypto.so (found version "3.0.2")  
[7.502s] -- Found FastRTPS: /opt/ros/humble/include  
[7.919s] -- Using RMW implementation 'rmw_fastrtps_cpp' as default
[8.045s] -- Looking for pthread.h
[8.964s] -- Looking for pthread.h - found
[8.965s] -- Performing Test CMAKE_HAVE_LIBC_PTHREAD
[9.996s] -- Performing Test CMAKE_HAVE_LIBC_PTHREAD - Success
[9.999s] -- Found Threads: TRUE  
[13.166s] -- Found ament_lint_auto: 0.12.6 (/opt/ros/humble/share/ament_lint_auto/cmake)
[14.584s] -- Added test 'copyright' to check source files copyright and LICENSE
[14.587s] -- Added test 'cppcheck' to perform static code analysis on C / C++ code
[14.587s] -- Configured cppcheck include dirs: 
[14.587s] -- Configured cppcheck exclude dirs and/or files: 
[14.607s] -- Added test 'cpplint' to check C / C++ code against the Google style
[14.607s] -- Configured cpplint exclude dirs and/or files: 
[14.611s] -- Added test 'lint_cmake' to check CMake code style
[14.619s] -- Added test 'uncrustify' to check C / C++ code style
[14.619s] -- Configured uncrustify additional arguments: 
[14.639s] -- Added test 'xmllint' to check XML markup files
[14.643s] -- Configuring done
[14.791s] -- Generating done
[14.805s] -- Build files have been written to: /home/michael/HRI/ros2_ws/build/examples_rclcpp_async_client
[14.945s] Invoked command in '/home/michael/HRI/ros2_ws/build/examples_rclcpp_async_client' returned '0': CMAKE_PREFIX_PATH=${CMAKE_PREFIX_PATH}:/opt/ros/humble /usr/bin/cmake /home/michael/HRI/ros2_ws/src/examples/rclcpp/services/async_client -DCMAKE_INSTALL_PREFIX=/home/michael/HRI/ros2_ws/install/examples_rclcpp_async_client
[14.959s] Invoking command in '/home/michael/HRI/ros2_ws/build/examples_rclcpp_async_client': CMAKE_PREFIX_PATH=${CMAKE_PREFIX_PATH}:/opt/ros/humble /usr/bin/cmake --build /home/michael/HRI/ros2_ws/build/examples_rclcpp_async_client -- -j8 -l8
[27.801s] [ 50%] [32mBuilding CXX object CMakeFiles/client_main.dir/main.cpp.o[0m
[45.673s] [100%] [32m[1mLinking CXX executable client_main[0m
[47.437s] [100%] Built target client_main
[47.877s] Invoked command in '/home/michael/HRI/ros2_ws/build/examples_rclcpp_async_client' returned '0': CMAKE_PREFIX_PATH=${CMAKE_PREFIX_PATH}:/opt/ros/humble /usr/bin/cmake --build /home/michael/HRI/ros2_ws/build/examples_rclcpp_async_client -- -j8 -l8
[48.164s] Invoking command in '/home/michael/HRI/ros2_ws/build/examples_rclcpp_async_client': CMAKE_PREFIX_PATH=${CMAKE_PREFIX_PATH}:/opt/ros/humble /usr/bin/cmake --install /home/michael/HRI/ros2_ws/build/examples_rclcpp_async_client
[48.196s] -- Install configuration: ""
[48.197s] -- Installing: /home/michael/HRI/ros2_ws/install/examples_rclcpp_async_client/lib/examples_rclcpp_async_client/client_main
[48.200s] -- Set runtime path of "/home/michael/HRI/ros2_ws/install/examples_rclcpp_async_client/lib/examples_rclcpp_async_client/client_main" to ""
[48.200s] -- Installing: /home/michael/HRI/ros2_ws/install/examples_rclcpp_async_client/share/ament_index/resource_index/package_run_dependencies/examples_rclcpp_async_client
[48.218s] -- Installing: /home/michael/HRI/ros2_ws/install/examples_rclcpp_async_client/share/ament_index/resource_index/parent_prefix_path/examples_rclcpp_async_client
[48.219s] -- Installing: /home/michael/HRI/ros2_ws/install/examples_rclcpp_async_client/share/examples_rclcpp_async_client/environment/ament_prefix_path.sh
[48.219s] -- Installing: /home/michael/HRI/ros2_ws/install/examples_rclcpp_async_client/share/examples_rclcpp_async_client/environment/ament_prefix_path.dsv
[48.219s] -- Installing: /home/michael/HRI/ros2_ws/install/examples_rclcpp_async_client/share/examples_rclcpp_async_client/environment/path.sh
[48.219s] -- Installing: /home/michael/HRI/ros2_ws/install/examples_rclcpp_async_client/share/examples_rclcpp_async_client/environment/path.dsv
[48.220s] -- Installing: /home/michael/HRI/ros2_ws/install/examples_rclcpp_async_client/share/examples_rclcpp_async_client/local_setup.bash
[48.220s] -- Installing: /home/michael/HRI/ros2_ws/install/examples_rclcpp_async_client/share/examples_rclcpp_async_client/local_setup.sh
[48.220s] -- Installing: /home/michael/HRI/ros2_ws/install/examples_rclcpp_async_client/share/examples_rclcpp_async_client/local_setup.zsh
[48.220s] -- Installing: /home/michael/HRI/ros2_ws/install/examples_rclcpp_async_client/share/examples_rclcpp_async_client/local_setup.dsv
[48.221s] -- Installing: /home/michael/HRI/ros2_ws/install/examples_rclcpp_async_client/share/examples_rclcpp_async_client/package.dsv
[48.221s] -- Installing: /home/michael/HRI/ros2_ws/install/examples_rclcpp_async_client/share/ament_index/resource_index/packages/examples_rclcpp_async_client
[48.221s] -- Installing: /home/michael/HRI/ros2_ws/install/examples_rclcpp_async_client/share/examples_rclcpp_async_client/cmake/examples_rclcpp_async_clientConfig.cmake
[48.221s] -- Installing: /home/michael/HRI/ros2_ws/install/examples_rclcpp_async_client/share/examples_rclcpp_async_client/cmake/examples_rclcpp_async_clientConfig-version.cmake
[48.221s] -- Installing: /home/michael/HRI/ros2_ws/install/examples_rclcpp_async_client/share/examples_rclcpp_async_client/package.xml
[48.263s] Invoked command in '/home/michael/HRI/ros2_ws/build/examples_rclcpp_async_client' returned '0': CMAKE_PREFIX_PATH=${CMAKE_PREFIX_PATH}:/opt/ros/humble /usr/bin/cmake --install /home/michael/HRI/ros2_ws/build/examples_rclcpp_async_client
