[4.367s] Invoking command in '/home/michael/HRI/ros2_ws/src/examples/rclpy/topics/minimal_publisher': PYTHONPATH=/home/michael/HRI/ros2_ws/build/examples_rclpy_minimal_publisher/prefix_override:/home/michael/HRI/ros2_ws/install/examples_rclpy_minimal_publisher/lib/python3.10/site-packages:${PYTHONPATH} /usr/bin/python3 setup.py egg_info --egg-base ../../../../../build/examples_rclpy_minimal_publisher build --build-base /home/michael/HRI/ros2_ws/build/examples_rclpy_minimal_publisher/build install --record /home/michael/HRI/ros2_ws/build/examples_rclpy_minimal_publisher/install.log --single-version-externally-managed
[5.242s] running egg_info
[5.245s] writing ../../../../../build/examples_rclpy_minimal_publisher/examples_rclpy_minimal_publisher.egg-info/PKG-INFO
[5.245s] writing dependency_links to ../../../../../build/examples_rclpy_minimal_publisher/examples_rclpy_minimal_publisher.egg-info/dependency_links.txt
[5.245s] writing entry points to ../../../../../build/examples_rclpy_minimal_publisher/examples_rclpy_minimal_publisher.egg-info/entry_points.txt
[5.246s] writing requirements to ../../../../../build/examples_rclpy_minimal_publisher/examples_rclpy_minimal_publisher.egg-info/requires.txt
[5.246s] writing top-level names to ../../../../../build/examples_rclpy_minimal_publisher/examples_rclpy_minimal_publisher.egg-info/top_level.txt
[5.251s] reading manifest file '../../../../../build/examples_rclpy_minimal_publisher/examples_rclpy_minimal_publisher.egg-info/SOURCES.txt'
[5.254s] writing manifest file '../../../../../build/examples_rclpy_minimal_publisher/examples_rclpy_minimal_publisher.egg-info/SOURCES.txt'
[5.254s] running build
[5.254s] running build_py
[5.256s] running install
[5.256s] /usr/lib/python3/dist-packages/setuptools/command/install.py:34: SetuptoolsDeprecationWarning: setup.py install is deprecated. Use build and pip and other standards-based tools.
[5.256s]   warnings.warn(
[5.257s] running install_lib
[5.261s] running install_data
[5.262s] running install_egg_info
[5.266s] removing '/home/michael/HRI/ros2_ws/install/examples_rclpy_minimal_publisher/lib/python3.10/site-packages/examples_rclpy_minimal_publisher-0.15.1-py3.10.egg-info' (and everything under it)
[5.267s] Copying ../../../../../build/examples_rclpy_minimal_publisher/examples_rclpy_minimal_publisher.egg-info to /home/michael/HRI/ros2_ws/install/examples_rclpy_minimal_publisher/lib/python3.10/site-packages/examples_rclpy_minimal_publisher-0.15.1-py3.10.egg-info
[5.270s] running install_scripts
[5.335s] Installing publisher_local_function script to /home/michael/HRI/ros2_ws/install/examples_rclpy_minimal_publisher/lib/examples_rclpy_minimal_publisher
[5.335s] Installing publisher_member_function script to /home/michael/HRI/ros2_ws/install/examples_rclpy_minimal_publisher/lib/examples_rclpy_minimal_publisher
[5.336s] Installing publisher_old_school script to /home/michael/HRI/ros2_ws/install/examples_rclpy_minimal_publisher/lib/examples_rclpy_minimal_publisher
[5.337s] writing list of installed files to '/home/michael/HRI/ros2_ws/build/examples_rclpy_minimal_publisher/install.log'
[5.447s] Invoked command in '/home/michael/HRI/ros2_ws/src/examples/rclpy/topics/minimal_publisher' returned '0': PYTHONPATH=/home/michael/HRI/ros2_ws/build/examples_rclpy_minimal_publisher/prefix_override:/home/michael/HRI/ros2_ws/install/examples_rclpy_minimal_publisher/lib/python3.10/site-packages:${PYTHONPATH} /usr/bin/python3 setup.py egg_info --egg-base ../../../../../build/examples_rclpy_minimal_publisher build --build-base /home/michael/HRI/ros2_ws/build/examples_rclpy_minimal_publisher/build install --record /home/michael/HRI/ros2_ws/build/examples_rclpy_minimal_publisher/install.log --single-version-externally-managed
