[35m[1mConsolidate compiler generated dependencies of target position_talker[0m
[ 25%] Built target talker
[ 50%] Built target listener
[ 75%] Built target encoder_talker
[ 75%] Built target ament_cmake_python_copy_cpp_pubsub
[ 87%] [32mBuilding CXX object CMakeFiles/position_talker.dir/src/position_publisher.cpp.o[0m
running egg_info
writing cpp_pubsub.egg-info/PKG-INFO
writing dependency_links to cpp_pubsub.egg-info/dependency_links.txt
writing top-level names to cpp_pubsub.egg-info/top_level.txt
reading manifest file 'cpp_pubsub.egg-info/SOURCES.txt'
writing manifest file 'cpp_pubsub.egg-info/SOURCES.txt'
[ 87%] Built target ament_cmake_python_build_cpp_pubsub_egg
[100%] [32m[1mLinking CXX executable position_talker[0m
[100%] Built target position_talker
-- Install configuration: ""
-- Up-to-date: /home/michael/HRI/ros2_ws/install/cpp_pubsub/lib/cpp_pubsub/talker
-- Up-to-date: /home/michael/HRI/ros2_ws/install/cpp_pubsub/lib/cpp_pubsub/listener
-- Up-to-date: /home/michael/HRI/ros2_ws/install/cpp_pubsub/lib/cpp_pubsub/encoder_talker
-- Installing: /home/michael/HRI/ros2_ws/install/cpp_pubsub/lib/cpp_pubsub/position_talker
-- Set runtime path of "/home/michael/HRI/ros2_ws/install/cpp_pubsub/lib/cpp_pubsub/position_talker" to ""
-- Up-to-date: /home/michael/HRI/ros2_ws/install/cpp_pubsub/share/cpp_pubsub/environment/pythonpath.sh
-- Up-to-date: /home/michael/HRI/ros2_ws/install/cpp_pubsub/share/cpp_pubsub/environment/pythonpath.dsv
-- Up-to-date: /home/michael/HRI/ros2_ws/install/cpp_pubsub/local/lib/python3.10/dist-packages/cpp_pubsub-0.0.0-py3.10.egg-info
-- Installing: /home/michael/HRI/ros2_ws/install/cpp_pubsub/local/lib/python3.10/dist-packages/cpp_pubsub-0.0.0-py3.10.egg-info/dependency_links.txt
-- Installing: /home/michael/HRI/ros2_ws/install/cpp_pubsub/local/lib/python3.10/dist-packages/cpp_pubsub-0.0.0-py3.10.egg-info/top_level.txt
-- Installing: /home/michael/HRI/ros2_ws/install/cpp_pubsub/local/lib/python3.10/dist-packages/cpp_pubsub-0.0.0-py3.10.egg-info/SOURCES.txt
-- Installing: /home/michael/HRI/ros2_ws/install/cpp_pubsub/local/lib/python3.10/dist-packages/cpp_pubsub-0.0.0-py3.10.egg-info/PKG-INFO
-- Up-to-date: /home/michael/HRI/ros2_ws/install/cpp_pubsub/local/lib/python3.10/dist-packages/cpp_pubsub
-- Up-to-date: /home/michael/HRI/ros2_ws/install/cpp_pubsub/local/lib/python3.10/dist-packages/cpp_pubsub/module_to_import.py
-- Up-to-date: /home/michael/HRI/ros2_ws/install/cpp_pubsub/local/lib/python3.10/dist-packages/cpp_pubsub/__init__.py
Listing '/home/michael/HRI/ros2_ws/install/cpp_pubsub/local/lib/python3.10/dist-packages/cpp_pubsub'...
-- Installing: /home/michael/HRI/ros2_ws/install/cpp_pubsub/lib/cpp_pubsub/basic_subscriber.py
-- Up-to-date: /home/michael/HRI/ros2_ws/install/cpp_pubsub/share/ament_index/resource_index/package_run_dependencies/cpp_pubsub
-- Up-to-date: /home/michael/HRI/ros2_ws/install/cpp_pubsub/share/ament_index/resource_index/parent_prefix_path/cpp_pubsub
-- Up-to-date: /home/michael/HRI/ros2_ws/install/cpp_pubsub/share/cpp_pubsub/environment/ament_prefix_path.sh
-- Up-to-date: /home/michael/HRI/ros2_ws/install/cpp_pubsub/share/cpp_pubsub/environment/ament_prefix_path.dsv
-- Up-to-date: /home/michael/HRI/ros2_ws/install/cpp_pubsub/share/cpp_pubsub/environment/path.sh
-- Up-to-date: /home/michael/HRI/ros2_ws/install/cpp_pubsub/share/cpp_pubsub/environment/path.dsv
-- Up-to-date: /home/michael/HRI/ros2_ws/install/cpp_pubsub/share/cpp_pubsub/local_setup.bash
-- Up-to-date: /home/michael/HRI/ros2_ws/install/cpp_pubsub/share/cpp_pubsub/local_setup.sh
-- Up-to-date: /home/michael/HRI/ros2_ws/install/cpp_pubsub/share/cpp_pubsub/local_setup.zsh
-- Up-to-date: /home/michael/HRI/ros2_ws/install/cpp_pubsub/share/cpp_pubsub/local_setup.dsv
-- Installing: /home/michael/HRI/ros2_ws/install/cpp_pubsub/share/cpp_pubsub/package.dsv
-- Up-to-date: /home/michael/HRI/ros2_ws/install/cpp_pubsub/share/ament_index/resource_index/packages/cpp_pubsub
-- Up-to-date: /home/michael/HRI/ros2_ws/install/cpp_pubsub/share/cpp_pubsub/cmake/cpp_pubsubConfig.cmake
-- Up-to-date: /home/michael/HRI/ros2_ws/install/cpp_pubsub/share/cpp_pubsub/cmake/cpp_pubsubConfig-version.cmake
-- Up-to-date: /home/michael/HRI/ros2_ws/install/cpp_pubsub/share/cpp_pubsub/package.xml
