[0.030s] Invoking command in '/home/michael/HRI/ros2_ws/build/cpp_pubsub': AMENT_PREFIX_PATH=/home/michael/HRI/ros2_ws/install/tutorial_interfaces:${AMENT_PREFIX_PATH} CMAKE_PREFIX_PATH=/home/michael/HRI/ros2_ws/install/tutorial_interfaces:/home/michael/project/franka_ws/install/panda_moveit_config:/home/michael/project/franka_ws/install/panda_description:/home/michael/project/franka_ws/install/panda:/home/michael/project/franka_ws/install/franka_moveit_config:/home/michael/project/franka_ws/install/franka_bringup:/home/michael/project/franka_ws/install/franka_hardware:/home/michael/project/franka_ws/install/franka_gripper:/home/michael/project/franka_ws/install/franka_example_controllers:/home/michael/project/franka_ws/install/franka_msgs:/home/michael/project/franka_ws/install/franka_description:/opt/ros/humble LD_LIBRARY_PATH=/home/michael/HRI/ros2_ws/install/tutorial_interfaces/lib:${LD_LIBRARY_PATH} PYTHONPATH=/home/michael/HRI/ros2_ws/install/tutorial_interfaces/local/lib/python3.10/dist-packages:${PYTHONPATH} /usr/bin/cmake --build /home/michael/HRI/ros2_ws/build/cpp_pubsub -- -j8 -l8
[0.114s] [35m[1mConsolidate compiler generated dependencies of target position_talker[0m
[0.132s] [ 25%] Built target talker
[0.138s] [ 50%] Built target listener
[0.141s] [ 75%] Built target encoder_talker
[0.146s] [ 75%] Built target ament_cmake_python_copy_cpp_pubsub
[0.150s] [ 87%] [32mBuilding CXX object CMakeFiles/position_talker.dir/src/position_publisher.cpp.o[0m
[0.620s] running egg_info
[0.621s] writing cpp_pubsub.egg-info/PKG-INFO
[0.621s] writing dependency_links to cpp_pubsub.egg-info/dependency_links.txt
[0.622s] writing top-level names to cpp_pubsub.egg-info/top_level.txt
[0.626s] reading manifest file 'cpp_pubsub.egg-info/SOURCES.txt'
[0.627s] writing manifest file 'cpp_pubsub.egg-info/SOURCES.txt'
[0.670s] [ 87%] Built target ament_cmake_python_build_cpp_pubsub_egg
[7.807s] [100%] [32m[1mLinking CXX executable position_talker[0m
[8.191s] [100%] Built target position_talker
[8.212s] Invoked command in '/home/michael/HRI/ros2_ws/build/cpp_pubsub' returned '0': AMENT_PREFIX_PATH=/home/michael/HRI/ros2_ws/install/tutorial_interfaces:${AMENT_PREFIX_PATH} CMAKE_PREFIX_PATH=/home/michael/HRI/ros2_ws/install/tutorial_interfaces:/home/michael/project/franka_ws/install/panda_moveit_config:/home/michael/project/franka_ws/install/panda_description:/home/michael/project/franka_ws/install/panda:/home/michael/project/franka_ws/install/franka_moveit_config:/home/michael/project/franka_ws/install/franka_bringup:/home/michael/project/franka_ws/install/franka_hardware:/home/michael/project/franka_ws/install/franka_gripper:/home/michael/project/franka_ws/install/franka_example_controllers:/home/michael/project/franka_ws/install/franka_msgs:/home/michael/project/franka_ws/install/franka_description:/opt/ros/humble LD_LIBRARY_PATH=/home/michael/HRI/ros2_ws/install/tutorial_interfaces/lib:${LD_LIBRARY_PATH} PYTHONPATH=/home/michael/HRI/ros2_ws/install/tutorial_interfaces/local/lib/python3.10/dist-packages:${PYTHONPATH} /usr/bin/cmake --build /home/michael/HRI/ros2_ws/build/cpp_pubsub -- -j8 -l8
[8.297s] Invoking command in '/home/michael/HRI/ros2_ws/build/cpp_pubsub': AMENT_PREFIX_PATH=/home/michael/HRI/ros2_ws/install/tutorial_interfaces:${AMENT_PREFIX_PATH} CMAKE_PREFIX_PATH=/home/michael/HRI/ros2_ws/install/tutorial_interfaces:/home/michael/project/franka_ws/install/panda_moveit_config:/home/michael/project/franka_ws/install/panda_description:/home/michael/project/franka_ws/install/panda:/home/michael/project/franka_ws/install/franka_moveit_config:/home/michael/project/franka_ws/install/franka_bringup:/home/michael/project/franka_ws/install/franka_hardware:/home/michael/project/franka_ws/install/franka_gripper:/home/michael/project/franka_ws/install/franka_example_controllers:/home/michael/project/franka_ws/install/franka_msgs:/home/michael/project/franka_ws/install/franka_description:/opt/ros/humble LD_LIBRARY_PATH=/home/michael/HRI/ros2_ws/install/tutorial_interfaces/lib:${LD_LIBRARY_PATH} PYTHONPATH=/home/michael/HRI/ros2_ws/install/tutorial_interfaces/local/lib/python3.10/dist-packages:${PYTHONPATH} /usr/bin/cmake --install /home/michael/HRI/ros2_ws/build/cpp_pubsub
[8.311s] -- Install configuration: ""
[8.312s] -- Up-to-date: /home/michael/HRI/ros2_ws/install/cpp_pubsub/lib/cpp_pubsub/talker
[8.313s] -- Up-to-date: /home/michael/HRI/ros2_ws/install/cpp_pubsub/lib/cpp_pubsub/listener
[8.314s] -- Up-to-date: /home/michael/HRI/ros2_ws/install/cpp_pubsub/lib/cpp_pubsub/encoder_talker
[8.314s] -- Installing: /home/michael/HRI/ros2_ws/install/cpp_pubsub/lib/cpp_pubsub/position_talker
[8.317s] -- Set runtime path of "/home/michael/HRI/ros2_ws/install/cpp_pubsub/lib/cpp_pubsub/position_talker" to ""
[8.318s] -- Up-to-date: /home/michael/HRI/ros2_ws/install/cpp_pubsub/share/cpp_pubsub/environment/pythonpath.sh
[8.318s] -- Up-to-date: /home/michael/HRI/ros2_ws/install/cpp_pubsub/share/cpp_pubsub/environment/pythonpath.dsv
[8.318s] -- Up-to-date: /home/michael/HRI/ros2_ws/install/cpp_pubsub/local/lib/python3.10/dist-packages/cpp_pubsub-0.0.0-py3.10.egg-info
[8.318s] -- Installing: /home/michael/HRI/ros2_ws/install/cpp_pubsub/local/lib/python3.10/dist-packages/cpp_pubsub-0.0.0-py3.10.egg-info/dependency_links.txt
[8.319s] -- Installing: /home/michael/HRI/ros2_ws/install/cpp_pubsub/local/lib/python3.10/dist-packages/cpp_pubsub-0.0.0-py3.10.egg-info/top_level.txt
[8.319s] -- Installing: /home/michael/HRI/ros2_ws/install/cpp_pubsub/local/lib/python3.10/dist-packages/cpp_pubsub-0.0.0-py3.10.egg-info/SOURCES.txt
[8.319s] -- Installing: /home/michael/HRI/ros2_ws/install/cpp_pubsub/local/lib/python3.10/dist-packages/cpp_pubsub-0.0.0-py3.10.egg-info/PKG-INFO
[8.319s] -- Up-to-date: /home/michael/HRI/ros2_ws/install/cpp_pubsub/local/lib/python3.10/dist-packages/cpp_pubsub
[8.319s] -- Up-to-date: /home/michael/HRI/ros2_ws/install/cpp_pubsub/local/lib/python3.10/dist-packages/cpp_pubsub/module_to_import.py
[8.319s] -- Up-to-date: /home/michael/HRI/ros2_ws/install/cpp_pubsub/local/lib/python3.10/dist-packages/cpp_pubsub/__init__.py
[8.378s] Listing '/home/michael/HRI/ros2_ws/install/cpp_pubsub/local/lib/python3.10/dist-packages/cpp_pubsub'...
[8.386s] -- Installing: /home/michael/HRI/ros2_ws/install/cpp_pubsub/lib/cpp_pubsub/basic_subscriber.py
[8.386s] -- Up-to-date: /home/michael/HRI/ros2_ws/install/cpp_pubsub/share/ament_index/resource_index/package_run_dependencies/cpp_pubsub
[8.386s] -- Up-to-date: /home/michael/HRI/ros2_ws/install/cpp_pubsub/share/ament_index/resource_index/parent_prefix_path/cpp_pubsub
[8.387s] -- Up-to-date: /home/michael/HRI/ros2_ws/install/cpp_pubsub/share/cpp_pubsub/environment/ament_prefix_path.sh
[8.387s] -- Up-to-date: /home/michael/HRI/ros2_ws/install/cpp_pubsub/share/cpp_pubsub/environment/ament_prefix_path.dsv
[8.387s] -- Up-to-date: /home/michael/HRI/ros2_ws/install/cpp_pubsub/share/cpp_pubsub/environment/path.sh
[8.387s] -- Up-to-date: /home/michael/HRI/ros2_ws/install/cpp_pubsub/share/cpp_pubsub/environment/path.dsv
[8.387s] -- Up-to-date: /home/michael/HRI/ros2_ws/install/cpp_pubsub/share/cpp_pubsub/local_setup.bash
[8.387s] -- Up-to-date: /home/michael/HRI/ros2_ws/install/cpp_pubsub/share/cpp_pubsub/local_setup.sh
[8.387s] -- Up-to-date: /home/michael/HRI/ros2_ws/install/cpp_pubsub/share/cpp_pubsub/local_setup.zsh
[8.388s] -- Up-to-date: /home/michael/HRI/ros2_ws/install/cpp_pubsub/share/cpp_pubsub/local_setup.dsv
[8.388s] -- Installing: /home/michael/HRI/ros2_ws/install/cpp_pubsub/share/cpp_pubsub/package.dsv
[8.388s] -- Up-to-date: /home/michael/HRI/ros2_ws/install/cpp_pubsub/share/ament_index/resource_index/packages/cpp_pubsub
[8.388s] -- Up-to-date: /home/michael/HRI/ros2_ws/install/cpp_pubsub/share/cpp_pubsub/cmake/cpp_pubsubConfig.cmake
[8.388s] -- Up-to-date: /home/michael/HRI/ros2_ws/install/cpp_pubsub/share/cpp_pubsub/cmake/cpp_pubsubConfig-version.cmake
[8.388s] -- Up-to-date: /home/michael/HRI/ros2_ws/install/cpp_pubsub/share/cpp_pubsub/package.xml
[8.392s] Invoked command in '/home/michael/HRI/ros2_ws/build/cpp_pubsub' returned '0': AMENT_PREFIX_PATH=/home/michael/HRI/ros2_ws/install/tutorial_interfaces:${AMENT_PREFIX_PATH} CMAKE_PREFIX_PATH=/home/michael/HRI/ros2_ws/install/tutorial_interfaces:/home/michael/project/franka_ws/install/panda_moveit_config:/home/michael/project/franka_ws/install/panda_description:/home/michael/project/franka_ws/install/panda:/home/michael/project/franka_ws/install/franka_moveit_config:/home/michael/project/franka_ws/install/franka_bringup:/home/michael/project/franka_ws/install/franka_hardware:/home/michael/project/franka_ws/install/franka_gripper:/home/michael/project/franka_ws/install/franka_example_controllers:/home/michael/project/franka_ws/install/franka_msgs:/home/michael/project/franka_ws/install/franka_description:/opt/ros/humble LD_LIBRARY_PATH=/home/michael/HRI/ros2_ws/install/tutorial_interfaces/lib:${LD_LIBRARY_PATH} PYTHONPATH=/home/michael/HRI/ros2_ws/install/tutorial_interfaces/local/lib/python3.10/dist-packages:${PYTHONPATH} /usr/bin/cmake --install /home/michael/HRI/ros2_ws/build/cpp_pubsub
