[0.098s] Invoking command in '/home/michael/HRI/ros2_ws/build/examples_rclcpp_cbg_executor': CMAKE_PREFIX_PATH=${CMAKE_PREFIX_PATH}:/opt/ros/humble /usr/bin/cmake /home/michael/HRI/ros2_ws/src/examples/rclcpp/executors/cbg_executor -DCMAKE_INSTALL_PREFIX=/home/michael/HRI/ros2_ws/install/examples_rclcpp_cbg_executor
[0.271s] -- The C compiler identification is GNU 11.3.0
[0.452s] -- The CXX compiler identification is GNU 11.3.0
[0.488s] -- Detecting C compiler ABI info
[0.656s] -- Detecting C compiler ABI info - done
[0.692s] -- Check for working C compiler: /usr/bin/cc - skipped
[0.693s] -- Detecting C compile features
[0.695s] -- Detecting C compile features - done
[0.705s] -- Detecting CXX compiler ABI info
[0.895s] -- Detecting CXX compiler ABI info - done
[0.910s] -- Check for working CXX compiler: /usr/bin/c++ - skipped
[0.910s] -- Detecting CXX compile features
[0.911s] -- Detecting CXX compile features - done
[0.917s] -- Found ament_cmake: 1.3.5 (/opt/ros/humble/share/ament_cmake/cmake)
[1.317s] -- Found Python3: /usr/bin/python3.10 (found version "3.10.6") found components: Interpreter 
[1.937s] -- Found rclcpp: 16.0.4 (/opt/ros/humble/share/rclcpp/cmake)
[2.108s] -- Found rosidl_generator_c: 3.1.4 (/opt/ros/humble/share/rosidl_generator_c/cmake)
[2.123s] -- Found rosidl_adapter: 3.1.4 (/opt/ros/humble/share/rosidl_adapter/cmake)
[2.149s] -- Found rosidl_generator_cpp: 3.1.4 (/opt/ros/humble/share/rosidl_generator_cpp/cmake)
[2.184s] -- Using all available rosidl_typesupport_c: rosidl_typesupport_fastrtps_c;rosidl_typesupport_introspection_c
[2.243s] -- Using all available rosidl_typesupport_cpp: rosidl_typesupport_fastrtps_cpp;rosidl_typesupport_introspection_cpp
[2.568s] -- Found rmw_implementation_cmake: 6.1.1 (/opt/ros/humble/share/rmw_implementation_cmake/cmake)
[2.580s] -- Found rmw_fastrtps_cpp: 6.2.2 (/opt/ros/humble/share/rmw_fastrtps_cpp/cmake)
[3.461s] -- Found OpenSSL: /usr/lib/x86_64-linux-gnu/libcrypto.so (found version "3.0.2")  
[3.538s] -- Found FastRTPS: /opt/ros/humble/include  
[3.684s] -- Using RMW implementation 'rmw_fastrtps_cpp' as default
[3.717s] -- Looking for pthread.h
[3.897s] -- Looking for pthread.h - found
[3.898s] -- Performing Test CMAKE_HAVE_LIBC_PTHREAD
[4.087s] -- Performing Test CMAKE_HAVE_LIBC_PTHREAD - Success
[4.090s] -- Found Threads: TRUE  
[4.499s] -- Found ament_lint_auto: 0.12.6 (/opt/ros/humble/share/ament_lint_auto/cmake)
[5.474s] -- Added test 'copyright' to check source files copyright and LICENSE
[5.478s] -- Added test 'cppcheck' to perform static code analysis on C / C++ code
[5.479s] -- Configured cppcheck include dirs: /home/michael/HRI/ros2_ws/src/examples/rclcpp/executors/cbg_executor/include
[5.479s] -- Configured cppcheck exclude dirs and/or files: 
[5.527s] -- Added test 'cpplint' to check C / C++ code against the Google style
[5.528s] -- Configured cpplint exclude dirs and/or files: 
[5.531s] -- Added test 'lint_cmake' to check CMake code style
[5.536s] -- Added test 'uncrustify' to check C / C++ code style
[5.537s] -- Configured uncrustify additional arguments: 
[5.538s] -- Added test 'xmllint' to check XML markup files
[5.544s] -- Configuring done
[5.580s] -- Generating done
[5.586s] -- Build files have been written to: /home/michael/HRI/ros2_ws/build/examples_rclcpp_cbg_executor
[5.608s] Invoked command in '/home/michael/HRI/ros2_ws/build/examples_rclcpp_cbg_executor' returned '0': CMAKE_PREFIX_PATH=${CMAKE_PREFIX_PATH}:/opt/ros/humble /usr/bin/cmake /home/michael/HRI/ros2_ws/src/examples/rclcpp/executors/cbg_executor -DCMAKE_INSTALL_PREFIX=/home/michael/HRI/ros2_ws/install/examples_rclcpp_cbg_executor
[5.621s] Invoking command in '/home/michael/HRI/ros2_ws/build/examples_rclcpp_cbg_executor': CMAKE_PREFIX_PATH=${CMAKE_PREFIX_PATH}:/opt/ros/humble /usr/bin/cmake --build /home/michael/HRI/ros2_ws/build/examples_rclcpp_cbg_executor -- -j8 -l8
[8.599s] [ 10%] [32mBuilding CXX object CMakeFiles/ping.dir/src/examples_rclcpp_cbg_executor/ping_node.cpp.o[0m
[8.599s] [ 20%] [32mBuilding CXX object CMakeFiles/pong.dir/src/pong.cpp.o[0m
[8.600s] [ 30%] [32mBuilding CXX object CMakeFiles/pong.dir/src/examples_rclcpp_cbg_executor/pong_node.cpp.o[0m
[8.600s] [ 40%] [32mBuilding CXX object CMakeFiles/ping.dir/src/ping.cpp.o[0m
[8.600s] [ 50%] [32mBuilding CXX object CMakeFiles/ping_pong.dir/src/ping_pong.cpp.o[0m
[8.600s] [ 60%] [32mBuilding CXX object CMakeFiles/ping_pong.dir/src/examples_rclcpp_cbg_executor/ping_node.cpp.o[0m
[8.601s] [ 70%] [32mBuilding CXX object CMakeFiles/ping_pong.dir/src/examples_rclcpp_cbg_executor/pong_node.cpp.o[0m
[57.457s] [ 80%] [32m[1mLinking CXX executable pong[0m
[57.775s] [ 90%] [32m[1mLinking CXX executable ping[0m
[58.258s] [ 90%] Built target pong
[58.545s] [100%] [32m[1mLinking CXX executable ping_pong[0m
[58.631s] [100%] Built target ping
[59.602s] [100%] Built target ping_pong
[59.728s] Invoked command in '/home/michael/HRI/ros2_ws/build/examples_rclcpp_cbg_executor' returned '0': CMAKE_PREFIX_PATH=${CMAKE_PREFIX_PATH}:/opt/ros/humble /usr/bin/cmake --build /home/michael/HRI/ros2_ws/build/examples_rclcpp_cbg_executor -- -j8 -l8
[59.789s] Invoking command in '/home/michael/HRI/ros2_ws/build/examples_rclcpp_cbg_executor': CMAKE_PREFIX_PATH=${CMAKE_PREFIX_PATH}:/opt/ros/humble /usr/bin/cmake --install /home/michael/HRI/ros2_ws/build/examples_rclcpp_cbg_executor
[59.803s] -- Install configuration: ""
[59.803s] -- Installing: /home/michael/HRI/ros2_ws/install/examples_rclcpp_cbg_executor/lib/examples_rclcpp_cbg_executor/ping
[59.811s] -- Set runtime path of "/home/michael/HRI/ros2_ws/install/examples_rclcpp_cbg_executor/lib/examples_rclcpp_cbg_executor/ping" to ""
[59.812s] -- Installing: /home/michael/HRI/ros2_ws/install/examples_rclcpp_cbg_executor/lib/examples_rclcpp_cbg_executor/pong
[59.826s] -- Set runtime path of "/home/michael/HRI/ros2_ws/install/examples_rclcpp_cbg_executor/lib/examples_rclcpp_cbg_executor/pong" to ""
[59.826s] -- Installing: /home/michael/HRI/ros2_ws/install/examples_rclcpp_cbg_executor/lib/examples_rclcpp_cbg_executor/ping_pong
[59.827s] -- Set runtime path of "/home/michael/HRI/ros2_ws/install/examples_rclcpp_cbg_executor/lib/examples_rclcpp_cbg_executor/ping_pong" to ""
[59.827s] -- Installing: /home/michael/HRI/ros2_ws/install/examples_rclcpp_cbg_executor/include
[59.828s] -- Installing: /home/michael/HRI/ros2_ws/install/examples_rclcpp_cbg_executor/include/examples_rclcpp_cbg_executor
[59.828s] -- Installing: /home/michael/HRI/ros2_ws/install/examples_rclcpp_cbg_executor/include/examples_rclcpp_cbg_executor/pong_node.hpp
[59.828s] -- Installing: /home/michael/HRI/ros2_ws/install/examples_rclcpp_cbg_executor/include/examples_rclcpp_cbg_executor/ping_node.hpp
[59.828s] -- Installing: /home/michael/HRI/ros2_ws/install/examples_rclcpp_cbg_executor/share/ament_index/resource_index/package_run_dependencies/examples_rclcpp_cbg_executor
[59.828s] -- Installing: /home/michael/HRI/ros2_ws/install/examples_rclcpp_cbg_executor/share/ament_index/resource_index/parent_prefix_path/examples_rclcpp_cbg_executor
[59.833s] -- Installing: /home/michael/HRI/ros2_ws/install/examples_rclcpp_cbg_executor/share/examples_rclcpp_cbg_executor/environment/ament_prefix_path.sh
[59.834s] -- Installing: /home/michael/HRI/ros2_ws/install/examples_rclcpp_cbg_executor/share/examples_rclcpp_cbg_executor/environment/ament_prefix_path.dsv
[59.835s] -- Installing: /home/michael/HRI/ros2_ws/install/examples_rclcpp_cbg_executor/share/examples_rclcpp_cbg_executor/environment/path.sh
[59.835s] -- Installing: /home/michael/HRI/ros2_ws/install/examples_rclcpp_cbg_executor/share/examples_rclcpp_cbg_executor/environment/path.dsv
[59.835s] -- Installing: /home/michael/HRI/ros2_ws/install/examples_rclcpp_cbg_executor/share/examples_rclcpp_cbg_executor/local_setup.bash
[59.836s] -- Installing: /home/michael/HRI/ros2_ws/install/examples_rclcpp_cbg_executor/share/examples_rclcpp_cbg_executor/local_setup.sh
[59.836s] -- Installing: /home/michael/HRI/ros2_ws/install/examples_rclcpp_cbg_executor/share/examples_rclcpp_cbg_executor/local_setup.zsh
[59.837s] -- Installing: /home/michael/HRI/ros2_ws/install/examples_rclcpp_cbg_executor/share/examples_rclcpp_cbg_executor/local_setup.dsv
[59.837s] -- Installing: /home/michael/HRI/ros2_ws/install/examples_rclcpp_cbg_executor/share/examples_rclcpp_cbg_executor/package.dsv
[59.837s] -- Installing: /home/michael/HRI/ros2_ws/install/examples_rclcpp_cbg_executor/share/ament_index/resource_index/packages/examples_rclcpp_cbg_executor
[59.838s] -- Installing: /home/michael/HRI/ros2_ws/install/examples_rclcpp_cbg_executor/share/examples_rclcpp_cbg_executor/cmake/ament_cmake_export_dependencies-extras.cmake
[59.839s] -- Installing: /home/michael/HRI/ros2_ws/install/examples_rclcpp_cbg_executor/share/examples_rclcpp_cbg_executor/cmake/examples_rclcpp_cbg_executorConfig.cmake
[59.839s] -- Installing: /home/michael/HRI/ros2_ws/install/examples_rclcpp_cbg_executor/share/examples_rclcpp_cbg_executor/cmake/examples_rclcpp_cbg_executorConfig-version.cmake
[59.842s] -- Installing: /home/michael/HRI/ros2_ws/install/examples_rclcpp_cbg_executor/share/examples_rclcpp_cbg_executor/package.xml
[59.867s] Invoked command in '/home/michael/HRI/ros2_ws/build/examples_rclcpp_cbg_executor' returned '0': CMAKE_PREFIX_PATH=${CMAKE_PREFIX_PATH}:/opt/ros/humble /usr/bin/cmake --install /home/michael/HRI/ros2_ws/build/examples_rclcpp_cbg_executor
