[0.076s] Invoking command in '/home/michael/HRI/ros2_ws/build/examples_rclcpp_multithreaded_executor': CMAKE_PREFIX_PATH=${CMAKE_PREFIX_PATH}:/opt/ros/humble /usr/bin/cmake /home/michael/HRI/ros2_ws/src/examples/rclcpp/executors/multithreaded_executor -DCMAKE_INSTALL_PREFIX=/home/michael/HRI/ros2_ws/install/examples_rclcpp_multithreaded_executor
[1.307s] -- The C compiler identification is GNU 11.3.0
[1.307s] -- The CXX compiler identification is GNU 11.3.0
[1.526s] -- Detecting C compiler ABI info
[2.198s] -- Detecting C compiler ABI info - done
[2.229s] -- Check for working C compiler: /usr/bin/cc - skipped
[2.230s] -- Detecting C compile features
[2.231s] -- Detecting C compile features - done
[2.286s] -- Detecting CXX compiler ABI info
[2.606s] -- Detecting CXX compiler ABI info - done
[2.645s] -- Check for working CXX compiler: /usr/bin/c++ - skipped
[2.646s] -- Detecting CXX compile features
[2.647s] -- Detecting CXX compile features - done
[2.959s] -- Found ament_cmake: 1.3.5 (/opt/ros/humble/share/ament_cmake/cmake)
[5.671s] -- Found Python3: /usr/bin/python3.10 (found version "3.10.6") found components: Interpreter 
[15.379s] -- Found rclcpp: 16.0.4 (/opt/ros/humble/share/rclcpp/cmake)
[18.360s] -- Found rosidl_generator_c: 3.1.4 (/opt/ros/humble/share/rosidl_generator_c/cmake)
[18.983s] -- Found rosidl_adapter: 3.1.4 (/opt/ros/humble/share/rosidl_adapter/cmake)
[19.751s] -- Found rosidl_generator_cpp: 3.1.4 (/opt/ros/humble/share/rosidl_generator_cpp/cmake)
[22.757s] -- Using all available rosidl_typesupport_c: rosidl_typesupport_fastrtps_c;rosidl_typesupport_introspection_c
[24.011s] -- Using all available rosidl_typesupport_cpp: rosidl_typesupport_fastrtps_cpp;rosidl_typesupport_introspection_cpp
[27.202s] -- Found rmw_implementation_cmake: 6.1.1 (/opt/ros/humble/share/rmw_implementation_cmake/cmake)
[27.829s] -- Found rmw_fastrtps_cpp: 6.2.2 (/opt/ros/humble/share/rmw_fastrtps_cpp/cmake)
[30.210s] -- Found OpenSSL: /usr/lib/x86_64-linux-gnu/libcrypto.so (found version "3.0.2")  
[30.652s] -- Found FastRTPS: /opt/ros/humble/include  
[30.803s] -- Using RMW implementation 'rmw_fastrtps_cpp' as default
[31.518s] -- Looking for pthread.h
[32.010s] -- Looking for pthread.h - found
[32.012s] -- Performing Test CMAKE_HAVE_LIBC_PTHREAD
[32.666s] -- Performing Test CMAKE_HAVE_LIBC_PTHREAD - Success
[32.671s] -- Found Threads: TRUE  
[37.623s] -- Found ament_lint_auto: 0.12.6 (/opt/ros/humble/share/ament_lint_auto/cmake)
[41.263s] -- Added test 'copyright' to check source files copyright and LICENSE
[41.265s] -- Added test 'cppcheck' to perform static code analysis on C / C++ code
[41.269s] -- Configured cppcheck include dirs: 
[41.270s] -- Configured cppcheck exclude dirs and/or files: 
[41.274s] -- Added test 'cpplint' to check C / C++ code against the Google style
[41.277s] -- Configured cpplint exclude dirs and/or files: 
[41.384s] -- Added test 'lint_cmake' to check CMake code style
[41.500s] -- Added test 'uncrustify' to check C / C++ code style
[41.500s] -- Configured uncrustify additional arguments: 
[41.578s] -- Added test 'xmllint' to check XML markup files
[41.686s] -- Configuring done
[42.044s] -- Generating done
[42.046s] -- Build files have been written to: /home/michael/HRI/ros2_ws/build/examples_rclcpp_multithreaded_executor
[42.217s] Invoked command in '/home/michael/HRI/ros2_ws/build/examples_rclcpp_multithreaded_executor' returned '0': CMAKE_PREFIX_PATH=${CMAKE_PREFIX_PATH}:/opt/ros/humble /usr/bin/cmake /home/michael/HRI/ros2_ws/src/examples/rclcpp/executors/multithreaded_executor -DCMAKE_INSTALL_PREFIX=/home/michael/HRI/ros2_ws/install/examples_rclcpp_multithreaded_executor
[42.218s] Invoking command in '/home/michael/HRI/ros2_ws/build/examples_rclcpp_multithreaded_executor': CMAKE_PREFIX_PATH=${CMAKE_PREFIX_PATH}:/opt/ros/humble /usr/bin/cmake --build /home/michael/HRI/ros2_ws/build/examples_rclcpp_multithreaded_executor -- -j8 -l8
[42.342s] [ 50%] [32mBuilding CXX object CMakeFiles/multithreaded_executor.dir/multithreaded_executor.cpp.o[0m
[61.395s] [100%] [32m[1mLinking CXX executable multithreaded_executor[0m
[62.100s] [100%] Built target multithreaded_executor
