[0.615s] Invoking command in '/home/michael/HRI/ros2_ws/build/cpp_pubsub': AMENT_PREFIX_PATH=/home/michael/HRI/ros2_ws/install/tutorial_interfaces:${AMENT_PREFIX_PATH} CMAKE_PREFIX_PATH=/home/michael/HRI/ros2_ws/install/tutorial_interfaces:/home/michael/project/franka_ws/install/panda_moveit_config:/home/michael/project/franka_ws/install/panda_description:/home/michael/project/franka_ws/install/panda:/home/michael/project/franka_ws/install/franka_moveit_config:/home/michael/project/franka_ws/install/franka_bringup:/home/michael/project/franka_ws/install/franka_hardware:/home/michael/project/franka_ws/install/franka_gripper:/home/michael/project/franka_ws/install/franka_example_controllers:/home/michael/project/franka_ws/install/franka_msgs:/home/michael/project/franka_ws/install/franka_description:/opt/ros/humble LD_LIBRARY_PATH=/home/michael/HRI/ros2_ws/install/tutorial_interfaces/lib:${LD_LIBRARY_PATH} PYTHONPATH=/home/michael/HRI/ros2_ws/install/tutorial_interfaces/local/lib/python3.10/dist-packages:${PYTHONPATH} /usr/bin/cmake /home/michael/HRI/ros2_ws/src/cpp_pubsub -DCMAKE_INSTALL_PREFIX=/home/michael/HRI/ros2_ws/install/cpp_pubsub
[0.735s] -- The C compiler identification is GNU 11.3.0
[0.853s] -- The CXX compiler identification is GNU 11.3.0
[0.866s] -- Detecting C compiler ABI info
[0.995s] -- Detecting C compiler ABI info - done
[1.023s] -- Check for working C compiler: /usr/bin/cc - skipped
[1.024s] -- Detecting C compile features
[1.025s] -- Detecting C compile features - done
[1.035s] -- Detecting CXX compiler ABI info
[1.191s] -- Detecting CXX compiler ABI info - done
[1.206s] -- Check for working CXX compiler: /usr/bin/c++ - skipped
[1.206s] -- Detecting CXX compile features
[1.207s] -- Detecting CXX compile features - done
[1.214s] -- Found ament_cmake: 1.3.5 (/opt/ros/humble/share/ament_cmake/cmake)
[1.561s] -- Found Python3: /usr/bin/python3.10 (found version "3.10.6") found components: Interpreter 
[1.766s] -- Found rclcpp: 16.0.4 (/opt/ros/humble/share/rclcpp/cmake)
[1.885s] -- Found rosidl_generator_c: 3.1.4 (/opt/ros/humble/share/rosidl_generator_c/cmake)
[1.900s] -- Found rosidl_adapter: 3.1.4 (/opt/ros/humble/share/rosidl_adapter/cmake)
[1.922s] -- Found rosidl_generator_cpp: 3.1.4 (/opt/ros/humble/share/rosidl_generator_cpp/cmake)
[1.967s] -- Using all available rosidl_typesupport_c: rosidl_typesupport_fastrtps_c;rosidl_typesupport_introspection_c
[2.020s] -- Using all available rosidl_typesupport_cpp: rosidl_typesupport_fastrtps_cpp;rosidl_typesupport_introspection_cpp
[2.195s] -- Found rmw_implementation_cmake: 6.1.1 (/opt/ros/humble/share/rmw_implementation_cmake/cmake)
[2.203s] -- Found rmw_fastrtps_cpp: 6.2.2 (/opt/ros/humble/share/rmw_fastrtps_cpp/cmake)
[2.410s] -- Found OpenSSL: /usr/lib/x86_64-linux-gnu/libcrypto.so (found version "3.0.2")  
[2.468s] -- Found FastRTPS: /opt/ros/humble/include  
[2.570s] -- Using RMW implementation 'rmw_fastrtps_cpp' as default
[2.597s] -- Looking for pthread.h
[2.818s] -- Looking for pthread.h - found
[2.818s] -- Performing Test CMAKE_HAVE_LIBC_PTHREAD
[2.953s] -- Performing Test CMAKE_HAVE_LIBC_PTHREAD - Success
[2.955s] -- Found Threads: TRUE  
[3.343s] -- Found rclpy: 3.3.8 (/opt/ros/humble/share/rclpy/cmake)
[3.344s] -- Found tutorial_interfaces: 0.0.0 (/home/michael/HRI/ros2_ws/install/tutorial_interfaces/share/tutorial_interfaces/cmake)
[3.778s] -- Found ament_lint_auto: 0.12.6 (/opt/ros/humble/share/ament_lint_auto/cmake)
[3.943s] -- Added test 'cppcheck' to perform static code analysis on C / C++ code
[3.943s] -- Configured cppcheck include dirs: 
[3.943s] -- Configured cppcheck exclude dirs and/or files: 
[3.945s] -- Added test 'flake8' to check Python code syntax and style conventions
[3.947s] -- Added test 'lint_cmake' to check CMake code style
[3.948s] -- Added test 'pep257' to check Python code against some of the docstring style conventions in PEP 257
[3.951s] -- Added test 'uncrustify' to check C / C++ code style
[3.951s] -- Configured uncrustify additional arguments: 
[3.953s] -- Added test 'xmllint' to check XML markup files
[3.956s] -- Configuring done
[4.017s] -- Generating done
[4.021s] -- Build files have been written to: /home/michael/HRI/ros2_ws/build/cpp_pubsub
[4.037s] Invoked command in '/home/michael/HRI/ros2_ws/build/cpp_pubsub' returned '0': AMENT_PREFIX_PATH=/home/michael/HRI/ros2_ws/install/tutorial_interfaces:${AMENT_PREFIX_PATH} CMAKE_PREFIX_PATH=/home/michael/HRI/ros2_ws/install/tutorial_interfaces:/home/michael/project/franka_ws/install/panda_moveit_config:/home/michael/project/franka_ws/install/panda_description:/home/michael/project/franka_ws/install/panda:/home/michael/project/franka_ws/install/franka_moveit_config:/home/michael/project/franka_ws/install/franka_bringup:/home/michael/project/franka_ws/install/franka_hardware:/home/michael/project/franka_ws/install/franka_gripper:/home/michael/project/franka_ws/install/franka_example_controllers:/home/michael/project/franka_ws/install/franka_msgs:/home/michael/project/franka_ws/install/franka_description:/opt/ros/humble LD_LIBRARY_PATH=/home/michael/HRI/ros2_ws/install/tutorial_interfaces/lib:${LD_LIBRARY_PATH} PYTHONPATH=/home/michael/HRI/ros2_ws/install/tutorial_interfaces/local/lib/python3.10/dist-packages:${PYTHONPATH} /usr/bin/cmake /home/michael/HRI/ros2_ws/src/cpp_pubsub -DCMAKE_INSTALL_PREFIX=/home/michael/HRI/ros2_ws/install/cpp_pubsub
[4.039s] Invoking command in '/home/michael/HRI/ros2_ws/build/cpp_pubsub': AMENT_PREFIX_PATH=/home/michael/HRI/ros2_ws/install/tutorial_interfaces:${AMENT_PREFIX_PATH} CMAKE_PREFIX_PATH=/home/michael/HRI/ros2_ws/install/tutorial_interfaces:/home/michael/project/franka_ws/install/panda_moveit_config:/home/michael/project/franka_ws/install/panda_description:/home/michael/project/franka_ws/install/panda:/home/michael/project/franka_ws/install/franka_moveit_config:/home/michael/project/franka_ws/install/franka_bringup:/home/michael/project/franka_ws/install/franka_hardware:/home/michael/project/franka_ws/install/franka_gripper:/home/michael/project/franka_ws/install/franka_example_controllers:/home/michael/project/franka_ws/install/franka_msgs:/home/michael/project/franka_ws/install/franka_description:/opt/ros/humble LD_LIBRARY_PATH=/home/michael/HRI/ros2_ws/install/tutorial_interfaces/lib:${LD_LIBRARY_PATH} PYTHONPATH=/home/michael/HRI/ros2_ws/install/tutorial_interfaces/local/lib/python3.10/dist-packages:${PYTHONPATH} /usr/bin/cmake --build /home/michael/HRI/ros2_ws/build/cpp_pubsub -- -j8 -l8
[4.135s] [ 12%] [32mBuilding CXX object CMakeFiles/position_talker.dir/src/position_publisher.cpp.o[0m
[4.144s] [ 37%] [32mBuilding CXX object CMakeFiles/encoder_talker.dir/src/encoder_publisher.cpp.o[0m
[4.144s] [ 37%] [32mBuilding CXX object CMakeFiles/talker.dir/src/publisher_member_function.cpp.o[0m
[4.144s] [ 50%] [32mBuilding CXX object CMakeFiles/listener.dir/src/subscriber_member_function.cpp.o[0m
[4.169s] [ 50%] Built target ament_cmake_python_copy_cpp_pubsub
[5.047s] running egg_info
[5.049s] creating cpp_pubsub.egg-info
[5.049s] writing cpp_pubsub.egg-info/PKG-INFO
[5.050s] writing dependency_links to cpp_pubsub.egg-info/dependency_links.txt
[5.050s] writing top-level names to cpp_pubsub.egg-info/top_level.txt
[5.051s] writing manifest file 'cpp_pubsub.egg-info/SOURCES.txt'
[5.057s] reading manifest file 'cpp_pubsub.egg-info/SOURCES.txt'
[5.058s] writing manifest file 'cpp_pubsub.egg-info/SOURCES.txt'
[5.125s] [ 50%] Built target ament_cmake_python_build_cpp_pubsub_egg
[15.510s] [ 62%] [32m[1mLinking CXX executable encoder_talker[0m
[16.259s] [ 62%] Built target encoder_talker
[17.038s] [ 75%] [32m[1mLinking CXX executable talker[0m
[17.105s] [ 87%] [32m[1mLinking CXX executable position_talker[0m
[17.831s] [ 87%] Built target talker
[18.160s] [ 87%] Built target position_talker
[29.095s] [100%] [32m[1mLinking CXX executable listener[0m
[30.513s] [100%] Built target listener
[30.543s] Invoked command in '/home/michael/HRI/ros2_ws/build/cpp_pubsub' returned '0': AMENT_PREFIX_PATH=/home/michael/HRI/ros2_ws/install/tutorial_interfaces:${AMENT_PREFIX_PATH} CMAKE_PREFIX_PATH=/home/michael/HRI/ros2_ws/install/tutorial_interfaces:/home/michael/project/franka_ws/install/panda_moveit_config:/home/michael/project/franka_ws/install/panda_description:/home/michael/project/franka_ws/install/panda:/home/michael/project/franka_ws/install/franka_moveit_config:/home/michael/project/franka_ws/install/franka_bringup:/home/michael/project/franka_ws/install/franka_hardware:/home/michael/project/franka_ws/install/franka_gripper:/home/michael/project/franka_ws/install/franka_example_controllers:/home/michael/project/franka_ws/install/franka_msgs:/home/michael/project/franka_ws/install/franka_description:/opt/ros/humble LD_LIBRARY_PATH=/home/michael/HRI/ros2_ws/install/tutorial_interfaces/lib:${LD_LIBRARY_PATH} PYTHONPATH=/home/michael/HRI/ros2_ws/install/tutorial_interfaces/local/lib/python3.10/dist-packages:${PYTHONPATH} /usr/bin/cmake --build /home/michael/HRI/ros2_ws/build/cpp_pubsub -- -j8 -l8
[30.662s] Invoking command in '/home/michael/HRI/ros2_ws/build/cpp_pubsub': AMENT_PREFIX_PATH=/home/michael/HRI/ros2_ws/install/tutorial_interfaces:${AMENT_PREFIX_PATH} CMAKE_PREFIX_PATH=/home/michael/HRI/ros2_ws/install/tutorial_interfaces:/home/michael/project/franka_ws/install/panda_moveit_config:/home/michael/project/franka_ws/install/panda_description:/home/michael/project/franka_ws/install/panda:/home/michael/project/franka_ws/install/franka_moveit_config:/home/michael/project/franka_ws/install/franka_bringup:/home/michael/project/franka_ws/install/franka_hardware:/home/michael/project/franka_ws/install/franka_gripper:/home/michael/project/franka_ws/install/franka_example_controllers:/home/michael/project/franka_ws/install/franka_msgs:/home/michael/project/franka_ws/install/franka_description:/opt/ros/humble LD_LIBRARY_PATH=/home/michael/HRI/ros2_ws/install/tutorial_interfaces/lib:${LD_LIBRARY_PATH} PYTHONPATH=/home/michael/HRI/ros2_ws/install/tutorial_interfaces/local/lib/python3.10/dist-packages:${PYTHONPATH} /usr/bin/cmake --install /home/michael/HRI/ros2_ws/build/cpp_pubsub
[30.684s] -- Install configuration: ""
[30.685s] -- Installing: /home/michael/HRI/ros2_ws/install/cpp_pubsub/lib/cpp_pubsub/talker
[30.689s] -- Set runtime path of "/home/michael/HRI/ros2_ws/install/cpp_pubsub/lib/cpp_pubsub/talker" to ""
[30.689s] -- Installing: /home/michael/HRI/ros2_ws/install/cpp_pubsub/lib/cpp_pubsub/listener
[30.699s] -- Set runtime path of "/home/michael/HRI/ros2_ws/install/cpp_pubsub/lib/cpp_pubsub/listener" to ""
[30.699s] -- Installing: /home/michael/HRI/ros2_ws/install/cpp_pubsub/lib/cpp_pubsub/encoder_talker
[30.702s] -- Set runtime path of "/home/michael/HRI/ros2_ws/install/cpp_pubsub/lib/cpp_pubsub/encoder_talker" to ""
[30.703s] -- Installing: /home/michael/HRI/ros2_ws/install/cpp_pubsub/lib/cpp_pubsub/position_talker
[30.706s] -- Set runtime path of "/home/michael/HRI/ros2_ws/install/cpp_pubsub/lib/cpp_pubsub/position_talker" to ""
[30.707s] -- Installing: /home/michael/HRI/ros2_ws/install/cpp_pubsub/share/cpp_pubsub/environment/pythonpath.sh
[30.707s] -- Installing: /home/michael/HRI/ros2_ws/install/cpp_pubsub/share/cpp_pubsub/environment/pythonpath.dsv
[30.708s] -- Installing: /home/michael/HRI/ros2_ws/install/cpp_pubsub/local/lib/python3.10/dist-packages/cpp_pubsub-0.0.0-py3.10.egg-info
[30.708s] -- Installing: /home/michael/HRI/ros2_ws/install/cpp_pubsub/local/lib/python3.10/dist-packages/cpp_pubsub-0.0.0-py3.10.egg-info/dependency_links.txt
[30.709s] -- Installing: /home/michael/HRI/ros2_ws/install/cpp_pubsub/local/lib/python3.10/dist-packages/cpp_pubsub-0.0.0-py3.10.egg-info/top_level.txt
[30.709s] -- Installing: /home/michael/HRI/ros2_ws/install/cpp_pubsub/local/lib/python3.10/dist-packages/cpp_pubsub-0.0.0-py3.10.egg-info/SOURCES.txt
[30.709s] -- Installing: /home/michael/HRI/ros2_ws/install/cpp_pubsub/local/lib/python3.10/dist-packages/cpp_pubsub-0.0.0-py3.10.egg-info/PKG-INFO
[30.710s] -- Installing: /home/michael/HRI/ros2_ws/install/cpp_pubsub/local/lib/python3.10/dist-packages/cpp_pubsub
[30.710s] -- Installing: /home/michael/HRI/ros2_ws/install/cpp_pubsub/local/lib/python3.10/dist-packages/cpp_pubsub/module_to_import.py
[30.711s] -- Installing: /home/michael/HRI/ros2_ws/install/cpp_pubsub/local/lib/python3.10/dist-packages/cpp_pubsub/__init__.py
[30.820s] Listing '/home/michael/HRI/ros2_ws/install/cpp_pubsub/local/lib/python3.10/dist-packages/cpp_pubsub'...
[30.821s] Compiling '/home/michael/HRI/ros2_ws/install/cpp_pubsub/local/lib/python3.10/dist-packages/cpp_pubsub/__init__.py'...
[30.821s] Compiling '/home/michael/HRI/ros2_ws/install/cpp_pubsub/local/lib/python3.10/dist-packages/cpp_pubsub/module_to_import.py'...
[30.834s] -- Installing: /home/michael/HRI/ros2_ws/install/cpp_pubsub/lib/cpp_pubsub/basic_subscriber.py
[30.835s] -- Installing: /home/michael/HRI/ros2_ws/install/cpp_pubsub/share/ament_index/resource_index/package_run_dependencies/cpp_pubsub
[30.836s] -- Installing: /home/michael/HRI/ros2_ws/install/cpp_pubsub/share/ament_index/resource_index/parent_prefix_path/cpp_pubsub
[30.837s] -- Installing: /home/michael/HRI/ros2_ws/install/cpp_pubsub/share/cpp_pubsub/environment/ament_prefix_path.sh
[30.838s] -- Installing: /home/michael/HRI/ros2_ws/install/cpp_pubsub/share/cpp_pubsub/environment/ament_prefix_path.dsv
[30.839s] -- Installing: /home/michael/HRI/ros2_ws/install/cpp_pubsub/share/cpp_pubsub/environment/path.sh
[30.840s] -- Installing: /home/michael/HRI/ros2_ws/install/cpp_pubsub/share/cpp_pubsub/environment/path.dsv
[30.841s] -- Installing: /home/michael/HRI/ros2_ws/install/cpp_pubsub/share/cpp_pubsub/local_setup.bash
[30.842s] -- Installing: /home/michael/HRI/ros2_ws/install/cpp_pubsub/share/cpp_pubsub/local_setup.sh
[30.842s] -- Installing: /home/michael/HRI/ros2_ws/install/cpp_pubsub/share/cpp_pubsub/local_setup.zsh
[30.843s] -- Installing: /home/michael/HRI/ros2_ws/install/cpp_pubsub/share/cpp_pubsub/local_setup.dsv
[30.845s] -- Installing: /home/michael/HRI/ros2_ws/install/cpp_pubsub/share/cpp_pubsub/package.dsv
[30.847s] -- Installing: /home/michael/HRI/ros2_ws/install/cpp_pubsub/share/ament_index/resource_index/packages/cpp_pubsub
[30.848s] -- Installing: /home/michael/HRI/ros2_ws/install/cpp_pubsub/share/cpp_pubsub/cmake/cpp_pubsubConfig.cmake
[30.848s] -- Installing: /home/michael/HRI/ros2_ws/install/cpp_pubsub/share/cpp_pubsub/cmake/cpp_pubsubConfig-version.cmake
[30.849s] -- Installing: /home/michael/HRI/ros2_ws/install/cpp_pubsub/share/cpp_pubsub/package.xml
[30.868s] Invoked command in '/home/michael/HRI/ros2_ws/build/cpp_pubsub' returned '0': AMENT_PREFIX_PATH=/home/michael/HRI/ros2_ws/install/tutorial_interfaces:${AMENT_PREFIX_PATH} CMAKE_PREFIX_PATH=/home/michael/HRI/ros2_ws/install/tutorial_interfaces:/home/michael/project/franka_ws/install/panda_moveit_config:/home/michael/project/franka_ws/install/panda_description:/home/michael/project/franka_ws/install/panda:/home/michael/project/franka_ws/install/franka_moveit_config:/home/michael/project/franka_ws/install/franka_bringup:/home/michael/project/franka_ws/install/franka_hardware:/home/michael/project/franka_ws/install/franka_gripper:/home/michael/project/franka_ws/install/franka_example_controllers:/home/michael/project/franka_ws/install/franka_msgs:/home/michael/project/franka_ws/install/franka_description:/opt/ros/humble LD_LIBRARY_PATH=/home/michael/HRI/ros2_ws/install/tutorial_interfaces/lib:${LD_LIBRARY_PATH} PYTHONPATH=/home/michael/HRI/ros2_ws/install/tutorial_interfaces/local/lib/python3.10/dist-packages:${PYTHONPATH} /usr/bin/cmake --install /home/michael/HRI/ros2_ws/build/cpp_pubsub
