[0.080s] Invoking command in '/home/michael/HRI/ros2_ws/build/examples_rclcpp_minimal_publisher': CMAKE_PREFIX_PATH=${CMAKE_PREFIX_PATH}:/opt/ros/humble /usr/bin/cmake /home/michael/HRI/ros2_ws/src/examples/rclcpp/topics/minimal_publisher -DCMAKE_INSTALL_PREFIX=/home/michael/HRI/ros2_ws/install/examples_rclcpp_minimal_publisher
[5.544s] -- The C compiler identification is GNU 11.3.0
[5.545s] -- The CXX compiler identification is GNU 11.3.0
[5.545s] -- Detecting C compiler ABI info
[5.545s] -- Detecting C compiler ABI info - done
[5.546s] -- Check for working C compiler: /usr/bin/cc - skipped
[5.546s] -- Detecting C compile features
[5.546s] -- Detecting C compile features - done
[5.546s] -- Detecting CXX compiler ABI info
[5.546s] -- Detecting CXX compiler ABI info - done
[5.547s] -- Check for working CXX compiler: /usr/bin/c++ - skipped
[5.547s] -- Detecting CXX compile features
[5.547s] -- Detecting CXX compile features - done
[5.547s] -- Found ament_cmake: 1.3.5 (/opt/ros/humble/share/ament_cmake/cmake)
[5.547s] -- Found Python3: /usr/bin/python3.10 (found version "3.10.6") found components: Interpreter 
[5.548s] -- Found rclcpp: 16.0.4 (/opt/ros/humble/share/rclcpp/cmake)
[5.548s] -- Found rosidl_generator_c: 3.1.4 (/opt/ros/humble/share/rosidl_generator_c/cmake)
[5.548s] -- Found rosidl_adapter: 3.1.4 (/opt/ros/humble/share/rosidl_adapter/cmake)
[5.548s] -- Found rosidl_generator_cpp: 3.1.4 (/opt/ros/humble/share/rosidl_generator_cpp/cmake)
[5.548s] -- Using all available rosidl_typesupport_c: rosidl_typesupport_fastrtps_c;rosidl_typesupport_introspection_c
[5.549s] -- Using all available rosidl_typesupport_cpp: rosidl_typesupport_fastrtps_cpp;rosidl_typesupport_introspection_cpp
[5.549s] -- Found rmw_implementation_cmake: 6.1.1 (/opt/ros/humble/share/rmw_implementation_cmake/cmake)
[5.549s] -- Found rmw_fastrtps_cpp: 6.2.2 (/opt/ros/humble/share/rmw_fastrtps_cpp/cmake)
[5.549s] -- Found OpenSSL: /usr/lib/x86_64-linux-gnu/libcrypto.so (found version "3.0.2")  
[5.549s] -- Found FastRTPS: /opt/ros/humble/include  
[5.550s] -- Using RMW implementation 'rmw_fastrtps_cpp' as default
[5.550s] -- Looking for pthread.h
[5.550s] -- Looking for pthread.h - found
[5.550s] -- Performing Test CMAKE_HAVE_LIBC_PTHREAD
[5.550s] -- Performing Test CMAKE_HAVE_LIBC_PTHREAD - Success
[5.551s] -- Found Threads: TRUE  
[5.551s] -- Found ament_lint_auto: 0.12.6 (/opt/ros/humble/share/ament_lint_auto/cmake)
[5.551s] -- Added test 'copyright' to check source files copyright and LICENSE
[5.551s] -- Added test 'cppcheck' to perform static code analysis on C / C++ code
[5.551s] -- Configured cppcheck include dirs: 
[5.552s] -- Configured cppcheck exclude dirs and/or files: 
[5.552s] -- Added test 'cpplint' to check C / C++ code against the Google style
[5.552s] -- Configured cpplint exclude dirs and/or files: 
[5.552s] -- Added test 'lint_cmake' to check CMake code style
[5.553s] -- Added test 'uncrustify' to check C / C++ code style
[5.553s] -- Configured uncrustify additional arguments: 
[5.553s] -- Added test 'xmllint' to check XML markup files
[5.553s] -- Configuring done
[5.553s] -- Generating done
[5.555s] -- Build files have been written to: /home/michael/HRI/ros2_ws/build/examples_rclcpp_minimal_publisher
[5.573s] Invoked command in '/home/michael/HRI/ros2_ws/build/examples_rclcpp_minimal_publisher' returned '0': CMAKE_PREFIX_PATH=${CMAKE_PREFIX_PATH}:/opt/ros/humble /usr/bin/cmake /home/michael/HRI/ros2_ws/src/examples/rclcpp/topics/minimal_publisher -DCMAKE_INSTALL_PREFIX=/home/michael/HRI/ros2_ws/install/examples_rclcpp_minimal_publisher
[5.576s] Invoking command in '/home/michael/HRI/ros2_ws/build/examples_rclcpp_minimal_publisher': CMAKE_PREFIX_PATH=${CMAKE_PREFIX_PATH}:/opt/ros/humble /usr/bin/cmake --build /home/michael/HRI/ros2_ws/build/examples_rclcpp_minimal_publisher -- -j8 -l8
[13.516s] [ 16%] [32mBuilding CXX object CMakeFiles/publisher_lambda.dir/lambda.cpp.o[0m
[13.517s] [ 16%] [32mBuilding CXX object CMakeFiles/publisher_member_function_with_unique_network_flow_endpoints.dir/member_function_with_unique_network_flow_endpoints.cpp.o[0m
[13.517s] [ 25%] [32mBuilding CXX object CMakeFiles/publisher_member_function_with_type_adapter.dir/member_function_with_type_adapter.cpp.o[0m
[13.517s] [ 33%] [32mBuilding CXX object CMakeFiles/publisher_wait_for_all_acked.dir/member_function_with_wait_for_all_acked.cpp.o[0m
[13.518s] [ 41%] [32mBuilding CXX object CMakeFiles/publisher_member_function.dir/member_function.cpp.o[0m
[13.518s] [ 50%] [32mBuilding CXX object CMakeFiles/publisher_not_composable.dir/not_composable.cpp.o[0m
[43.221s] [ 58%] [32m[1mLinking CXX executable publisher_member_function_with_unique_network_flow_endpoints[0m
[44.238s] [ 66%] [32m[1mLinking CXX executable publisher_member_function[0m
[44.381s] [ 75%] [32m[1mLinking CXX executable publisher_wait_for_all_acked[0m
[44.449s] [ 83%] [32m[1mLinking CXX executable publisher_member_function_with_type_adapter[0m
[44.848s] [ 91%] [32m[1mLinking CXX executable publisher_lambda[0m
[46.223s] [100%] [32m[1mLinking CXX executable publisher_not_composable[0m
[47.049s] [100%] Built target publisher_wait_for_all_acked
[47.072s] [100%] Built target publisher_member_function_with_unique_network_flow_endpoints
[47.076s] [100%] Built target publisher_member_function
[47.128s] [100%] Built target publisher_lambda
[47.144s] [100%] Built target publisher_member_function_with_type_adapter
[47.590s] [100%] Built target publisher_not_composable
[47.762s] Invoked command in '/home/michael/HRI/ros2_ws/build/examples_rclcpp_minimal_publisher' returned '0': CMAKE_PREFIX_PATH=${CMAKE_PREFIX_PATH}:/opt/ros/humble /usr/bin/cmake --build /home/michael/HRI/ros2_ws/build/examples_rclcpp_minimal_publisher -- -j8 -l8
[48.317s] Invoking command in '/home/michael/HRI/ros2_ws/build/examples_rclcpp_minimal_publisher': CMAKE_PREFIX_PATH=${CMAKE_PREFIX_PATH}:/opt/ros/humble /usr/bin/cmake --install /home/michael/HRI/ros2_ws/build/examples_rclcpp_minimal_publisher
[48.339s] -- Install configuration: ""
[48.340s] -- Installing: /home/michael/HRI/ros2_ws/install/examples_rclcpp_minimal_publisher/lib/examples_rclcpp_minimal_publisher/publisher_lambda
[48.345s] -- Set runtime path of "/home/michael/HRI/ros2_ws/install/examples_rclcpp_minimal_publisher/lib/examples_rclcpp_minimal_publisher/publisher_lambda" to ""
[48.345s] -- Installing: /home/michael/HRI/ros2_ws/install/examples_rclcpp_minimal_publisher/lib/examples_rclcpp_minimal_publisher/publisher_member_function
[48.358s] -- Set runtime path of "/home/michael/HRI/ros2_ws/install/examples_rclcpp_minimal_publisher/lib/examples_rclcpp_minimal_publisher/publisher_member_function" to ""
[48.366s] -- Installing: /home/michael/HRI/ros2_ws/install/examples_rclcpp_minimal_publisher/lib/examples_rclcpp_minimal_publisher/publisher_member_function_with_type_adapter
[48.367s] -- Set runtime path of "/home/michael/HRI/ros2_ws/install/examples_rclcpp_minimal_publisher/lib/examples_rclcpp_minimal_publisher/publisher_member_function_with_type_adapter" to ""
[48.367s] -- Installing: /home/michael/HRI/ros2_ws/install/examples_rclcpp_minimal_publisher/lib/examples_rclcpp_minimal_publisher/publisher_member_function_with_unique_network_flow_endpoints
[48.367s] -- Set runtime path of "/home/michael/HRI/ros2_ws/install/examples_rclcpp_minimal_publisher/lib/examples_rclcpp_minimal_publisher/publisher_member_function_with_unique_network_flow_endpoints" to ""
[48.368s] -- Installing: /home/michael/HRI/ros2_ws/install/examples_rclcpp_minimal_publisher/lib/examples_rclcpp_minimal_publisher/publisher_wait_for_all_acked
[48.368s] -- Set runtime path of "/home/michael/HRI/ros2_ws/install/examples_rclcpp_minimal_publisher/lib/examples_rclcpp_minimal_publisher/publisher_wait_for_all_acked" to ""
[48.368s] -- Installing: /home/michael/HRI/ros2_ws/install/examples_rclcpp_minimal_publisher/lib/examples_rclcpp_minimal_publisher/publisher_not_composable
[48.368s] -- Set runtime path of "/home/michael/HRI/ros2_ws/install/examples_rclcpp_minimal_publisher/lib/examples_rclcpp_minimal_publisher/publisher_not_composable" to ""
[48.369s] -- Installing: /home/michael/HRI/ros2_ws/install/examples_rclcpp_minimal_publisher/share/ament_index/resource_index/package_run_dependencies/examples_rclcpp_minimal_publisher
[48.369s] -- Installing: /home/michael/HRI/ros2_ws/install/examples_rclcpp_minimal_publisher/share/ament_index/resource_index/parent_prefix_path/examples_rclcpp_minimal_publisher
[48.369s] -- Installing: /home/michael/HRI/ros2_ws/install/examples_rclcpp_minimal_publisher/share/examples_rclcpp_minimal_publisher/environment/ament_prefix_path.sh
[48.369s] -- Installing: /home/michael/HRI/ros2_ws/install/examples_rclcpp_minimal_publisher/share/examples_rclcpp_minimal_publisher/environment/ament_prefix_path.dsv
[48.370s] -- Installing: /home/michael/HRI/ros2_ws/install/examples_rclcpp_minimal_publisher/share/examples_rclcpp_minimal_publisher/environment/path.sh
[48.370s] -- Installing: /home/michael/HRI/ros2_ws/install/examples_rclcpp_minimal_publisher/share/examples_rclcpp_minimal_publisher/environment/path.dsv
[48.370s] -- Installing: /home/michael/HRI/ros2_ws/install/examples_rclcpp_minimal_publisher/share/examples_rclcpp_minimal_publisher/local_setup.bash
[48.371s] -- Installing: /home/michael/HRI/ros2_ws/install/examples_rclcpp_minimal_publisher/share/examples_rclcpp_minimal_publisher/local_setup.sh
[48.371s] -- Installing: /home/michael/HRI/ros2_ws/install/examples_rclcpp_minimal_publisher/share/examples_rclcpp_minimal_publisher/local_setup.zsh
[48.371s] -- Installing: /home/michael/HRI/ros2_ws/install/examples_rclcpp_minimal_publisher/share/examples_rclcpp_minimal_publisher/local_setup.dsv
[48.372s] -- Installing: /home/michael/HRI/ros2_ws/install/examples_rclcpp_minimal_publisher/share/examples_rclcpp_minimal_publisher/package.dsv
[48.372s] -- Installing: /home/michael/HRI/ros2_ws/install/examples_rclcpp_minimal_publisher/share/ament_index/resource_index/packages/examples_rclcpp_minimal_publisher
[48.372s] -- Installing: /home/michael/HRI/ros2_ws/install/examples_rclcpp_minimal_publisher/share/examples_rclcpp_minimal_publisher/cmake/examples_rclcpp_minimal_publisherConfig.cmake
[48.373s] -- Installing: /home/michael/HRI/ros2_ws/install/examples_rclcpp_minimal_publisher/share/examples_rclcpp_minimal_publisher/cmake/examples_rclcpp_minimal_publisherConfig-version.cmake
[48.373s] -- Installing: /home/michael/HRI/ros2_ws/install/examples_rclcpp_minimal_publisher/share/examples_rclcpp_minimal_publisher/package.xml
[48.386s] Invoked command in '/home/michael/HRI/ros2_ws/build/examples_rclcpp_minimal_publisher' returned '0': CMAKE_PREFIX_PATH=${CMAKE_PREFIX_PATH}:/opt/ros/humble /usr/bin/cmake --install /home/michael/HRI/ros2_ws/build/examples_rclcpp_minimal_publisher
