[0.044s] Invoking command in '/home/michael/HRI/ros2_ws/build/my_package': CMAKE_PREFIX_PATH=${CMAKE_PREFIX_PATH}:/opt/ros/humble /usr/bin/cmake /home/michael/HRI/ros2_ws/src/my_package -DCMAKE_INSTALL_PREFIX=/home/michael/HRI/ros2_ws/install/my_package
[3.741s] -- The C compiler identification is GNU 11.3.0
[3.742s] -- The CXX compiler identification is GNU 11.3.0
[3.742s] -- Detecting C compiler ABI info
[3.744s] -- Detecting C compiler ABI info - done
[3.744s] -- Check for working C compiler: /usr/bin/cc - skipped
[3.744s] -- Detecting C compile features
[3.744s] -- Detecting C compile features - done
[3.745s] -- Detecting CXX compiler ABI info
[3.745s] -- Detecting CXX compiler ABI info - done
[3.745s] -- Check for working CXX compiler: /usr/bin/c++ - skipped
[3.745s] -- Detecting CXX compile features
[3.745s] -- Detecting CXX compile features - done
[3.745s] -- Found ament_cmake: 1.3.5 (/opt/ros/humble/share/ament_cmake/cmake)
[3.746s] -- Found Python3: /usr/bin/python3.10 (found version "3.10.6") found components: Interpreter 
[3.746s] -- Found ament_lint_auto: 0.12.6 (/opt/ros/humble/share/ament_lint_auto/cmake)
[3.746s] -- Added test 'cppcheck' to perform static code analysis on C / C++ code
[3.746s] -- Configured cppcheck include dirs: $<BUILD_INTERFACE:/home/michael/HRI/ros2_ws/src/my_package/include>
[3.746s] -- Configured cppcheck exclude dirs and/or files: 
[3.746s] -- Added test 'lint_cmake' to check CMake code style
[3.747s] -- Added test 'uncrustify' to check C / C++ code style
[3.747s] -- Configured uncrustify additional arguments: 
[3.747s] -- Added test 'xmllint' to check XML markup files
[3.747s] -- Configuring done
[3.747s] -- Generating done
[3.748s] -- Build files have been written to: /home/michael/HRI/ros2_ws/build/my_package
[3.758s] Invoked command in '/home/michael/HRI/ros2_ws/build/my_package' returned '0': CMAKE_PREFIX_PATH=${CMAKE_PREFIX_PATH}:/opt/ros/humble /usr/bin/cmake /home/michael/HRI/ros2_ws/src/my_package -DCMAKE_INSTALL_PREFIX=/home/michael/HRI/ros2_ws/install/my_package
[3.762s] Invoking command in '/home/michael/HRI/ros2_ws/build/my_package': CMAKE_PREFIX_PATH=${CMAKE_PREFIX_PATH}:/opt/ros/humble /usr/bin/cmake --build /home/michael/HRI/ros2_ws/build/my_package -- -j8 -l8
[3.886s] [ 50%] [32mBuilding CXX object CMakeFiles/my_node.dir/src/my_node.cpp.o[0m
[4.073s] [100%] [32m[1mLinking CXX executable my_node[0m
[4.205s] [100%] Built target my_node
