[0.732s] Invoking command in '/home/michael/HRI/ros2_ws/build/examples_rclcpp_minimal_service': CMAKE_PREFIX_PATH=${CMAKE_PREFIX_PATH}:/opt/ros/humble /usr/bin/cmake /home/michael/HRI/ros2_ws/src/examples/rclcpp/services/minimal_service -DCMAKE_INSTALL_PREFIX=/home/michael/HRI/ros2_ws/install/examples_rclcpp_minimal_service
[1.725s] -- The C compiler identification is GNU 11.3.0
[2.038s] -- The CXX compiler identification is GNU 11.3.0
[2.516s] -- Detecting C compiler ABI info
[3.323s] -- Detecting C compiler ABI info - done
[3.368s] -- Check for working C compiler: /usr/bin/cc - skipped
[3.369s] -- Detecting C compile features
[3.374s] -- Detecting C compile features - done
[3.387s] -- Detecting CXX compiler ABI info
[3.683s] -- Detecting CXX compiler ABI info - done
[3.714s] -- Check for working CXX compiler: /usr/bin/c++ - skipped
[3.715s] -- Detecting CXX compile features
[3.717s] -- Detecting CXX compile features - done
[3.954s] -- Found ament_cmake: 1.3.5 (/opt/ros/humble/share/ament_cmake/cmake)
[6.666s] -- Found Python3: /usr/bin/python3.10 (found version "3.10.6") found components: Interpreter 
[16.237s] -- Found example_interfaces: 0.9.3 (/opt/ros/humble/share/example_interfaces/cmake)
[19.354s] -- Found rosidl_generator_c: 3.1.4 (/opt/ros/humble/share/rosidl_generator_c/cmake)
[19.977s] -- Found rosidl_adapter: 3.1.4 (/opt/ros/humble/share/rosidl_adapter/cmake)
[20.745s] -- Found rosidl_generator_cpp: 3.1.4 (/opt/ros/humble/share/rosidl_generator_cpp/cmake)
[23.752s] -- Using all available rosidl_typesupport_c: rosidl_typesupport_fastrtps_c;rosidl_typesupport_introspection_c
[25.005s] -- Using all available rosidl_typesupport_cpp: rosidl_typesupport_fastrtps_cpp;rosidl_typesupport_introspection_cpp
[26.110s] -- Found rclcpp: 16.0.4 (/opt/ros/humble/share/rclcpp/cmake)
[28.197s] -- Found rmw_implementation_cmake: 6.1.1 (/opt/ros/humble/share/rmw_implementation_cmake/cmake)
[28.823s] -- Found rmw_fastrtps_cpp: 6.2.2 (/opt/ros/humble/share/rmw_fastrtps_cpp/cmake)
[31.207s] -- Found OpenSSL: /usr/lib/x86_64-linux-gnu/libcrypto.so (found version "3.0.2")  
[31.625s] -- Found FastRTPS: /opt/ros/humble/include  
[31.746s] -- Using RMW implementation 'rmw_fastrtps_cpp' as default
[32.513s] -- Looking for pthread.h
[33.002s] -- Looking for pthread.h - found
[33.003s] -- Performing Test CMAKE_HAVE_LIBC_PTHREAD
[33.656s] -- Performing Test CMAKE_HAVE_LIBC_PTHREAD - Success
[33.663s] -- Found Threads: TRUE  
[38.617s] -- Found ament_lint_auto: 0.12.6 (/opt/ros/humble/share/ament_lint_auto/cmake)
[42.258s] -- Added test 'copyright' to check source files copyright and LICENSE
[42.274s] -- Added test 'cppcheck' to perform static code analysis on C / C++ code
[42.274s] -- Configured cppcheck include dirs: 
[42.275s] -- Configured cppcheck exclude dirs and/or files: 
[42.276s] -- Added test 'cpplint' to check C / C++ code against the Google style
[42.276s] -- Configured cpplint exclude dirs and/or files: 
[42.382s] -- Added test 'lint_cmake' to check CMake code style
[42.496s] -- Added test 'uncrustify' to check C / C++ code style
[42.496s] -- Configured uncrustify additional arguments: 
[42.574s] -- Added test 'xmllint' to check XML markup files
[42.681s] -- Configuring done
[43.038s] -- Generating done
[43.039s] -- Build files have been written to: /home/michael/HRI/ros2_ws/build/examples_rclcpp_minimal_service
[43.062s] Invoked command in '/home/michael/HRI/ros2_ws/build/examples_rclcpp_minimal_service' returned '0': CMAKE_PREFIX_PATH=${CMAKE_PREFIX_PATH}:/opt/ros/humble /usr/bin/cmake /home/michael/HRI/ros2_ws/src/examples/rclcpp/services/minimal_service -DCMAKE_INSTALL_PREFIX=/home/michael/HRI/ros2_ws/install/examples_rclcpp_minimal_service
[43.197s] Invoking command in '/home/michael/HRI/ros2_ws/build/examples_rclcpp_minimal_service': CMAKE_PREFIX_PATH=${CMAKE_PREFIX_PATH}:/opt/ros/humble /usr/bin/cmake --build /home/michael/HRI/ros2_ws/build/examples_rclcpp_minimal_service -- -j8 -l8
[43.326s] [ 50%] [32mBuilding CXX object CMakeFiles/service_main.dir/main.cpp.o[0m
[51.256s] [100%] [32m[1mLinking CXX executable service_main[0m
[51.540s] [100%] Built target service_main
