[0.087s] Invoking command in '/home/michael/HRI/ros2_ws/build/examples_rclcpp_minimal_action_server': CMAKE_PREFIX_PATH=${CMAKE_PREFIX_PATH}:/opt/ros/humble /usr/bin/cmake /home/michael/HRI/ros2_ws/src/examples/rclcpp/actions/minimal_action_server -DCMAKE_INSTALL_PREFIX=/home/michael/HRI/ros2_ws/install/examples_rclcpp_minimal_action_server
[0.260s] -- The C compiler identification is GNU 11.3.0
[0.441s] -- The CXX compiler identification is GNU 11.3.0
[0.468s] -- Detecting C compiler ABI info
[0.714s] -- Detecting C compiler ABI info - done
[0.742s] -- Check for working C compiler: /usr/bin/cc - skipped
[0.745s] -- Detecting C compile features
[0.745s] -- Detecting C compile features - done
[0.754s] -- Detecting CXX compiler ABI info
[1.635s] -- Detecting CXX compiler ABI info - done
[1.665s] -- Check for working CXX compiler: /usr/bin/c++ - skipped
[1.666s] -- Detecting CXX compile features
[1.668s] -- Detecting CXX compile features - done
[1.676s] -- Found ament_cmake: 1.3.5 (/opt/ros/humble/share/ament_cmake/cmake)
[2.182s] -- Found Python3: /usr/bin/python3.10 (found version "3.10.6") found components: Interpreter 
[2.442s] -- Found example_interfaces: 0.9.3 (/opt/ros/humble/share/example_interfaces/cmake)
[2.754s] -- Found rosidl_generator_c: 3.1.4 (/opt/ros/humble/share/rosidl_generator_c/cmake)
[2.792s] -- Found rosidl_adapter: 3.1.4 (/opt/ros/humble/share/rosidl_adapter/cmake)
[2.819s] -- Found rosidl_generator_cpp: 3.1.4 (/opt/ros/humble/share/rosidl_generator_cpp/cmake)
[2.858s] -- Using all available rosidl_typesupport_c: rosidl_typesupport_fastrtps_c;rosidl_typesupport_introspection_c
[2.910s] -- Using all available rosidl_typesupport_cpp: rosidl_typesupport_fastrtps_cpp;rosidl_typesupport_introspection_cpp
[6.000s] -- Found rclcpp: 16.0.4 (/opt/ros/humble/share/rclcpp/cmake)
[7.113s] -- Found rmw_implementation_cmake: 6.1.1 (/opt/ros/humble/share/rmw_implementation_cmake/cmake)
[7.156s] -- Found rmw_fastrtps_cpp: 6.2.2 (/opt/ros/humble/share/rmw_fastrtps_cpp/cmake)
[8.421s] -- Found OpenSSL: /usr/lib/x86_64-linux-gnu/libcrypto.so (found version "3.0.2")  
[8.595s] -- Found FastRTPS: /opt/ros/humble/include  
[9.176s] -- Using RMW implementation 'rmw_fastrtps_cpp' as default
[9.344s] -- Looking for pthread.h
[10.149s] -- Looking for pthread.h - found
[10.151s] -- Performing Test CMAKE_HAVE_LIBC_PTHREAD
[10.850s] -- Performing Test CMAKE_HAVE_LIBC_PTHREAD - Success
[10.854s] -- Found Threads: TRUE  
[13.128s] -- Found rclcpp_action: 16.0.4 (/opt/ros/humble/share/rclcpp_action/cmake)
[14.337s] -- Found ament_lint_auto: 0.12.6 (/opt/ros/humble/share/ament_lint_auto/cmake)
[15.184s] -- Added test 'copyright' to check source files copyright and LICENSE
[15.188s] -- Added test 'cppcheck' to perform static code analysis on C / C++ code
[15.189s] -- Configured cppcheck include dirs: 
[15.189s] -- Configured cppcheck exclude dirs and/or files: 
[15.200s] -- Added test 'cpplint' to check C / C++ code against the Google style
[15.201s] -- Configured cpplint exclude dirs and/or files: 
[15.207s] -- Added test 'lint_cmake' to check CMake code style
[15.220s] -- Added test 'uncrustify' to check C / C++ code style
[15.221s] -- Configured uncrustify additional arguments: 
[15.224s] -- Added test 'xmllint' to check XML markup files
[15.230s] -- Configuring done
[15.319s] -- Generating done
[15.325s] -- Build files have been written to: /home/michael/HRI/ros2_ws/build/examples_rclcpp_minimal_action_server
[15.406s] Invoked command in '/home/michael/HRI/ros2_ws/build/examples_rclcpp_minimal_action_server' returned '0': CMAKE_PREFIX_PATH=${CMAKE_PREFIX_PATH}:/opt/ros/humble /usr/bin/cmake /home/michael/HRI/ros2_ws/src/examples/rclcpp/actions/minimal_action_server -DCMAKE_INSTALL_PREFIX=/home/michael/HRI/ros2_ws/install/examples_rclcpp_minimal_action_server
[15.407s] Invoking command in '/home/michael/HRI/ros2_ws/build/examples_rclcpp_minimal_action_server': CMAKE_PREFIX_PATH=${CMAKE_PREFIX_PATH}:/opt/ros/humble /usr/bin/cmake --build /home/michael/HRI/ros2_ws/build/examples_rclcpp_minimal_action_server -- -j8 -l8
[47.800s] [ 25%] [32mBuilding CXX object CMakeFiles/action_server_not_composable.dir/not_composable.cpp.o[0m
[47.800s] [ 50%] [32mBuilding CXX object CMakeFiles/action_server_member_functions.dir/member_functions.cpp.o[0m
[47.800s] [ 75%] [32m[1mLinking CXX executable action_server_member_functions[0m
[47.801s] [ 75%] Built target action_server_member_functions
[50.213s] [100%] [32m[1mLinking CXX executable action_server_not_composable[0m
[50.814s] [100%] Built target action_server_not_composable
[50.873s] Invoked command in '/home/michael/HRI/ros2_ws/build/examples_rclcpp_minimal_action_server' returned '0': CMAKE_PREFIX_PATH=${CMAKE_PREFIX_PATH}:/opt/ros/humble /usr/bin/cmake --build /home/michael/HRI/ros2_ws/build/examples_rclcpp_minimal_action_server -- -j8 -l8
[50.954s] Invoking command in '/home/michael/HRI/ros2_ws/build/examples_rclcpp_minimal_action_server': CMAKE_PREFIX_PATH=${CMAKE_PREFIX_PATH}:/opt/ros/humble /usr/bin/cmake --install /home/michael/HRI/ros2_ws/build/examples_rclcpp_minimal_action_server
[59.704s] -- Install configuration: ""
[59.707s] -- Installing: /home/michael/HRI/ros2_ws/install/examples_rclcpp_minimal_action_server/lib/examples_rclcpp_minimal_action_server/action_server_not_composable
[59.708s] -- Set runtime path of "/home/michael/HRI/ros2_ws/install/examples_rclcpp_minimal_action_server/lib/examples_rclcpp_minimal_action_server/action_server_not_composable" to ""
[59.709s] -- Installing: /home/michael/HRI/ros2_ws/install/examples_rclcpp_minimal_action_server/lib/examples_rclcpp_minimal_action_server/action_server_member_functions
[59.715s] -- Set runtime path of "/home/michael/HRI/ros2_ws/install/examples_rclcpp_minimal_action_server/lib/examples_rclcpp_minimal_action_server/action_server_member_functions" to ""
[59.715s] -- Installing: /home/michael/HRI/ros2_ws/install/examples_rclcpp_minimal_action_server/share/ament_index/resource_index/package_run_dependencies/examples_rclcpp_minimal_action_server
[59.716s] -- Installing: /home/michael/HRI/ros2_ws/install/examples_rclcpp_minimal_action_server/share/ament_index/resource_index/parent_prefix_path/examples_rclcpp_minimal_action_server
[59.716s] -- Installing: /home/michael/HRI/ros2_ws/install/examples_rclcpp_minimal_action_server/share/examples_rclcpp_minimal_action_server/environment/ament_prefix_path.sh
[59.716s] -- Installing: /home/michael/HRI/ros2_ws/install/examples_rclcpp_minimal_action_server/share/examples_rclcpp_minimal_action_server/environment/ament_prefix_path.dsv
[59.717s] -- Installing: /home/michael/HRI/ros2_ws/install/examples_rclcpp_minimal_action_server/share/examples_rclcpp_minimal_action_server/environment/path.sh
[59.717s] -- Installing: /home/michael/HRI/ros2_ws/install/examples_rclcpp_minimal_action_server/share/examples_rclcpp_minimal_action_server/environment/path.dsv
[59.718s] -- Installing: /home/michael/HRI/ros2_ws/install/examples_rclcpp_minimal_action_server/share/examples_rclcpp_minimal_action_server/local_setup.bash
[59.718s] -- Installing: /home/michael/HRI/ros2_ws/install/examples_rclcpp_minimal_action_server/share/examples_rclcpp_minimal_action_server/local_setup.sh
[59.718s] -- Installing: /home/michael/HRI/ros2_ws/install/examples_rclcpp_minimal_action_server/share/examples_rclcpp_minimal_action_server/local_setup.zsh
[59.719s] -- Installing: /home/michael/HRI/ros2_ws/install/examples_rclcpp_minimal_action_server/share/examples_rclcpp_minimal_action_server/local_setup.dsv
[59.719s] -- Installing: /home/michael/HRI/ros2_ws/install/examples_rclcpp_minimal_action_server/share/examples_rclcpp_minimal_action_server/package.dsv
[59.720s] -- Installing: /home/michael/HRI/ros2_ws/install/examples_rclcpp_minimal_action_server/share/ament_index/resource_index/packages/examples_rclcpp_minimal_action_server
[59.720s] -- Installing: /home/michael/HRI/ros2_ws/install/examples_rclcpp_minimal_action_server/share/examples_rclcpp_minimal_action_server/cmake/examples_rclcpp_minimal_action_serverConfig.cmake
[59.720s] -- Installing: /home/michael/HRI/ros2_ws/install/examples_rclcpp_minimal_action_server/share/examples_rclcpp_minimal_action_server/cmake/examples_rclcpp_minimal_action_serverConfig-version.cmake
[59.720s] -- Installing: /home/michael/HRI/ros2_ws/install/examples_rclcpp_minimal_action_server/share/examples_rclcpp_minimal_action_server/package.xml
[59.723s] Invoked command in '/home/michael/HRI/ros2_ws/build/examples_rclcpp_minimal_action_server' returned '0': CMAKE_PREFIX_PATH=${CMAKE_PREFIX_PATH}:/opt/ros/humble /usr/bin/cmake --install /home/michael/HRI/ros2_ws/build/examples_rclcpp_minimal_action_server
