[3.165s] Invoking command in '/home/michael/HRI/ros2_ws/src/examples/rclpy/guard_conditions': PYTHONPATH=/home/michael/HRI/ros2_ws/build/examples_rclpy_guard_conditions/prefix_override:/home/michael/HRI/ros2_ws/install/examples_rclpy_guard_conditions/lib/python3.10/site-packages:${PYTHONPATH} /usr/bin/python3 setup.py egg_info --egg-base ../../../../build/examples_rclpy_guard_conditions build --build-base /home/michael/HRI/ros2_ws/build/examples_rclpy_guard_conditions/build install --record /home/michael/HRI/ros2_ws/build/examples_rclpy_guard_conditions/install.log --single-version-externally-managed
[3.627s] running egg_info
[3.628s] writing ../../../../build/examples_rclpy_guard_conditions/examples_rclpy_guard_conditions.egg-info/PKG-INFO
[3.628s] writing dependency_links to ../../../../build/examples_rclpy_guard_conditions/examples_rclpy_guard_conditions.egg-info/dependency_links.txt
[3.628s] writing entry points to ../../../../build/examples_rclpy_guard_conditions/examples_rclpy_guard_conditions.egg-info/entry_points.txt
[3.629s] writing requirements to ../../../../build/examples_rclpy_guard_conditions/examples_rclpy_guard_conditions.egg-info/requires.txt
[3.629s] writing top-level names to ../../../../build/examples_rclpy_guard_conditions/examples_rclpy_guard_conditions.egg-info/top_level.txt
[3.633s] reading manifest file '../../../../build/examples_rclpy_guard_conditions/examples_rclpy_guard_conditions.egg-info/SOURCES.txt'
[3.637s] writing manifest file '../../../../build/examples_rclpy_guard_conditions/examples_rclpy_guard_conditions.egg-info/SOURCES.txt'
[3.637s] running build
[3.637s] running build_py
[3.638s] running install
[3.638s] /usr/lib/python3/dist-packages/setuptools/command/install.py:34: SetuptoolsDeprecationWarning: setup.py install is deprecated. Use build and pip and other standards-based tools.
[3.638s]   warnings.warn(
[3.639s] running install_lib
[3.641s] running install_data
[3.642s] running install_egg_info
[3.645s] removing '/home/michael/HRI/ros2_ws/install/examples_rclpy_guard_conditions/lib/python3.10/site-packages/examples_rclpy_guard_conditions-0.15.1-py3.10.egg-info' (and everything under it)
[3.646s] Copying ../../../../build/examples_rclpy_guard_conditions/examples_rclpy_guard_conditions.egg-info to /home/michael/HRI/ros2_ws/install/examples_rclpy_guard_conditions/lib/python3.10/site-packages/examples_rclpy_guard_conditions-0.15.1-py3.10.egg-info
[3.647s] running install_scripts
[3.686s] Installing trigger_guard_condition script to /home/michael/HRI/ros2_ws/install/examples_rclpy_guard_conditions/lib/examples_rclpy_guard_conditions
[3.687s] writing list of installed files to '/home/michael/HRI/ros2_ws/build/examples_rclpy_guard_conditions/install.log'
[4.741s] Invoked command in '/home/michael/HRI/ros2_ws/src/examples/rclpy/guard_conditions' returned '0': PYTHONPATH=/home/michael/HRI/ros2_ws/build/examples_rclpy_guard_conditions/prefix_override:/home/michael/HRI/ros2_ws/install/examples_rclpy_guard_conditions/lib/python3.10/site-packages:${PYTHONPATH} /usr/bin/python3 setup.py egg_info --egg-base ../../../../build/examples_rclpy_guard_conditions build --build-base /home/michael/HRI/ros2_ws/build/examples_rclpy_guard_conditions/build install --record /home/michael/HRI/ros2_ws/build/examples_rclpy_guard_conditions/install.log --single-version-externally-managed
