[3.994s] Invoking command in '/home/michael/HRI/ros2_ws/src/examples/rclpy/services/minimal_service': PYTHONPATH=/home/michael/HRI/ros2_ws/build/examples_rclpy_minimal_service/prefix_override:/home/michael/HRI/ros2_ws/install/examples_rclpy_minimal_service/lib/python3.10/site-packages:${PYTHONPATH} /usr/bin/python3 setup.py egg_info --egg-base ../../../../../build/examples_rclpy_minimal_service build --build-base /home/michael/HRI/ros2_ws/build/examples_rclpy_minimal_service/build install --record /home/michael/HRI/ros2_ws/build/examples_rclpy_minimal_service/install.log --single-version-externally-managed
[4.821s] running egg_info
[4.821s] writing ../../../../../build/examples_rclpy_minimal_service/examples_rclpy_minimal_service.egg-info/PKG-INFO
[4.821s] writing dependency_links to ../../../../../build/examples_rclpy_minimal_service/examples_rclpy_minimal_service.egg-info/dependency_links.txt
[4.821s] writing entry points to ../../../../../build/examples_rclpy_minimal_service/examples_rclpy_minimal_service.egg-info/entry_points.txt
[4.821s] writing requirements to ../../../../../build/examples_rclpy_minimal_service/examples_rclpy_minimal_service.egg-info/requires.txt
[4.822s] writing top-level names to ../../../../../build/examples_rclpy_minimal_service/examples_rclpy_minimal_service.egg-info/top_level.txt
[4.832s] reading manifest file '../../../../../build/examples_rclpy_minimal_service/examples_rclpy_minimal_service.egg-info/SOURCES.txt'
[4.833s] writing manifest file '../../../../../build/examples_rclpy_minimal_service/examples_rclpy_minimal_service.egg-info/SOURCES.txt'
[4.833s] running build
[4.833s] running build_py
[4.834s] running install
[4.834s] running install_lib
[4.835s] /usr/lib/python3/dist-packages/setuptools/command/install.py:34: SetuptoolsDeprecationWarning: setup.py install is deprecated. Use build and pip and other standards-based tools.
[4.835s]   warnings.warn(
[4.835s] running install_data
[4.836s] running install_egg_info
[4.842s] removing '/home/michael/HRI/ros2_ws/install/examples_rclpy_minimal_service/lib/python3.10/site-packages/examples_rclpy_minimal_service-0.15.1-py3.10.egg-info' (and everything under it)
[4.843s] Copying ../../../../../build/examples_rclpy_minimal_service/examples_rclpy_minimal_service.egg-info to /home/michael/HRI/ros2_ws/install/examples_rclpy_minimal_service/lib/python3.10/site-packages/examples_rclpy_minimal_service-0.15.1-py3.10.egg-info
[4.844s] running install_scripts
[4.905s] Installing service script to /home/michael/HRI/ros2_ws/install/examples_rclpy_minimal_service/lib/examples_rclpy_minimal_service
[4.906s] Installing service_member_function script to /home/michael/HRI/ros2_ws/install/examples_rclpy_minimal_service/lib/examples_rclpy_minimal_service
[4.906s] writing list of installed files to '/home/michael/HRI/ros2_ws/build/examples_rclpy_minimal_service/install.log'
[5.508s] Invoked command in '/home/michael/HRI/ros2_ws/src/examples/rclpy/services/minimal_service' returned '0': PYTHONPATH=/home/michael/HRI/ros2_ws/build/examples_rclpy_minimal_service/prefix_override:/home/michael/HRI/ros2_ws/install/examples_rclpy_minimal_service/lib/python3.10/site-packages:${PYTHONPATH} /usr/bin/python3 setup.py egg_info --egg-base ../../../../../build/examples_rclpy_minimal_service build --build-base /home/michael/HRI/ros2_ws/build/examples_rclpy_minimal_service/build install --record /home/michael/HRI/ros2_ws/build/examples_rclpy_minimal_service/install.log --single-version-externally-managed
