[2.744s] Invoking command in '/home/michael/HRI/ros2_ws/src/examples/rclpy/topics/pointcloud_publisher': PYTHONPATH=/home/michael/HRI/ros2_ws/build/examples_rclpy_pointcloud_publisher/prefix_override:/home/michael/HRI/ros2_ws/install/examples_rclpy_pointcloud_publisher/lib/python3.10/site-packages:${PYTHONPATH} /usr/bin/python3 setup.py egg_info --egg-base ../../../../../build/examples_rclpy_pointcloud_publisher build --build-base /home/michael/HRI/ros2_ws/build/examples_rclpy_pointcloud_publisher/build install --record /home/michael/HRI/ros2_ws/build/examples_rclpy_pointcloud_publisher/install.log --single-version-externally-managed
[3.451s] running egg_info
[3.452s] writing ../../../../../build/examples_rclpy_pointcloud_publisher/examples_rclpy_pointcloud_publisher.egg-info/PKG-INFO
[3.453s] writing dependency_links to ../../../../../build/examples_rclpy_pointcloud_publisher/examples_rclpy_pointcloud_publisher.egg-info/dependency_links.txt
[3.453s] writing entry points to ../../../../../build/examples_rclpy_pointcloud_publisher/examples_rclpy_pointcloud_publisher.egg-info/entry_points.txt
[3.453s] writing requirements to ../../../../../build/examples_rclpy_pointcloud_publisher/examples_rclpy_pointcloud_publisher.egg-info/requires.txt
[3.453s] writing top-level names to ../../../../../build/examples_rclpy_pointcloud_publisher/examples_rclpy_pointcloud_publisher.egg-info/top_level.txt
[3.458s] reading manifest file '../../../../../build/examples_rclpy_pointcloud_publisher/examples_rclpy_pointcloud_publisher.egg-info/SOURCES.txt'
[3.460s] writing manifest file '../../../../../build/examples_rclpy_pointcloud_publisher/examples_rclpy_pointcloud_publisher.egg-info/SOURCES.txt'
[3.460s] running build
[3.461s] running build_py
[3.461s] running install
[3.461s] /usr/lib/python3/dist-packages/setuptools/command/install.py:34: SetuptoolsDeprecationWarning: setup.py install is deprecated. Use build and pip and other standards-based tools.
[3.462s]   warnings.warn(
[3.462s] running install_lib
[3.464s] running install_data
[3.465s] running install_egg_info
[3.468s] removing '/home/michael/HRI/ros2_ws/install/examples_rclpy_pointcloud_publisher/lib/python3.10/site-packages/examples_rclpy_pointcloud_publisher-0.15.1-py3.10.egg-info' (and everything under it)
[3.468s] Copying ../../../../../build/examples_rclpy_pointcloud_publisher/examples_rclpy_pointcloud_publisher.egg-info to /home/michael/HRI/ros2_ws/install/examples_rclpy_pointcloud_publisher/lib/python3.10/site-packages/examples_rclpy_pointcloud_publisher-0.15.1-py3.10.egg-info
[3.470s] running install_scripts
[3.508s] Installing pointcloud_publisher script to /home/michael/HRI/ros2_ws/install/examples_rclpy_pointcloud_publisher/lib/examples_rclpy_pointcloud_publisher
[3.509s] writing list of installed files to '/home/michael/HRI/ros2_ws/build/examples_rclpy_pointcloud_publisher/install.log'
[3.932s] Invoked command in '/home/michael/HRI/ros2_ws/src/examples/rclpy/topics/pointcloud_publisher' returned '0': PYTHONPATH=/home/michael/HRI/ros2_ws/build/examples_rclpy_pointcloud_publisher/prefix_override:/home/michael/HRI/ros2_ws/install/examples_rclpy_pointcloud_publisher/lib/python3.10/site-packages:${PYTHONPATH} /usr/bin/python3 setup.py egg_info --egg-base ../../../../../build/examples_rclpy_pointcloud_publisher build --build-base /home/michael/HRI/ros2_ws/build/examples_rclpy_pointcloud_publisher/build install --record /home/michael/HRI/ros2_ws/build/examples_rclpy_pointcloud_publisher/install.log --single-version-externally-managed
