[0.110s] Invoking command in '/home/michael/HRI/ros2_ws/build/tutorial_interfaces': CMAKE_PREFIX_PATH=${CMAKE_PREFIX_PATH}:/opt/ros/humble /usr/bin/cmake --build /home/michael/HRI/ros2_ws/build/tutorial_interfaces -- -j8 -l8
[0.231s] [35m[1mConsolidate compiler generated dependencies of target tutorial_interfaces__rosidl_generator_c[0m
[0.285s] [ 10%] Built target tutorial_interfaces__rosidl_generator_c
[0.313s] [ 12%] Built target tutorial_interfaces__cpp
[0.349s] [35m[1mConsolidate compiler generated dependencies of target tutorial_interfaces__rosidl_typesupport_fastrtps_c[0m
[0.362s] [35m[1mConsolidate compiler generated dependencies of target tutorial_interfaces__rosidl_typesupport_introspection_c[0m
[0.365s] [ 12%] Built target ament_cmake_python_copy_tutorial_interfaces
[0.399s] [35m[1mConsolidate compiler generated dependencies of target tutorial_interfaces__rosidl_typesupport_c[0m
[0.399s] [35m[1mConsolidate compiler generated dependencies of target tutorial_interfaces__rosidl_typesupport_fastrtps_cpp[0m
[0.419s] [35m[1mConsolidate compiler generated dependencies of target tutorial_interfaces__rosidl_typesupport_introspection_cpp[0m
[0.443s] [35m[1mConsolidate compiler generated dependencies of target tutorial_interfaces__rosidl_typesupport_cpp[0m
[0.443s] [ 23%] Built target tutorial_interfaces__rosidl_typesupport_introspection_c
[0.443s] [ 33%] Built target tutorial_interfaces__rosidl_typesupport_fastrtps_c
[0.466s] [ 43%] Built target tutorial_interfaces__rosidl_typesupport_c
[0.501s] [ 53%] Built target tutorial_interfaces__rosidl_typesupport_fastrtps_cpp
[0.522s] [ 64%] Built target tutorial_interfaces__rosidl_typesupport_introspection_cpp
[0.523s] [ 74%] Built target tutorial_interfaces__rosidl_typesupport_cpp
[0.588s] [ 74%] Built target tutorial_interfaces
[0.653s] [ 76%] Built target tutorial_interfaces__py
[0.685s] [35m[1mConsolidate compiler generated dependencies of target tutorial_interfaces__rosidl_generator_py[0m
[0.729s] [ 84%] Built target tutorial_interfaces__rosidl_generator_py
[0.736s] [35m[1mConsolidate compiler generated dependencies of target tutorial_interfaces__rosidl_typesupport_fastrtps_c__pyext[0m
[0.738s] [35m[1mConsolidate compiler generated dependencies of target tutorial_interfaces__rosidl_typesupport_introspection_c__pyext[0m
[0.740s] [35m[1mConsolidate compiler generated dependencies of target tutorial_interfaces__rosidl_typesupport_c__pyext[0m
[0.761s] [ 89%] Built target tutorial_interfaces__rosidl_typesupport_fastrtps_c__pyext
[0.773s] [ 94%] Built target tutorial_interfaces__rosidl_typesupport_introspection_c__pyext
[0.774s] [100%] Built target tutorial_interfaces__rosidl_typesupport_c__pyext
[1.146s] running egg_info
[1.146s] writing tutorial_interfaces.egg-info/PKG-INFO
[1.147s] writing dependency_links to tutorial_interfaces.egg-info/dependency_links.txt
[1.147s] writing top-level names to tutorial_interfaces.egg-info/top_level.txt
[1.148s] reading manifest file 'tutorial_interfaces.egg-info/SOURCES.txt'
[1.149s] writing manifest file 'tutorial_interfaces.egg-info/SOURCES.txt'
[1.198s] [100%] Built target ament_cmake_python_build_tutorial_interfaces_egg
[1.312s] Invoked command in '/home/michael/HRI/ros2_ws/build/tutorial_interfaces' returned '0': CMAKE_PREFIX_PATH=${CMAKE_PREFIX_PATH}:/opt/ros/humble /usr/bin/cmake --build /home/michael/HRI/ros2_ws/build/tutorial_interfaces -- -j8 -l8
[1.981s] Invoking command in '/home/michael/HRI/ros2_ws/build/tutorial_interfaces': CMAKE_PREFIX_PATH=${CMAKE_PREFIX_PATH}:/opt/ros/humble /usr/bin/cmake --install /home/michael/HRI/ros2_ws/build/tutorial_interfaces
[2.041s] -- Install configuration: ""
[2.041s] -- Up-to-date: /home/michael/HRI/ros2_ws/install/tutorial_interfaces/share/ament_index/resource_index/rosidl_interfaces/tutorial_interfaces
[2.042s] -- Up-to-date: /home/michael/HRI/ros2_ws/install/tutorial_interfaces/include/tutorial_interfaces/tutorial_interfaces
[2.049s] -- Up-to-date: /home/michael/HRI/ros2_ws/install/tutorial_interfaces/include/tutorial_interfaces/tutorial_interfaces/msg
[2.050s] -- Up-to-date: /home/michael/HRI/ros2_ws/install/tutorial_interfaces/include/tutorial_interfaces/tutorial_interfaces/msg/detail
[2.050s] -- Up-to-date: /home/michael/HRI/ros2_ws/install/tutorial_interfaces/include/tutorial_interfaces/tutorial_interfaces/msg/detail/falconpos__type_support.h
[2.050s] -- Up-to-date: /home/michael/HRI/ros2_ws/install/tutorial_interfaces/include/tutorial_interfaces/tutorial_interfaces/msg/detail/falconpos__functions.c
[2.050s] -- Up-to-date: /home/michael/HRI/ros2_ws/install/tutorial_interfaces/include/tutorial_interfaces/tutorial_interfaces/msg/detail/falconpos__functions.h
[2.051s] -- Up-to-date: /home/michael/HRI/ros2_ws/install/tutorial_interfaces/include/tutorial_interfaces/tutorial_interfaces/msg/detail/falconpos__struct.h
[2.051s] -- Up-to-date: /home/michael/HRI/ros2_ws/install/tutorial_interfaces/include/tutorial_interfaces/tutorial_interfaces/msg/falconpos.h
[2.051s] -- Up-to-date: /home/michael/HRI/ros2_ws/install/tutorial_interfaces/include/tutorial_interfaces/tutorial_interfaces/msg/rosidl_generator_c__visibility_control.h
[2.052s] -- Up-to-date: /home/michael/HRI/ros2_ws/install/tutorial_interfaces/include/tutorial_interfaces/tutorial_interfaces/srv
[2.052s] -- Up-to-date: /home/michael/HRI/ros2_ws/install/tutorial_interfaces/include/tutorial_interfaces/tutorial_interfaces/srv/add_three_ints.h
[2.052s] -- Up-to-date: /home/michael/HRI/ros2_ws/install/tutorial_interfaces/include/tutorial_interfaces/tutorial_interfaces/srv/detail
[2.052s] -- Up-to-date: /home/michael/HRI/ros2_ws/install/tutorial_interfaces/include/tutorial_interfaces/tutorial_interfaces/srv/detail/add_three_ints__struct.h
[2.053s] -- Up-to-date: /home/michael/HRI/ros2_ws/install/tutorial_interfaces/include/tutorial_interfaces/tutorial_interfaces/srv/detail/add_three_ints__functions.h
[2.053s] -- Up-to-date: /home/michael/HRI/ros2_ws/install/tutorial_interfaces/include/tutorial_interfaces/tutorial_interfaces/srv/detail/add_three_ints__functions.c
[2.053s] -- Up-to-date: /home/michael/HRI/ros2_ws/install/tutorial_interfaces/include/tutorial_interfaces/tutorial_interfaces/srv/detail/add_three_ints__type_support.h
[2.054s] -- Up-to-date: /home/michael/HRI/ros2_ws/install/tutorial_interfaces/share/tutorial_interfaces/environment/library_path.sh
[2.054s] -- Up-to-date: /home/michael/HRI/ros2_ws/install/tutorial_interfaces/share/tutorial_interfaces/environment/library_path.dsv
[2.054s] -- Up-to-date: /home/michael/HRI/ros2_ws/install/tutorial_interfaces/lib/libtutorial_interfaces__rosidl_generator_c.so
[2.055s] -- Up-to-date: /home/michael/HRI/ros2_ws/install/tutorial_interfaces/include/tutorial_interfaces/tutorial_interfaces
[2.055s] -- Up-to-date: /home/michael/HRI/ros2_ws/install/tutorial_interfaces/include/tutorial_interfaces/tutorial_interfaces/msg
[2.055s] -- Up-to-date: /home/michael/HRI/ros2_ws/install/tutorial_interfaces/include/tutorial_interfaces/tutorial_interfaces/msg/detail
[2.055s] -- Up-to-date: /home/michael/HRI/ros2_ws/install/tutorial_interfaces/include/tutorial_interfaces/tutorial_interfaces/msg/detail/falconpos__rosidl_typesupport_fastrtps_c.h
[2.056s] -- Up-to-date: /home/michael/HRI/ros2_ws/install/tutorial_interfaces/include/tutorial_interfaces/tutorial_interfaces/msg/rosidl_typesupport_fastrtps_c__visibility_control.h
[2.056s] -- Up-to-date: /home/michael/HRI/ros2_ws/install/tutorial_interfaces/include/tutorial_interfaces/tutorial_interfaces/srv
[2.056s] -- Up-to-date: /home/michael/HRI/ros2_ws/install/tutorial_interfaces/include/tutorial_interfaces/tutorial_interfaces/srv/detail
[2.057s] -- Up-to-date: /home/michael/HRI/ros2_ws/install/tutorial_interfaces/include/tutorial_interfaces/tutorial_interfaces/srv/detail/add_three_ints__rosidl_typesupport_fastrtps_c.h
[2.057s] -- Up-to-date: /home/michael/HRI/ros2_ws/install/tutorial_interfaces/lib/libtutorial_interfaces__rosidl_typesupport_fastrtps_c.so
[2.057s] -- Up-to-date: /home/michael/HRI/ros2_ws/install/tutorial_interfaces/include/tutorial_interfaces/tutorial_interfaces
[2.058s] -- Up-to-date: /home/michael/HRI/ros2_ws/install/tutorial_interfaces/include/tutorial_interfaces/tutorial_interfaces/msg
[2.058s] -- Up-to-date: /home/michael/HRI/ros2_ws/install/tutorial_interfaces/include/tutorial_interfaces/tutorial_interfaces/msg/detail
[2.058s] -- Up-to-date: /home/michael/HRI/ros2_ws/install/tutorial_interfaces/include/tutorial_interfaces/tutorial_interfaces/msg/detail/falconpos__builder.hpp
[2.059s] -- Up-to-date: /home/michael/HRI/ros2_ws/install/tutorial_interfaces/include/tutorial_interfaces/tutorial_interfaces/msg/detail/falconpos__traits.hpp
[2.059s] -- Up-to-date: /home/michael/HRI/ros2_ws/install/tutorial_interfaces/include/tutorial_interfaces/tutorial_interfaces/msg/detail/falconpos__struct.hpp
[2.059s] -- Up-to-date: /home/michael/HRI/ros2_ws/install/tutorial_interfaces/include/tutorial_interfaces/tutorial_interfaces/msg/falconpos.hpp
[2.060s] -- Up-to-date: /home/michael/HRI/ros2_ws/install/tutorial_interfaces/include/tutorial_interfaces/tutorial_interfaces/srv
[2.060s] -- Up-to-date: /home/michael/HRI/ros2_ws/install/tutorial_interfaces/include/tutorial_interfaces/tutorial_interfaces/srv/detail
[2.060s] -- Up-to-date: /home/michael/HRI/ros2_ws/install/tutorial_interfaces/include/tutorial_interfaces/tutorial_interfaces/srv/detail/add_three_ints__traits.hpp
[2.061s] -- Up-to-date: /home/michael/HRI/ros2_ws/install/tutorial_interfaces/include/tutorial_interfaces/tutorial_interfaces/srv/detail/add_three_ints__builder.hpp
[2.061s] -- Up-to-date: /home/michael/HRI/ros2_ws/install/tutorial_interfaces/include/tutorial_interfaces/tutorial_interfaces/srv/detail/add_three_ints__struct.hpp
[2.061s] -- Up-to-date: /home/michael/HRI/ros2_ws/install/tutorial_interfaces/include/tutorial_interfaces/tutorial_interfaces/srv/add_three_ints.hpp
[2.061s] -- Up-to-date: /home/michael/HRI/ros2_ws/install/tutorial_interfaces/include/tutorial_interfaces/tutorial_interfaces
[2.062s] -- Up-to-date: /home/michael/HRI/ros2_ws/install/tutorial_interfaces/include/tutorial_interfaces/tutorial_interfaces/msg
[2.062s] -- Up-to-date: /home/michael/HRI/ros2_ws/install/tutorial_interfaces/include/tutorial_interfaces/tutorial_interfaces/msg/detail
[2.062s] -- Up-to-date: /home/michael/HRI/ros2_ws/install/tutorial_interfaces/include/tutorial_interfaces/tutorial_interfaces/msg/detail/dds_fastrtps
[2.063s] -- Up-to-date: /home/michael/HRI/ros2_ws/install/tutorial_interfaces/include/tutorial_interfaces/tutorial_interfaces/msg/detail/falconpos__rosidl_typesupport_fastrtps_cpp.hpp
[2.063s] -- Up-to-date: /home/michael/HRI/ros2_ws/install/tutorial_interfaces/include/tutorial_interfaces/tutorial_interfaces/msg/rosidl_typesupport_fastrtps_cpp__visibility_control.h
[2.063s] -- Up-to-date: /home/michael/HRI/ros2_ws/install/tutorial_interfaces/include/tutorial_interfaces/tutorial_interfaces/srv
[2.064s] -- Up-to-date: /home/michael/HRI/ros2_ws/install/tutorial_interfaces/include/tutorial_interfaces/tutorial_interfaces/srv/detail
[2.064s] -- Up-to-date: /home/michael/HRI/ros2_ws/install/tutorial_interfaces/include/tutorial_interfaces/tutorial_interfaces/srv/detail/dds_fastrtps
[2.064s] -- Up-to-date: /home/michael/HRI/ros2_ws/install/tutorial_interfaces/include/tutorial_interfaces/tutorial_interfaces/srv/detail/add_three_ints__rosidl_typesupport_fastrtps_cpp.hpp
[2.065s] -- Up-to-date: /home/michael/HRI/ros2_ws/install/tutorial_interfaces/lib/libtutorial_interfaces__rosidl_typesupport_fastrtps_cpp.so
[2.065s] -- Up-to-date: /home/michael/HRI/ros2_ws/install/tutorial_interfaces/include/tutorial_interfaces/tutorial_interfaces
[2.065s] -- Up-to-date: /home/michael/HRI/ros2_ws/install/tutorial_interfaces/include/tutorial_interfaces/tutorial_interfaces/msg
[2.068s] -- Up-to-date: /home/michael/HRI/ros2_ws/install/tutorial_interfaces/include/tutorial_interfaces/tutorial_interfaces/msg/detail
[2.069s] -- Up-to-date: /home/michael/HRI/ros2_ws/install/tutorial_interfaces/include/tutorial_interfaces/tutorial_interfaces/msg/detail/falconpos__rosidl_typesupport_introspection_c.h
[2.069s] -- Up-to-date: /home/michael/HRI/ros2_ws/install/tutorial_interfaces/include/tutorial_interfaces/tutorial_interfaces/msg/detail/falconpos__type_support.c
[2.070s] -- Up-to-date: /home/michael/HRI/ros2_ws/install/tutorial_interfaces/include/tutorial_interfaces/tutorial_interfaces/msg/rosidl_typesupport_introspection_c__visibility_control.h
[2.070s] -- Up-to-date: /home/michael/HRI/ros2_ws/install/tutorial_interfaces/include/tutorial_interfaces/tutorial_interfaces/srv
[2.071s] -- Up-to-date: /home/michael/HRI/ros2_ws/install/tutorial_interfaces/include/tutorial_interfaces/tutorial_interfaces/srv/detail
[2.071s] -- Up-to-date: /home/michael/HRI/ros2_ws/install/tutorial_interfaces/include/tutorial_interfaces/tutorial_interfaces/srv/detail/add_three_ints__type_support.c
[2.072s] -- Up-to-date: /home/michael/HRI/ros2_ws/install/tutorial_interfaces/include/tutorial_interfaces/tutorial_interfaces/srv/detail/add_three_ints__rosidl_typesupport_introspection_c.h
[2.072s] -- Up-to-date: /home/michael/HRI/ros2_ws/install/tutorial_interfaces/lib/libtutorial_interfaces__rosidl_typesupport_introspection_c.so
[2.072s] -- Up-to-date: /home/michael/HRI/ros2_ws/install/tutorial_interfaces/lib/libtutorial_interfaces__rosidl_typesupport_c.so
[2.072s] -- Up-to-date: /home/michael/HRI/ros2_ws/install/tutorial_interfaces/include/tutorial_interfaces/tutorial_interfaces
[2.072s] -- Up-to-date: /home/michael/HRI/ros2_ws/install/tutorial_interfaces/include/tutorial_interfaces/tutorial_interfaces/msg
[2.073s] -- Up-to-date: /home/michael/HRI/ros2_ws/install/tutorial_interfaces/include/tutorial_interfaces/tutorial_interfaces/msg/detail
[2.073s] -- Up-to-date: /home/michael/HRI/ros2_ws/install/tutorial_interfaces/include/tutorial_interfaces/tutorial_interfaces/msg/detail/falconpos__type_support.cpp
[2.073s] -- Up-to-date: /home/michael/HRI/ros2_ws/install/tutorial_interfaces/include/tutorial_interfaces/tutorial_interfaces/msg/detail/falconpos__rosidl_typesupport_introspection_cpp.hpp
[2.074s] -- Up-to-date: /home/michael/HRI/ros2_ws/install/tutorial_interfaces/include/tutorial_interfaces/tutorial_interfaces/srv
[2.074s] -- Up-to-date: /home/michael/HRI/ros2_ws/install/tutorial_interfaces/include/tutorial_interfaces/tutorial_interfaces/srv/detail
[2.074s] -- Up-to-date: /home/michael/HRI/ros2_ws/install/tutorial_interfaces/include/tutorial_interfaces/tutorial_interfaces/srv/detail/add_three_ints__type_support.cpp
[2.074s] -- Up-to-date: /home/michael/HRI/ros2_ws/install/tutorial_interfaces/include/tutorial_interfaces/tutorial_interfaces/srv/detail/add_three_ints__rosidl_typesupport_introspection_cpp.hpp
[2.075s] -- Up-to-date: /home/michael/HRI/ros2_ws/install/tutorial_interfaces/lib/libtutorial_interfaces__rosidl_typesupport_introspection_cpp.so
[2.075s] -- Up-to-date: /home/michael/HRI/ros2_ws/install/tutorial_interfaces/lib/libtutorial_interfaces__rosidl_typesupport_cpp.so
[2.078s] -- Up-to-date: /home/michael/HRI/ros2_ws/install/tutorial_interfaces/share/tutorial_interfaces/environment/pythonpath.sh
[2.078s] -- Up-to-date: /home/michael/HRI/ros2_ws/install/tutorial_interfaces/share/tutorial_interfaces/environment/pythonpath.dsv
[2.079s] -- Up-to-date: /home/michael/HRI/ros2_ws/install/tutorial_interfaces/local/lib/python3.10/dist-packages/tutorial_interfaces-0.0.0-py3.10.egg-info
[2.079s] -- Installing: /home/michael/HRI/ros2_ws/install/tutorial_interfaces/local/lib/python3.10/dist-packages/tutorial_interfaces-0.0.0-py3.10.egg-info/dependency_links.txt
[2.080s] -- Installing: /home/michael/HRI/ros2_ws/install/tutorial_interfaces/local/lib/python3.10/dist-packages/tutorial_interfaces-0.0.0-py3.10.egg-info/top_level.txt
[2.081s] -- Installing: /home/michael/HRI/ros2_ws/install/tutorial_interfaces/local/lib/python3.10/dist-packages/tutorial_interfaces-0.0.0-py3.10.egg-info/SOURCES.txt
[2.081s] -- Installing: /home/michael/HRI/ros2_ws/install/tutorial_interfaces/local/lib/python3.10/dist-packages/tutorial_interfaces-0.0.0-py3.10.egg-info/PKG-INFO
[2.082s] -- Up-to-date: /home/michael/HRI/ros2_ws/install/tutorial_interfaces/local/lib/python3.10/dist-packages/tutorial_interfaces
[2.082s] -- Up-to-date: /home/michael/HRI/ros2_ws/install/tutorial_interfaces/local/lib/python3.10/dist-packages/tutorial_interfaces/tutorial_interfaces_s__rosidl_typesupport_introspection_c.cpython-310-x86_64-linux-gnu.so
[2.082s] -- Up-to-date: /home/michael/HRI/ros2_ws/install/tutorial_interfaces/local/lib/python3.10/dist-packages/tutorial_interfaces/libtutorial_interfaces__rosidl_generator_py.so
[2.083s] -- Up-to-date: /home/michael/HRI/ros2_ws/install/tutorial_interfaces/local/lib/python3.10/dist-packages/tutorial_interfaces/_tutorial_interfaces_s.ep.rosidl_typesupport_introspection_c.c
[2.083s] -- Up-to-date: /home/michael/HRI/ros2_ws/install/tutorial_interfaces/local/lib/python3.10/dist-packages/tutorial_interfaces/tutorial_interfaces_s__rosidl_typesupport_c.cpython-310-x86_64-linux-gnu.so
[2.084s] -- Up-to-date: /home/michael/HRI/ros2_ws/install/tutorial_interfaces/local/lib/python3.10/dist-packages/tutorial_interfaces/_tutorial_interfaces_s.ep.rosidl_typesupport_c.c
[2.084s] -- Up-to-date: /home/michael/HRI/ros2_ws/install/tutorial_interfaces/local/lib/python3.10/dist-packages/tutorial_interfaces/msg
[2.084s] -- Up-to-date: /home/michael/HRI/ros2_ws/install/tutorial_interfaces/local/lib/python3.10/dist-packages/tutorial_interfaces/msg/_falconpos_s.c
[2.085s] -- Up-to-date: /home/michael/HRI/ros2_ws/install/tutorial_interfaces/local/lib/python3.10/dist-packages/tutorial_interfaces/msg/_falconpos.py
[2.085s] -- Up-to-date: /home/michael/HRI/ros2_ws/install/tutorial_interfaces/local/lib/python3.10/dist-packages/tutorial_interfaces/msg/__init__.py
[2.086s] -- Up-to-date: /home/michael/HRI/ros2_ws/install/tutorial_interfaces/local/lib/python3.10/dist-packages/tutorial_interfaces/tutorial_interfaces_s__rosidl_typesupport_fastrtps_c.cpython-310-x86_64-linux-gnu.so
[2.086s] -- Up-to-date: /home/michael/HRI/ros2_ws/install/tutorial_interfaces/local/lib/python3.10/dist-packages/tutorial_interfaces/_tutorial_interfaces_s.ep.rosidl_typesupport_fastrtps_c.c
[2.087s] -- Up-to-date: /home/michael/HRI/ros2_ws/install/tutorial_interfaces/local/lib/python3.10/dist-packages/tutorial_interfaces/__init__.py
[2.087s] -- Up-to-date: /home/michael/HRI/ros2_ws/install/tutorial_interfaces/local/lib/python3.10/dist-packages/tutorial_interfaces/srv
[2.087s] -- Up-to-date: /home/michael/HRI/ros2_ws/install/tutorial_interfaces/local/lib/python3.10/dist-packages/tutorial_interfaces/srv/_add_three_ints.py
[2.088s] -- Up-to-date: /home/michael/HRI/ros2_ws/install/tutorial_interfaces/local/lib/python3.10/dist-packages/tutorial_interfaces/srv/_add_three_ints_s.c
[2.088s] -- Up-to-date: /home/michael/HRI/ros2_ws/install/tutorial_interfaces/local/lib/python3.10/dist-packages/tutorial_interfaces/srv/__init__.py
[2.088s] Listing '/home/michael/HRI/ros2_ws/install/tutorial_interfaces/local/lib/python3.10/dist-packages/tutorial_interfaces'...
[2.089s] Listing '/home/michael/HRI/ros2_ws/install/tutorial_interfaces/local/lib/python3.10/dist-packages/tutorial_interfaces/msg'...
[2.089s] Listing '/home/michael/HRI/ros2_ws/install/tutorial_interfaces/local/lib/python3.10/dist-packages/tutorial_interfaces/srv'...
[2.099s] -- Up-to-date: /home/michael/HRI/ros2_ws/install/tutorial_interfaces/local/lib/python3.10/dist-packages/tutorial_interfaces/tutorial_interfaces_s__rosidl_typesupport_fastrtps_c.cpython-310-x86_64-linux-gnu.so
[2.101s] -- Up-to-date: /home/michael/HRI/ros2_ws/install/tutorial_interfaces/local/lib/python3.10/dist-packages/tutorial_interfaces/tutorial_interfaces_s__rosidl_typesupport_introspection_c.cpython-310-x86_64-linux-gnu.so
[2.102s] -- Up-to-date: /home/michael/HRI/ros2_ws/install/tutorial_interfaces/local/lib/python3.10/dist-packages/tutorial_interfaces/tutorial_interfaces_s__rosidl_typesupport_c.cpython-310-x86_64-linux-gnu.so
[2.102s] -- Up-to-date: /home/michael/HRI/ros2_ws/install/tutorial_interfaces/lib/libtutorial_interfaces__rosidl_generator_py.so
[2.103s] -- Up-to-date: /home/michael/HRI/ros2_ws/install/tutorial_interfaces/share/tutorial_interfaces/msg/Falconpos.idl
[2.103s] -- Up-to-date: /home/michael/HRI/ros2_ws/install/tutorial_interfaces/share/tutorial_interfaces/srv/AddThreeInts.idl
[2.103s] -- Up-to-date: /home/michael/HRI/ros2_ws/install/tutorial_interfaces/share/tutorial_interfaces/msg/Falconpos.msg
[2.112s] -- Up-to-date: /home/michael/HRI/ros2_ws/install/tutorial_interfaces/share/tutorial_interfaces/srv/AddThreeInts.srv
[2.112s] -- Up-to-date: /home/michael/HRI/ros2_ws/install/tutorial_interfaces/share/tutorial_interfaces/srv/AddThreeInts_Request.msg
[2.112s] -- Up-to-date: /home/michael/HRI/ros2_ws/install/tutorial_interfaces/share/tutorial_interfaces/srv/AddThreeInts_Response.msg
[2.112s] -- Up-to-date: /home/michael/HRI/ros2_ws/install/tutorial_interfaces/share/ament_index/resource_index/package_run_dependencies/tutorial_interfaces
[2.113s] -- Up-to-date: /home/michael/HRI/ros2_ws/install/tutorial_interfaces/share/ament_index/resource_index/parent_prefix_path/tutorial_interfaces
[2.113s] -- Up-to-date: /home/michael/HRI/ros2_ws/install/tutorial_interfaces/share/tutorial_interfaces/environment/ament_prefix_path.sh
[2.113s] -- Up-to-date: /home/michael/HRI/ros2_ws/install/tutorial_interfaces/share/tutorial_interfaces/environment/ament_prefix_path.dsv
[2.113s] -- Up-to-date: /home/michael/HRI/ros2_ws/install/tutorial_interfaces/share/tutorial_interfaces/environment/path.sh
[2.114s] -- Up-to-date: /home/michael/HRI/ros2_ws/install/tutorial_interfaces/share/tutorial_interfaces/environment/path.dsv
[2.114s] -- Up-to-date: /home/michael/HRI/ros2_ws/install/tutorial_interfaces/share/tutorial_interfaces/local_setup.bash
[2.114s] -- Up-to-date: /home/michael/HRI/ros2_ws/install/tutorial_interfaces/share/tutorial_interfaces/local_setup.sh
[2.114s] -- Up-to-date: /home/michael/HRI/ros2_ws/install/tutorial_interfaces/share/tutorial_interfaces/local_setup.zsh
[2.114s] -- Up-to-date: /home/michael/HRI/ros2_ws/install/tutorial_interfaces/share/tutorial_interfaces/local_setup.dsv
[2.114s] -- Installing: /home/michael/HRI/ros2_ws/install/tutorial_interfaces/share/tutorial_interfaces/package.dsv
[2.114s] -- Up-to-date: /home/michael/HRI/ros2_ws/install/tutorial_interfaces/share/ament_index/resource_index/packages/tutorial_interfaces
[2.115s] -- Up-to-date: /home/michael/HRI/ros2_ws/install/tutorial_interfaces/share/tutorial_interfaces/cmake/export_tutorial_interfaces__rosidl_generator_cExport.cmake
[2.115s] -- Up-to-date: /home/michael/HRI/ros2_ws/install/tutorial_interfaces/share/tutorial_interfaces/cmake/export_tutorial_interfaces__rosidl_generator_cExport-noconfig.cmake
[2.115s] -- Up-to-date: /home/michael/HRI/ros2_ws/install/tutorial_interfaces/share/tutorial_interfaces/cmake/export_tutorial_interfaces__rosidl_typesupport_fastrtps_cExport.cmake
[2.116s] -- Up-to-date: /home/michael/HRI/ros2_ws/install/tutorial_interfaces/share/tutorial_interfaces/cmake/export_tutorial_interfaces__rosidl_typesupport_fastrtps_cExport-noconfig.cmake
[2.116s] -- Up-to-date: /home/michael/HRI/ros2_ws/install/tutorial_interfaces/share/tutorial_interfaces/cmake/export_tutorial_interfaces__rosidl_generator_cppExport.cmake
[2.116s] -- Up-to-date: /home/michael/HRI/ros2_ws/install/tutorial_interfaces/share/tutorial_interfaces/cmake/export_tutorial_interfaces__rosidl_typesupport_fastrtps_cppExport.cmake
[2.117s] -- Up-to-date: /home/michael/HRI/ros2_ws/install/tutorial_interfaces/share/tutorial_interfaces/cmake/export_tutorial_interfaces__rosidl_typesupport_fastrtps_cppExport-noconfig.cmake
[2.117s] -- Up-to-date: /home/michael/HRI/ros2_ws/install/tutorial_interfaces/share/tutorial_interfaces/cmake/tutorial_interfaces__rosidl_typesupport_introspection_cExport.cmake
[2.117s] -- Up-to-date: /home/michael/HRI/ros2_ws/install/tutorial_interfaces/share/tutorial_interfaces/cmake/tutorial_interfaces__rosidl_typesupport_introspection_cExport-noconfig.cmake
[2.117s] -- Up-to-date: /home/michael/HRI/ros2_ws/install/tutorial_interfaces/share/tutorial_interfaces/cmake/tutorial_interfaces__rosidl_typesupport_cExport.cmake
[2.117s] -- Up-to-date: /home/michael/HRI/ros2_ws/install/tutorial_interfaces/share/tutorial_interfaces/cmake/tutorial_interfaces__rosidl_typesupport_cExport-noconfig.cmake
[2.118s] -- Up-to-date: /home/michael/HRI/ros2_ws/install/tutorial_interfaces/share/tutorial_interfaces/cmake/tutorial_interfaces__rosidl_typesupport_introspection_cppExport.cmake
[2.118s] -- Up-to-date: /home/michael/HRI/ros2_ws/install/tutorial_interfaces/share/tutorial_interfaces/cmake/tutorial_interfaces__rosidl_typesupport_introspection_cppExport-noconfig.cmake
[2.118s] -- Up-to-date: /home/michael/HRI/ros2_ws/install/tutorial_interfaces/share/tutorial_interfaces/cmake/tutorial_interfaces__rosidl_typesupport_cppExport.cmake
[2.118s] -- Up-to-date: /home/michael/HRI/ros2_ws/install/tutorial_interfaces/share/tutorial_interfaces/cmake/tutorial_interfaces__rosidl_typesupport_cppExport-noconfig.cmake
[2.118s] -- Up-to-date: /home/michael/HRI/ros2_ws/install/tutorial_interfaces/share/tutorial_interfaces/cmake/export_tutorial_interfaces__rosidl_generator_pyExport.cmake
[2.118s] -- Up-to-date: /home/michael/HRI/ros2_ws/install/tutorial_interfaces/share/tutorial_interfaces/cmake/export_tutorial_interfaces__rosidl_generator_pyExport-noconfig.cmake
[2.119s] -- Up-to-date: /home/michael/HRI/ros2_ws/install/tutorial_interfaces/share/tutorial_interfaces/cmake/rosidl_cmake-extras.cmake
[2.119s] -- Up-to-date: /home/michael/HRI/ros2_ws/install/tutorial_interfaces/share/tutorial_interfaces/cmake/ament_cmake_export_dependencies-extras.cmake
[2.119s] -- Up-to-date: /home/michael/HRI/ros2_ws/install/tutorial_interfaces/share/tutorial_interfaces/cmake/ament_cmake_export_include_directories-extras.cmake
[2.119s] -- Up-to-date: /home/michael/HRI/ros2_ws/install/tutorial_interfaces/share/tutorial_interfaces/cmake/ament_cmake_export_libraries-extras.cmake
[2.119s] -- Up-to-date: /home/michael/HRI/ros2_ws/install/tutorial_interfaces/share/tutorial_interfaces/cmake/ament_cmake_export_targets-extras.cmake
[2.119s] -- Up-to-date: /home/michael/HRI/ros2_ws/install/tutorial_interfaces/share/tutorial_interfaces/cmake/rosidl_cmake_export_typesupport_targets-extras.cmake
[2.120s] -- Up-to-date: /home/michael/HRI/ros2_ws/install/tutorial_interfaces/share/tutorial_interfaces/cmake/rosidl_cmake_export_typesupport_libraries-extras.cmake
[2.120s] -- Up-to-date: /home/michael/HRI/ros2_ws/install/tutorial_interfaces/share/tutorial_interfaces/cmake/tutorial_interfacesConfig.cmake
[2.120s] -- Up-to-date: /home/michael/HRI/ros2_ws/install/tutorial_interfaces/share/tutorial_interfaces/cmake/tutorial_interfacesConfig-version.cmake
[2.120s] -- Up-to-date: /home/michael/HRI/ros2_ws/install/tutorial_interfaces/share/tutorial_interfaces/package.xml
[2.673s] Invoked command in '/home/michael/HRI/ros2_ws/build/tutorial_interfaces' returned '0': CMAKE_PREFIX_PATH=${CMAKE_PREFIX_PATH}:/opt/ros/humble /usr/bin/cmake --install /home/michael/HRI/ros2_ws/build/tutorial_interfaces
