[1.533s] Invoking command in '/home/michael/HRI/ros2_ws/src/py_pubsub': PYTHONPATH=/home/michael/HRI/ros2_ws/build/py_pubsub/prefix_override:/home/michael/HRI/ros2_ws/install/py_pubsub/lib/python3.10/site-packages:${PYTHONPATH} /usr/bin/python3 setup.py egg_info --egg-base ../../build/py_pubsub build --build-base /home/michael/HRI/ros2_ws/build/py_pubsub/build install --record /home/michael/HRI/ros2_ws/build/py_pubsub/install.log --single-version-externally-managed
[1.997s] running egg_info
[1.998s] creating ../../build/py_pubsub/py_pubsub.egg-info
[1.998s] writing ../../build/py_pubsub/py_pubsub.egg-info/PKG-INFO
[1.999s] writing dependency_links to ../../build/py_pubsub/py_pubsub.egg-info/dependency_links.txt
[1.999s] writing entry points to ../../build/py_pubsub/py_pubsub.egg-info/entry_points.txt
[1.999s] writing requirements to ../../build/py_pubsub/py_pubsub.egg-info/requires.txt
[2.000s] writing top-level names to ../../build/py_pubsub/py_pubsub.egg-info/top_level.txt
[2.000s] writing manifest file '../../build/py_pubsub/py_pubsub.egg-info/SOURCES.txt'
[2.003s] reading manifest file '../../build/py_pubsub/py_pubsub.egg-info/SOURCES.txt'
[2.004s] writing manifest file '../../build/py_pubsub/py_pubsub.egg-info/SOURCES.txt'
[2.004s] running build
[2.005s] running build_py
[2.005s] creating /home/michael/HRI/ros2_ws/build/py_pubsub/build
[2.005s] creating /home/michael/HRI/ros2_ws/build/py_pubsub/build/lib
[2.005s] creating /home/michael/HRI/ros2_ws/build/py_pubsub/build/lib/py_pubsub
[2.006s] copying py_pubsub/publisher_member_function.py -> /home/michael/HRI/ros2_ws/build/py_pubsub/build/lib/py_pubsub
[2.014s] copying py_pubsub/subscriber_member_function.py -> /home/michael/HRI/ros2_ws/build/py_pubsub/build/lib/py_pubsub
[2.014s] copying py_pubsub/__init__.py -> /home/michael/HRI/ros2_ws/build/py_pubsub/build/lib/py_pubsub
[2.015s] running install
[2.015s] /usr/lib/python3/dist-packages/setuptools/command/install.py:34: SetuptoolsDeprecationWarning: setup.py install is deprecated. Use build and pip and other standards-based tools.
[2.015s]   warnings.warn(
[2.016s] running install_lib
[2.017s] creating /home/michael/HRI/ros2_ws/install/py_pubsub/lib/python3.10/site-packages/py_pubsub
[2.017s] copying /home/michael/HRI/ros2_ws/build/py_pubsub/build/lib/py_pubsub/publisher_member_function.py -> /home/michael/HRI/ros2_ws/install/py_pubsub/lib/python3.10/site-packages/py_pubsub
[2.017s] copying /home/michael/HRI/ros2_ws/build/py_pubsub/build/lib/py_pubsub/subscriber_member_function.py -> /home/michael/HRI/ros2_ws/install/py_pubsub/lib/python3.10/site-packages/py_pubsub
[2.017s] copying /home/michael/HRI/ros2_ws/build/py_pubsub/build/lib/py_pubsub/__init__.py -> /home/michael/HRI/ros2_ws/install/py_pubsub/lib/python3.10/site-packages/py_pubsub
[2.018s] byte-compiling /home/michael/HRI/ros2_ws/install/py_pubsub/lib/python3.10/site-packages/py_pubsub/publisher_member_function.py to publisher_member_function.cpython-310.pyc
[2.019s] byte-compiling /home/michael/HRI/ros2_ws/install/py_pubsub/lib/python3.10/site-packages/py_pubsub/subscriber_member_function.py to subscriber_member_function.cpython-310.pyc
[2.020s] byte-compiling /home/michael/HRI/ros2_ws/install/py_pubsub/lib/python3.10/site-packages/py_pubsub/__init__.py to __init__.cpython-310.pyc
[2.020s] running install_data
[2.021s] creating /home/michael/HRI/ros2_ws/install/py_pubsub/share/ament_index
[2.021s] creating /home/michael/HRI/ros2_ws/install/py_pubsub/share/ament_index/resource_index
[2.022s] creating /home/michael/HRI/ros2_ws/install/py_pubsub/share/ament_index/resource_index/packages
[2.022s] copying resource/py_pubsub -> /home/michael/HRI/ros2_ws/install/py_pubsub/share/ament_index/resource_index/packages
[2.022s] copying package.xml -> /home/michael/HRI/ros2_ws/install/py_pubsub/share/py_pubsub
[2.022s] running install_egg_info
[2.024s] Copying ../../build/py_pubsub/py_pubsub.egg-info to /home/michael/HRI/ros2_ws/install/py_pubsub/lib/python3.10/site-packages/py_pubsub-0.0.0-py3.10.egg-info
[2.025s] running install_scripts
[2.063s] Installing basic_listener script to /home/michael/HRI/ros2_ws/install/py_pubsub/lib/py_pubsub
[2.063s] Installing basic_talker script to /home/michael/HRI/ros2_ws/install/py_pubsub/lib/py_pubsub
[2.064s] writing list of installed files to '/home/michael/HRI/ros2_ws/build/py_pubsub/install.log'
[2.107s] Invoked command in '/home/michael/HRI/ros2_ws/src/py_pubsub' returned '0': PYTHONPATH=/home/michael/HRI/ros2_ws/build/py_pubsub/prefix_override:/home/michael/HRI/ros2_ws/install/py_pubsub/lib/python3.10/site-packages:${PYTHONPATH} /usr/bin/python3 setup.py egg_info --egg-base ../../build/py_pubsub build --build-base /home/michael/HRI/ros2_ws/build/py_pubsub/build install --record /home/michael/HRI/ros2_ws/build/py_pubsub/install.log --single-version-externally-managed
