[0.114s] Invoking command in '/home/michael/HRI/ros2_ws/build/examples_rclcpp_cbg_executor': CMAKE_PREFIX_PATH=${CMAKE_PREFIX_PATH}:/opt/ros/humble /usr/bin/cmake --build /home/michael/HRI/ros2_ws/build/examples_rclcpp_cbg_executor -- -j8 -l8
[0.233s] [35m[1mConsolidate compiler generated dependencies of target ping_pong[0m
[0.237s] [35m[1mConsolidate compiler generated dependencies of target ping[0m
[0.250s] [35m[1mConsolidate compiler generated dependencies of target pong[0m
[0.344s] [ 40%] Built target ping_pong
[0.387s] [ 70%] Built target ping
[0.387s] [100%] Built target pong
[0.462s] Invoked command in '/home/michael/HRI/ros2_ws/build/examples_rclcpp_cbg_executor' returned '0': CMAKE_PREFIX_PATH=${CMAKE_PREFIX_PATH}:/opt/ros/humble /usr/bin/cmake --build /home/michael/HRI/ros2_ws/build/examples_rclcpp_cbg_executor -- -j8 -l8
[0.656s] Invoking command in '/home/michael/HRI/ros2_ws/build/examples_rclcpp_cbg_executor': CMAKE_PREFIX_PATH=${CMAKE_PREFIX_PATH}:/opt/ros/humble /usr/bin/cmake --install /home/michael/HRI/ros2_ws/build/examples_rclcpp_cbg_executor
[0.670s] -- Install configuration: ""
[0.676s] -- Up-to-date: /home/michael/HRI/ros2_ws/install/examples_rclcpp_cbg_executor/lib/examples_rclcpp_cbg_executor/ping
[0.677s] -- Up-to-date: /home/michael/HRI/ros2_ws/install/examples_rclcpp_cbg_executor/lib/examples_rclcpp_cbg_executor/pong
[0.677s] -- Up-to-date: /home/michael/HRI/ros2_ws/install/examples_rclcpp_cbg_executor/lib/examples_rclcpp_cbg_executor/ping_pong
[0.677s] -- Up-to-date: /home/michael/HRI/ros2_ws/install/examples_rclcpp_cbg_executor/include
[0.678s] -- Up-to-date: /home/michael/HRI/ros2_ws/install/examples_rclcpp_cbg_executor/include/examples_rclcpp_cbg_executor
[0.678s] -- Up-to-date: /home/michael/HRI/ros2_ws/install/examples_rclcpp_cbg_executor/include/examples_rclcpp_cbg_executor/pong_node.hpp
[0.678s] -- Up-to-date: /home/michael/HRI/ros2_ws/install/examples_rclcpp_cbg_executor/include/examples_rclcpp_cbg_executor/ping_node.hpp
[0.678s] -- Up-to-date: /home/michael/HRI/ros2_ws/install/examples_rclcpp_cbg_executor/share/ament_index/resource_index/package_run_dependencies/examples_rclcpp_cbg_executor
[0.679s] -- Up-to-date: /home/michael/HRI/ros2_ws/install/examples_rclcpp_cbg_executor/share/ament_index/resource_index/parent_prefix_path/examples_rclcpp_cbg_executor
[0.679s] -- Up-to-date: /home/michael/HRI/ros2_ws/install/examples_rclcpp_cbg_executor/share/examples_rclcpp_cbg_executor/environment/ament_prefix_path.sh
[0.679s] -- Up-to-date: /home/michael/HRI/ros2_ws/install/examples_rclcpp_cbg_executor/share/examples_rclcpp_cbg_executor/environment/ament_prefix_path.dsv
[0.679s] -- Up-to-date: /home/michael/HRI/ros2_ws/install/examples_rclcpp_cbg_executor/share/examples_rclcpp_cbg_executor/environment/path.sh
[0.679s] -- Up-to-date: /home/michael/HRI/ros2_ws/install/examples_rclcpp_cbg_executor/share/examples_rclcpp_cbg_executor/environment/path.dsv
[0.680s] -- Up-to-date: /home/michael/HRI/ros2_ws/install/examples_rclcpp_cbg_executor/share/examples_rclcpp_cbg_executor/local_setup.bash
[0.680s] -- Up-to-date: /home/michael/HRI/ros2_ws/install/examples_rclcpp_cbg_executor/share/examples_rclcpp_cbg_executor/local_setup.sh
[0.681s] -- Up-to-date: /home/michael/HRI/ros2_ws/install/examples_rclcpp_cbg_executor/share/examples_rclcpp_cbg_executor/local_setup.zsh
[0.681s] -- Up-to-date: /home/michael/HRI/ros2_ws/install/examples_rclcpp_cbg_executor/share/examples_rclcpp_cbg_executor/local_setup.dsv
[0.681s] -- Installing: /home/michael/HRI/ros2_ws/install/examples_rclcpp_cbg_executor/share/examples_rclcpp_cbg_executor/package.dsv
[0.682s] -- Up-to-date: /home/michael/HRI/ros2_ws/install/examples_rclcpp_cbg_executor/share/ament_index/resource_index/packages/examples_rclcpp_cbg_executor
[0.682s] -- Up-to-date: /home/michael/HRI/ros2_ws/install/examples_rclcpp_cbg_executor/share/examples_rclcpp_cbg_executor/cmake/ament_cmake_export_dependencies-extras.cmake
[0.684s] -- Up-to-date: /home/michael/HRI/ros2_ws/install/examples_rclcpp_cbg_executor/share/examples_rclcpp_cbg_executor/cmake/examples_rclcpp_cbg_executorConfig.cmake
[0.686s] -- Up-to-date: /home/michael/HRI/ros2_ws/install/examples_rclcpp_cbg_executor/share/examples_rclcpp_cbg_executor/cmake/examples_rclcpp_cbg_executorConfig-version.cmake
[0.687s] -- Up-to-date: /home/michael/HRI/ros2_ws/install/examples_rclcpp_cbg_executor/share/examples_rclcpp_cbg_executor/package.xml
[0.797s] Invoked command in '/home/michael/HRI/ros2_ws/build/examples_rclcpp_cbg_executor' returned '0': CMAKE_PREFIX_PATH=${CMAKE_PREFIX_PATH}:/opt/ros/humble /usr/bin/cmake --install /home/michael/HRI/ros2_ws/build/examples_rclcpp_cbg_executor
