[20.297s] Invoking command in '/home/michael/HRI/ros2_ws/src/examples/rclpy/guard_conditions': PYTHONPATH=/home/michael/HRI/ros2_ws/build/examples_rclpy_guard_conditions/prefix_override:/home/michael/HRI/ros2_ws/install/examples_rclpy_guard_conditions/lib/python3.10/site-packages:${PYTHONPATH} /usr/bin/python3 setup.py egg_info --egg-base ../../../../build/examples_rclpy_guard_conditions build --build-base /home/michael/HRI/ros2_ws/build/examples_rclpy_guard_conditions/build install --record /home/michael/HRI/ros2_ws/build/examples_rclpy_guard_conditions/install.log --single-version-externally-managed
[21.197s] running egg_info
[21.199s] creating ../../../../build/examples_rclpy_guard_conditions/examples_rclpy_guard_conditions.egg-info
[21.199s] writing ../../../../build/examples_rclpy_guard_conditions/examples_rclpy_guard_conditions.egg-info/PKG-INFO
[21.199s] writing dependency_links to ../../../../build/examples_rclpy_guard_conditions/examples_rclpy_guard_conditions.egg-info/dependency_links.txt
[21.199s] writing entry points to ../../../../build/examples_rclpy_guard_conditions/examples_rclpy_guard_conditions.egg-info/entry_points.txt
[21.199s] writing requirements to ../../../../build/examples_rclpy_guard_conditions/examples_rclpy_guard_conditions.egg-info/requires.txt
[21.200s] writing top-level names to ../../../../build/examples_rclpy_guard_conditions/examples_rclpy_guard_conditions.egg-info/top_level.txt
[21.200s] writing manifest file '../../../../build/examples_rclpy_guard_conditions/examples_rclpy_guard_conditions.egg-info/SOURCES.txt'
[21.200s] reading manifest file '../../../../build/examples_rclpy_guard_conditions/examples_rclpy_guard_conditions.egg-info/SOURCES.txt'
[21.200s] writing manifest file '../../../../build/examples_rclpy_guard_conditions/examples_rclpy_guard_conditions.egg-info/SOURCES.txt'
[21.201s] running build
[21.201s] running build_py
[21.201s] creating /home/michael/HRI/ros2_ws/build/examples_rclpy_guard_conditions/build
[21.202s] creating /home/michael/HRI/ros2_ws/build/examples_rclpy_guard_conditions/build/lib
[21.202s] creating /home/michael/HRI/ros2_ws/build/examples_rclpy_guard_conditions/build/lib/examples_rclpy_guard_conditions
[21.202s] copying examples_rclpy_guard_conditions/__init__.py -> /home/michael/HRI/ros2_ws/build/examples_rclpy_guard_conditions/build/lib/examples_rclpy_guard_conditions
[21.202s] copying examples_rclpy_guard_conditions/trigger_guard_condition.py -> /home/michael/HRI/ros2_ws/build/examples_rclpy_guard_conditions/build/lib/examples_rclpy_guard_conditions
[21.203s] running install
[21.203s] running install_lib
[21.203s] creating /home/michael/HRI/ros2_ws/install/examples_rclpy_guard_conditions/lib/python3.10/site-packages/examples_rclpy_guard_conditions
[21.203s] copying /home/michael/HRI/ros2_ws/build/examples_rclpy_guard_conditions/build/lib/examples_rclpy_guard_conditions/__init__.py -> /home/michael/HRI/ros2_ws/install/examples_rclpy_guard_conditions/lib/python3.10/site-packages/examples_rclpy_guard_conditions
[21.203s] copying /home/michael/HRI/ros2_ws/build/examples_rclpy_guard_conditions/build/lib/examples_rclpy_guard_conditions/trigger_guard_condition.py -> /home/michael/HRI/ros2_ws/install/examples_rclpy_guard_conditions/lib/python3.10/site-packages/examples_rclpy_guard_conditions
[21.204s] byte-compiling /home/michael/HRI/ros2_ws/install/examples_rclpy_guard_conditions/lib/python3.10/site-packages/examples_rclpy_guard_conditions/__init__.py to __init__.cpython-310.pyc
[21.204s] byte-compiling /home/michael/HRI/ros2_ws/install/examples_rclpy_guard_conditions/lib/python3.10/site-packages/examples_rclpy_guard_conditions/trigger_guard_condition.py to trigger_guard_condition.cpython-310.pyc
[21.204s] running install_data
[21.204s] creating /home/michael/HRI/ros2_ws/install/examples_rclpy_guard_conditions/share/ament_index
[21.204s] creating /home/michael/HRI/ros2_ws/install/examples_rclpy_guard_conditions/share/ament_index/resource_index
[21.205s] creating /home/michael/HRI/ros2_ws/install/examples_rclpy_guard_conditions/share/ament_index/resource_index/packages
[21.205s] copying resource/examples_rclpy_guard_conditions -> /home/michael/HRI/ros2_ws/install/examples_rclpy_guard_conditions/share/ament_index/resource_index/packages
[21.205s] copying package.xml -> /home/michael/HRI/ros2_ws/install/examples_rclpy_guard_conditions/share/examples_rclpy_guard_conditions
[21.206s] running install_egg_info
[21.206s] Copying ../../../../build/examples_rclpy_guard_conditions/examples_rclpy_guard_conditions.egg-info to /home/michael/HRI/ros2_ws/install/examples_rclpy_guard_conditions/lib/python3.10/site-packages/examples_rclpy_guard_conditions-0.15.1-py3.10.egg-info
[21.207s] running install_scripts
[21.212s] Installing trigger_guard_condition script to /home/michael/HRI/ros2_ws/install/examples_rclpy_guard_conditions/lib/examples_rclpy_guard_conditions
[21.213s] writing list of installed files to '/home/michael/HRI/ros2_ws/build/examples_rclpy_guard_conditions/install.log'
[21.214s] /usr/lib/python3/dist-packages/setuptools/command/install.py:34: SetuptoolsDeprecationWarning: setup.py install is deprecated. Use build and pip and other standards-based tools.
[21.214s]   warnings.warn(
[21.267s] Invoked command in '/home/michael/HRI/ros2_ws/src/examples/rclpy/guard_conditions' returned '0': PYTHONPATH=/home/michael/HRI/ros2_ws/build/examples_rclpy_guard_conditions/prefix_override:/home/michael/HRI/ros2_ws/install/examples_rclpy_guard_conditions/lib/python3.10/site-packages:${PYTHONPATH} /usr/bin/python3 setup.py egg_info --egg-base ../../../../build/examples_rclpy_guard_conditions build --build-base /home/michael/HRI/ros2_ws/build/examples_rclpy_guard_conditions/build install --record /home/michael/HRI/ros2_ws/build/examples_rclpy_guard_conditions/install.log --single-version-externally-managed
