[35m[1mConsolidate compiler generated dependencies of target wait_set_talker[0m
[35m[1mConsolidate compiler generated dependencies of target talker[0m
[35m[1mConsolidate compiler generated dependencies of target listener[0m
[35m[1mConsolidate compiler generated dependencies of target wait_set_listener[0m
[35m[1mConsolidate compiler generated dependencies of target wait_set[0m
[35m[1mConsolidate compiler generated dependencies of target static_wait_set[0m
[35m[1mConsolidate compiler generated dependencies of target thread_safe_wait_set[0m
[35m[1mConsolidate compiler generated dependencies of target wait_set_topics_and_timer[0m
[  8%] Built target talker
[ 16%] Built target wait_set_talker
[ 25%] Built target listener
[ 33%] Built target wait_set_listener
[ 41%] Built target wait_set
[ 50%] Built target static_wait_set
[ 58%] Built target thread_safe_wait_set
[ 66%] Built target wait_set_topics_and_timer
[35m[1mConsolidate compiler generated dependencies of target wait_set_random_order[0m
[35m[1mConsolidate compiler generated dependencies of target executor_random_order[0m
[35m[1mConsolidate compiler generated dependencies of target wait_set_topics_with_different_rates[0m
[35m[1mConsolidate compiler generated dependencies of target wait_set_composed[0m
[ 75%] Built target wait_set_random_order
[ 83%] Built target wait_set_topics_with_different_rates
[ 91%] Built target executor_random_order
[100%] Built target wait_set_composed
-- Install configuration: ""
-- Installing: /home/michael/HRI/ros2_ws/install/examples_rclcpp_wait_set/lib/examples_rclcpp_wait_set/wait_set_talker
-- Set runtime path of "/home/michael/HRI/ros2_ws/install/examples_rclcpp_wait_set/lib/examples_rclcpp_wait_set/wait_set_talker" to ""
-- Installing: /home/michael/HRI/ros2_ws/install/examples_rclcpp_wait_set/lib/examples_rclcpp_wait_set/wait_set_listener
-- Set runtime path of "/home/michael/HRI/ros2_ws/install/examples_rclcpp_wait_set/lib/examples_rclcpp_wait_set/wait_set_listener" to ""
-- Installing: /home/michael/HRI/ros2_ws/install/examples_rclcpp_wait_set/lib/libtalker.so
-- Set runtime path of "/home/michael/HRI/ros2_ws/install/examples_rclcpp_wait_set/lib/libtalker.so" to ""
-- Installing: /home/michael/HRI/ros2_ws/install/examples_rclcpp_wait_set/lib/liblistener.so
-- Set runtime path of "/home/michael/HRI/ros2_ws/install/examples_rclcpp_wait_set/lib/liblistener.so" to ""
-- Installing: /home/michael/HRI/ros2_ws/install/examples_rclcpp_wait_set/lib/examples_rclcpp_wait_set/wait_set
-- Set runtime path of "/home/michael/HRI/ros2_ws/install/examples_rclcpp_wait_set/lib/examples_rclcpp_wait_set/wait_set" to ""
-- Installing: /home/michael/HRI/ros2_ws/install/examples_rclcpp_wait_set/lib/examples_rclcpp_wait_set/static_wait_set
-- Set runtime path of "/home/michael/HRI/ros2_ws/install/examples_rclcpp_wait_set/lib/examples_rclcpp_wait_set/static_wait_set" to ""
-- Installing: /home/michael/HRI/ros2_ws/install/examples_rclcpp_wait_set/lib/examples_rclcpp_wait_set/thread_safe_wait_set
-- Set runtime path of "/home/michael/HRI/ros2_ws/install/examples_rclcpp_wait_set/lib/examples_rclcpp_wait_set/thread_safe_wait_set" to ""
-- Installing: /home/michael/HRI/ros2_ws/install/examples_rclcpp_wait_set/lib/examples_rclcpp_wait_set/wait_set_topics_and_timer
-- Set runtime path of "/home/michael/HRI/ros2_ws/install/examples_rclcpp_wait_set/lib/examples_rclcpp_wait_set/wait_set_topics_and_timer" to ""
-- Installing: /home/michael/HRI/ros2_ws/install/examples_rclcpp_wait_set/lib/examples_rclcpp_wait_set/wait_set_random_order
-- Set runtime path of "/home/michael/HRI/ros2_ws/install/examples_rclcpp_wait_set/lib/examples_rclcpp_wait_set/wait_set_random_order" to ""
-- Installing: /home/michael/HRI/ros2_ws/install/examples_rclcpp_wait_set/lib/examples_rclcpp_wait_set/executor_random_order
-- Set runtime path of "/home/michael/HRI/ros2_ws/install/examples_rclcpp_wait_set/lib/examples_rclcpp_wait_set/executor_random_order" to ""
-- Installing: /home/michael/HRI/ros2_ws/install/examples_rclcpp_wait_set/lib/examples_rclcpp_wait_set/wait_set_topics_with_different_rates
-- Set runtime path of "/home/michael/HRI/ros2_ws/install/examples_rclcpp_wait_set/lib/examples_rclcpp_wait_set/wait_set_topics_with_different_rates" to ""
-- Installing: /home/michael/HRI/ros2_ws/install/examples_rclcpp_wait_set/lib/examples_rclcpp_wait_set/wait_set_composed
-- Set runtime path of "/home/michael/HRI/ros2_ws/install/examples_rclcpp_wait_set/lib/examples_rclcpp_wait_set/wait_set_composed" to ""
-- Installing: /home/michael/HRI/ros2_ws/install/examples_rclcpp_wait_set/share/ament_index/resource_index/package_run_dependencies/examples_rclcpp_wait_set
-- Installing: /home/michael/HRI/ros2_ws/install/examples_rclcpp_wait_set/share/ament_index/resource_index/parent_prefix_path/examples_rclcpp_wait_set
-- Installing: /home/michael/HRI/ros2_ws/install/examples_rclcpp_wait_set/share/examples_rclcpp_wait_set/environment/ament_prefix_path.sh
-- Installing: /home/michael/HRI/ros2_ws/install/examples_rclcpp_wait_set/share/examples_rclcpp_wait_set/environment/ament_prefix_path.dsv
-- Installing: /home/michael/HRI/ros2_ws/install/examples_rclcpp_wait_set/share/examples_rclcpp_wait_set/environment/path.sh
-- Installing: /home/michael/HRI/ros2_ws/install/examples_rclcpp_wait_set/share/examples_rclcpp_wait_set/environment/path.dsv
-- Installing: /home/michael/HRI/ros2_ws/install/examples_rclcpp_wait_set/share/examples_rclcpp_wait_set/local_setup.bash
-- Installing: /home/michael/HRI/ros2_ws/install/examples_rclcpp_wait_set/share/examples_rclcpp_wait_set/local_setup.sh
-- Installing: /home/michael/HRI/ros2_ws/install/examples_rclcpp_wait_set/share/examples_rclcpp_wait_set/local_setup.zsh
-- Installing: /home/michael/HRI/ros2_ws/install/examples_rclcpp_wait_set/share/examples_rclcpp_wait_set/local_setup.dsv
-- Installing: /home/michael/HRI/ros2_ws/install/examples_rclcpp_wait_set/share/examples_rclcpp_wait_set/package.dsv
-- Installing: /home/michael/HRI/ros2_ws/install/examples_rclcpp_wait_set/share/ament_index/resource_index/packages/examples_rclcpp_wait_set
-- Installing: /home/michael/HRI/ros2_ws/install/examples_rclcpp_wait_set/share/ament_index/resource_index/rclcpp_components/examples_rclcpp_wait_set
-- Installing: /home/michael/HRI/ros2_ws/install/examples_rclcpp_wait_set/share/examples_rclcpp_wait_set/cmake/examples_rclcpp_wait_setConfig.cmake
-- Installing: /home/michael/HRI/ros2_ws/install/examples_rclcpp_wait_set/share/examples_rclcpp_wait_set/cmake/examples_rclcpp_wait_setConfig-version.cmake
-- Installing: /home/michael/HRI/ros2_ws/install/examples_rclcpp_wait_set/share/examples_rclcpp_wait_set/package.xml
