[0.171s] Invoking command in '/home/michael/HRI/ros2_ws/build/examples_rclcpp_wait_set': CMAKE_PREFIX_PATH=${CMAKE_PREFIX_PATH}:/opt/ros/humble /usr/bin/cmake --build /home/michael/HRI/ros2_ws/build/examples_rclcpp_wait_set -- -j8 -l8
[0.340s] [35m[1mConsolidate compiler generated dependencies of target wait_set_talker[0m
[0.341s] [35m[1mConsolidate compiler generated dependencies of target talker[0m
[0.357s] [35m[1mConsolidate compiler generated dependencies of target listener[0m
[0.365s] [35m[1mConsolidate compiler generated dependencies of target wait_set_listener[0m
[0.371s] [35m[1mConsolidate compiler generated dependencies of target wait_set[0m
[0.391s] [35m[1mConsolidate compiler generated dependencies of target static_wait_set[0m
[0.398s] [35m[1mConsolidate compiler generated dependencies of target thread_safe_wait_set[0m
[0.408s] [35m[1mConsolidate compiler generated dependencies of target wait_set_topics_and_timer[0m
[0.436s] [  8%] Built target talker
[0.443s] [ 16%] Built target wait_set_talker
[0.446s] [ 25%] Built target listener
[0.454s] [ 33%] Built target wait_set_listener
[0.456s] [ 41%] Built target wait_set
[0.458s] [ 50%] Built target static_wait_set
[0.464s] [ 58%] Built target thread_safe_wait_set
[0.468s] [ 66%] Built target wait_set_topics_and_timer
[0.468s] [35m[1mConsolidate compiler generated dependencies of target wait_set_random_order[0m
[0.483s] [35m[1mConsolidate compiler generated dependencies of target executor_random_order[0m
[0.484s] [35m[1mConsolidate compiler generated dependencies of target wait_set_topics_with_different_rates[0m
[0.485s] [35m[1mConsolidate compiler generated dependencies of target wait_set_composed[0m
[0.520s] [ 75%] Built target wait_set_random_order
[0.525s] [ 83%] Built target wait_set_topics_with_different_rates
[0.525s] [ 91%] Built target executor_random_order
[0.528s] [100%] Built target wait_set_composed
[0.915s] Invoked command in '/home/michael/HRI/ros2_ws/build/examples_rclcpp_wait_set' returned '0': CMAKE_PREFIX_PATH=${CMAKE_PREFIX_PATH}:/opt/ros/humble /usr/bin/cmake --build /home/michael/HRI/ros2_ws/build/examples_rclcpp_wait_set -- -j8 -l8
[1.623s] Invoking command in '/home/michael/HRI/ros2_ws/build/examples_rclcpp_wait_set': CMAKE_PREFIX_PATH=${CMAKE_PREFIX_PATH}:/opt/ros/humble /usr/bin/cmake --install /home/michael/HRI/ros2_ws/build/examples_rclcpp_wait_set
[1.731s] -- Install configuration: ""
[1.731s] -- Installing: /home/michael/HRI/ros2_ws/install/examples_rclcpp_wait_set/lib/examples_rclcpp_wait_set/wait_set_talker
[1.731s] -- Set runtime path of "/home/michael/HRI/ros2_ws/install/examples_rclcpp_wait_set/lib/examples_rclcpp_wait_set/wait_set_talker" to ""
[1.732s] -- Installing: /home/michael/HRI/ros2_ws/install/examples_rclcpp_wait_set/lib/examples_rclcpp_wait_set/wait_set_listener
[1.732s] -- Set runtime path of "/home/michael/HRI/ros2_ws/install/examples_rclcpp_wait_set/lib/examples_rclcpp_wait_set/wait_set_listener" to ""
[1.733s] -- Installing: /home/michael/HRI/ros2_ws/install/examples_rclcpp_wait_set/lib/libtalker.so
[1.733s] -- Set runtime path of "/home/michael/HRI/ros2_ws/install/examples_rclcpp_wait_set/lib/libtalker.so" to ""
[1.733s] -- Installing: /home/michael/HRI/ros2_ws/install/examples_rclcpp_wait_set/lib/liblistener.so
[1.733s] -- Set runtime path of "/home/michael/HRI/ros2_ws/install/examples_rclcpp_wait_set/lib/liblistener.so" to ""
[1.733s] -- Installing: /home/michael/HRI/ros2_ws/install/examples_rclcpp_wait_set/lib/examples_rclcpp_wait_set/wait_set
[1.733s] -- Set runtime path of "/home/michael/HRI/ros2_ws/install/examples_rclcpp_wait_set/lib/examples_rclcpp_wait_set/wait_set" to ""
[1.733s] -- Installing: /home/michael/HRI/ros2_ws/install/examples_rclcpp_wait_set/lib/examples_rclcpp_wait_set/static_wait_set
[1.734s] -- Set runtime path of "/home/michael/HRI/ros2_ws/install/examples_rclcpp_wait_set/lib/examples_rclcpp_wait_set/static_wait_set" to ""
[1.734s] -- Installing: /home/michael/HRI/ros2_ws/install/examples_rclcpp_wait_set/lib/examples_rclcpp_wait_set/thread_safe_wait_set
[1.734s] -- Set runtime path of "/home/michael/HRI/ros2_ws/install/examples_rclcpp_wait_set/lib/examples_rclcpp_wait_set/thread_safe_wait_set" to ""
[1.735s] -- Installing: /home/michael/HRI/ros2_ws/install/examples_rclcpp_wait_set/lib/examples_rclcpp_wait_set/wait_set_topics_and_timer
[1.735s] -- Set runtime path of "/home/michael/HRI/ros2_ws/install/examples_rclcpp_wait_set/lib/examples_rclcpp_wait_set/wait_set_topics_and_timer" to ""
[1.735s] -- Installing: /home/michael/HRI/ros2_ws/install/examples_rclcpp_wait_set/lib/examples_rclcpp_wait_set/wait_set_random_order
[1.735s] -- Set runtime path of "/home/michael/HRI/ros2_ws/install/examples_rclcpp_wait_set/lib/examples_rclcpp_wait_set/wait_set_random_order" to ""
[1.736s] -- Installing: /home/michael/HRI/ros2_ws/install/examples_rclcpp_wait_set/lib/examples_rclcpp_wait_set/executor_random_order
[1.736s] -- Set runtime path of "/home/michael/HRI/ros2_ws/install/examples_rclcpp_wait_set/lib/examples_rclcpp_wait_set/executor_random_order" to ""
[1.736s] -- Installing: /home/michael/HRI/ros2_ws/install/examples_rclcpp_wait_set/lib/examples_rclcpp_wait_set/wait_set_topics_with_different_rates
[1.737s] -- Set runtime path of "/home/michael/HRI/ros2_ws/install/examples_rclcpp_wait_set/lib/examples_rclcpp_wait_set/wait_set_topics_with_different_rates" to ""
[1.737s] -- Installing: /home/michael/HRI/ros2_ws/install/examples_rclcpp_wait_set/lib/examples_rclcpp_wait_set/wait_set_composed
[1.737s] -- Set runtime path of "/home/michael/HRI/ros2_ws/install/examples_rclcpp_wait_set/lib/examples_rclcpp_wait_set/wait_set_composed" to ""
[1.740s] -- Installing: /home/michael/HRI/ros2_ws/install/examples_rclcpp_wait_set/share/ament_index/resource_index/package_run_dependencies/examples_rclcpp_wait_set
[1.741s] -- Installing: /home/michael/HRI/ros2_ws/install/examples_rclcpp_wait_set/share/ament_index/resource_index/parent_prefix_path/examples_rclcpp_wait_set
[1.741s] -- Installing: /home/michael/HRI/ros2_ws/install/examples_rclcpp_wait_set/share/examples_rclcpp_wait_set/environment/ament_prefix_path.sh
[1.741s] -- Installing: /home/michael/HRI/ros2_ws/install/examples_rclcpp_wait_set/share/examples_rclcpp_wait_set/environment/ament_prefix_path.dsv
[1.741s] -- Installing: /home/michael/HRI/ros2_ws/install/examples_rclcpp_wait_set/share/examples_rclcpp_wait_set/environment/path.sh
[1.742s] -- Installing: /home/michael/HRI/ros2_ws/install/examples_rclcpp_wait_set/share/examples_rclcpp_wait_set/environment/path.dsv
[1.742s] -- Installing: /home/michael/HRI/ros2_ws/install/examples_rclcpp_wait_set/share/examples_rclcpp_wait_set/local_setup.bash
[1.743s] -- Installing: /home/michael/HRI/ros2_ws/install/examples_rclcpp_wait_set/share/examples_rclcpp_wait_set/local_setup.sh
[1.743s] -- Installing: /home/michael/HRI/ros2_ws/install/examples_rclcpp_wait_set/share/examples_rclcpp_wait_set/local_setup.zsh
[1.743s] -- Installing: /home/michael/HRI/ros2_ws/install/examples_rclcpp_wait_set/share/examples_rclcpp_wait_set/local_setup.dsv
[1.743s] -- Installing: /home/michael/HRI/ros2_ws/install/examples_rclcpp_wait_set/share/examples_rclcpp_wait_set/package.dsv
[1.743s] -- Installing: /home/michael/HRI/ros2_ws/install/examples_rclcpp_wait_set/share/ament_index/resource_index/packages/examples_rclcpp_wait_set
[1.743s] -- Installing: /home/michael/HRI/ros2_ws/install/examples_rclcpp_wait_set/share/ament_index/resource_index/rclcpp_components/examples_rclcpp_wait_set
[1.744s] -- Installing: /home/michael/HRI/ros2_ws/install/examples_rclcpp_wait_set/share/examples_rclcpp_wait_set/cmake/examples_rclcpp_wait_setConfig.cmake
[1.744s] -- Installing: /home/michael/HRI/ros2_ws/install/examples_rclcpp_wait_set/share/examples_rclcpp_wait_set/cmake/examples_rclcpp_wait_setConfig-version.cmake
[1.744s] -- Installing: /home/michael/HRI/ros2_ws/install/examples_rclcpp_wait_set/share/examples_rclcpp_wait_set/package.xml
[1.783s] Invoked command in '/home/michael/HRI/ros2_ws/build/examples_rclcpp_wait_set' returned '0': CMAKE_PREFIX_PATH=${CMAKE_PREFIX_PATH}:/opt/ros/humble /usr/bin/cmake --install /home/michael/HRI/ros2_ws/build/examples_rclcpp_wait_set
