[0.024s] Invoking command in '/home/michael/HRI/ros2_ws/build/force_dimension': CMAKE_PREFIX_PATH=${CMAKE_PREFIX_PATH}:/opt/ros/humble /usr/bin/cmake /home/michael/HRI/ros2_ws/src/ros_force_dimension -DCMAKE_INSTALL_PREFIX=/home/michael/HRI/ros2_ws/install/force_dimension
[1.564s] -- The C compiler identification is GNU 11.3.0
[1.564s] -- The CXX compiler identification is GNU 11.3.0
[1.565s] -- Detecting C compiler ABI info
[1.565s] -- Detecting C compiler ABI info - done
[1.565s] -- Check for working C compiler: /usr/bin/cc - skipped
[1.565s] -- Detecting C compile features
[1.566s] -- Detecting C compile features - done
[1.566s] -- Detecting CXX compiler ABI info
[1.566s] -- Detecting CXX compiler ABI info - done
[1.566s] -- Check for working CXX compiler: /usr/bin/c++ - skipped
[1.567s] -- Detecting CXX compile features
[1.567s] -- Detecting CXX compile features - done
[1.567s] -- Found ament_cmake: 1.3.5 (/opt/ros/humble/share/ament_cmake/cmake)
[1.577s] -- Found Python3: /usr/bin/python3.10 (found version "3.10.6") found components: Interpreter 
[1.902s] -- Found rclcpp: 16.0.4 (/opt/ros/humble/share/rclcpp/cmake)
[2.084s] -- Found rosidl_generator_c: 3.1.4 (/opt/ros/humble/share/rosidl_generator_c/cmake)
[2.107s] -- Found rosidl_adapter: 3.1.4 (/opt/ros/humble/share/rosidl_adapter/cmake)
[2.143s] -- Found rosidl_generator_cpp: 3.1.4 (/opt/ros/humble/share/rosidl_generator_cpp/cmake)
[2.205s] -- Using all available rosidl_typesupport_c: rosidl_typesupport_fastrtps_c;rosidl_typesupport_introspection_c
[2.292s] -- Using all available rosidl_typesupport_cpp: rosidl_typesupport_fastrtps_cpp;rosidl_typesupport_introspection_cpp
[2.596s] -- Found rmw_implementation_cmake: 6.1.1 (/opt/ros/humble/share/rmw_implementation_cmake/cmake)
[2.609s] -- Found rmw_fastrtps_cpp: 6.2.2 (/opt/ros/humble/share/rmw_fastrtps_cpp/cmake)
[2.961s] -- Found OpenSSL: /usr/lib/x86_64-linux-gnu/libcrypto.so (found version "3.0.2")  
[3.056s] -- Found FastRTPS: /opt/ros/humble/include  
[3.222s] -- Using RMW implementation 'rmw_fastrtps_cpp' as default
[3.263s] -- Looking for pthread.h
[3.646s] -- Looking for pthread.h - found
[3.648s] -- Performing Test CMAKE_HAVE_LIBC_PTHREAD
[3.899s] -- Performing Test CMAKE_HAVE_LIBC_PTHREAD - Success
[3.902s] -- Found Threads: TRUE  
[4.548s] -- Found geometry_msgs: 4.2.3 (/opt/ros/humble/share/geometry_msgs/cmake)
[4.732s] -- Found example_interfaces: 0.9.3 (/opt/ros/humble/share/example_interfaces/cmake)
[5.320s] [31mCMake Error at CMakeLists.txt:28 (find_package):
[5.320s]   By not providing "FindForceDimensionSDK.cmake" in CMAKE_MODULE_PATH this
[5.320s]   project has asked CMake to find a package configuration file provided by
[5.320s]   "ForceDimensionSDK", but CMake did not find one.
[5.320s] 
[5.321s]   Could not find a package configuration file provided by "ForceDimensionSDK"
[5.321s]   with any of the following names:
[5.321s] 
[5.321s]     ForceDimensionSDKConfig.cmake
[5.321s]     forcedimensionsdk-config.cmake
[5.321s] 
[5.322s]   Add the installation prefix of "ForceDimensionSDK" to CMAKE_PREFIX_PATH or
[5.322s]   set "ForceDimensionSDK_DIR" to a directory containing one of the above
[5.322s]   files.  If "ForceDimensionSDK" provides a separate development package or
[5.322s]   SDK, be sure it has been installed.
[5.322s] 
[5.323s] [0m
[5.323s] -- Configuring incomplete, errors occurred!
[5.323s] See also "/home/michael/HRI/ros2_ws/build/force_dimension/CMakeFiles/CMakeOutput.log".
[5.343s] Invoked command in '/home/michael/HRI/ros2_ws/build/force_dimension' returned '1': CMAKE_PREFIX_PATH=${CMAKE_PREFIX_PATH}:/opt/ros/humble /usr/bin/cmake /home/michael/HRI/ros2_ws/src/ros_force_dimension -DCMAKE_INSTALL_PREFIX=/home/michael/HRI/ros2_ws/install/force_dimension
