[2.690s] Invoking command in '/home/michael/HRI/ros2_ws/src/examples/rclpy/services/minimal_client': PYTHONPATH=/home/michael/HRI/ros2_ws/build/examples_rclpy_minimal_client/prefix_override:/home/michael/HRI/ros2_ws/install/examples_rclpy_minimal_client/lib/python3.10/site-packages:${PYTHONPATH} /usr/bin/python3 setup.py egg_info --egg-base ../../../../../build/examples_rclpy_minimal_client build --build-base /home/michael/HRI/ros2_ws/build/examples_rclpy_minimal_client/build install --record /home/michael/HRI/ros2_ws/build/examples_rclpy_minimal_client/install.log --single-version-externally-managed
[4.398s] /usr/lib/python3/dist-packages/setuptools/command/install.py:34: SetuptoolsDeprecationWarning: setup.py install is deprecated. Use build and pip and other standards-based tools.
[4.398s]   warnings.warn(
[4.399s] running egg_info
[4.399s] creating ../../../../../build/examples_rclpy_minimal_client/examples_rclpy_minimal_client.egg-info
[4.400s] writing ../../../../../build/examples_rclpy_minimal_client/examples_rclpy_minimal_client.egg-info/PKG-INFO
[4.400s] writing dependency_links to ../../../../../build/examples_rclpy_minimal_client/examples_rclpy_minimal_client.egg-info/dependency_links.txt
[4.401s] writing entry points to ../../../../../build/examples_rclpy_minimal_client/examples_rclpy_minimal_client.egg-info/entry_points.txt
[4.401s] writing requirements to ../../../../../build/examples_rclpy_minimal_client/examples_rclpy_minimal_client.egg-info/requires.txt
[4.402s] writing top-level names to ../../../../../build/examples_rclpy_minimal_client/examples_rclpy_minimal_client.egg-info/top_level.txt
[4.403s] writing manifest file '../../../../../build/examples_rclpy_minimal_client/examples_rclpy_minimal_client.egg-info/SOURCES.txt'
[4.403s] reading manifest file '../../../../../build/examples_rclpy_minimal_client/examples_rclpy_minimal_client.egg-info/SOURCES.txt'
[4.404s] writing manifest file '../../../../../build/examples_rclpy_minimal_client/examples_rclpy_minimal_client.egg-info/SOURCES.txt'
[4.404s] running build
[4.405s] running build_py
[4.405s] creating /home/michael/HRI/ros2_ws/build/examples_rclpy_minimal_client/build
[4.406s] creating /home/michael/HRI/ros2_ws/build/examples_rclpy_minimal_client/build/lib
[4.406s] creating /home/michael/HRI/ros2_ws/build/examples_rclpy_minimal_client/build/lib/examples_rclpy_minimal_client
[4.406s] copying examples_rclpy_minimal_client/client_async_callback.py -> /home/michael/HRI/ros2_ws/build/examples_rclpy_minimal_client/build/lib/examples_rclpy_minimal_client
[4.407s] copying examples_rclpy_minimal_client/client.py -> /home/michael/HRI/ros2_ws/build/examples_rclpy_minimal_client/build/lib/examples_rclpy_minimal_client
[4.408s] copying examples_rclpy_minimal_client/__init__.py -> /home/michael/HRI/ros2_ws/build/examples_rclpy_minimal_client/build/lib/examples_rclpy_minimal_client
[4.408s] copying examples_rclpy_minimal_client/client_async.py -> /home/michael/HRI/ros2_ws/build/examples_rclpy_minimal_client/build/lib/examples_rclpy_minimal_client
[4.409s] copying examples_rclpy_minimal_client/client_async_member_function.py -> /home/michael/HRI/ros2_ws/build/examples_rclpy_minimal_client/build/lib/examples_rclpy_minimal_client
[4.410s] running install
[4.410s] running install_lib
[4.411s] creating /home/michael/HRI/ros2_ws/install/examples_rclpy_minimal_client/lib/python3.10/site-packages/examples_rclpy_minimal_client
[4.412s] copying /home/michael/HRI/ros2_ws/build/examples_rclpy_minimal_client/build/lib/examples_rclpy_minimal_client/client_async_callback.py -> /home/michael/HRI/ros2_ws/install/examples_rclpy_minimal_client/lib/python3.10/site-packages/examples_rclpy_minimal_client
[4.413s] copying /home/michael/HRI/ros2_ws/build/examples_rclpy_minimal_client/build/lib/examples_rclpy_minimal_client/client.py -> /home/michael/HRI/ros2_ws/install/examples_rclpy_minimal_client/lib/python3.10/site-packages/examples_rclpy_minimal_client
[4.413s] copying /home/michael/HRI/ros2_ws/build/examples_rclpy_minimal_client/build/lib/examples_rclpy_minimal_client/__init__.py -> /home/michael/HRI/ros2_ws/install/examples_rclpy_minimal_client/lib/python3.10/site-packages/examples_rclpy_minimal_client
[4.415s] copying /home/michael/HRI/ros2_ws/build/examples_rclpy_minimal_client/build/lib/examples_rclpy_minimal_client/client_async.py -> /home/michael/HRI/ros2_ws/install/examples_rclpy_minimal_client/lib/python3.10/site-packages/examples_rclpy_minimal_client
[4.415s] copying /home/michael/HRI/ros2_ws/build/examples_rclpy_minimal_client/build/lib/examples_rclpy_minimal_client/client_async_member_function.py -> /home/michael/HRI/ros2_ws/install/examples_rclpy_minimal_client/lib/python3.10/site-packages/examples_rclpy_minimal_client
[4.421s] byte-compiling /home/michael/HRI/ros2_ws/install/examples_rclpy_minimal_client/lib/python3.10/site-packages/examples_rclpy_minimal_client/client_async_callback.py to client_async_callback.cpython-310.pyc
[4.422s] byte-compiling /home/michael/HRI/ros2_ws/install/examples_rclpy_minimal_client/lib/python3.10/site-packages/examples_rclpy_minimal_client/client.py to client.cpython-310.pyc
[4.422s] byte-compiling /home/michael/HRI/ros2_ws/install/examples_rclpy_minimal_client/lib/python3.10/site-packages/examples_rclpy_minimal_client/__init__.py to __init__.cpython-310.pyc
[4.423s] byte-compiling /home/michael/HRI/ros2_ws/install/examples_rclpy_minimal_client/lib/python3.10/site-packages/examples_rclpy_minimal_client/client_async.py to client_async.cpython-310.pyc
[4.424s] byte-compiling /home/michael/HRI/ros2_ws/install/examples_rclpy_minimal_client/lib/python3.10/site-packages/examples_rclpy_minimal_client/client_async_member_function.py to client_async_member_function.cpython-310.pyc
[4.424s] running install_data
[4.425s] creating /home/michael/HRI/ros2_ws/install/examples_rclpy_minimal_client/share/ament_index
[4.425s] creating /home/michael/HRI/ros2_ws/install/examples_rclpy_minimal_client/share/ament_index/resource_index
[4.426s] creating /home/michael/HRI/ros2_ws/install/examples_rclpy_minimal_client/share/ament_index/resource_index/packages
[4.427s] copying resource/examples_rclpy_minimal_client -> /home/michael/HRI/ros2_ws/install/examples_rclpy_minimal_client/share/ament_index/resource_index/packages
[4.428s] copying package.xml -> /home/michael/HRI/ros2_ws/install/examples_rclpy_minimal_client/share/examples_rclpy_minimal_client
[4.435s] running install_egg_info
[4.437s] Copying ../../../../../build/examples_rclpy_minimal_client/examples_rclpy_minimal_client.egg-info to /home/michael/HRI/ros2_ws/install/examples_rclpy_minimal_client/lib/python3.10/site-packages/examples_rclpy_minimal_client-0.15.1-py3.10.egg-info
[4.439s] running install_scripts
[4.439s] Installing client script to /home/michael/HRI/ros2_ws/install/examples_rclpy_minimal_client/lib/examples_rclpy_minimal_client
[4.440s] Installing client_async script to /home/michael/HRI/ros2_ws/install/examples_rclpy_minimal_client/lib/examples_rclpy_minimal_client
[4.441s] Installing client_async_callback script to /home/michael/HRI/ros2_ws/install/examples_rclpy_minimal_client/lib/examples_rclpy_minimal_client
[4.442s] Installing client_async_member_function script to /home/michael/HRI/ros2_ws/install/examples_rclpy_minimal_client/lib/examples_rclpy_minimal_client
[4.442s] writing list of installed files to '/home/michael/HRI/ros2_ws/build/examples_rclpy_minimal_client/install.log'
[4.476s] Invoked command in '/home/michael/HRI/ros2_ws/src/examples/rclpy/services/minimal_client' returned '0': PYTHONPATH=/home/michael/HRI/ros2_ws/build/examples_rclpy_minimal_client/prefix_override:/home/michael/HRI/ros2_ws/install/examples_rclpy_minimal_client/lib/python3.10/site-packages:${PYTHONPATH} /usr/bin/python3 setup.py egg_info --egg-base ../../../../../build/examples_rclpy_minimal_client build --build-base /home/michael/HRI/ros2_ws/build/examples_rclpy_minimal_client/build install --record /home/michael/HRI/ros2_ws/build/examples_rclpy_minimal_client/install.log --single-version-externally-managed
