[0.076s] Invoking command in '/home/michael/HRI/ros2_ws/build/examples_rclcpp_wait_set': CMAKE_PREFIX_PATH=${CMAKE_PREFIX_PATH}:/opt/ros/humble /usr/bin/cmake /home/michael/HRI/ros2_ws/src/examples/rclcpp/wait_set -DCMAKE_INSTALL_PREFIX=/home/michael/HRI/ros2_ws/install/examples_rclcpp_wait_set
[0.220s] -- The C compiler identification is GNU 11.3.0
[0.594s] -- The CXX compiler identification is GNU 11.3.0
[0.607s] -- Detecting C compiler ABI info
[0.953s] -- Detecting C compiler ABI info - done
[0.970s] -- Check for working C compiler: /usr/bin/cc - skipped
[0.971s] -- Detecting C compile features
[0.972s] -- Detecting C compile features - done
[0.977s] -- Detecting CXX compiler ABI info
[1.198s] -- Detecting CXX compiler ABI info - done
[1.215s] -- Check for working CXX compiler: /usr/bin/c++ - skipped
[1.215s] -- Detecting CXX compile features
[1.216s] -- Detecting CXX compile features - done
[1.222s] -- Found ament_cmake: 1.3.5 (/opt/ros/humble/share/ament_cmake/cmake)
[1.563s] -- Found Python3: /usr/bin/python3.10 (found version "3.10.6") found components: Interpreter 
[4.984s] -- Found example_interfaces: 0.9.3 (/opt/ros/humble/share/example_interfaces/cmake)
[8.098s] -- Found rosidl_generator_c: 3.1.4 (/opt/ros/humble/share/rosidl_generator_c/cmake)
[8.722s] -- Found rosidl_adapter: 3.1.4 (/opt/ros/humble/share/rosidl_adapter/cmake)
[9.489s] -- Found rosidl_generator_cpp: 3.1.4 (/opt/ros/humble/share/rosidl_generator_cpp/cmake)
[12.496s] -- Using all available rosidl_typesupport_c: rosidl_typesupport_fastrtps_c;rosidl_typesupport_introspection_c
[13.749s] -- Using all available rosidl_typesupport_cpp: rosidl_typesupport_fastrtps_cpp;rosidl_typesupport_introspection_cpp
[14.854s] -- Found rclcpp: 16.0.4 (/opt/ros/humble/share/rclcpp/cmake)
[16.941s] -- Found rmw_implementation_cmake: 6.1.1 (/opt/ros/humble/share/rmw_implementation_cmake/cmake)
[17.569s] -- Found rmw_fastrtps_cpp: 6.2.2 (/opt/ros/humble/share/rmw_fastrtps_cpp/cmake)
[19.951s] -- Found OpenSSL: /usr/lib/x86_64-linux-gnu/libcrypto.so (found version "3.0.2")  
[20.383s] -- Found FastRTPS: /opt/ros/humble/include  
[20.496s] -- Using RMW implementation 'rmw_fastrtps_cpp' as default
[21.256s] -- Looking for pthread.h
[21.593s] -- Looking for pthread.h - found
[21.594s] -- Performing Test CMAKE_HAVE_LIBC_PTHREAD
[22.110s] -- Performing Test CMAKE_HAVE_LIBC_PTHREAD - Success
[22.112s] -- Found Threads: TRUE  
[27.039s] -- Found rclcpp_components: 16.0.4 (/opt/ros/humble/share/rclcpp_components/cmake)
[27.456s] -- Found ament_lint_auto: 0.12.6 (/opt/ros/humble/share/ament_lint_auto/cmake)
[31.035s] -- Added test 'copyright' to check source files copyright and LICENSE
[31.040s] -- Added test 'cppcheck' to perform static code analysis on C / C++ code
[31.043s] -- Configured cppcheck include dirs: /home/michael/HRI/ros2_ws/src/examples/rclcpp/wait_set/include
[31.043s] -- Configured cppcheck exclude dirs and/or files: 
[31.047s] -- Added test 'cpplint' to check C / C++ code against the Google style
[31.047s] -- Configured cpplint exclude dirs and/or files: 
[31.126s] -- Added test 'lint_cmake' to check CMake code style
[31.243s] -- Added test 'uncrustify' to check C / C++ code style
[31.243s] -- Configured uncrustify additional arguments: 
[31.319s] -- Added test 'xmllint' to check XML markup files
[31.426s] -- Configuring done
[31.938s] -- Generating done
[31.940s] -- Build files have been written to: /home/michael/HRI/ros2_ws/build/examples_rclcpp_wait_set
[31.965s] Invoked command in '/home/michael/HRI/ros2_ws/build/examples_rclcpp_wait_set' returned '0': CMAKE_PREFIX_PATH=${CMAKE_PREFIX_PATH}:/opt/ros/humble /usr/bin/cmake /home/michael/HRI/ros2_ws/src/examples/rclcpp/wait_set -DCMAKE_INSTALL_PREFIX=/home/michael/HRI/ros2_ws/install/examples_rclcpp_wait_set
[31.966s] Invoking command in '/home/michael/HRI/ros2_ws/build/examples_rclcpp_wait_set': CMAKE_PREFIX_PATH=${CMAKE_PREFIX_PATH}:/opt/ros/humble /usr/bin/cmake --build /home/michael/HRI/ros2_ws/build/examples_rclcpp_wait_set -- -j8 -l8
[32.703s] [  4%] [32mBuilding CXX object CMakeFiles/talker.dir/src/talker.cpp.o[0m
[42.759s] [  8%] [32m[1mLinking CXX shared library libtalker.so[0m
[43.127s] [  8%] Built target talker
[43.165s] [ 12%] [32mBuilding CXX object CMakeFiles/wait_set_topics_and_timer.dir/src/wait_set_topics_and_timer.cpp.o[0m
[59.867s] [ 16%] [32m[1mLinking CXX executable wait_set_topics_and_timer[0m
[60.608s] [ 16%] Built target wait_set_topics_and_timer
[60.644s] [ 20%] [32mBuilding CXX object CMakeFiles/wait_set_random_order.dir/src/wait_set_random_order.cpp.o[0m
[77.623s] [ 25%] [32m[1mLinking CXX executable wait_set_random_order[0m
[78.400s] [ 25%] Built target wait_set_random_order
[78.436s] [ 29%] [32mBuilding CXX object CMakeFiles/executor_random_order.dir/src/executor_random_order.cpp.o[0m
[101.645s] [ 33%] [32m[1mLinking CXX executable executor_random_order[0m
[102.884s] [ 33%] Built target executor_random_order
[102.940s] [ 37%] [32mBuilding CXX object CMakeFiles/wait_set_topics_with_different_rates.dir/src/wait_set_topics_with_different_rates.cpp.o[0m
[123.018s] [ 41%] [32m[1mLinking CXX executable wait_set_topics_with_different_rates[0m
[123.734s] [ 41%] Built target wait_set_topics_with_different_rates
[123.772s] [ 45%] [32mBuilding CXX object CMakeFiles/static_wait_set.dir/src/static_wait_set.cpp.o[0m
[123.772s] [ 50%] [32mBuilding CXX object CMakeFiles/thread_safe_wait_set.dir/src/thread_safe_wait_set.cpp.o[0m
[123.774s] [ 54%] [32mBuilding CXX object CMakeFiles/wait_set.dir/src/wait_set.cpp.o[0m
[123.781s] [ 58%] [32mBuilding CXX object CMakeFiles/listener.dir/src/listener.cpp.o[0m
[123.784s] [ 62%] [32mBuilding CXX object CMakeFiles/wait_set_listener.dir/rclcpp_components/node_main_wait_set_listener.cpp.o[0m
[132.987s] [ 66%] [32m[1mLinking CXX executable wait_set_listener[0m
[133.330s] [ 66%] Built target wait_set_listener
[133.382s] [ 70%] [32mBuilding CXX object CMakeFiles/wait_set_talker.dir/rclcpp_components/node_main_wait_set_talker.cpp.o[0m
[139.889s] [ 75%] [32m[1mLinking CXX executable static_wait_set[0m
[140.650s] [ 75%] Built target static_wait_set
[141.391s] [ 79%] [32m[1mLinking CXX shared library liblistener.so[0m
[141.666s] [ 83%] [32m[1mLinking CXX executable wait_set_talker[0m
[141.909s] [ 83%] Built target wait_set_talker
[142.223s] [ 83%] Built target listener
[142.260s] [ 87%] [32mBuilding CXX object CMakeFiles/wait_set_composed.dir/src/wait_set_composed.cpp.o[0m
[143.365s] [ 91%] [32m[1mLinking CXX executable wait_set[0m
[144.190s] [ 91%] Built target wait_set
[144.752s] [ 95%] [32m[1mLinking CXX executable thread_safe_wait_set[0m
[145.585s] [ 95%] Built target thread_safe_wait_set
[147.716s] [100%] [32m[1mLinking CXX executable wait_set_composed[0m
[148.057s] [100%] Built target wait_set_composed
