[4.399s] Invoking command in '/home/michael/HRI/ros2_ws/src/examples/rclpy/services/minimal_client': PYTHONPATH=/home/michael/HRI/ros2_ws/build/examples_rclpy_minimal_client/prefix_override:/home/michael/HRI/ros2_ws/install/examples_rclpy_minimal_client/lib/python3.10/site-packages:${PYTHONPATH} /usr/bin/python3 setup.py egg_info --egg-base ../../../../../build/examples_rclpy_minimal_client build --build-base /home/michael/HRI/ros2_ws/build/examples_rclpy_minimal_client/build install --record /home/michael/HRI/ros2_ws/build/examples_rclpy_minimal_client/install.log --single-version-externally-managed
[5.232s] running egg_info
[5.234s] writing ../../../../../build/examples_rclpy_minimal_client/examples_rclpy_minimal_client.egg-info/PKG-INFO
[5.234s] writing dependency_links to ../../../../../build/examples_rclpy_minimal_client/examples_rclpy_minimal_client.egg-info/dependency_links.txt
[5.235s] writing entry points to ../../../../../build/examples_rclpy_minimal_client/examples_rclpy_minimal_client.egg-info/entry_points.txt
[5.235s] writing requirements to ../../../../../build/examples_rclpy_minimal_client/examples_rclpy_minimal_client.egg-info/requires.txt
[5.236s] writing top-level names to ../../../../../build/examples_rclpy_minimal_client/examples_rclpy_minimal_client.egg-info/top_level.txt
[5.241s] reading manifest file '../../../../../build/examples_rclpy_minimal_client/examples_rclpy_minimal_client.egg-info/SOURCES.txt'
[5.244s] writing manifest file '../../../../../build/examples_rclpy_minimal_client/examples_rclpy_minimal_client.egg-info/SOURCES.txt'
[5.244s] running build
[5.244s] running build_py
[5.246s] running install
[5.246s] /usr/lib/python3/dist-packages/setuptools/command/install.py:34: SetuptoolsDeprecationWarning: setup.py install is deprecated. Use build and pip and other standards-based tools.
[5.246s]   warnings.warn(
[5.247s] running install_lib
[5.256s] running install_data
[5.256s] running install_egg_info
[5.257s] removing '/home/michael/HRI/ros2_ws/install/examples_rclpy_minimal_client/lib/python3.10/site-packages/examples_rclpy_minimal_client-0.15.1-py3.10.egg-info' (and everything under it)
[5.258s] Copying ../../../../../build/examples_rclpy_minimal_client/examples_rclpy_minimal_client.egg-info to /home/michael/HRI/ros2_ws/install/examples_rclpy_minimal_client/lib/python3.10/site-packages/examples_rclpy_minimal_client-0.15.1-py3.10.egg-info
[5.260s] running install_scripts
[5.345s] Installing client script to /home/michael/HRI/ros2_ws/install/examples_rclpy_minimal_client/lib/examples_rclpy_minimal_client
[5.349s] Installing client_async script to /home/michael/HRI/ros2_ws/install/examples_rclpy_minimal_client/lib/examples_rclpy_minimal_client
[5.349s] Installing client_async_callback script to /home/michael/HRI/ros2_ws/install/examples_rclpy_minimal_client/lib/examples_rclpy_minimal_client
[5.352s] Installing client_async_member_function script to /home/michael/HRI/ros2_ws/install/examples_rclpy_minimal_client/lib/examples_rclpy_minimal_client
[5.352s] writing list of installed files to '/home/michael/HRI/ros2_ws/build/examples_rclpy_minimal_client/install.log'
[5.445s] Invoked command in '/home/michael/HRI/ros2_ws/src/examples/rclpy/services/minimal_client' returned '0': PYTHONPATH=/home/michael/HRI/ros2_ws/build/examples_rclpy_minimal_client/prefix_override:/home/michael/HRI/ros2_ws/install/examples_rclpy_minimal_client/lib/python3.10/site-packages:${PYTHONPATH} /usr/bin/python3 setup.py egg_info --egg-base ../../../../../build/examples_rclpy_minimal_client build --build-base /home/michael/HRI/ros2_ws/build/examples_rclpy_minimal_client/build install --record /home/michael/HRI/ros2_ws/build/examples_rclpy_minimal_client/install.log --single-version-externally-managed
