[2.298s] Invoking command in '/home/michael/HRI/ros2_ws/src/examples/rclpy/services/minimal_service': PYTHONPATH=/home/michael/HRI/ros2_ws/build/examples_rclpy_minimal_service/prefix_override:/home/michael/HRI/ros2_ws/install/examples_rclpy_minimal_service/lib/python3.10/site-packages:${PYTHONPATH} /usr/bin/python3 setup.py egg_info --egg-base ../../../../../build/examples_rclpy_minimal_service build --build-base /home/michael/HRI/ros2_ws/build/examples_rclpy_minimal_service/build install --record /home/michael/HRI/ros2_ws/build/examples_rclpy_minimal_service/install.log --single-version-externally-managed
[2.825s] running egg_info
[2.826s] creating ../../../../../build/examples_rclpy_minimal_service/examples_rclpy_minimal_service.egg-info
[3.045s] writing ../../../../../build/examples_rclpy_minimal_service/examples_rclpy_minimal_service.egg-info/PKG-INFO
[3.049s] writing dependency_links to ../../../../../build/examples_rclpy_minimal_service/examples_rclpy_minimal_service.egg-info/dependency_links.txt
[3.049s] writing entry points to ../../../../../build/examples_rclpy_minimal_service/examples_rclpy_minimal_service.egg-info/entry_points.txt
[3.052s] writing requirements to ../../../../../build/examples_rclpy_minimal_service/examples_rclpy_minimal_service.egg-info/requires.txt
[3.054s] writing top-level names to ../../../../../build/examples_rclpy_minimal_service/examples_rclpy_minimal_service.egg-info/top_level.txt
[3.054s] writing manifest file '../../../../../build/examples_rclpy_minimal_service/examples_rclpy_minimal_service.egg-info/SOURCES.txt'
[3.056s] reading manifest file '../../../../../build/examples_rclpy_minimal_service/examples_rclpy_minimal_service.egg-info/SOURCES.txt'
[3.056s] writing manifest file '../../../../../build/examples_rclpy_minimal_service/examples_rclpy_minimal_service.egg-info/SOURCES.txt'
[3.056s] running build
[3.057s] running build_py
[3.057s] creating /home/michael/HRI/ros2_ws/build/examples_rclpy_minimal_service/build
[3.057s] creating /home/michael/HRI/ros2_ws/build/examples_rclpy_minimal_service/build/lib
[3.058s] creating /home/michael/HRI/ros2_ws/build/examples_rclpy_minimal_service/build/lib/examples_rclpy_minimal_service
[3.058s] copying examples_rclpy_minimal_service/service.py -> /home/michael/HRI/ros2_ws/build/examples_rclpy_minimal_service/build/lib/examples_rclpy_minimal_service
[3.061s] copying examples_rclpy_minimal_service/__init__.py -> /home/michael/HRI/ros2_ws/build/examples_rclpy_minimal_service/build/lib/examples_rclpy_minimal_service
[3.061s] copying examples_rclpy_minimal_service/service_member_function.py -> /home/michael/HRI/ros2_ws/build/examples_rclpy_minimal_service/build/lib/examples_rclpy_minimal_service
[3.207s] running install
[3.210s] /usr/lib/python3/dist-packages/setuptools/command/install.py:34: SetuptoolsDeprecationWarning: setup.py install is deprecated. Use build and pip and other standards-based tools.
[3.210s]   warnings.warn(
[3.216s] running install_lib
[3.217s] creating /home/michael/HRI/ros2_ws/install/examples_rclpy_minimal_service/lib/python3.10/site-packages/examples_rclpy_minimal_service
[3.217s] copying /home/michael/HRI/ros2_ws/build/examples_rclpy_minimal_service/build/lib/examples_rclpy_minimal_service/service.py -> /home/michael/HRI/ros2_ws/install/examples_rclpy_minimal_service/lib/python3.10/site-packages/examples_rclpy_minimal_service
[3.221s] copying /home/michael/HRI/ros2_ws/build/examples_rclpy_minimal_service/build/lib/examples_rclpy_minimal_service/__init__.py -> /home/michael/HRI/ros2_ws/install/examples_rclpy_minimal_service/lib/python3.10/site-packages/examples_rclpy_minimal_service
[3.222s] copying /home/michael/HRI/ros2_ws/build/examples_rclpy_minimal_service/build/lib/examples_rclpy_minimal_service/service_member_function.py -> /home/michael/HRI/ros2_ws/install/examples_rclpy_minimal_service/lib/python3.10/site-packages/examples_rclpy_minimal_service
[3.222s] byte-compiling /home/michael/HRI/ros2_ws/install/examples_rclpy_minimal_service/lib/python3.10/site-packages/examples_rclpy_minimal_service/service.py to service.cpython-310.pyc
[3.223s] byte-compiling /home/michael/HRI/ros2_ws/install/examples_rclpy_minimal_service/lib/python3.10/site-packages/examples_rclpy_minimal_service/__init__.py to __init__.cpython-310.pyc
[3.223s] byte-compiling /home/michael/HRI/ros2_ws/install/examples_rclpy_minimal_service/lib/python3.10/site-packages/examples_rclpy_minimal_service/service_member_function.py to service_member_function.cpython-310.pyc
[3.224s] running install_data
[3.226s] creating /home/michael/HRI/ros2_ws/install/examples_rclpy_minimal_service/share/ament_index
[3.227s] creating /home/michael/HRI/ros2_ws/install/examples_rclpy_minimal_service/share/ament_index/resource_index
[3.227s] creating /home/michael/HRI/ros2_ws/install/examples_rclpy_minimal_service/share/ament_index/resource_index/packages
[3.227s] copying resource/examples_rclpy_minimal_service -> /home/michael/HRI/ros2_ws/install/examples_rclpy_minimal_service/share/ament_index/resource_index/packages
[3.227s] copying package.xml -> /home/michael/HRI/ros2_ws/install/examples_rclpy_minimal_service/share/examples_rclpy_minimal_service
[3.228s] running install_egg_info
[3.228s] Copying ../../../../../build/examples_rclpy_minimal_service/examples_rclpy_minimal_service.egg-info to /home/michael/HRI/ros2_ws/install/examples_rclpy_minimal_service/lib/python3.10/site-packages/examples_rclpy_minimal_service-0.15.1-py3.10.egg-info
[3.228s] running install_scripts
[3.276s] Installing service script to /home/michael/HRI/ros2_ws/install/examples_rclpy_minimal_service/lib/examples_rclpy_minimal_service
[3.277s] Installing service_member_function script to /home/michael/HRI/ros2_ws/install/examples_rclpy_minimal_service/lib/examples_rclpy_minimal_service
[3.278s] writing list of installed files to '/home/michael/HRI/ros2_ws/build/examples_rclpy_minimal_service/install.log'
[3.342s] Invoked command in '/home/michael/HRI/ros2_ws/src/examples/rclpy/services/minimal_service' returned '0': PYTHONPATH=/home/michael/HRI/ros2_ws/build/examples_rclpy_minimal_service/prefix_override:/home/michael/HRI/ros2_ws/install/examples_rclpy_minimal_service/lib/python3.10/site-packages:${PYTHONPATH} /usr/bin/python3 setup.py egg_info --egg-base ../../../../../build/examples_rclpy_minimal_service build --build-base /home/michael/HRI/ros2_ws/build/examples_rclpy_minimal_service/build install --record /home/michael/HRI/ros2_ws/build/examples_rclpy_minimal_service/install.log --single-version-externally-managed
