[2.118s] Invoking command in '/home/michael/HRI/ros2_ws/src/examples/rclpy/topics/pointcloud_publisher': PYTHONPATH=/home/michael/HRI/ros2_ws/build/examples_rclpy_pointcloud_publisher/prefix_override:/home/michael/HRI/ros2_ws/install/examples_rclpy_pointcloud_publisher/lib/python3.10/site-packages:${PYTHONPATH} /usr/bin/python3 setup.py egg_info --egg-base ../../../../../build/examples_rclpy_pointcloud_publisher build --build-base /home/michael/HRI/ros2_ws/build/examples_rclpy_pointcloud_publisher/build install --record /home/michael/HRI/ros2_ws/build/examples_rclpy_pointcloud_publisher/install.log --single-version-externally-managed
[2.830s] running egg_info
[2.832s] creating ../../../../../build/examples_rclpy_pointcloud_publisher/examples_rclpy_pointcloud_publisher.egg-info
[2.833s] writing ../../../../../build/examples_rclpy_pointcloud_publisher/examples_rclpy_pointcloud_publisher.egg-info/PKG-INFO
[2.834s] writing dependency_links to ../../../../../build/examples_rclpy_pointcloud_publisher/examples_rclpy_pointcloud_publisher.egg-info/dependency_links.txt
[2.834s] writing entry points to ../../../../../build/examples_rclpy_pointcloud_publisher/examples_rclpy_pointcloud_publisher.egg-info/entry_points.txt
[2.834s] writing requirements to ../../../../../build/examples_rclpy_pointcloud_publisher/examples_rclpy_pointcloud_publisher.egg-info/requires.txt
[2.834s] writing top-level names to ../../../../../build/examples_rclpy_pointcloud_publisher/examples_rclpy_pointcloud_publisher.egg-info/top_level.txt
[2.835s] writing manifest file '../../../../../build/examples_rclpy_pointcloud_publisher/examples_rclpy_pointcloud_publisher.egg-info/SOURCES.txt'
[2.840s] reading manifest file '../../../../../build/examples_rclpy_pointcloud_publisher/examples_rclpy_pointcloud_publisher.egg-info/SOURCES.txt'
[2.843s] writing manifest file '../../../../../build/examples_rclpy_pointcloud_publisher/examples_rclpy_pointcloud_publisher.egg-info/SOURCES.txt'
[2.844s] running build
[2.844s] running build_py
[2.844s] creating /home/michael/HRI/ros2_ws/build/examples_rclpy_pointcloud_publisher/build
[2.844s] creating /home/michael/HRI/ros2_ws/build/examples_rclpy_pointcloud_publisher/build/lib
[2.845s] creating /home/michael/HRI/ros2_ws/build/examples_rclpy_pointcloud_publisher/build/lib/examples_rclpy_pointcloud_publisher
[2.845s] copying examples_rclpy_pointcloud_publisher/pointcloud_publisher.py -> /home/michael/HRI/ros2_ws/build/examples_rclpy_pointcloud_publisher/build/lib/examples_rclpy_pointcloud_publisher
[2.888s] copying examples_rclpy_pointcloud_publisher/__init__.py -> /home/michael/HRI/ros2_ws/build/examples_rclpy_pointcloud_publisher/build/lib/examples_rclpy_pointcloud_publisher
[2.889s] running install
[2.889s] /usr/lib/python3/dist-packages/setuptools/command/install.py:34: SetuptoolsDeprecationWarning: setup.py install is deprecated. Use build and pip and other standards-based tools.
[2.889s]   warnings.warn(
[2.890s] running install_lib
[2.892s] creating /home/michael/HRI/ros2_ws/install/examples_rclpy_pointcloud_publisher/lib/python3.10/site-packages/examples_rclpy_pointcloud_publisher
[2.893s] copying /home/michael/HRI/ros2_ws/build/examples_rclpy_pointcloud_publisher/build/lib/examples_rclpy_pointcloud_publisher/pointcloud_publisher.py -> /home/michael/HRI/ros2_ws/install/examples_rclpy_pointcloud_publisher/lib/python3.10/site-packages/examples_rclpy_pointcloud_publisher
[2.893s] copying /home/michael/HRI/ros2_ws/build/examples_rclpy_pointcloud_publisher/build/lib/examples_rclpy_pointcloud_publisher/__init__.py -> /home/michael/HRI/ros2_ws/install/examples_rclpy_pointcloud_publisher/lib/python3.10/site-packages/examples_rclpy_pointcloud_publisher
[2.894s] byte-compiling /home/michael/HRI/ros2_ws/install/examples_rclpy_pointcloud_publisher/lib/python3.10/site-packages/examples_rclpy_pointcloud_publisher/pointcloud_publisher.py to pointcloud_publisher.cpython-310.pyc
[2.896s] byte-compiling /home/michael/HRI/ros2_ws/install/examples_rclpy_pointcloud_publisher/lib/python3.10/site-packages/examples_rclpy_pointcloud_publisher/__init__.py to __init__.cpython-310.pyc
[2.897s] running install_data
[2.898s] creating /home/michael/HRI/ros2_ws/install/examples_rclpy_pointcloud_publisher/share/ament_index
[2.899s] creating /home/michael/HRI/ros2_ws/install/examples_rclpy_pointcloud_publisher/share/ament_index/resource_index
[2.899s] creating /home/michael/HRI/ros2_ws/install/examples_rclpy_pointcloud_publisher/share/ament_index/resource_index/packages
[2.899s] copying resource/examples_rclpy_pointcloud_publisher -> /home/michael/HRI/ros2_ws/install/examples_rclpy_pointcloud_publisher/share/ament_index/resource_index/packages
[2.900s] copying package.xml -> /home/michael/HRI/ros2_ws/install/examples_rclpy_pointcloud_publisher/share/examples_rclpy_pointcloud_publisher
[2.900s] running install_egg_info
[2.904s] Copying ../../../../../build/examples_rclpy_pointcloud_publisher/examples_rclpy_pointcloud_publisher.egg-info to /home/michael/HRI/ros2_ws/install/examples_rclpy_pointcloud_publisher/lib/python3.10/site-packages/examples_rclpy_pointcloud_publisher-0.15.1-py3.10.egg-info
[2.906s] running install_scripts
[2.975s] Installing pointcloud_publisher script to /home/michael/HRI/ros2_ws/install/examples_rclpy_pointcloud_publisher/lib/examples_rclpy_pointcloud_publisher
[2.975s] writing list of installed files to '/home/michael/HRI/ros2_ws/build/examples_rclpy_pointcloud_publisher/install.log'
[3.045s] Invoked command in '/home/michael/HRI/ros2_ws/src/examples/rclpy/topics/pointcloud_publisher' returned '0': PYTHONPATH=/home/michael/HRI/ros2_ws/build/examples_rclpy_pointcloud_publisher/prefix_override:/home/michael/HRI/ros2_ws/install/examples_rclpy_pointcloud_publisher/lib/python3.10/site-packages:${PYTHONPATH} /usr/bin/python3 setup.py egg_info --egg-base ../../../../../build/examples_rclpy_pointcloud_publisher build --build-base /home/michael/HRI/ros2_ws/build/examples_rclpy_pointcloud_publisher/build install --record /home/michael/HRI/ros2_ws/build/examples_rclpy_pointcloud_publisher/install.log --single-version-externally-managed
