[0.094s] Invoking command in '/home/michael/HRI/ros2_ws/build/examples_rclcpp_minimal_action_client': CMAKE_PREFIX_PATH=${CMAKE_PREFIX_PATH}:/opt/ros/humble /usr/bin/cmake /home/michael/HRI/ros2_ws/src/examples/rclcpp/actions/minimal_action_client -DCMAKE_INSTALL_PREFIX=/home/michael/HRI/ros2_ws/install/examples_rclcpp_minimal_action_client
[0.247s] -- The C compiler identification is GNU 11.3.0
[0.416s] -- The CXX compiler identification is GNU 11.3.0
[0.437s] -- Detecting C compiler ABI info
[0.653s] -- Detecting C compiler ABI info - done
[0.689s] -- Check for working C compiler: /usr/bin/cc - skipped
[0.690s] -- Detecting C compile features
[0.692s] -- Detecting C compile features - done
[0.701s] -- Detecting CXX compiler ABI info
[1.269s] -- Detecting CXX compiler ABI info - done
[1.299s] -- Check for working CXX compiler: /usr/bin/c++ - skipped
[1.300s] -- Detecting CXX compile features
[1.302s] -- Detecting CXX compile features - done
[1.312s] -- Found ament_cmake: 1.3.5 (/opt/ros/humble/share/ament_cmake/cmake)
[1.778s] -- Found Python3: /usr/bin/python3.10 (found version "3.10.6") found components: Interpreter 
[2.150s] -- Found example_interfaces: 0.9.3 (/opt/ros/humble/share/example_interfaces/cmake)
[2.786s] -- Found rosidl_generator_c: 3.1.4 (/opt/ros/humble/share/rosidl_generator_c/cmake)
[2.808s] -- Found rosidl_adapter: 3.1.4 (/opt/ros/humble/share/rosidl_adapter/cmake)
[2.844s] -- Found rosidl_generator_cpp: 3.1.4 (/opt/ros/humble/share/rosidl_generator_cpp/cmake)
[2.894s] -- Using all available rosidl_typesupport_c: rosidl_typesupport_fastrtps_c;rosidl_typesupport_introspection_c
[2.942s] -- Using all available rosidl_typesupport_cpp: rosidl_typesupport_fastrtps_cpp;rosidl_typesupport_introspection_cpp
[5.999s] -- Found rclcpp: 16.0.4 (/opt/ros/humble/share/rclcpp/cmake)
[6.841s] -- Found rmw_implementation_cmake: 6.1.1 (/opt/ros/humble/share/rmw_implementation_cmake/cmake)
[6.885s] -- Found rmw_fastrtps_cpp: 6.2.2 (/opt/ros/humble/share/rmw_fastrtps_cpp/cmake)
[8.306s] -- Found OpenSSL: /usr/lib/x86_64-linux-gnu/libcrypto.so (found version "3.0.2")  
[8.626s] -- Found FastRTPS: /opt/ros/humble/include  
[9.233s] -- Using RMW implementation 'rmw_fastrtps_cpp' as default
[9.330s] -- Looking for pthread.h
[10.226s] -- Looking for pthread.h - found
[10.227s] -- Performing Test CMAKE_HAVE_LIBC_PTHREAD
[11.197s] -- Performing Test CMAKE_HAVE_LIBC_PTHREAD - Success
[11.201s] -- Found Threads: TRUE  
[13.890s] -- Found rclcpp_action: 16.0.4 (/opt/ros/humble/share/rclcpp_action/cmake)
[14.283s] -- Found ament_lint_auto: 0.12.6 (/opt/ros/humble/share/ament_lint_auto/cmake)
[14.610s] -- Added test 'copyright' to check source files copyright and LICENSE
[14.614s] -- Added test 'cppcheck' to perform static code analysis on C / C++ code
[14.616s] -- Configured cppcheck include dirs: 
[14.616s] -- Configured cppcheck exclude dirs and/or files: 
[14.620s] -- Added test 'cpplint' to check C / C++ code against the Google style
[14.620s] -- Configured cpplint exclude dirs and/or files: 
[14.633s] -- Added test 'lint_cmake' to check CMake code style
[14.636s] -- Added test 'uncrustify' to check C / C++ code style
[14.637s] -- Configured uncrustify additional arguments: 
[14.642s] -- Added test 'xmllint' to check XML markup files
[14.652s] -- Configuring done
[14.779s] -- Generating done
[14.809s] -- Build files have been written to: /home/michael/HRI/ros2_ws/build/examples_rclcpp_minimal_action_client
[14.886s] Invoked command in '/home/michael/HRI/ros2_ws/build/examples_rclcpp_minimal_action_client' returned '0': CMAKE_PREFIX_PATH=${CMAKE_PREFIX_PATH}:/opt/ros/humble /usr/bin/cmake /home/michael/HRI/ros2_ws/src/examples/rclcpp/actions/minimal_action_client -DCMAKE_INSTALL_PREFIX=/home/michael/HRI/ros2_ws/install/examples_rclcpp_minimal_action_client
[14.887s] Invoking command in '/home/michael/HRI/ros2_ws/build/examples_rclcpp_minimal_action_client': CMAKE_PREFIX_PATH=${CMAKE_PREFIX_PATH}:/opt/ros/humble /usr/bin/cmake --build /home/michael/HRI/ros2_ws/build/examples_rclcpp_minimal_action_client -- -j8 -l8
[15.473s] [ 12%] [32mBuilding CXX object CMakeFiles/action_client_not_composable.dir/not_composable.cpp.o[0m
[15.479s] [ 25%] [32mBuilding CXX object CMakeFiles/action_client_member_functions.dir/member_functions.cpp.o[0m
[15.499s] [ 37%] [32mBuilding CXX object CMakeFiles/action_client_not_composable_with_feedback.dir/not_composable_with_feedback.cpp.o[0m
[15.518s] [ 50%] [32mBuilding CXX object CMakeFiles/action_client_not_composable_with_cancel.dir/not_composable_with_cancel.cpp.o[0m
[47.206s] [ 62%] [32m[1mLinking CXX executable action_client_not_composable[0m
[47.963s] [ 62%] Built target action_client_not_composable
[48.678s] [ 75%] [32m[1mLinking CXX executable action_client_not_composable_with_cancel[0m
[49.169s] [ 87%] [32m[1mLinking CXX executable action_client_not_composable_with_feedback[0m
[49.385s] [ 87%] Built target action_client_not_composable_with_cancel
[49.807s] [ 87%] Built target action_client_not_composable_with_feedback
[50.002s] [100%] [32m[1mLinking CXX executable action_client_member_functions[0m
[50.673s] [100%] Built target action_client_member_functions
[50.706s] Invoked command in '/home/michael/HRI/ros2_ws/build/examples_rclcpp_minimal_action_client' returned '0': CMAKE_PREFIX_PATH=${CMAKE_PREFIX_PATH}:/opt/ros/humble /usr/bin/cmake --build /home/michael/HRI/ros2_ws/build/examples_rclcpp_minimal_action_client -- -j8 -l8
[50.812s] Invoking command in '/home/michael/HRI/ros2_ws/build/examples_rclcpp_minimal_action_client': CMAKE_PREFIX_PATH=${CMAKE_PREFIX_PATH}:/opt/ros/humble /usr/bin/cmake --install /home/michael/HRI/ros2_ws/build/examples_rclcpp_minimal_action_client
[59.684s] -- Install configuration: ""
[59.685s] -- Installing: /home/michael/HRI/ros2_ws/install/examples_rclcpp_minimal_action_client/lib/examples_rclcpp_minimal_action_client/action_client_member_functions
[59.687s] -- Set runtime path of "/home/michael/HRI/ros2_ws/install/examples_rclcpp_minimal_action_client/lib/examples_rclcpp_minimal_action_client/action_client_member_functions" to ""
[59.689s] -- Installing: /home/michael/HRI/ros2_ws/install/examples_rclcpp_minimal_action_client/lib/examples_rclcpp_minimal_action_client/action_client_not_composable
[59.695s] -- Set runtime path of "/home/michael/HRI/ros2_ws/install/examples_rclcpp_minimal_action_client/lib/examples_rclcpp_minimal_action_client/action_client_not_composable" to ""
[59.698s] -- Installing: /home/michael/HRI/ros2_ws/install/examples_rclcpp_minimal_action_client/lib/examples_rclcpp_minimal_action_client/action_client_not_composable_with_cancel
[59.699s] -- Set runtime path of "/home/michael/HRI/ros2_ws/install/examples_rclcpp_minimal_action_client/lib/examples_rclcpp_minimal_action_client/action_client_not_composable_with_cancel" to ""
[59.699s] -- Installing: /home/michael/HRI/ros2_ws/install/examples_rclcpp_minimal_action_client/lib/examples_rclcpp_minimal_action_client/action_client_not_composable_with_feedback
[59.700s] -- Set runtime path of "/home/michael/HRI/ros2_ws/install/examples_rclcpp_minimal_action_client/lib/examples_rclcpp_minimal_action_client/action_client_not_composable_with_feedback" to ""
[59.701s] -- Installing: /home/michael/HRI/ros2_ws/install/examples_rclcpp_minimal_action_client/share/ament_index/resource_index/package_run_dependencies/examples_rclcpp_minimal_action_client
[59.701s] -- Installing: /home/michael/HRI/ros2_ws/install/examples_rclcpp_minimal_action_client/share/ament_index/resource_index/parent_prefix_path/examples_rclcpp_minimal_action_client
[59.702s] -- Installing: /home/michael/HRI/ros2_ws/install/examples_rclcpp_minimal_action_client/share/examples_rclcpp_minimal_action_client/environment/ament_prefix_path.sh
[59.702s] -- Installing: /home/michael/HRI/ros2_ws/install/examples_rclcpp_minimal_action_client/share/examples_rclcpp_minimal_action_client/environment/ament_prefix_path.dsv
[59.703s] -- Installing: /home/michael/HRI/ros2_ws/install/examples_rclcpp_minimal_action_client/share/examples_rclcpp_minimal_action_client/environment/path.sh
[59.703s] -- Installing: /home/michael/HRI/ros2_ws/install/examples_rclcpp_minimal_action_client/share/examples_rclcpp_minimal_action_client/environment/path.dsv
[59.703s] -- Installing: /home/michael/HRI/ros2_ws/install/examples_rclcpp_minimal_action_client/share/examples_rclcpp_minimal_action_client/local_setup.bash
[59.704s] -- Installing: /home/michael/HRI/ros2_ws/install/examples_rclcpp_minimal_action_client/share/examples_rclcpp_minimal_action_client/local_setup.sh
[59.704s] -- Installing: /home/michael/HRI/ros2_ws/install/examples_rclcpp_minimal_action_client/share/examples_rclcpp_minimal_action_client/local_setup.zsh
[59.705s] -- Installing: /home/michael/HRI/ros2_ws/install/examples_rclcpp_minimal_action_client/share/examples_rclcpp_minimal_action_client/local_setup.dsv
[59.705s] -- Installing: /home/michael/HRI/ros2_ws/install/examples_rclcpp_minimal_action_client/share/examples_rclcpp_minimal_action_client/package.dsv
[59.706s] -- Installing: /home/michael/HRI/ros2_ws/install/examples_rclcpp_minimal_action_client/share/ament_index/resource_index/packages/examples_rclcpp_minimal_action_client
[59.707s] -- Installing: /home/michael/HRI/ros2_ws/install/examples_rclcpp_minimal_action_client/share/examples_rclcpp_minimal_action_client/cmake/examples_rclcpp_minimal_action_clientConfig.cmake
[59.712s] -- Installing: /home/michael/HRI/ros2_ws/install/examples_rclcpp_minimal_action_client/share/examples_rclcpp_minimal_action_client/cmake/examples_rclcpp_minimal_action_clientConfig-version.cmake
[59.714s] -- Installing: /home/michael/HRI/ros2_ws/install/examples_rclcpp_minimal_action_client/share/examples_rclcpp_minimal_action_client/package.xml
[59.733s] Invoked command in '/home/michael/HRI/ros2_ws/build/examples_rclcpp_minimal_action_client' returned '0': CMAKE_PREFIX_PATH=${CMAKE_PREFIX_PATH}:/opt/ros/humble /usr/bin/cmake --install /home/michael/HRI/ros2_ws/build/examples_rclcpp_minimal_action_client
