[5.541s] Invoking command in '/home/michael/HRI/ros2_ws/src/examples/rclpy/actions/minimal_action_client': PYTHONPATH=/home/michael/HRI/ros2_ws/build/examples_rclpy_minimal_action_client/prefix_override:/home/michael/HRI/ros2_ws/install/examples_rclpy_minimal_action_client/lib/python3.10/site-packages:${PYTHONPATH} /usr/bin/python3 setup.py egg_info --egg-base ../../../../../build/examples_rclpy_minimal_action_client build --build-base /home/michael/HRI/ros2_ws/build/examples_rclpy_minimal_action_client/build install --record /home/michael/HRI/ros2_ws/build/examples_rclpy_minimal_action_client/install.log --single-version-externally-managed
[6.117s] running egg_info
[6.118s] creating ../../../../../build/examples_rclpy_minimal_action_client/examples_rclpy_minimal_action_client.egg-info
[6.119s] writing ../../../../../build/examples_rclpy_minimal_action_client/examples_rclpy_minimal_action_client.egg-info/PKG-INFO
[6.119s] writing dependency_links to ../../../../../build/examples_rclpy_minimal_action_client/examples_rclpy_minimal_action_client.egg-info/dependency_links.txt
[6.119s] writing entry points to ../../../../../build/examples_rclpy_minimal_action_client/examples_rclpy_minimal_action_client.egg-info/entry_points.txt
[6.120s] writing requirements to ../../../../../build/examples_rclpy_minimal_action_client/examples_rclpy_minimal_action_client.egg-info/requires.txt
[6.120s] writing top-level names to ../../../../../build/examples_rclpy_minimal_action_client/examples_rclpy_minimal_action_client.egg-info/top_level.txt
[6.120s] writing manifest file '../../../../../build/examples_rclpy_minimal_action_client/examples_rclpy_minimal_action_client.egg-info/SOURCES.txt'
[6.123s] reading manifest file '../../../../../build/examples_rclpy_minimal_action_client/examples_rclpy_minimal_action_client.egg-info/SOURCES.txt'
[6.124s] writing manifest file '../../../../../build/examples_rclpy_minimal_action_client/examples_rclpy_minimal_action_client.egg-info/SOURCES.txt'
[6.125s] running build
[6.125s] running build_py
[6.125s] creating /home/michael/HRI/ros2_ws/build/examples_rclpy_minimal_action_client/build
[6.125s] creating /home/michael/HRI/ros2_ws/build/examples_rclpy_minimal_action_client/build/lib
[6.125s] creating /home/michael/HRI/ros2_ws/build/examples_rclpy_minimal_action_client/build/lib/examples_rclpy_minimal_action_client
[6.125s] copying examples_rclpy_minimal_action_client/client_asyncio.py -> /home/michael/HRI/ros2_ws/build/examples_rclpy_minimal_action_client/build/lib/examples_rclpy_minimal_action_client
[6.153s] copying examples_rclpy_minimal_action_client/client.py -> /home/michael/HRI/ros2_ws/build/examples_rclpy_minimal_action_client/build/lib/examples_rclpy_minimal_action_client
[6.238s] copying examples_rclpy_minimal_action_client/__init__.py -> /home/michael/HRI/ros2_ws/build/examples_rclpy_minimal_action_client/build/lib/examples_rclpy_minimal_action_client
[6.238s] copying examples_rclpy_minimal_action_client/client_not_composable.py -> /home/michael/HRI/ros2_ws/build/examples_rclpy_minimal_action_client/build/lib/examples_rclpy_minimal_action_client
[6.305s] copying examples_rclpy_minimal_action_client/client_cancel.py -> /home/michael/HRI/ros2_ws/build/examples_rclpy_minimal_action_client/build/lib/examples_rclpy_minimal_action_client
[6.319s] running install
[6.319s] /usr/lib/python3/dist-packages/setuptools/command/install.py:34: SetuptoolsDeprecationWarning: setup.py install is deprecated. Use build and pip and other standards-based tools.
[6.320s]   warnings.warn(
[6.320s] running install_lib
[6.324s] creating /home/michael/HRI/ros2_ws/install/examples_rclpy_minimal_action_client/lib/python3.10/site-packages/examples_rclpy_minimal_action_client
[6.324s] copying /home/michael/HRI/ros2_ws/build/examples_rclpy_minimal_action_client/build/lib/examples_rclpy_minimal_action_client/client_asyncio.py -> /home/michael/HRI/ros2_ws/install/examples_rclpy_minimal_action_client/lib/python3.10/site-packages/examples_rclpy_minimal_action_client
[6.325s] copying /home/michael/HRI/ros2_ws/build/examples_rclpy_minimal_action_client/build/lib/examples_rclpy_minimal_action_client/client.py -> /home/michael/HRI/ros2_ws/install/examples_rclpy_minimal_action_client/lib/python3.10/site-packages/examples_rclpy_minimal_action_client
[6.325s] copying /home/michael/HRI/ros2_ws/build/examples_rclpy_minimal_action_client/build/lib/examples_rclpy_minimal_action_client/__init__.py -> /home/michael/HRI/ros2_ws/install/examples_rclpy_minimal_action_client/lib/python3.10/site-packages/examples_rclpy_minimal_action_client
[6.326s] copying /home/michael/HRI/ros2_ws/build/examples_rclpy_minimal_action_client/build/lib/examples_rclpy_minimal_action_client/client_not_composable.py -> /home/michael/HRI/ros2_ws/install/examples_rclpy_minimal_action_client/lib/python3.10/site-packages/examples_rclpy_minimal_action_client
[6.326s] copying /home/michael/HRI/ros2_ws/build/examples_rclpy_minimal_action_client/build/lib/examples_rclpy_minimal_action_client/client_cancel.py -> /home/michael/HRI/ros2_ws/install/examples_rclpy_minimal_action_client/lib/python3.10/site-packages/examples_rclpy_minimal_action_client
[6.328s] byte-compiling /home/michael/HRI/ros2_ws/install/examples_rclpy_minimal_action_client/lib/python3.10/site-packages/examples_rclpy_minimal_action_client/client_asyncio.py to client_asyncio.cpython-310.pyc
[6.332s] byte-compiling /home/michael/HRI/ros2_ws/install/examples_rclpy_minimal_action_client/lib/python3.10/site-packages/examples_rclpy_minimal_action_client/client.py to client.cpython-310.pyc
[6.334s] byte-compiling /home/michael/HRI/ros2_ws/install/examples_rclpy_minimal_action_client/lib/python3.10/site-packages/examples_rclpy_minimal_action_client/__init__.py to __init__.cpython-310.pyc
[6.335s] byte-compiling /home/michael/HRI/ros2_ws/install/examples_rclpy_minimal_action_client/lib/python3.10/site-packages/examples_rclpy_minimal_action_client/client_not_composable.py to client_not_composable.cpython-310.pyc
[6.338s] byte-compiling /home/michael/HRI/ros2_ws/install/examples_rclpy_minimal_action_client/lib/python3.10/site-packages/examples_rclpy_minimal_action_client/client_cancel.py to client_cancel.cpython-310.pyc
[6.341s] running install_data
[6.344s] creating /home/michael/HRI/ros2_ws/install/examples_rclpy_minimal_action_client/share/ament_index
[6.345s] creating /home/michael/HRI/ros2_ws/install/examples_rclpy_minimal_action_client/share/ament_index/resource_index
[6.345s] creating /home/michael/HRI/ros2_ws/install/examples_rclpy_minimal_action_client/share/ament_index/resource_index/packages
[6.346s] copying resource/examples_rclpy_minimal_action_client -> /home/michael/HRI/ros2_ws/install/examples_rclpy_minimal_action_client/share/ament_index/resource_index/packages
[6.346s] copying package.xml -> /home/michael/HRI/ros2_ws/install/examples_rclpy_minimal_action_client/share/examples_rclpy_minimal_action_client
[6.346s] running install_egg_info
[6.352s] Copying ../../../../../build/examples_rclpy_minimal_action_client/examples_rclpy_minimal_action_client.egg-info to /home/michael/HRI/ros2_ws/install/examples_rclpy_minimal_action_client/lib/python3.10/site-packages/examples_rclpy_minimal_action_client-0.15.1-py3.10.egg-info
[6.356s] running install_scripts
[6.404s] Installing client script to /home/michael/HRI/ros2_ws/install/examples_rclpy_minimal_action_client/lib/examples_rclpy_minimal_action_client
[6.404s] Installing client_asyncio script to /home/michael/HRI/ros2_ws/install/examples_rclpy_minimal_action_client/lib/examples_rclpy_minimal_action_client
[6.404s] Installing client_cancel script to /home/michael/HRI/ros2_ws/install/examples_rclpy_minimal_action_client/lib/examples_rclpy_minimal_action_client
[6.405s] Installing client_not_composable script to /home/michael/HRI/ros2_ws/install/examples_rclpy_minimal_action_client/lib/examples_rclpy_minimal_action_client
[6.405s] writing list of installed files to '/home/michael/HRI/ros2_ws/build/examples_rclpy_minimal_action_client/install.log'
[6.467s] Invoked command in '/home/michael/HRI/ros2_ws/src/examples/rclpy/actions/minimal_action_client' returned '0': PYTHONPATH=/home/michael/HRI/ros2_ws/build/examples_rclpy_minimal_action_client/prefix_override:/home/michael/HRI/ros2_ws/install/examples_rclpy_minimal_action_client/lib/python3.10/site-packages:${PYTHONPATH} /usr/bin/python3 setup.py egg_info --egg-base ../../../../../build/examples_rclpy_minimal_action_client build --build-base /home/michael/HRI/ros2_ws/build/examples_rclpy_minimal_action_client/build install --record /home/michael/HRI/ros2_ws/build/examples_rclpy_minimal_action_client/install.log --single-version-externally-managed
