[0.143s] Invoking command in '/home/michael/HRI/ros2_ws/build/examples_rclcpp_minimal_timer': CMAKE_PREFIX_PATH=${CMAKE_PREFIX_PATH}:/opt/ros/humble /usr/bin/cmake --build /home/michael/HRI/ros2_ws/build/examples_rclcpp_minimal_timer -- -j8 -l8
[0.246s] [35m[1mConsolidate compiler generated dependencies of target timer_lambda[0m
[0.280s] [35m[1mConsolidate compiler generated dependencies of target timer_member_function[0m
[0.299s] [ 50%] Built target timer_lambda
[0.336s] [100%] Built target timer_member_function
[0.917s] Invoked command in '/home/michael/HRI/ros2_ws/build/examples_rclcpp_minimal_timer' returned '0': CMAKE_PREFIX_PATH=${CMAKE_PREFIX_PATH}:/opt/ros/humble /usr/bin/cmake --build /home/michael/HRI/ros2_ws/build/examples_rclcpp_minimal_timer -- -j8 -l8
[1.094s] Invoking command in '/home/michael/HRI/ros2_ws/build/examples_rclcpp_minimal_timer': CMAKE_PREFIX_PATH=${CMAKE_PREFIX_PATH}:/opt/ros/humble /usr/bin/cmake --install /home/michael/HRI/ros2_ws/build/examples_rclcpp_minimal_timer
[1.112s] -- Install configuration: ""
[1.112s] -- Installing: /home/michael/HRI/ros2_ws/install/examples_rclcpp_minimal_timer/lib/examples_rclcpp_minimal_timer/timer_lambda
[1.114s] -- Set runtime path of "/home/michael/HRI/ros2_ws/install/examples_rclcpp_minimal_timer/lib/examples_rclcpp_minimal_timer/timer_lambda" to ""
[1.115s] -- Installing: /home/michael/HRI/ros2_ws/install/examples_rclcpp_minimal_timer/lib/examples_rclcpp_minimal_timer/timer_member_function
[1.116s] -- Set runtime path of "/home/michael/HRI/ros2_ws/install/examples_rclcpp_minimal_timer/lib/examples_rclcpp_minimal_timer/timer_member_function" to ""
[1.117s] -- Installing: /home/michael/HRI/ros2_ws/install/examples_rclcpp_minimal_timer/share/ament_index/resource_index/package_run_dependencies/examples_rclcpp_minimal_timer
[1.117s] -- Installing: /home/michael/HRI/ros2_ws/install/examples_rclcpp_minimal_timer/share/ament_index/resource_index/parent_prefix_path/examples_rclcpp_minimal_timer
[1.118s] -- Installing: /home/michael/HRI/ros2_ws/install/examples_rclcpp_minimal_timer/share/examples_rclcpp_minimal_timer/environment/ament_prefix_path.sh
[1.118s] -- Installing: /home/michael/HRI/ros2_ws/install/examples_rclcpp_minimal_timer/share/examples_rclcpp_minimal_timer/environment/ament_prefix_path.dsv
[1.119s] -- Installing: /home/michael/HRI/ros2_ws/install/examples_rclcpp_minimal_timer/share/examples_rclcpp_minimal_timer/environment/path.sh
[1.119s] -- Installing: /home/michael/HRI/ros2_ws/install/examples_rclcpp_minimal_timer/share/examples_rclcpp_minimal_timer/environment/path.dsv
[1.119s] -- Installing: /home/michael/HRI/ros2_ws/install/examples_rclcpp_minimal_timer/share/examples_rclcpp_minimal_timer/local_setup.bash
[1.120s] -- Installing: /home/michael/HRI/ros2_ws/install/examples_rclcpp_minimal_timer/share/examples_rclcpp_minimal_timer/local_setup.sh
[1.120s] -- Installing: /home/michael/HRI/ros2_ws/install/examples_rclcpp_minimal_timer/share/examples_rclcpp_minimal_timer/local_setup.zsh
[1.120s] -- Installing: /home/michael/HRI/ros2_ws/install/examples_rclcpp_minimal_timer/share/examples_rclcpp_minimal_timer/local_setup.dsv
[1.121s] -- Installing: /home/michael/HRI/ros2_ws/install/examples_rclcpp_minimal_timer/share/examples_rclcpp_minimal_timer/package.dsv
[1.121s] -- Installing: /home/michael/HRI/ros2_ws/install/examples_rclcpp_minimal_timer/share/ament_index/resource_index/packages/examples_rclcpp_minimal_timer
[1.121s] -- Installing: /home/michael/HRI/ros2_ws/install/examples_rclcpp_minimal_timer/share/examples_rclcpp_minimal_timer/cmake/examples_rclcpp_minimal_timerConfig.cmake
[1.122s] -- Installing: /home/michael/HRI/ros2_ws/install/examples_rclcpp_minimal_timer/share/examples_rclcpp_minimal_timer/cmake/examples_rclcpp_minimal_timerConfig-version.cmake
[1.124s] -- Installing: /home/michael/HRI/ros2_ws/install/examples_rclcpp_minimal_timer/share/examples_rclcpp_minimal_timer/package.xml
[1.698s] Invoked command in '/home/michael/HRI/ros2_ws/build/examples_rclcpp_minimal_timer' returned '0': CMAKE_PREFIX_PATH=${CMAKE_PREFIX_PATH}:/opt/ros/humble /usr/bin/cmake --install /home/michael/HRI/ros2_ws/build/examples_rclcpp_minimal_timer
