[0.079s] Invoking command in '/home/michael/HRI/ros2_ws/build/examples_rclcpp_minimal_client': CMAKE_PREFIX_PATH=${CMAKE_PREFIX_PATH}:/opt/ros/humble /usr/bin/cmake /home/michael/HRI/ros2_ws/src/examples/rclcpp/services/minimal_client -DCMAKE_INSTALL_PREFIX=/home/michael/HRI/ros2_ws/install/examples_rclcpp_minimal_client
[0.267s] -- The C compiler identification is GNU 11.3.0
[0.440s] -- The CXX compiler identification is GNU 11.3.0
[0.465s] -- Detecting C compiler ABI info
[0.696s] -- Detecting C compiler ABI info - done
[0.724s] -- Check for working C compiler: /usr/bin/cc - skipped
[0.725s] -- Detecting C compile features
[0.726s] -- Detecting C compile features - done
[0.735s] -- Detecting CXX compiler ABI info
[1.236s] -- Detecting CXX compiler ABI info - done
[1.266s] -- Check for working CXX compiler: /usr/bin/c++ - skipped
[1.266s] -- Detecting CXX compile features
[1.268s] -- Detecting CXX compile features - done
[1.277s] -- Found ament_cmake: 1.3.5 (/opt/ros/humble/share/ament_cmake/cmake)
[1.727s] -- Found Python3: /usr/bin/python3.10 (found version "3.10.6") found components: Interpreter 
[2.124s] -- Found example_interfaces: 0.9.3 (/opt/ros/humble/share/example_interfaces/cmake)
[2.736s] -- Found rosidl_generator_c: 3.1.4 (/opt/ros/humble/share/rosidl_generator_c/cmake)
[2.763s] -- Found rosidl_adapter: 3.1.4 (/opt/ros/humble/share/rosidl_adapter/cmake)
[2.791s] -- Found rosidl_generator_cpp: 3.1.4 (/opt/ros/humble/share/rosidl_generator_cpp/cmake)
[2.844s] -- Using all available rosidl_typesupport_c: rosidl_typesupport_fastrtps_c;rosidl_typesupport_introspection_c
[2.924s] -- Using all available rosidl_typesupport_cpp: rosidl_typesupport_fastrtps_cpp;rosidl_typesupport_introspection_cpp
[5.978s] -- Found rclcpp: 16.0.4 (/opt/ros/humble/share/rclcpp/cmake)
[6.679s] -- Found rmw_implementation_cmake: 6.1.1 (/opt/ros/humble/share/rmw_implementation_cmake/cmake)
[6.692s] -- Found rmw_fastrtps_cpp: 6.2.2 (/opt/ros/humble/share/rmw_fastrtps_cpp/cmake)
[7.652s] -- Found OpenSSL: /usr/lib/x86_64-linux-gnu/libcrypto.so (found version "3.0.2")  
[7.954s] -- Found FastRTPS: /opt/ros/humble/include  
[8.600s] -- Using RMW implementation 'rmw_fastrtps_cpp' as default
[8.770s] -- Looking for pthread.h
[9.757s] -- Looking for pthread.h - found
[9.758s] -- Performing Test CMAKE_HAVE_LIBC_PTHREAD
[10.489s] -- Performing Test CMAKE_HAVE_LIBC_PTHREAD - Success
[10.493s] -- Found Threads: TRUE  
[12.562s] -- Found ament_lint_auto: 0.12.6 (/opt/ros/humble/share/ament_lint_auto/cmake)
[13.315s] -- Added test 'copyright' to check source files copyright and LICENSE
[13.326s] -- Added test 'cppcheck' to perform static code analysis on C / C++ code
[13.327s] -- Configured cppcheck include dirs: 
[13.327s] -- Configured cppcheck exclude dirs and/or files: 
[13.341s] -- Added test 'cpplint' to check C / C++ code against the Google style
[13.341s] -- Configured cpplint exclude dirs and/or files: 
[13.351s] -- Added test 'lint_cmake' to check CMake code style
[13.360s] -- Added test 'uncrustify' to check C / C++ code style
[13.360s] -- Configured uncrustify additional arguments: 
[13.364s] -- Added test 'xmllint' to check XML markup files
[13.368s] -- Configuring done
[13.468s] -- Generating done
[13.490s] -- Build files have been written to: /home/michael/HRI/ros2_ws/build/examples_rclcpp_minimal_client
[13.547s] Invoked command in '/home/michael/HRI/ros2_ws/build/examples_rclcpp_minimal_client' returned '0': CMAKE_PREFIX_PATH=${CMAKE_PREFIX_PATH}:/opt/ros/humble /usr/bin/cmake /home/michael/HRI/ros2_ws/src/examples/rclcpp/services/minimal_client -DCMAKE_INSTALL_PREFIX=/home/michael/HRI/ros2_ws/install/examples_rclcpp_minimal_client
[13.560s] Invoking command in '/home/michael/HRI/ros2_ws/build/examples_rclcpp_minimal_client': CMAKE_PREFIX_PATH=${CMAKE_PREFIX_PATH}:/opt/ros/humble /usr/bin/cmake --build /home/michael/HRI/ros2_ws/build/examples_rclcpp_minimal_client -- -j8 -l8
[14.892s] [ 50%] [32mBuilding CXX object CMakeFiles/client_main.dir/main.cpp.o[0m
[40.943s] [100%] [32m[1mLinking CXX executable client_main[0m
[47.377s] [100%] Built target client_main
[47.787s] Invoked command in '/home/michael/HRI/ros2_ws/build/examples_rclcpp_minimal_client' returned '0': CMAKE_PREFIX_PATH=${CMAKE_PREFIX_PATH}:/opt/ros/humble /usr/bin/cmake --build /home/michael/HRI/ros2_ws/build/examples_rclcpp_minimal_client -- -j8 -l8
[47.936s] Invoking command in '/home/michael/HRI/ros2_ws/build/examples_rclcpp_minimal_client': CMAKE_PREFIX_PATH=${CMAKE_PREFIX_PATH}:/opt/ros/humble /usr/bin/cmake --install /home/michael/HRI/ros2_ws/build/examples_rclcpp_minimal_client
[47.958s] -- Install configuration: ""
[47.959s] -- Installing: /home/michael/HRI/ros2_ws/install/examples_rclcpp_minimal_client/lib/examples_rclcpp_minimal_client/client_main
[47.960s] -- Set runtime path of "/home/michael/HRI/ros2_ws/install/examples_rclcpp_minimal_client/lib/examples_rclcpp_minimal_client/client_main" to ""
[47.960s] -- Installing: /home/michael/HRI/ros2_ws/install/examples_rclcpp_minimal_client/share/ament_index/resource_index/package_run_dependencies/examples_rclcpp_minimal_client
[47.966s] -- Installing: /home/michael/HRI/ros2_ws/install/examples_rclcpp_minimal_client/share/ament_index/resource_index/parent_prefix_path/examples_rclcpp_minimal_client
[47.967s] -- Installing: /home/michael/HRI/ros2_ws/install/examples_rclcpp_minimal_client/share/examples_rclcpp_minimal_client/environment/ament_prefix_path.sh
[47.967s] -- Installing: /home/michael/HRI/ros2_ws/install/examples_rclcpp_minimal_client/share/examples_rclcpp_minimal_client/environment/ament_prefix_path.dsv
[47.967s] -- Installing: /home/michael/HRI/ros2_ws/install/examples_rclcpp_minimal_client/share/examples_rclcpp_minimal_client/environment/path.sh
[47.967s] -- Installing: /home/michael/HRI/ros2_ws/install/examples_rclcpp_minimal_client/share/examples_rclcpp_minimal_client/environment/path.dsv
[47.968s] -- Installing: /home/michael/HRI/ros2_ws/install/examples_rclcpp_minimal_client/share/examples_rclcpp_minimal_client/local_setup.bash
[47.968s] -- Installing: /home/michael/HRI/ros2_ws/install/examples_rclcpp_minimal_client/share/examples_rclcpp_minimal_client/local_setup.sh
[47.968s] -- Installing: /home/michael/HRI/ros2_ws/install/examples_rclcpp_minimal_client/share/examples_rclcpp_minimal_client/local_setup.zsh
[47.968s] -- Installing: /home/michael/HRI/ros2_ws/install/examples_rclcpp_minimal_client/share/examples_rclcpp_minimal_client/local_setup.dsv
[47.969s] -- Installing: /home/michael/HRI/ros2_ws/install/examples_rclcpp_minimal_client/share/examples_rclcpp_minimal_client/package.dsv
[47.969s] -- Installing: /home/michael/HRI/ros2_ws/install/examples_rclcpp_minimal_client/share/ament_index/resource_index/packages/examples_rclcpp_minimal_client
[47.969s] -- Installing: /home/michael/HRI/ros2_ws/install/examples_rclcpp_minimal_client/share/examples_rclcpp_minimal_client/cmake/examples_rclcpp_minimal_clientConfig.cmake
[47.969s] -- Installing: /home/michael/HRI/ros2_ws/install/examples_rclcpp_minimal_client/share/examples_rclcpp_minimal_client/cmake/examples_rclcpp_minimal_clientConfig-version.cmake
[47.969s] -- Installing: /home/michael/HRI/ros2_ws/install/examples_rclcpp_minimal_client/share/examples_rclcpp_minimal_client/package.xml
[48.128s] Invoked command in '/home/michael/HRI/ros2_ws/build/examples_rclcpp_minimal_client' returned '0': CMAKE_PREFIX_PATH=${CMAKE_PREFIX_PATH}:/opt/ros/humble /usr/bin/cmake --install /home/michael/HRI/ros2_ws/build/examples_rclcpp_minimal_client
