[0.127s] Invoking command in '/home/michael/HRI/ros2_ws/build/examples_rclcpp_minimal_timer': CMAKE_PREFIX_PATH=${CMAKE_PREFIX_PATH}:/opt/ros/humble /usr/bin/cmake /home/michael/HRI/ros2_ws/src/examples/rclcpp/timers/minimal_timer -DCMAKE_INSTALL_PREFIX=/home/michael/HRI/ros2_ws/install/examples_rclcpp_minimal_timer
[1.463s] -- The C compiler identification is GNU 11.3.0
[1.465s] -- The CXX compiler identification is GNU 11.3.0
[1.871s] -- Detecting C compiler ABI info
[2.542s] -- Detecting C compiler ABI info - done
[2.576s] -- Check for working C compiler: /usr/bin/cc - skipped
[2.577s] -- Detecting C compile features
[2.579s] -- Detecting C compile features - done
[2.622s] -- Detecting CXX compiler ABI info
[2.914s] -- Detecting CXX compiler ABI info - done
[2.969s] -- Check for working CXX compiler: /usr/bin/c++ - skipped
[2.970s] -- Detecting CXX compile features
[2.971s] -- Detecting CXX compile features - done
[3.296s] -- Found ament_cmake: 1.3.5 (/opt/ros/humble/share/ament_cmake/cmake)
[6.012s] -- Found Python3: /usr/bin/python3.10 (found version "3.10.6") found components: Interpreter 
[15.715s] -- Found rclcpp: 16.0.4 (/opt/ros/humble/share/rclcpp/cmake)
[18.697s] -- Found rosidl_generator_c: 3.1.4 (/opt/ros/humble/share/rosidl_generator_c/cmake)
[19.319s] -- Found rosidl_adapter: 3.1.4 (/opt/ros/humble/share/rosidl_adapter/cmake)
[20.088s] -- Found rosidl_generator_cpp: 3.1.4 (/opt/ros/humble/share/rosidl_generator_cpp/cmake)
[23.094s] -- Using all available rosidl_typesupport_c: rosidl_typesupport_fastrtps_c;rosidl_typesupport_introspection_c
[24.347s] -- Using all available rosidl_typesupport_cpp: rosidl_typesupport_fastrtps_cpp;rosidl_typesupport_introspection_cpp
[27.538s] -- Found rmw_implementation_cmake: 6.1.1 (/opt/ros/humble/share/rmw_implementation_cmake/cmake)
[28.166s] -- Found rmw_fastrtps_cpp: 6.2.2 (/opt/ros/humble/share/rmw_fastrtps_cpp/cmake)
[30.548s] -- Found OpenSSL: /usr/lib/x86_64-linux-gnu/libcrypto.so (found version "3.0.2")  
[30.988s] -- Found FastRTPS: /opt/ros/humble/include  
[31.139s] -- Using RMW implementation 'rmw_fastrtps_cpp' as default
[31.853s] -- Looking for pthread.h
[32.193s] -- Looking for pthread.h - found
[32.195s] -- Performing Test CMAKE_HAVE_LIBC_PTHREAD
[32.364s] -- Performing Test CMAKE_HAVE_LIBC_PTHREAD - Success
[32.367s] -- Found Threads: TRUE  
[37.959s] -- Found ament_lint_auto: 0.12.6 (/opt/ros/humble/share/ament_lint_auto/cmake)
[41.600s] -- Added test 'copyright' to check source files copyright and LICENSE
[41.607s] -- Added test 'cppcheck' to perform static code analysis on C / C++ code
[41.608s] -- Configured cppcheck include dirs: 
[41.609s] -- Configured cppcheck exclude dirs and/or files: 
[41.618s] -- Added test 'cpplint' to check C / C++ code against the Google style
[41.619s] -- Configured cpplint exclude dirs and/or files: 
[41.724s] -- Added test 'lint_cmake' to check CMake code style
[41.838s] -- Added test 'uncrustify' to check C / C++ code style
[41.838s] -- Configured uncrustify additional arguments: 
[41.916s] -- Added test 'xmllint' to check XML markup files
[42.023s] -- Configuring done
[42.383s] -- Generating done
[42.390s] -- Build files have been written to: /home/michael/HRI/ros2_ws/build/examples_rclcpp_minimal_timer
[42.556s] Invoked command in '/home/michael/HRI/ros2_ws/build/examples_rclcpp_minimal_timer' returned '0': CMAKE_PREFIX_PATH=${CMAKE_PREFIX_PATH}:/opt/ros/humble /usr/bin/cmake /home/michael/HRI/ros2_ws/src/examples/rclcpp/timers/minimal_timer -DCMAKE_INSTALL_PREFIX=/home/michael/HRI/ros2_ws/install/examples_rclcpp_minimal_timer
[42.557s] Invoking command in '/home/michael/HRI/ros2_ws/build/examples_rclcpp_minimal_timer': CMAKE_PREFIX_PATH=${CMAKE_PREFIX_PATH}:/opt/ros/humble /usr/bin/cmake --build /home/michael/HRI/ros2_ws/build/examples_rclcpp_minimal_timer -- -j8 -l8
[42.678s] [ 25%] [32mBuilding CXX object CMakeFiles/timer_lambda.dir/lambda.cpp.o[0m
[50.084s] [ 50%] [32m[1mLinking CXX executable timer_lambda[0m
[50.312s] [ 50%] Built target timer_lambda
[50.349s] [ 75%] [32mBuilding CXX object CMakeFiles/timer_member_function.dir/member_function.cpp.o[0m
[55.991s] [100%] [32m[1mLinking CXX executable timer_member_function[0m
[56.212s] [100%] Built target timer_member_function
