[0.107s] Invoking command in '/home/michael/HRI/ros2_ws/build/examples_rclcpp_minimal_action_client': CMAKE_PREFIX_PATH=${CMAKE_PREFIX_PATH}:/opt/ros/humble /usr/bin/cmake --build /home/michael/HRI/ros2_ws/build/examples_rclcpp_minimal_action_client -- -j8 -l8
[0.233s] [35m[1mConsolidate compiler generated dependencies of target action_client_not_composable_with_cancel[0m
[0.256s] [35m[1mConsolidate compiler generated dependencies of target action_client_member_functions[0m
[0.268s] [35m[1mConsolidate compiler generated dependencies of target action_client_not_composable[0m
[0.290s] [35m[1mConsolidate compiler generated dependencies of target action_client_not_composable_with_feedback[0m
[0.356s] [ 25%] Built target action_client_not_composable_with_cancel
[0.397s] [ 50%] Built target action_client_member_functions
[0.413s] [ 75%] Built target action_client_not_composable
[0.413s] [100%] Built target action_client_not_composable_with_feedback
[0.479s] Invoked command in '/home/michael/HRI/ros2_ws/build/examples_rclcpp_minimal_action_client' returned '0': CMAKE_PREFIX_PATH=${CMAKE_PREFIX_PATH}:/opt/ros/humble /usr/bin/cmake --build /home/michael/HRI/ros2_ws/build/examples_rclcpp_minimal_action_client -- -j8 -l8
[0.643s] Invoking command in '/home/michael/HRI/ros2_ws/build/examples_rclcpp_minimal_action_client': CMAKE_PREFIX_PATH=${CMAKE_PREFIX_PATH}:/opt/ros/humble /usr/bin/cmake --install /home/michael/HRI/ros2_ws/build/examples_rclcpp_minimal_action_client
[0.667s] -- Install configuration: ""
[0.673s] -- Up-to-date: /home/michael/HRI/ros2_ws/install/examples_rclcpp_minimal_action_client/lib/examples_rclcpp_minimal_action_client/action_client_member_functions
[0.673s] -- Up-to-date: /home/michael/HRI/ros2_ws/install/examples_rclcpp_minimal_action_client/lib/examples_rclcpp_minimal_action_client/action_client_not_composable
[0.674s] -- Up-to-date: /home/michael/HRI/ros2_ws/install/examples_rclcpp_minimal_action_client/lib/examples_rclcpp_minimal_action_client/action_client_not_composable_with_cancel
[0.675s] -- Up-to-date: /home/michael/HRI/ros2_ws/install/examples_rclcpp_minimal_action_client/lib/examples_rclcpp_minimal_action_client/action_client_not_composable_with_feedback
[0.675s] -- Up-to-date: /home/michael/HRI/ros2_ws/install/examples_rclcpp_minimal_action_client/share/ament_index/resource_index/package_run_dependencies/examples_rclcpp_minimal_action_client
[0.675s] -- Up-to-date: /home/michael/HRI/ros2_ws/install/examples_rclcpp_minimal_action_client/share/ament_index/resource_index/parent_prefix_path/examples_rclcpp_minimal_action_client
[0.676s] -- Up-to-date: /home/michael/HRI/ros2_ws/install/examples_rclcpp_minimal_action_client/share/examples_rclcpp_minimal_action_client/environment/ament_prefix_path.sh
[0.676s] -- Up-to-date: /home/michael/HRI/ros2_ws/install/examples_rclcpp_minimal_action_client/share/examples_rclcpp_minimal_action_client/environment/ament_prefix_path.dsv
[0.676s] -- Up-to-date: /home/michael/HRI/ros2_ws/install/examples_rclcpp_minimal_action_client/share/examples_rclcpp_minimal_action_client/environment/path.sh
[0.677s] -- Up-to-date: /home/michael/HRI/ros2_ws/install/examples_rclcpp_minimal_action_client/share/examples_rclcpp_minimal_action_client/environment/path.dsv
[0.680s] -- Up-to-date: /home/michael/HRI/ros2_ws/install/examples_rclcpp_minimal_action_client/share/examples_rclcpp_minimal_action_client/local_setup.bash
[0.680s] -- Up-to-date: /home/michael/HRI/ros2_ws/install/examples_rclcpp_minimal_action_client/share/examples_rclcpp_minimal_action_client/local_setup.sh
[0.681s] -- Up-to-date: /home/michael/HRI/ros2_ws/install/examples_rclcpp_minimal_action_client/share/examples_rclcpp_minimal_action_client/local_setup.zsh
[0.681s] -- Up-to-date: /home/michael/HRI/ros2_ws/install/examples_rclcpp_minimal_action_client/share/examples_rclcpp_minimal_action_client/local_setup.dsv
[0.682s] -- Installing: /home/michael/HRI/ros2_ws/install/examples_rclcpp_minimal_action_client/share/examples_rclcpp_minimal_action_client/package.dsv
[0.682s] -- Up-to-date: /home/michael/HRI/ros2_ws/install/examples_rclcpp_minimal_action_client/share/ament_index/resource_index/packages/examples_rclcpp_minimal_action_client
[0.684s] -- Up-to-date: /home/michael/HRI/ros2_ws/install/examples_rclcpp_minimal_action_client/share/examples_rclcpp_minimal_action_client/cmake/examples_rclcpp_minimal_action_clientConfig.cmake
[0.686s] -- Up-to-date: /home/michael/HRI/ros2_ws/install/examples_rclcpp_minimal_action_client/share/examples_rclcpp_minimal_action_client/cmake/examples_rclcpp_minimal_action_clientConfig-version.cmake
[0.686s] -- Up-to-date: /home/michael/HRI/ros2_ws/install/examples_rclcpp_minimal_action_client/share/examples_rclcpp_minimal_action_client/package.xml
[0.802s] Invoked command in '/home/michael/HRI/ros2_ws/build/examples_rclcpp_minimal_action_client' returned '0': CMAKE_PREFIX_PATH=${CMAKE_PREFIX_PATH}:/opt/ros/humble /usr/bin/cmake --install /home/michael/HRI/ros2_ws/build/examples_rclcpp_minimal_action_client
