[0.096s] Invoking command in '/home/michael/HRI/ros2_ws/build/examples_rclcpp_minimal_composition': CMAKE_PREFIX_PATH=${CMAKE_PREFIX_PATH}:/opt/ros/humble /usr/bin/cmake --build /home/michael/HRI/ros2_ws/build/examples_rclcpp_minimal_composition -- -j8 -l8
[0.339s] [35m[1mConsolidate compiler generated dependencies of target composition_nodes[0m
[0.479s] [ 33%] Built target composition_nodes
[0.515s] [35m[1mConsolidate compiler generated dependencies of target composition_publisher[0m
[0.521s] [35m[1mConsolidate compiler generated dependencies of target composition_subscriber[0m
[0.522s] [35m[1mConsolidate compiler generated dependencies of target composition_composed[0m
[0.588s] [ 55%] Built target composition_composed
[0.591s] [ 77%] Built target composition_publisher
[0.607s] [100%] Built target composition_subscriber
[0.784s] Invoked command in '/home/michael/HRI/ros2_ws/build/examples_rclcpp_minimal_composition' returned '0': CMAKE_PREFIX_PATH=${CMAKE_PREFIX_PATH}:/opt/ros/humble /usr/bin/cmake --build /home/michael/HRI/ros2_ws/build/examples_rclcpp_minimal_composition -- -j8 -l8
[1.019s] Invoking command in '/home/michael/HRI/ros2_ws/build/examples_rclcpp_minimal_composition': CMAKE_PREFIX_PATH=${CMAKE_PREFIX_PATH}:/opt/ros/humble /usr/bin/cmake --install /home/michael/HRI/ros2_ws/build/examples_rclcpp_minimal_composition
[1.051s] -- Install configuration: ""
[1.055s] -- Up-to-date: /home/michael/HRI/ros2_ws/install/examples_rclcpp_minimal_composition/share/examples_rclcpp_minimal_composition/environment/library_path.sh
[1.056s] -- Up-to-date: /home/michael/HRI/ros2_ws/install/examples_rclcpp_minimal_composition/share/examples_rclcpp_minimal_composition/environment/library_path.dsv
[1.056s] -- Up-to-date: /home/michael/HRI/ros2_ws/install/examples_rclcpp_minimal_composition/lib/libcomposition_nodes.so
[1.056s] -- Up-to-date: /home/michael/HRI/ros2_ws/install/examples_rclcpp_minimal_composition/lib/examples_rclcpp_minimal_composition/composition_publisher
[1.057s] -- Up-to-date: /home/michael/HRI/ros2_ws/install/examples_rclcpp_minimal_composition/lib/examples_rclcpp_minimal_composition/composition_subscriber
[1.057s] -- Up-to-date: /home/michael/HRI/ros2_ws/install/examples_rclcpp_minimal_composition/lib/examples_rclcpp_minimal_composition/composition_composed
[1.058s] -- Up-to-date: /home/michael/HRI/ros2_ws/install/examples_rclcpp_minimal_composition/share/ament_index/resource_index/package_run_dependencies/examples_rclcpp_minimal_composition
[1.058s] -- Up-to-date: /home/michael/HRI/ros2_ws/install/examples_rclcpp_minimal_composition/share/ament_index/resource_index/parent_prefix_path/examples_rclcpp_minimal_composition
[1.059s] -- Up-to-date: /home/michael/HRI/ros2_ws/install/examples_rclcpp_minimal_composition/share/examples_rclcpp_minimal_composition/environment/ament_prefix_path.sh
[1.059s] -- Up-to-date: /home/michael/HRI/ros2_ws/install/examples_rclcpp_minimal_composition/share/examples_rclcpp_minimal_composition/environment/ament_prefix_path.dsv
[1.059s] -- Up-to-date: /home/michael/HRI/ros2_ws/install/examples_rclcpp_minimal_composition/share/examples_rclcpp_minimal_composition/environment/path.sh
[1.060s] -- Up-to-date: /home/michael/HRI/ros2_ws/install/examples_rclcpp_minimal_composition/share/examples_rclcpp_minimal_composition/environment/path.dsv
[1.060s] -- Up-to-date: /home/michael/HRI/ros2_ws/install/examples_rclcpp_minimal_composition/share/examples_rclcpp_minimal_composition/local_setup.bash
[1.060s] -- Up-to-date: /home/michael/HRI/ros2_ws/install/examples_rclcpp_minimal_composition/share/examples_rclcpp_minimal_composition/local_setup.sh
[1.063s] -- Up-to-date: /home/michael/HRI/ros2_ws/install/examples_rclcpp_minimal_composition/share/examples_rclcpp_minimal_composition/local_setup.zsh
[1.063s] -- Up-to-date: /home/michael/HRI/ros2_ws/install/examples_rclcpp_minimal_composition/share/examples_rclcpp_minimal_composition/local_setup.dsv
[1.064s] -- Installing: /home/michael/HRI/ros2_ws/install/examples_rclcpp_minimal_composition/share/examples_rclcpp_minimal_composition/package.dsv
[1.065s] -- Up-to-date: /home/michael/HRI/ros2_ws/install/examples_rclcpp_minimal_composition/share/ament_index/resource_index/packages/examples_rclcpp_minimal_composition
[1.065s] -- Up-to-date: /home/michael/HRI/ros2_ws/install/examples_rclcpp_minimal_composition/share/examples_rclcpp_minimal_composition/cmake/examples_rclcpp_minimal_compositionConfig.cmake
[1.066s] -- Up-to-date: /home/michael/HRI/ros2_ws/install/examples_rclcpp_minimal_composition/share/examples_rclcpp_minimal_composition/cmake/examples_rclcpp_minimal_compositionConfig-version.cmake
[1.066s] -- Up-to-date: /home/michael/HRI/ros2_ws/install/examples_rclcpp_minimal_composition/share/examples_rclcpp_minimal_composition/package.xml
[1.117s] Invoked command in '/home/michael/HRI/ros2_ws/build/examples_rclcpp_minimal_composition' returned '0': CMAKE_PREFIX_PATH=${CMAKE_PREFIX_PATH}:/opt/ros/humble /usr/bin/cmake --install /home/michael/HRI/ros2_ws/build/examples_rclcpp_minimal_composition
