[24.119s] Invoking command in '/home/michael/HRI/ros2_ws/src/examples/rclpy/executors': PYTHONPATH=/home/michael/HRI/ros2_ws/build/examples_rclpy_executors/prefix_override:/home/michael/HRI/ros2_ws/install/examples_rclpy_executors/lib/python3.10/site-packages:${PYTHONPATH} /usr/bin/python3 setup.py egg_info --egg-base ../../../../build/examples_rclpy_executors build --build-base /home/michael/HRI/ros2_ws/build/examples_rclpy_executors/build install --record /home/michael/HRI/ros2_ws/build/examples_rclpy_executors/install.log --single-version-externally-managed
[25.033s] /usr/lib/python3/dist-packages/setuptools/command/install.py:34: SetuptoolsDeprecationWarning: setup.py install is deprecated. Use build and pip and other standards-based tools.
[25.033s]   warnings.warn(
[25.033s] running egg_info
[25.034s] creating ../../../../build/examples_rclpy_executors/examples_rclpy_executors.egg-info
[25.034s] writing ../../../../build/examples_rclpy_executors/examples_rclpy_executors.egg-info/PKG-INFO
[25.034s] writing dependency_links to ../../../../build/examples_rclpy_executors/examples_rclpy_executors.egg-info/dependency_links.txt
[25.035s] writing entry points to ../../../../build/examples_rclpy_executors/examples_rclpy_executors.egg-info/entry_points.txt
[25.038s] writing requirements to ../../../../build/examples_rclpy_executors/examples_rclpy_executors.egg-info/requires.txt
[25.038s] writing top-level names to ../../../../build/examples_rclpy_executors/examples_rclpy_executors.egg-info/top_level.txt
[25.039s] writing manifest file '../../../../build/examples_rclpy_executors/examples_rclpy_executors.egg-info/SOURCES.txt'
[25.039s] reading manifest file '../../../../build/examples_rclpy_executors/examples_rclpy_executors.egg-info/SOURCES.txt'
[25.040s] writing manifest file '../../../../build/examples_rclpy_executors/examples_rclpy_executors.egg-info/SOURCES.txt'
[25.041s] running build
[25.041s] running build_py
[25.042s] creating /home/michael/HRI/ros2_ws/build/examples_rclpy_executors/build
[25.043s] creating /home/michael/HRI/ros2_ws/build/examples_rclpy_executors/build/lib
[25.043s] creating /home/michael/HRI/ros2_ws/build/examples_rclpy_executors/build/lib/examples_rclpy_executors
[25.044s] copying examples_rclpy_executors/talker.py -> /home/michael/HRI/ros2_ws/build/examples_rclpy_executors/build/lib/examples_rclpy_executors
[25.044s] copying examples_rclpy_executors/listener.py -> /home/michael/HRI/ros2_ws/build/examples_rclpy_executors/build/lib/examples_rclpy_executors
[25.044s] copying examples_rclpy_executors/composed.py -> /home/michael/HRI/ros2_ws/build/examples_rclpy_executors/build/lib/examples_rclpy_executors
[25.045s] copying examples_rclpy_executors/callback_group.py -> /home/michael/HRI/ros2_ws/build/examples_rclpy_executors/build/lib/examples_rclpy_executors
[25.045s] copying examples_rclpy_executors/custom_callback_group.py -> /home/michael/HRI/ros2_ws/build/examples_rclpy_executors/build/lib/examples_rclpy_executors
[25.045s] copying examples_rclpy_executors/custom_executor.py -> /home/michael/HRI/ros2_ws/build/examples_rclpy_executors/build/lib/examples_rclpy_executors
[25.046s] copying examples_rclpy_executors/__init__.py -> /home/michael/HRI/ros2_ws/build/examples_rclpy_executors/build/lib/examples_rclpy_executors
[25.046s] running install
[25.046s] running install_lib
[25.047s] creating /home/michael/HRI/ros2_ws/install/examples_rclpy_executors/lib/python3.10/site-packages/examples_rclpy_executors
[25.051s] copying /home/michael/HRI/ros2_ws/build/examples_rclpy_executors/build/lib/examples_rclpy_executors/talker.py -> /home/michael/HRI/ros2_ws/install/examples_rclpy_executors/lib/python3.10/site-packages/examples_rclpy_executors
[25.051s] copying /home/michael/HRI/ros2_ws/build/examples_rclpy_executors/build/lib/examples_rclpy_executors/listener.py -> /home/michael/HRI/ros2_ws/install/examples_rclpy_executors/lib/python3.10/site-packages/examples_rclpy_executors
[25.051s] copying /home/michael/HRI/ros2_ws/build/examples_rclpy_executors/build/lib/examples_rclpy_executors/composed.py -> /home/michael/HRI/ros2_ws/install/examples_rclpy_executors/lib/python3.10/site-packages/examples_rclpy_executors
[25.052s] copying /home/michael/HRI/ros2_ws/build/examples_rclpy_executors/build/lib/examples_rclpy_executors/callback_group.py -> /home/michael/HRI/ros2_ws/install/examples_rclpy_executors/lib/python3.10/site-packages/examples_rclpy_executors
[25.052s] copying /home/michael/HRI/ros2_ws/build/examples_rclpy_executors/build/lib/examples_rclpy_executors/custom_callback_group.py -> /home/michael/HRI/ros2_ws/install/examples_rclpy_executors/lib/python3.10/site-packages/examples_rclpy_executors
[25.053s] copying /home/michael/HRI/ros2_ws/build/examples_rclpy_executors/build/lib/examples_rclpy_executors/custom_executor.py -> /home/michael/HRI/ros2_ws/install/examples_rclpy_executors/lib/python3.10/site-packages/examples_rclpy_executors
[25.053s] copying /home/michael/HRI/ros2_ws/build/examples_rclpy_executors/build/lib/examples_rclpy_executors/__init__.py -> /home/michael/HRI/ros2_ws/install/examples_rclpy_executors/lib/python3.10/site-packages/examples_rclpy_executors
[25.053s] byte-compiling /home/michael/HRI/ros2_ws/install/examples_rclpy_executors/lib/python3.10/site-packages/examples_rclpy_executors/talker.py to talker.cpython-310.pyc
[25.053s] byte-compiling /home/michael/HRI/ros2_ws/install/examples_rclpy_executors/lib/python3.10/site-packages/examples_rclpy_executors/listener.py to listener.cpython-310.pyc
[25.054s] byte-compiling /home/michael/HRI/ros2_ws/install/examples_rclpy_executors/lib/python3.10/site-packages/examples_rclpy_executors/composed.py to composed.cpython-310.pyc
[25.054s] byte-compiling /home/michael/HRI/ros2_ws/install/examples_rclpy_executors/lib/python3.10/site-packages/examples_rclpy_executors/callback_group.py to callback_group.cpython-310.pyc
[25.055s] byte-compiling /home/michael/HRI/ros2_ws/install/examples_rclpy_executors/lib/python3.10/site-packages/examples_rclpy_executors/custom_callback_group.py to custom_callback_group.cpython-310.pyc
[25.055s] byte-compiling /home/michael/HRI/ros2_ws/install/examples_rclpy_executors/lib/python3.10/site-packages/examples_rclpy_executors/custom_executor.py to custom_executor.cpython-310.pyc
[25.056s] byte-compiling /home/michael/HRI/ros2_ws/install/examples_rclpy_executors/lib/python3.10/site-packages/examples_rclpy_executors/__init__.py to __init__.cpython-310.pyc
[25.056s] running install_data
[25.062s] creating /home/michael/HRI/ros2_ws/install/examples_rclpy_executors/share/ament_index
[25.062s] creating /home/michael/HRI/ros2_ws/install/examples_rclpy_executors/share/ament_index/resource_index
[25.063s] creating /home/michael/HRI/ros2_ws/install/examples_rclpy_executors/share/ament_index/resource_index/packages
[25.063s] copying resource/examples_rclpy_executors -> /home/michael/HRI/ros2_ws/install/examples_rclpy_executors/share/ament_index/resource_index/packages
[25.063s] copying package.xml -> /home/michael/HRI/ros2_ws/install/examples_rclpy_executors/share/examples_rclpy_executors
[25.064s] running install_egg_info
[25.064s] Copying ../../../../build/examples_rclpy_executors/examples_rclpy_executors.egg-info to /home/michael/HRI/ros2_ws/install/examples_rclpy_executors/lib/python3.10/site-packages/examples_rclpy_executors-0.15.1-py3.10.egg-info
[25.064s] running install_scripts
[25.065s] Installing callback_group script to /home/michael/HRI/ros2_ws/install/examples_rclpy_executors/lib/examples_rclpy_executors
[25.065s] Installing composed script to /home/michael/HRI/ros2_ws/install/examples_rclpy_executors/lib/examples_rclpy_executors
[25.065s] Installing custom_callback_group script to /home/michael/HRI/ros2_ws/install/examples_rclpy_executors/lib/examples_rclpy_executors
[25.066s] Installing custom_executor script to /home/michael/HRI/ros2_ws/install/examples_rclpy_executors/lib/examples_rclpy_executors
[25.066s] Installing listener script to /home/michael/HRI/ros2_ws/install/examples_rclpy_executors/lib/examples_rclpy_executors
[25.066s] Installing talker script to /home/michael/HRI/ros2_ws/install/examples_rclpy_executors/lib/examples_rclpy_executors
[25.067s] writing list of installed files to '/home/michael/HRI/ros2_ws/build/examples_rclpy_executors/install.log'
[25.123s] Invoked command in '/home/michael/HRI/ros2_ws/src/examples/rclpy/executors' returned '0': PYTHONPATH=/home/michael/HRI/ros2_ws/build/examples_rclpy_executors/prefix_override:/home/michael/HRI/ros2_ws/install/examples_rclpy_executors/lib/python3.10/site-packages:${PYTHONPATH} /usr/bin/python3 setup.py egg_info --egg-base ../../../../build/examples_rclpy_executors build --build-base /home/michael/HRI/ros2_ws/build/examples_rclpy_executors/build install --record /home/michael/HRI/ros2_ws/build/examples_rclpy_executors/install.log --single-version-externally-managed
