[0.122s] Invoking command in '/home/michael/HRI/ros2_ws/build/tutorial_interfaces': CMAKE_PREFIX_PATH=${CMAKE_PREFIX_PATH}:/opt/ros/humble /usr/bin/cmake /home/michael/HRI/ros2_ws/src/tutorial_interfaces -DCMAKE_INSTALL_PREFIX=/home/michael/HRI/ros2_ws/install/tutorial_interfaces
[0.292s] -- The C compiler identification is GNU 11.3.0
[0.470s] -- The CXX compiler identification is GNU 11.3.0
[0.499s] -- Detecting C compiler ABI info
[0.696s] -- Detecting C compiler ABI info - done
[0.730s] -- Check for working C compiler: /usr/bin/cc - skipped
[0.732s] -- Detecting C compile features
[0.734s] -- Detecting C compile features - done
[0.745s] -- Detecting CXX compiler ABI info
[1.293s] -- Detecting CXX compiler ABI info - done
[1.324s] -- Check for working CXX compiler: /usr/bin/c++ - skipped
[1.325s] -- Detecting CXX compile features
[1.326s] -- Detecting CXX compile features - done
[1.336s] -- Found ament_cmake: 1.3.5 (/opt/ros/humble/share/ament_cmake/cmake)
[1.830s] -- Found Python3: /usr/bin/python3.10 (found version "3.10.6") found components: Interpreter 
[2.127s] -- Found geometry_msgs: 4.2.3 (/opt/ros/humble/share/geometry_msgs/cmake)
[2.252s] -- Found rosidl_generator_c: 3.1.4 (/opt/ros/humble/share/rosidl_generator_c/cmake)
[2.267s] -- Found rosidl_adapter: 3.1.4 (/opt/ros/humble/share/rosidl_adapter/cmake)
[2.291s] -- Found rosidl_generator_cpp: 3.1.4 (/opt/ros/humble/share/rosidl_generator_cpp/cmake)
[2.334s] -- Using all available rosidl_typesupport_c: rosidl_typesupport_fastrtps_c;rosidl_typesupport_introspection_c
[2.392s] -- Using all available rosidl_typesupport_cpp: rosidl_typesupport_fastrtps_cpp;rosidl_typesupport_introspection_cpp
[2.876s] -- Found rosidl_default_generators: 1.2.0 (/opt/ros/humble/share/rosidl_default_generators/cmake)
[3.503s] -- Found ament_cmake_ros: 0.10.0 (/opt/ros/humble/share/ament_cmake_ros/cmake)
[4.483s] -- Using all available rosidl_typesupport_c: rosidl_typesupport_fastrtps_c;rosidl_typesupport_introspection_c
[4.906s] -- Using all available rosidl_typesupport_cpp: rosidl_typesupport_fastrtps_cpp;rosidl_typesupport_introspection_cpp
[4.950s] -- Found PythonInterp: /usr/bin/python3 (found suitable version "3.10.6", minimum required is "3.6") 
[4.955s] -- Found python_cmake_module: 0.10.0 (/opt/ros/humble/share/python_cmake_module/cmake)
[5.004s] -- Found PythonLibs: /usr/lib/x86_64-linux-gnu/libpython3.10.so (found suitable version "3.10.6", minimum required is "3.5") 
[5.005s] -- Using PYTHON_EXECUTABLE: /usr/bin/python3
[5.005s] -- Using PYTHON_INCLUDE_DIRS: /usr/include/python3.10
[5.005s] -- Using PYTHON_LIBRARIES: /usr/lib/x86_64-linux-gnu/libpython3.10.so
[5.046s] -- Found PythonExtra: .so  
[5.176s] -- Found ament_lint_auto: 0.12.6 (/opt/ros/humble/share/ament_lint_auto/cmake)
[5.228s] -- Added test 'lint_cmake' to check CMake code style
[5.230s] -- Added test 'xmllint' to check XML markup files
[5.237s] -- Configuring done
[5.311s] -- Generating done
[5.316s] -- Build files have been written to: /home/michael/HRI/ros2_ws/build/tutorial_interfaces
[5.340s] Invoked command in '/home/michael/HRI/ros2_ws/build/tutorial_interfaces' returned '0': CMAKE_PREFIX_PATH=${CMAKE_PREFIX_PATH}:/opt/ros/humble /usr/bin/cmake /home/michael/HRI/ros2_ws/src/tutorial_interfaces -DCMAKE_INSTALL_PREFIX=/home/michael/HRI/ros2_ws/install/tutorial_interfaces
[5.341s] Invoking command in '/home/michael/HRI/ros2_ws/build/tutorial_interfaces': CMAKE_PREFIX_PATH=${CMAKE_PREFIX_PATH}:/opt/ros/humble /usr/bin/cmake --build /home/michael/HRI/ros2_ws/build/tutorial_interfaces -- -j8 -l8
[5.672s] [  2%] [34m[1mGenerating C code for ROS interfaces[0m
[5.672s] [  5%] [34m[1mGenerating C++ code for ROS interfaces[0m
[5.673s] [  5%] Built target ament_cmake_python_copy_tutorial_interfaces
[6.653s] running egg_info
[6.655s] creating tutorial_interfaces.egg-info
[6.656s] writing tutorial_interfaces.egg-info/PKG-INFO
[6.657s] writing dependency_links to tutorial_interfaces.egg-info/dependency_links.txt
[6.657s] writing top-level names to tutorial_interfaces.egg-info/top_level.txt
[6.658s] writing manifest file 'tutorial_interfaces.egg-info/SOURCES.txt'
[6.665s] reading manifest file 'tutorial_interfaces.egg-info/SOURCES.txt'
[6.666s] writing manifest file 'tutorial_interfaces.egg-info/SOURCES.txt'
[6.789s] [  5%] Built target ament_cmake_python_build_tutorial_interfaces_egg
[7.444s] [  7%] [32mBuilding C object CMakeFiles/tutorial_interfaces__rosidl_generator_c.dir/rosidl_generator_c/tutorial_interfaces/srv/detail/add_three_ints__functions.c.o[0m
[7.550s] [ 10%] [32mBuilding C object CMakeFiles/tutorial_interfaces__rosidl_generator_c.dir/rosidl_generator_c/tutorial_interfaces/msg/detail/falconpos__functions.c.o[0m
[7.819s] [ 10%] Built target tutorial_interfaces__cpp
[7.870s] [ 12%] [32m[1mLinking C shared library libtutorial_interfaces__rosidl_generator_c.so[0m
[7.907s] [ 15%] [34m[1mGenerating C++ type support for eProsima Fast-RTPS[0m
[7.909s] [ 17%] [34m[1mGenerating C++ introspection for ROS interfaces[0m
[7.958s] [ 20%] [34m[1mGenerating C++ type support dispatch for ROS interfaces[0m
[8.167s] [ 20%] Built target tutorial_interfaces__rosidl_generator_c
[8.309s] [ 23%] [34m[1mGenerating C introspection for ROS interfaces[0m
[8.315s] [ 25%] [34m[1mGenerating C type support dispatch for ROS interfaces[0m
[8.337s] [ 28%] [34m[1mGenerating C type support for eProsima Fast-RTPS[0m
[10.456s] [ 30%] [32mBuilding CXX object CMakeFiles/tutorial_interfaces__rosidl_typesupport_c.dir/rosidl_typesupport_c/tutorial_interfaces/msg/falconpos__type_support.cpp.o[0m
[10.580s] [ 33%] [32mBuilding CXX object CMakeFiles/tutorial_interfaces__rosidl_typesupport_c.dir/rosidl_typesupport_c/tutorial_interfaces/srv/add_three_ints__type_support.cpp.o[0m
[10.596s] [ 35%] [32mBuilding CXX object CMakeFiles/tutorial_interfaces__rosidl_typesupport_fastrtps_cpp.dir/rosidl_typesupport_fastrtps_cpp/tutorial_interfaces/msg/detail/dds_fastrtps/falconpos__type_support.cpp.o[0m
[10.605s] [ 38%] [32mBuilding CXX object CMakeFiles/tutorial_interfaces__rosidl_typesupport_fastrtps_cpp.dir/rosidl_typesupport_fastrtps_cpp/tutorial_interfaces/srv/detail/dds_fastrtps/add_three_ints__type_support.cpp.o[0m
[10.692s] [ 41%] [32mBuilding CXX object CMakeFiles/tutorial_interfaces__rosidl_typesupport_introspection_cpp.dir/rosidl_typesupport_introspection_cpp/tutorial_interfaces/srv/detail/add_three_ints__type_support.cpp.o[0m
[10.692s] [ 43%] [32mBuilding CXX object CMakeFiles/tutorial_interfaces__rosidl_typesupport_introspection_cpp.dir/rosidl_typesupport_introspection_cpp/tutorial_interfaces/msg/detail/falconpos__type_support.cpp.o[0m
[10.947s] [ 46%] [32m[1mLinking CXX shared library libtutorial_interfaces__rosidl_typesupport_c.so[0m
[11.226s] [ 48%] [32mBuilding CXX object CMakeFiles/tutorial_interfaces__rosidl_typesupport_cpp.dir/rosidl_typesupport_cpp/tutorial_interfaces/msg/falconpos__type_support.cpp.o[0m
[11.517s] [ 48%] Built target tutorial_interfaces__rosidl_typesupport_c
[11.575s] [ 51%] [32mBuilding CXX object CMakeFiles/tutorial_interfaces__rosidl_typesupport_cpp.dir/rosidl_typesupport_cpp/tutorial_interfaces/srv/add_three_ints__type_support.cpp.o[0m
[11.921s] [ 53%] [32mBuilding CXX object CMakeFiles/tutorial_interfaces__rosidl_typesupport_fastrtps_c.dir/rosidl_typesupport_fastrtps_c/tutorial_interfaces/msg/detail/falconpos__type_support_c.cpp.o[0m
[12.653s] [ 56%] [32mBuilding C object CMakeFiles/tutorial_interfaces__rosidl_typesupport_introspection_c.dir/rosidl_typesupport_introspection_c/tutorial_interfaces/msg/detail/falconpos__type_support.c.o[0m
[13.033s] [ 58%] [32mBuilding CXX object CMakeFiles/tutorial_interfaces__rosidl_typesupport_fastrtps_c.dir/rosidl_typesupport_fastrtps_c/tutorial_interfaces/srv/detail/add_three_ints__type_support_c.cpp.o[0m
[13.070s] [ 61%] [32mBuilding C object CMakeFiles/tutorial_interfaces__rosidl_typesupport_introspection_c.dir/rosidl_typesupport_introspection_c/tutorial_interfaces/srv/detail/add_three_ints__type_support.c.o[0m
[13.539s] [ 64%] [32m[1mLinking C shared library libtutorial_interfaces__rosidl_typesupport_introspection_c.so[0m
[13.915s] [ 66%] [32m[1mLinking CXX shared library libtutorial_interfaces__rosidl_typesupport_cpp.so[0m
[13.946s] [ 66%] Built target tutorial_interfaces__rosidl_typesupport_introspection_c
[14.162s] [ 69%] [32m[1mLinking CXX shared library libtutorial_interfaces__rosidl_typesupport_introspection_cpp.so[0m
[14.252s] [ 69%] Built target tutorial_interfaces__rosidl_typesupport_cpp
[14.555s] [ 69%] Built target tutorial_interfaces__rosidl_typesupport_introspection_cpp
[15.615s] [ 71%] [32m[1mLinking CXX shared library libtutorial_interfaces__rosidl_typesupport_fastrtps_cpp.so[0m
[16.271s] [ 74%] [32m[1mLinking CXX shared library libtutorial_interfaces__rosidl_typesupport_fastrtps_c.so[0m
[16.743s] [ 74%] Built target tutorial_interfaces__rosidl_typesupport_fastrtps_cpp
[17.058s] [ 74%] Built target tutorial_interfaces__rosidl_typesupport_fastrtps_c
[17.235s] [ 74%] Built target tutorial_interfaces
[17.505s] [ 76%] [34m[1mGenerating Python code for ROS interfaces[0m
[20.502s] [ 76%] Built target tutorial_interfaces__py
[20.771s] [ 79%] [32mBuilding C object CMakeFiles/tutorial_interfaces__rosidl_generator_py.dir/rosidl_generator_py/tutorial_interfaces/msg/_falconpos_s.c.o[0m
[21.912s] [ 82%] [32mBuilding C object CMakeFiles/tutorial_interfaces__rosidl_generator_py.dir/rosidl_generator_py/tutorial_interfaces/srv/_add_three_ints_s.c.o[0m
[22.969s] [ 84%] [32m[1mLinking C shared library rosidl_generator_py/tutorial_interfaces/libtutorial_interfaces__rosidl_generator_py.so[0m
[23.499s] [ 84%] Built target tutorial_interfaces__rosidl_generator_py
[23.768s] [ 87%] [32mBuilding C object CMakeFiles/tutorial_interfaces__rosidl_typesupport_fastrtps_c__pyext.dir/rosidl_generator_py/tutorial_interfaces/_tutorial_interfaces_s.ep.rosidl_typesupport_fastrtps_c.c.o[0m
[24.459s] [ 89%] [32m[1mLinking C shared library rosidl_generator_py/tutorial_interfaces/tutorial_interfaces_s__rosidl_typesupport_fastrtps_c.cpython-310-x86_64-linux-gnu.so[0m
[24.847s] [ 89%] Built target tutorial_interfaces__rosidl_typesupport_fastrtps_c__pyext
[25.163s] [ 92%] [32mBuilding C object CMakeFiles/tutorial_interfaces__rosidl_typesupport_c__pyext.dir/rosidl_generator_py/tutorial_interfaces/_tutorial_interfaces_s.ep.rosidl_typesupport_c.c.o[0m
[25.781s] [ 94%] [32m[1mLinking C shared library rosidl_generator_py/tutorial_interfaces/tutorial_interfaces_s__rosidl_typesupport_c.cpython-310-x86_64-linux-gnu.so[0m
[26.293s] [ 94%] Built target tutorial_interfaces__rosidl_typesupport_c__pyext
[26.563s] [ 97%] [32mBuilding C object CMakeFiles/tutorial_interfaces__rosidl_typesupport_introspection_c__pyext.dir/rosidl_generator_py/tutorial_interfaces/_tutorial_interfaces_s.ep.rosidl_typesupport_introspection_c.c.o[0m
[27.364s] [100%] [32m[1mLinking C shared library rosidl_generator_py/tutorial_interfaces/tutorial_interfaces_s__rosidl_typesupport_introspection_c.cpython-310-x86_64-linux-gnu.so[0m
[27.730s] [100%] Built target tutorial_interfaces__rosidl_typesupport_introspection_c__pyext
[27.822s] Invoked command in '/home/michael/HRI/ros2_ws/build/tutorial_interfaces' returned '0': CMAKE_PREFIX_PATH=${CMAKE_PREFIX_PATH}:/opt/ros/humble /usr/bin/cmake --build /home/michael/HRI/ros2_ws/build/tutorial_interfaces -- -j8 -l8
[33.812s] Invoking command in '/home/michael/HRI/ros2_ws/build/tutorial_interfaces': CMAKE_PREFIX_PATH=${CMAKE_PREFIX_PATH}:/opt/ros/humble /usr/bin/cmake --install /home/michael/HRI/ros2_ws/build/tutorial_interfaces
[47.783s] -- Install configuration: ""
[47.783s] -- Installing: /home/michael/HRI/ros2_ws/install/tutorial_interfaces/share/ament_index/resource_index/rosidl_interfaces/tutorial_interfaces
[47.784s] -- Installing: /home/michael/HRI/ros2_ws/install/tutorial_interfaces/include/tutorial_interfaces/tutorial_interfaces
[47.784s] -- Installing: /home/michael/HRI/ros2_ws/install/tutorial_interfaces/include/tutorial_interfaces/tutorial_interfaces/msg
[47.784s] -- Installing: /home/michael/HRI/ros2_ws/install/tutorial_interfaces/include/tutorial_interfaces/tutorial_interfaces/msg/detail
[47.784s] -- Installing: /home/michael/HRI/ros2_ws/install/tutorial_interfaces/include/tutorial_interfaces/tutorial_interfaces/msg/detail/falconpos__type_support.h
[47.785s] -- Installing: /home/michael/HRI/ros2_ws/install/tutorial_interfaces/include/tutorial_interfaces/tutorial_interfaces/msg/detail/falconpos__functions.c
[47.785s] -- Installing: /home/michael/HRI/ros2_ws/install/tutorial_interfaces/include/tutorial_interfaces/tutorial_interfaces/msg/detail/falconpos__functions.h
[47.785s] -- Installing: /home/michael/HRI/ros2_ws/install/tutorial_interfaces/include/tutorial_interfaces/tutorial_interfaces/msg/detail/falconpos__struct.h
[47.785s] -- Installing: /home/michael/HRI/ros2_ws/install/tutorial_interfaces/include/tutorial_interfaces/tutorial_interfaces/msg/falconpos.h
[47.785s] -- Installing: /home/michael/HRI/ros2_ws/install/tutorial_interfaces/include/tutorial_interfaces/tutorial_interfaces/msg/rosidl_generator_c__visibility_control.h
[47.786s] -- Installing: /home/michael/HRI/ros2_ws/install/tutorial_interfaces/include/tutorial_interfaces/tutorial_interfaces/srv
[47.786s] -- Installing: /home/michael/HRI/ros2_ws/install/tutorial_interfaces/include/tutorial_interfaces/tutorial_interfaces/srv/add_three_ints.h
[47.786s] -- Installing: /home/michael/HRI/ros2_ws/install/tutorial_interfaces/include/tutorial_interfaces/tutorial_interfaces/srv/detail
[47.786s] -- Installing: /home/michael/HRI/ros2_ws/install/tutorial_interfaces/include/tutorial_interfaces/tutorial_interfaces/srv/detail/add_three_ints__struct.h
[47.787s] -- Installing: /home/michael/HRI/ros2_ws/install/tutorial_interfaces/include/tutorial_interfaces/tutorial_interfaces/srv/detail/add_three_ints__functions.h
[47.787s] -- Installing: /home/michael/HRI/ros2_ws/install/tutorial_interfaces/include/tutorial_interfaces/tutorial_interfaces/srv/detail/add_three_ints__functions.c
[47.787s] -- Installing: /home/michael/HRI/ros2_ws/install/tutorial_interfaces/include/tutorial_interfaces/tutorial_interfaces/srv/detail/add_three_ints__type_support.h
[47.787s] -- Installing: /home/michael/HRI/ros2_ws/install/tutorial_interfaces/share/tutorial_interfaces/environment/library_path.sh
[47.788s] -- Installing: /home/michael/HRI/ros2_ws/install/tutorial_interfaces/share/tutorial_interfaces/environment/library_path.dsv
[47.788s] -- Installing: /home/michael/HRI/ros2_ws/install/tutorial_interfaces/lib/libtutorial_interfaces__rosidl_generator_c.so
[47.788s] -- Set runtime path of "/home/michael/HRI/ros2_ws/install/tutorial_interfaces/lib/libtutorial_interfaces__rosidl_generator_c.so" to ""
[47.788s] -- Up-to-date: /home/michael/HRI/ros2_ws/install/tutorial_interfaces/include/tutorial_interfaces/tutorial_interfaces
[47.789s] -- Up-to-date: /home/michael/HRI/ros2_ws/install/tutorial_interfaces/include/tutorial_interfaces/tutorial_interfaces/msg
[47.789s] -- Up-to-date: /home/michael/HRI/ros2_ws/install/tutorial_interfaces/include/tutorial_interfaces/tutorial_interfaces/msg/detail
[47.789s] -- Installing: /home/michael/HRI/ros2_ws/install/tutorial_interfaces/include/tutorial_interfaces/tutorial_interfaces/msg/detail/falconpos__rosidl_typesupport_fastrtps_c.h
[47.789s] -- Installing: /home/michael/HRI/ros2_ws/install/tutorial_interfaces/include/tutorial_interfaces/tutorial_interfaces/msg/rosidl_typesupport_fastrtps_c__visibility_control.h
[47.789s] -- Up-to-date: /home/michael/HRI/ros2_ws/install/tutorial_interfaces/include/tutorial_interfaces/tutorial_interfaces/srv
[47.790s] -- Up-to-date: /home/michael/HRI/ros2_ws/install/tutorial_interfaces/include/tutorial_interfaces/tutorial_interfaces/srv/detail
[47.790s] -- Installing: /home/michael/HRI/ros2_ws/install/tutorial_interfaces/include/tutorial_interfaces/tutorial_interfaces/srv/detail/add_three_ints__rosidl_typesupport_fastrtps_c.h
[47.790s] -- Installing: /home/michael/HRI/ros2_ws/install/tutorial_interfaces/lib/libtutorial_interfaces__rosidl_typesupport_fastrtps_c.so
[47.791s] -- Set runtime path of "/home/michael/HRI/ros2_ws/install/tutorial_interfaces/lib/libtutorial_interfaces__rosidl_typesupport_fastrtps_c.so" to ""
[47.791s] -- Up-to-date: /home/michael/HRI/ros2_ws/install/tutorial_interfaces/include/tutorial_interfaces/tutorial_interfaces
[47.801s] -- Up-to-date: /home/michael/HRI/ros2_ws/install/tutorial_interfaces/include/tutorial_interfaces/tutorial_interfaces/msg
[47.801s] -- Up-to-date: /home/michael/HRI/ros2_ws/install/tutorial_interfaces/include/tutorial_interfaces/tutorial_interfaces/msg/detail
[47.802s] -- Installing: /home/michael/HRI/ros2_ws/install/tutorial_interfaces/include/tutorial_interfaces/tutorial_interfaces/msg/detail/falconpos__builder.hpp
[47.802s] -- Installing: /home/michael/HRI/ros2_ws/install/tutorial_interfaces/include/tutorial_interfaces/tutorial_interfaces/msg/detail/falconpos__traits.hpp
[47.802s] -- Installing: /home/michael/HRI/ros2_ws/install/tutorial_interfaces/include/tutorial_interfaces/tutorial_interfaces/msg/detail/falconpos__struct.hpp
[47.802s] -- Installing: /home/michael/HRI/ros2_ws/install/tutorial_interfaces/include/tutorial_interfaces/tutorial_interfaces/msg/falconpos.hpp
[47.803s] -- Up-to-date: /home/michael/HRI/ros2_ws/install/tutorial_interfaces/include/tutorial_interfaces/tutorial_interfaces/srv
[47.803s] -- Up-to-date: /home/michael/HRI/ros2_ws/install/tutorial_interfaces/include/tutorial_interfaces/tutorial_interfaces/srv/detail
[47.803s] -- Installing: /home/michael/HRI/ros2_ws/install/tutorial_interfaces/include/tutorial_interfaces/tutorial_interfaces/srv/detail/add_three_ints__traits.hpp
[47.803s] -- Installing: /home/michael/HRI/ros2_ws/install/tutorial_interfaces/include/tutorial_interfaces/tutorial_interfaces/srv/detail/add_three_ints__builder.hpp
[47.803s] -- Installing: /home/michael/HRI/ros2_ws/install/tutorial_interfaces/include/tutorial_interfaces/tutorial_interfaces/srv/detail/add_three_ints__struct.hpp
[47.804s] -- Installing: /home/michael/HRI/ros2_ws/install/tutorial_interfaces/include/tutorial_interfaces/tutorial_interfaces/srv/add_three_ints.hpp
[47.804s] -- Up-to-date: /home/michael/HRI/ros2_ws/install/tutorial_interfaces/include/tutorial_interfaces/tutorial_interfaces
[47.804s] -- Up-to-date: /home/michael/HRI/ros2_ws/install/tutorial_interfaces/include/tutorial_interfaces/tutorial_interfaces/msg
[47.804s] -- Up-to-date: /home/michael/HRI/ros2_ws/install/tutorial_interfaces/include/tutorial_interfaces/tutorial_interfaces/msg/detail
[47.805s] -- Installing: /home/michael/HRI/ros2_ws/install/tutorial_interfaces/include/tutorial_interfaces/tutorial_interfaces/msg/detail/dds_fastrtps
[47.805s] -- Installing: /home/michael/HRI/ros2_ws/install/tutorial_interfaces/include/tutorial_interfaces/tutorial_interfaces/msg/detail/falconpos__rosidl_typesupport_fastrtps_cpp.hpp
[47.805s] -- Installing: /home/michael/HRI/ros2_ws/install/tutorial_interfaces/include/tutorial_interfaces/tutorial_interfaces/msg/rosidl_typesupport_fastrtps_cpp__visibility_control.h
[47.805s] -- Up-to-date: /home/michael/HRI/ros2_ws/install/tutorial_interfaces/include/tutorial_interfaces/tutorial_interfaces/srv
[47.805s] -- Up-to-date: /home/michael/HRI/ros2_ws/install/tutorial_interfaces/include/tutorial_interfaces/tutorial_interfaces/srv/detail
[47.806s] -- Installing: /home/michael/HRI/ros2_ws/install/tutorial_interfaces/include/tutorial_interfaces/tutorial_interfaces/srv/detail/dds_fastrtps
[47.806s] -- Installing: /home/michael/HRI/ros2_ws/install/tutorial_interfaces/include/tutorial_interfaces/tutorial_interfaces/srv/detail/add_three_ints__rosidl_typesupport_fastrtps_cpp.hpp
[47.806s] -- Installing: /home/michael/HRI/ros2_ws/install/tutorial_interfaces/lib/libtutorial_interfaces__rosidl_typesupport_fastrtps_cpp.so
[47.806s] -- Set runtime path of "/home/michael/HRI/ros2_ws/install/tutorial_interfaces/lib/libtutorial_interfaces__rosidl_typesupport_fastrtps_cpp.so" to ""
[47.807s] -- Up-to-date: /home/michael/HRI/ros2_ws/install/tutorial_interfaces/include/tutorial_interfaces/tutorial_interfaces
[47.807s] -- Up-to-date: /home/michael/HRI/ros2_ws/install/tutorial_interfaces/include/tutorial_interfaces/tutorial_interfaces/msg
[47.807s] -- Up-to-date: /home/michael/HRI/ros2_ws/install/tutorial_interfaces/include/tutorial_interfaces/tutorial_interfaces/msg/detail
[47.807s] -- Installing: /home/michael/HRI/ros2_ws/install/tutorial_interfaces/include/tutorial_interfaces/tutorial_interfaces/msg/detail/falconpos__rosidl_typesupport_introspection_c.h
[47.807s] -- Installing: /home/michael/HRI/ros2_ws/install/tutorial_interfaces/include/tutorial_interfaces/tutorial_interfaces/msg/detail/falconpos__type_support.c
[47.808s] -- Installing: /home/michael/HRI/ros2_ws/install/tutorial_interfaces/include/tutorial_interfaces/tutorial_interfaces/msg/rosidl_typesupport_introspection_c__visibility_control.h
[47.808s] -- Up-to-date: /home/michael/HRI/ros2_ws/install/tutorial_interfaces/include/tutorial_interfaces/tutorial_interfaces/srv
[47.808s] -- Up-to-date: /home/michael/HRI/ros2_ws/install/tutorial_interfaces/include/tutorial_interfaces/tutorial_interfaces/srv/detail
[47.808s] -- Installing: /home/michael/HRI/ros2_ws/install/tutorial_interfaces/include/tutorial_interfaces/tutorial_interfaces/srv/detail/add_three_ints__type_support.c
[47.809s] -- Installing: /home/michael/HRI/ros2_ws/install/tutorial_interfaces/include/tutorial_interfaces/tutorial_interfaces/srv/detail/add_three_ints__rosidl_typesupport_introspection_c.h
[47.809s] -- Installing: /home/michael/HRI/ros2_ws/install/tutorial_interfaces/lib/libtutorial_interfaces__rosidl_typesupport_introspection_c.so
[47.809s] -- Set runtime path of "/home/michael/HRI/ros2_ws/install/tutorial_interfaces/lib/libtutorial_interfaces__rosidl_typesupport_introspection_c.so" to ""
[47.809s] -- Installing: /home/michael/HRI/ros2_ws/install/tutorial_interfaces/lib/libtutorial_interfaces__rosidl_typesupport_c.so
[47.810s] -- Set runtime path of "/home/michael/HRI/ros2_ws/install/tutorial_interfaces/lib/libtutorial_interfaces__rosidl_typesupport_c.so" to ""
[47.810s] -- Up-to-date: /home/michael/HRI/ros2_ws/install/tutorial_interfaces/include/tutorial_interfaces/tutorial_interfaces
[47.810s] -- Up-to-date: /home/michael/HRI/ros2_ws/install/tutorial_interfaces/include/tutorial_interfaces/tutorial_interfaces/msg
[47.810s] -- Up-to-date: /home/michael/HRI/ros2_ws/install/tutorial_interfaces/include/tutorial_interfaces/tutorial_interfaces/msg/detail
[47.811s] -- Installing: /home/michael/HRI/ros2_ws/install/tutorial_interfaces/include/tutorial_interfaces/tutorial_interfaces/msg/detail/falconpos__type_support.cpp
[47.811s] -- Installing: /home/michael/HRI/ros2_ws/install/tutorial_interfaces/include/tutorial_interfaces/tutorial_interfaces/msg/detail/falconpos__rosidl_typesupport_introspection_cpp.hpp
[47.811s] -- Up-to-date: /home/michael/HRI/ros2_ws/install/tutorial_interfaces/include/tutorial_interfaces/tutorial_interfaces/srv
[47.811s] -- Up-to-date: /home/michael/HRI/ros2_ws/install/tutorial_interfaces/include/tutorial_interfaces/tutorial_interfaces/srv/detail
[47.811s] -- Installing: /home/michael/HRI/ros2_ws/install/tutorial_interfaces/include/tutorial_interfaces/tutorial_interfaces/srv/detail/add_three_ints__type_support.cpp
[47.812s] -- Installing: /home/michael/HRI/ros2_ws/install/tutorial_interfaces/include/tutorial_interfaces/tutorial_interfaces/srv/detail/add_three_ints__rosidl_typesupport_introspection_cpp.hpp
[47.812s] -- Installing: /home/michael/HRI/ros2_ws/install/tutorial_interfaces/lib/libtutorial_interfaces__rosidl_typesupport_introspection_cpp.so
[47.812s] -- Set runtime path of "/home/michael/HRI/ros2_ws/install/tutorial_interfaces/lib/libtutorial_interfaces__rosidl_typesupport_introspection_cpp.so" to ""
[47.812s] -- Installing: /home/michael/HRI/ros2_ws/install/tutorial_interfaces/lib/libtutorial_interfaces__rosidl_typesupport_cpp.so
[47.813s] -- Set runtime path of "/home/michael/HRI/ros2_ws/install/tutorial_interfaces/lib/libtutorial_interfaces__rosidl_typesupport_cpp.so" to ""
[47.813s] -- Installing: /home/michael/HRI/ros2_ws/install/tutorial_interfaces/share/tutorial_interfaces/environment/pythonpath.sh
[47.813s] -- Installing: /home/michael/HRI/ros2_ws/install/tutorial_interfaces/share/tutorial_interfaces/environment/pythonpath.dsv
[47.813s] -- Installing: /home/michael/HRI/ros2_ws/install/tutorial_interfaces/local/lib/python3.10/dist-packages/tutorial_interfaces-0.0.0-py3.10.egg-info
[47.813s] -- Installing: /home/michael/HRI/ros2_ws/install/tutorial_interfaces/local/lib/python3.10/dist-packages/tutorial_interfaces-0.0.0-py3.10.egg-info/dependency_links.txt
[47.814s] -- Installing: /home/michael/HRI/ros2_ws/install/tutorial_interfaces/local/lib/python3.10/dist-packages/tutorial_interfaces-0.0.0-py3.10.egg-info/top_level.txt
[47.814s] -- Installing: /home/michael/HRI/ros2_ws/install/tutorial_interfaces/local/lib/python3.10/dist-packages/tutorial_interfaces-0.0.0-py3.10.egg-info/SOURCES.txt
[47.814s] -- Installing: /home/michael/HRI/ros2_ws/install/tutorial_interfaces/local/lib/python3.10/dist-packages/tutorial_interfaces-0.0.0-py3.10.egg-info/PKG-INFO
[47.814s] -- Installing: /home/michael/HRI/ros2_ws/install/tutorial_interfaces/local/lib/python3.10/dist-packages/tutorial_interfaces
[47.814s] -- Installing: /home/michael/HRI/ros2_ws/install/tutorial_interfaces/local/lib/python3.10/dist-packages/tutorial_interfaces/tutorial_interfaces_s__rosidl_typesupport_introspection_c.cpython-310-x86_64-linux-gnu.so
[47.815s] -- Installing: /home/michael/HRI/ros2_ws/install/tutorial_interfaces/local/lib/python3.10/dist-packages/tutorial_interfaces/libtutorial_interfaces__rosidl_generator_py.so
[47.815s] -- Installing: /home/michael/HRI/ros2_ws/install/tutorial_interfaces/local/lib/python3.10/dist-packages/tutorial_interfaces/_tutorial_interfaces_s.ep.rosidl_typesupport_introspection_c.c
[47.815s] -- Installing: /home/michael/HRI/ros2_ws/install/tutorial_interfaces/local/lib/python3.10/dist-packages/tutorial_interfaces/tutorial_interfaces_s__rosidl_typesupport_c.cpython-310-x86_64-linux-gnu.so
[47.815s] -- Installing: /home/michael/HRI/ros2_ws/install/tutorial_interfaces/local/lib/python3.10/dist-packages/tutorial_interfaces/_tutorial_interfaces_s.ep.rosidl_typesupport_c.c
[47.816s] -- Installing: /home/michael/HRI/ros2_ws/install/tutorial_interfaces/local/lib/python3.10/dist-packages/tutorial_interfaces/msg
[47.816s] -- Installing: /home/michael/HRI/ros2_ws/install/tutorial_interfaces/local/lib/python3.10/dist-packages/tutorial_interfaces/msg/_falconpos_s.c
[47.816s] -- Installing: /home/michael/HRI/ros2_ws/install/tutorial_interfaces/local/lib/python3.10/dist-packages/tutorial_interfaces/msg/_falconpos.py
[47.816s] -- Installing: /home/michael/HRI/ros2_ws/install/tutorial_interfaces/local/lib/python3.10/dist-packages/tutorial_interfaces/msg/__init__.py
[47.817s] -- Installing: /home/michael/HRI/ros2_ws/install/tutorial_interfaces/local/lib/python3.10/dist-packages/tutorial_interfaces/tutorial_interfaces_s__rosidl_typesupport_fastrtps_c.cpython-310-x86_64-linux-gnu.so
[47.817s] -- Installing: /home/michael/HRI/ros2_ws/install/tutorial_interfaces/local/lib/python3.10/dist-packages/tutorial_interfaces/_tutorial_interfaces_s.ep.rosidl_typesupport_fastrtps_c.c
[47.817s] -- Installing: /home/michael/HRI/ros2_ws/install/tutorial_interfaces/local/lib/python3.10/dist-packages/tutorial_interfaces/__init__.py
[47.817s] -- Installing: /home/michael/HRI/ros2_ws/install/tutorial_interfaces/local/lib/python3.10/dist-packages/tutorial_interfaces/srv
[47.817s] -- Installing: /home/michael/HRI/ros2_ws/install/tutorial_interfaces/local/lib/python3.10/dist-packages/tutorial_interfaces/srv/_add_three_ints.py
[47.818s] -- Installing: /home/michael/HRI/ros2_ws/install/tutorial_interfaces/local/lib/python3.10/dist-packages/tutorial_interfaces/srv/_add_three_ints_s.c
[47.818s] -- Installing: /home/michael/HRI/ros2_ws/install/tutorial_interfaces/local/lib/python3.10/dist-packages/tutorial_interfaces/srv/__init__.py
[47.818s] Listing '/home/michael/HRI/ros2_ws/install/tutorial_interfaces/local/lib/python3.10/dist-packages/tutorial_interfaces'...
[47.818s] Compiling '/home/michael/HRI/ros2_ws/install/tutorial_interfaces/local/lib/python3.10/dist-packages/tutorial_interfaces/__init__.py'...
[47.819s] Listing '/home/michael/HRI/ros2_ws/install/tutorial_interfaces/local/lib/python3.10/dist-packages/tutorial_interfaces/msg'...
[47.819s] Compiling '/home/michael/HRI/ros2_ws/install/tutorial_interfaces/local/lib/python3.10/dist-packages/tutorial_interfaces/msg/__init__.py'...
[47.856s] Compiling '/home/michael/HRI/ros2_ws/install/tutorial_interfaces/local/lib/python3.10/dist-packages/tutorial_interfaces/msg/_falconpos.py'...
[47.857s] Listing '/home/michael/HRI/ros2_ws/install/tutorial_interfaces/local/lib/python3.10/dist-packages/tutorial_interfaces/srv'...
[47.857s] Compiling '/home/michael/HRI/ros2_ws/install/tutorial_interfaces/local/lib/python3.10/dist-packages/tutorial_interfaces/srv/__init__.py'...
[47.857s] Compiling '/home/michael/HRI/ros2_ws/install/tutorial_interfaces/local/lib/python3.10/dist-packages/tutorial_interfaces/srv/_add_three_ints.py'...
[47.857s] -- Installing: /home/michael/HRI/ros2_ws/install/tutorial_interfaces/local/lib/python3.10/dist-packages/tutorial_interfaces/tutorial_interfaces_s__rosidl_typesupport_fastrtps_c.cpython-310-x86_64-linux-gnu.so
[47.858s] -- Set runtime path of "/home/michael/HRI/ros2_ws/install/tutorial_interfaces/local/lib/python3.10/dist-packages/tutorial_interfaces/tutorial_interfaces_s__rosidl_typesupport_fastrtps_c.cpython-310-x86_64-linux-gnu.so" to ""
[47.858s] -- Installing: /home/michael/HRI/ros2_ws/install/tutorial_interfaces/local/lib/python3.10/dist-packages/tutorial_interfaces/tutorial_interfaces_s__rosidl_typesupport_introspection_c.cpython-310-x86_64-linux-gnu.so
[47.858s] -- Set runtime path of "/home/michael/HRI/ros2_ws/install/tutorial_interfaces/local/lib/python3.10/dist-packages/tutorial_interfaces/tutorial_interfaces_s__rosidl_typesupport_introspection_c.cpython-310-x86_64-linux-gnu.so" to ""
[47.858s] -- Installing: /home/michael/HRI/ros2_ws/install/tutorial_interfaces/local/lib/python3.10/dist-packages/tutorial_interfaces/tutorial_interfaces_s__rosidl_typesupport_c.cpython-310-x86_64-linux-gnu.so
[47.859s] -- Set runtime path of "/home/michael/HRI/ros2_ws/install/tutorial_interfaces/local/lib/python3.10/dist-packages/tutorial_interfaces/tutorial_interfaces_s__rosidl_typesupport_c.cpython-310-x86_64-linux-gnu.so" to ""
[47.859s] -- Installing: /home/michael/HRI/ros2_ws/install/tutorial_interfaces/lib/libtutorial_interfaces__rosidl_generator_py.so
[47.861s] -- Set runtime path of "/home/michael/HRI/ros2_ws/install/tutorial_interfaces/lib/libtutorial_interfaces__rosidl_generator_py.so" to ""
[47.861s] -- Installing: /home/michael/HRI/ros2_ws/install/tutorial_interfaces/share/tutorial_interfaces/msg/Falconpos.idl
[47.861s] -- Installing: /home/michael/HRI/ros2_ws/install/tutorial_interfaces/share/tutorial_interfaces/srv/AddThreeInts.idl
[47.862s] -- Installing: /home/michael/HRI/ros2_ws/install/tutorial_interfaces/share/tutorial_interfaces/msg/Falconpos.msg
[47.862s] -- Installing: /home/michael/HRI/ros2_ws/install/tutorial_interfaces/share/tutorial_interfaces/srv/AddThreeInts.srv
[47.862s] -- Installing: /home/michael/HRI/ros2_ws/install/tutorial_interfaces/share/tutorial_interfaces/srv/AddThreeInts_Request.msg
[47.862s] -- Installing: /home/michael/HRI/ros2_ws/install/tutorial_interfaces/share/tutorial_interfaces/srv/AddThreeInts_Response.msg
[47.862s] -- Installing: /home/michael/HRI/ros2_ws/install/tutorial_interfaces/share/ament_index/resource_index/package_run_dependencies/tutorial_interfaces
[47.863s] -- Installing: /home/michael/HRI/ros2_ws/install/tutorial_interfaces/share/ament_index/resource_index/parent_prefix_path/tutorial_interfaces
[47.863s] -- Installing: /home/michael/HRI/ros2_ws/install/tutorial_interfaces/share/tutorial_interfaces/environment/ament_prefix_path.sh
[47.864s] -- Installing: /home/michael/HRI/ros2_ws/install/tutorial_interfaces/share/tutorial_interfaces/environment/ament_prefix_path.dsv
[47.864s] -- Installing: /home/michael/HRI/ros2_ws/install/tutorial_interfaces/share/tutorial_interfaces/environment/path.sh
[47.882s] -- Installing: /home/michael/HRI/ros2_ws/install/tutorial_interfaces/share/tutorial_interfaces/environment/path.dsv
[47.882s] -- Installing: /home/michael/HRI/ros2_ws/install/tutorial_interfaces/share/tutorial_interfaces/local_setup.bash
[47.882s] -- Installing: /home/michael/HRI/ros2_ws/install/tutorial_interfaces/share/tutorial_interfaces/local_setup.sh
[47.883s] -- Installing: /home/michael/HRI/ros2_ws/install/tutorial_interfaces/share/tutorial_interfaces/local_setup.zsh
[47.883s] -- Installing: /home/michael/HRI/ros2_ws/install/tutorial_interfaces/share/tutorial_interfaces/local_setup.dsv
[47.883s] -- Installing: /home/michael/HRI/ros2_ws/install/tutorial_interfaces/share/tutorial_interfaces/package.dsv
[47.884s] -- Installing: /home/michael/HRI/ros2_ws/install/tutorial_interfaces/share/ament_index/resource_index/packages/tutorial_interfaces
[47.884s] -- Installing: /home/michael/HRI/ros2_ws/install/tutorial_interfaces/share/tutorial_interfaces/cmake/export_tutorial_interfaces__rosidl_generator_cExport.cmake
[47.884s] -- Installing: /home/michael/HRI/ros2_ws/install/tutorial_interfaces/share/tutorial_interfaces/cmake/export_tutorial_interfaces__rosidl_generator_cExport-noconfig.cmake
[47.884s] -- Installing: /home/michael/HRI/ros2_ws/install/tutorial_interfaces/share/tutorial_interfaces/cmake/export_tutorial_interfaces__rosidl_typesupport_fastrtps_cExport.cmake
[47.896s] -- Installing: /home/michael/HRI/ros2_ws/install/tutorial_interfaces/share/tutorial_interfaces/cmake/export_tutorial_interfaces__rosidl_typesupport_fastrtps_cExport-noconfig.cmake
[47.897s] -- Installing: /home/michael/HRI/ros2_ws/install/tutorial_interfaces/share/tutorial_interfaces/cmake/export_tutorial_interfaces__rosidl_generator_cppExport.cmake
[47.898s] -- Installing: /home/michael/HRI/ros2_ws/install/tutorial_interfaces/share/tutorial_interfaces/cmake/export_tutorial_interfaces__rosidl_typesupport_fastrtps_cppExport.cmake
[47.899s] -- Installing: /home/michael/HRI/ros2_ws/install/tutorial_interfaces/share/tutorial_interfaces/cmake/export_tutorial_interfaces__rosidl_typesupport_fastrtps_cppExport-noconfig.cmake
[47.899s] -- Installing: /home/michael/HRI/ros2_ws/install/tutorial_interfaces/share/tutorial_interfaces/cmake/tutorial_interfaces__rosidl_typesupport_introspection_cExport.cmake
[47.899s] -- Installing: /home/michael/HRI/ros2_ws/install/tutorial_interfaces/share/tutorial_interfaces/cmake/tutorial_interfaces__rosidl_typesupport_introspection_cExport-noconfig.cmake
[47.899s] -- Installing: /home/michael/HRI/ros2_ws/install/tutorial_interfaces/share/tutorial_interfaces/cmake/tutorial_interfaces__rosidl_typesupport_cExport.cmake
[47.900s] -- Installing: /home/michael/HRI/ros2_ws/install/tutorial_interfaces/share/tutorial_interfaces/cmake/tutorial_interfaces__rosidl_typesupport_cExport-noconfig.cmake
[47.900s] -- Installing: /home/michael/HRI/ros2_ws/install/tutorial_interfaces/share/tutorial_interfaces/cmake/tutorial_interfaces__rosidl_typesupport_introspection_cppExport.cmake
[47.900s] -- Installing: /home/michael/HRI/ros2_ws/install/tutorial_interfaces/share/tutorial_interfaces/cmake/tutorial_interfaces__rosidl_typesupport_introspection_cppExport-noconfig.cmake
[47.900s] -- Installing: /home/michael/HRI/ros2_ws/install/tutorial_interfaces/share/tutorial_interfaces/cmake/tutorial_interfaces__rosidl_typesupport_cppExport.cmake
[47.901s] -- Installing: /home/michael/HRI/ros2_ws/install/tutorial_interfaces/share/tutorial_interfaces/cmake/tutorial_interfaces__rosidl_typesupport_cppExport-noconfig.cmake
[47.901s] -- Installing: /home/michael/HRI/ros2_ws/install/tutorial_interfaces/share/tutorial_interfaces/cmake/export_tutorial_interfaces__rosidl_generator_pyExport.cmake
[47.901s] -- Installing: /home/michael/HRI/ros2_ws/install/tutorial_interfaces/share/tutorial_interfaces/cmake/export_tutorial_interfaces__rosidl_generator_pyExport-noconfig.cmake
[47.901s] -- Installing: /home/michael/HRI/ros2_ws/install/tutorial_interfaces/share/tutorial_interfaces/cmake/rosidl_cmake-extras.cmake
[47.901s] -- Installing: /home/michael/HRI/ros2_ws/install/tutorial_interfaces/share/tutorial_interfaces/cmake/ament_cmake_export_dependencies-extras.cmake
[47.902s] -- Installing: /home/michael/HRI/ros2_ws/install/tutorial_interfaces/share/tutorial_interfaces/cmake/ament_cmake_export_include_directories-extras.cmake
[47.902s] -- Installing: /home/michael/HRI/ros2_ws/install/tutorial_interfaces/share/tutorial_interfaces/cmake/ament_cmake_export_libraries-extras.cmake
[47.902s] -- Installing: /home/michael/HRI/ros2_ws/install/tutorial_interfaces/share/tutorial_interfaces/cmake/ament_cmake_export_targets-extras.cmake
[47.902s] -- Installing: /home/michael/HRI/ros2_ws/install/tutorial_interfaces/share/tutorial_interfaces/cmake/rosidl_cmake_export_typesupport_targets-extras.cmake
[47.903s] -- Installing: /home/michael/HRI/ros2_ws/install/tutorial_interfaces/share/tutorial_interfaces/cmake/rosidl_cmake_export_typesupport_libraries-extras.cmake
[47.903s] -- Installing: /home/michael/HRI/ros2_ws/install/tutorial_interfaces/share/tutorial_interfaces/cmake/tutorial_interfacesConfig.cmake
[47.903s] -- Installing: /home/michael/HRI/ros2_ws/install/tutorial_interfaces/share/tutorial_interfaces/cmake/tutorial_interfacesConfig-version.cmake
[47.903s] -- Installing: /home/michael/HRI/ros2_ws/install/tutorial_interfaces/share/tutorial_interfaces/package.xml
[48.032s] Invoked command in '/home/michael/HRI/ros2_ws/build/tutorial_interfaces' returned '0': CMAKE_PREFIX_PATH=${CMAKE_PREFIX_PATH}:/opt/ros/humble /usr/bin/cmake --install /home/michael/HRI/ros2_ws/build/tutorial_interfaces
