[0.636s] Invoking command in '/home/michael/HRI/ros2_ws/build/turtlesim': CMAKE_PREFIX_PATH=${CMAKE_PREFIX_PATH}:/opt/ros/humble /usr/bin/cmake /home/michael/HRI/ros2_ws/src/ros_tutorials/turtlesim -DCMAKE_INSTALL_PREFIX=/home/michael/HRI/ros2_ws/install/turtlesim
[0.753s] -- The C compiler identification is GNU 11.3.0
[0.863s] -- The CXX compiler identification is GNU 11.3.0
[0.883s] -- Detecting C compiler ABI info
[1.013s] -- Detecting C compiler ABI info - done
[1.038s] -- Check for working C compiler: /usr/bin/cc - skipped
[1.039s] -- Detecting C compile features
[1.039s] -- Detecting C compile features - done
[1.045s] -- Detecting CXX compiler ABI info
[1.195s] -- Detecting CXX compiler ABI info - done
[1.224s] -- Check for working CXX compiler: /usr/bin/c++ - skipped
[1.225s] -- Detecting CXX compile features
[1.226s] -- Detecting CXX compile features - done
[1.235s] -- Found ament_cmake: 1.3.5 (/opt/ros/humble/share/ament_cmake/cmake)
[1.607s] -- Found Python3: /usr/bin/python3.10 (found version "3.10.6") found components: Interpreter 
[1.804s] -- Found ament_index_cpp: 1.4.0 (/opt/ros/humble/share/ament_index_cpp/cmake)
[1.810s] -- Found geometry_msgs: 4.2.3 (/opt/ros/humble/share/geometry_msgs/cmake)
[1.915s] -- Found rosidl_generator_c: 3.1.4 (/opt/ros/humble/share/rosidl_generator_c/cmake)
[1.930s] -- Found rosidl_adapter: 3.1.4 (/opt/ros/humble/share/rosidl_adapter/cmake)
[1.952s] -- Found rosidl_generator_cpp: 3.1.4 (/opt/ros/humble/share/rosidl_generator_cpp/cmake)
[1.989s] -- Using all available rosidl_typesupport_c: rosidl_typesupport_fastrtps_c;rosidl_typesupport_introspection_c
[2.036s] -- Using all available rosidl_typesupport_cpp: rosidl_typesupport_fastrtps_cpp;rosidl_typesupport_introspection_cpp
[2.447s] -- Found rclcpp: 16.0.4 (/opt/ros/humble/share/rclcpp/cmake)
[2.587s] -- Found rmw_implementation_cmake: 6.1.1 (/opt/ros/humble/share/rmw_implementation_cmake/cmake)
[2.595s] -- Found rmw_fastrtps_cpp: 6.2.2 (/opt/ros/humble/share/rmw_fastrtps_cpp/cmake)
[2.805s] -- Found OpenSSL: /usr/lib/x86_64-linux-gnu/libcrypto.so (found version "3.0.2")  
[2.863s] -- Found FastRTPS: /opt/ros/humble/include  
[2.966s] -- Using RMW implementation 'rmw_fastrtps_cpp' as default
[2.993s] -- Looking for pthread.h
[3.121s] -- Looking for pthread.h - found
[3.121s] -- Performing Test CMAKE_HAVE_LIBC_PTHREAD
[3.254s] -- Performing Test CMAKE_HAVE_LIBC_PTHREAD - Success
[3.257s] -- Found Threads: TRUE  
[3.554s] -- Found rclcpp_action: 16.0.4 (/opt/ros/humble/share/rclcpp_action/cmake)
[3.766s] -- Found rosidl_default_generators: 1.2.0 (/opt/ros/humble/share/rosidl_default_generators/cmake)
[3.844s] -- Found std_srvs: 4.2.3 (/opt/ros/humble/share/std_srvs/cmake)
[5.058s] -- Found ament_cmake_ros: 0.10.0 (/opt/ros/humble/share/ament_cmake_ros/cmake)
[6.042s] -- Using all available rosidl_typesupport_c: rosidl_typesupport_fastrtps_c;rosidl_typesupport_introspection_c
[6.420s] -- Using all available rosidl_typesupport_cpp: rosidl_typesupport_fastrtps_cpp;rosidl_typesupport_introspection_cpp
[6.489s] -- Found PythonInterp: /usr/bin/python3 (found suitable version "3.10.6", minimum required is "3.6") 
[6.498s] -- Found python_cmake_module: 0.10.0 (/opt/ros/humble/share/python_cmake_module/cmake)
[6.577s] -- Found PythonLibs: /usr/lib/x86_64-linux-gnu/libpython3.10.so (found suitable version "3.10.6", minimum required is "3.5") 
[6.577s] -- Using PYTHON_EXECUTABLE: /usr/bin/python3
[6.577s] -- Using PYTHON_INCLUDE_DIRS: /usr/include/python3.10
[6.578s] -- Using PYTHON_LIBRARIES: /usr/lib/x86_64-linux-gnu/libpython3.10.so
[6.640s] -- Found PythonExtra: .so  
[6.848s] -- Configuring done
[7.120s] -- Generating done
[7.130s] -- Build files have been written to: /home/michael/HRI/ros2_ws/build/turtlesim
[7.163s] Invoked command in '/home/michael/HRI/ros2_ws/build/turtlesim' returned '0': CMAKE_PREFIX_PATH=${CMAKE_PREFIX_PATH}:/opt/ros/humble /usr/bin/cmake /home/michael/HRI/ros2_ws/src/ros_tutorials/turtlesim -DCMAKE_INSTALL_PREFIX=/home/michael/HRI/ros2_ws/install/turtlesim
[7.167s] Invoking command in '/home/michael/HRI/ros2_ws/build/turtlesim': CMAKE_PREFIX_PATH=${CMAKE_PREFIX_PATH}:/opt/ros/humble /usr/bin/cmake --build /home/michael/HRI/ros2_ws/build/turtlesim -- -j8 -l8
[7.283s] [  1%] [34m[1mGenerating C code for ROS interfaces[0m
[7.310s] [  2%] [34m[1mGenerating C++ code for ROS interfaces[0m
[7.331s] [  2%] Built target ament_cmake_python_copy_turtlesim
[8.151s] running egg_info
[8.153s] creating turtlesim.egg-info
[8.153s] writing turtlesim.egg-info/PKG-INFO
[8.154s] writing dependency_links to turtlesim.egg-info/dependency_links.txt
[8.154s] writing top-level names to turtlesim.egg-info/top_level.txt
[8.155s] writing manifest file 'turtlesim.egg-info/SOURCES.txt'
[8.160s] reading manifest file 'turtlesim.egg-info/SOURCES.txt'
[8.162s] writing manifest file 'turtlesim.egg-info/SOURCES.txt'
[8.227s] [  2%] Built target ament_cmake_python_build_turtlesim_egg
[9.984s] [  2%] Built target turtlesim__cpp
[10.011s] [  3%] [34m[1mGenerating C++ type support dispatch for ROS interfaces[0m
[10.014s] [  4%] [34m[1mGenerating C++ type support for eProsima Fast-RTPS[0m
[10.017s] [  5%] [34m[1mGenerating C++ introspection for ROS interfaces[0m
[11.154s] [  6%] [32mBuilding C object CMakeFiles/turtlesim__rosidl_generator_c.dir/rosidl_generator_c/turtlesim/action/detail/rotate_absolute__functions.c.o[0m
[11.180s] [  7%] [32mBuilding C object CMakeFiles/turtlesim__rosidl_generator_c.dir/rosidl_generator_c/turtlesim/msg/detail/color__functions.c.o[0m
[11.229s] [  8%] [32mBuilding C object CMakeFiles/turtlesim__rosidl_generator_c.dir/rosidl_generator_c/turtlesim/msg/detail/pose__functions.c.o[0m
[11.238s] [  9%] [32mBuilding C object CMakeFiles/turtlesim__rosidl_generator_c.dir/rosidl_generator_c/turtlesim/srv/detail/kill__functions.c.o[0m
[11.276s] [ 10%] [32mBuilding C object CMakeFiles/turtlesim__rosidl_generator_c.dir/rosidl_generator_c/turtlesim/srv/detail/set_pen__functions.c.o[0m
[11.409s] [ 11%] [32mBuilding C object CMakeFiles/turtlesim__rosidl_generator_c.dir/rosidl_generator_c/turtlesim/srv/detail/spawn__functions.c.o[0m
[11.572s] [ 12%] [32mBuilding C object CMakeFiles/turtlesim__rosidl_generator_c.dir/rosidl_generator_c/turtlesim/srv/detail/teleport_absolute__functions.c.o[0m
[11.649s] [ 13%] [32mBuilding C object CMakeFiles/turtlesim__rosidl_generator_c.dir/rosidl_generator_c/turtlesim/srv/detail/teleport_relative__functions.c.o[0m
[11.945s] [ 14%] [32m[1mLinking C shared library libturtlesim__rosidl_generator_c.so[0m
[12.052s] [ 14%] Built target turtlesim__rosidl_generator_c
[12.101s] [ 15%] [34m[1mGenerating C introspection for ROS interfaces[0m
[12.117s] [ 16%] [34m[1mGenerating C type support for eProsima Fast-RTPS[0m
[12.160s] [ 17%] [34m[1mGenerating C type support dispatch for ROS interfaces[0m
[12.329s] [ 18%] [32mBuilding CXX object CMakeFiles/turtlesim__rosidl_typesupport_cpp.dir/rosidl_typesupport_cpp/turtlesim/action/rotate_absolute__type_support.cpp.o[0m
[12.349s] [ 19%] [32mBuilding CXX object CMakeFiles/turtlesim__rosidl_typesupport_cpp.dir/rosidl_typesupport_cpp/turtlesim/msg/color__type_support.cpp.o[0m
[12.357s] [ 20%] [32mBuilding CXX object CMakeFiles/turtlesim__rosidl_typesupport_cpp.dir/rosidl_typesupport_cpp/turtlesim/msg/pose__type_support.cpp.o[0m
[13.270s] [ 21%] [32mBuilding CXX object CMakeFiles/turtlesim__rosidl_typesupport_introspection_cpp.dir/rosidl_typesupport_introspection_cpp/turtlesim/action/detail/rotate_absolute__type_support.cpp.o[0m
[13.600s] [ 22%] [32mBuilding CXX object CMakeFiles/turtlesim__rosidl_typesupport_introspection_cpp.dir/rosidl_typesupport_introspection_cpp/turtlesim/msg/detail/color__type_support.cpp.o[0m
[14.078s] [ 23%] [32mBuilding CXX object CMakeFiles/turtlesim__rosidl_typesupport_introspection_cpp.dir/rosidl_typesupport_introspection_cpp/turtlesim/msg/detail/pose__type_support.cpp.o[0m
[14.097s] [ 24%] [32mBuilding CXX object CMakeFiles/turtlesim__rosidl_typesupport_fastrtps_cpp.dir/rosidl_typesupport_fastrtps_cpp/turtlesim/action/detail/dds_fastrtps/rotate_absolute__type_support.cpp.o[0m
[14.562s] [ 25%] [32mBuilding CXX object CMakeFiles/turtlesim__rosidl_typesupport_cpp.dir/rosidl_typesupport_cpp/turtlesim/srv/kill__type_support.cpp.o[0m
[14.803s] [ 26%] [32mBuilding CXX object CMakeFiles/turtlesim__rosidl_typesupport_introspection_cpp.dir/rosidl_typesupport_introspection_cpp/turtlesim/srv/detail/kill__type_support.cpp.o[0m
[15.006s] [ 27%] [32mBuilding CXX object CMakeFiles/turtlesim__rosidl_typesupport_c.dir/rosidl_typesupport_c/turtlesim/action/rotate_absolute__type_support.cpp.o[0m
[15.378s] [ 28%] [32mBuilding CXX object CMakeFiles/turtlesim__rosidl_typesupport_c.dir/rosidl_typesupport_c/turtlesim/msg/color__type_support.cpp.o[0m
[15.399s] [ 29%] [32mBuilding CXX object CMakeFiles/turtlesim__rosidl_typesupport_c.dir/rosidl_typesupport_c/turtlesim/msg/pose__type_support.cpp.o[0m
[15.563s] [ 30%] [32mBuilding CXX object CMakeFiles/turtlesim__rosidl_typesupport_introspection_cpp.dir/rosidl_typesupport_introspection_cpp/turtlesim/srv/detail/set_pen__type_support.cpp.o[0m
[15.588s] [ 31%] [32mBuilding CXX object CMakeFiles/turtlesim__rosidl_typesupport_c.dir/rosidl_typesupport_c/turtlesim/srv/kill__type_support.cpp.o[0m
[15.833s] [ 32%] [32mBuilding CXX object CMakeFiles/turtlesim__rosidl_typesupport_c.dir/rosidl_typesupport_c/turtlesim/srv/set_pen__type_support.cpp.o[0m
[15.844s] [ 33%] [32mBuilding CXX object CMakeFiles/turtlesim__rosidl_typesupport_cpp.dir/rosidl_typesupport_cpp/turtlesim/srv/set_pen__type_support.cpp.o[0m
[15.942s] [ 34%] [32mBuilding C object CMakeFiles/turtlesim__rosidl_typesupport_introspection_c.dir/rosidl_typesupport_introspection_c/turtlesim/action/detail/rotate_absolute__type_support.c.o[0m
[16.000s] [ 35%] [32mBuilding CXX object CMakeFiles/turtlesim__rosidl_typesupport_c.dir/rosidl_typesupport_c/turtlesim/srv/spawn__type_support.cpp.o[0m
[16.024s] [ 36%] [32mBuilding C object CMakeFiles/turtlesim__rosidl_typesupport_introspection_c.dir/rosidl_typesupport_introspection_c/turtlesim/msg/detail/color__type_support.c.o[0m
[16.153s] [ 37%] [32mBuilding CXX object CMakeFiles/turtlesim__rosidl_typesupport_c.dir/rosidl_typesupport_c/turtlesim/srv/teleport_absolute__type_support.cpp.o[0m
[16.284s] [ 38%] [32mBuilding CXX object CMakeFiles/turtlesim__rosidl_typesupport_introspection_cpp.dir/rosidl_typesupport_introspection_cpp/turtlesim/srv/detail/spawn__type_support.cpp.o[0m
[16.352s] [ 39%] [32mBuilding C object CMakeFiles/turtlesim__rosidl_typesupport_introspection_c.dir/rosidl_typesupport_introspection_c/turtlesim/msg/detail/pose__type_support.c.o[0m
[16.370s] [ 40%] [32mBuilding CXX object CMakeFiles/turtlesim__rosidl_typesupport_c.dir/rosidl_typesupport_c/turtlesim/srv/teleport_relative__type_support.cpp.o[0m
[16.524s] [ 41%] [32m[1mLinking CXX shared library libturtlesim__rosidl_typesupport_c.so[0m
[16.555s] [ 42%] [32mBuilding CXX object CMakeFiles/turtlesim__rosidl_typesupport_cpp.dir/rosidl_typesupport_cpp/turtlesim/srv/spawn__type_support.cpp.o[0m
[16.598s] [ 43%] [32mBuilding C object CMakeFiles/turtlesim__rosidl_typesupport_introspection_c.dir/rosidl_typesupport_introspection_c/turtlesim/srv/detail/kill__type_support.c.o[0m
[16.747s] [ 44%] [32mBuilding C object CMakeFiles/turtlesim__rosidl_typesupport_introspection_c.dir/rosidl_typesupport_introspection_c/turtlesim/srv/detail/set_pen__type_support.c.o[0m
[16.752s] [ 44%] Built target turtlesim__rosidl_typesupport_c
[16.862s] [ 45%] [32mBuilding CXX object CMakeFiles/turtlesim__rosidl_typesupport_fastrtps_cpp.dir/rosidl_typesupport_fastrtps_cpp/turtlesim/msg/detail/dds_fastrtps/color__type_support.cpp.o[0m
[16.900s] [ 46%] [32mBuilding CXX object CMakeFiles/turtlesim__rosidl_typesupport_fastrtps_cpp.dir/rosidl_typesupport_fastrtps_cpp/turtlesim/msg/detail/dds_fastrtps/pose__type_support.cpp.o[0m
[17.007s] [ 47%] [32mBuilding C object CMakeFiles/turtlesim__rosidl_typesupport_introspection_c.dir/rosidl_typesupport_introspection_c/turtlesim/srv/detail/spawn__type_support.c.o[0m
[17.035s] [ 48%] [32mBuilding CXX object CMakeFiles/turtlesim__rosidl_typesupport_fastrtps_c.dir/rosidl_typesupport_fastrtps_c/turtlesim/action/detail/rotate_absolute__type_support_c.cpp.o[0m
[17.073s] [ 49%] [32mBuilding C object CMakeFiles/turtlesim__rosidl_typesupport_introspection_c.dir/rosidl_typesupport_introspection_c/turtlesim/srv/detail/teleport_absolute__type_support.c.o[0m
[17.143s] [ 50%] [32mBuilding CXX object CMakeFiles/turtlesim__rosidl_typesupport_fastrtps_c.dir/rosidl_typesupport_fastrtps_c/turtlesim/msg/detail/color__type_support_c.cpp.o[0m
[17.153s] [ 51%] [32mBuilding C object CMakeFiles/turtlesim__rosidl_typesupport_introspection_c.dir/rosidl_typesupport_introspection_c/turtlesim/srv/detail/teleport_relative__type_support.c.o[0m
[17.194s] [ 52%] [32mBuilding CXX object CMakeFiles/turtlesim__rosidl_typesupport_fastrtps_c.dir/rosidl_typesupport_fastrtps_c/turtlesim/msg/detail/pose__type_support_c.cpp.o[0m
[17.391s] [ 53%] [32m[1mLinking C shared library libturtlesim__rosidl_typesupport_introspection_c.so[0m
[17.582s] [ 54%] [32mBuilding CXX object CMakeFiles/turtlesim__rosidl_typesupport_cpp.dir/rosidl_typesupport_cpp/turtlesim/srv/teleport_absolute__type_support.cpp.o[0m
[17.664s] [ 54%] Built target turtlesim__rosidl_typesupport_introspection_c
[17.749s] [ 55%] [32mBuilding CXX object CMakeFiles/turtlesim__rosidl_typesupport_fastrtps_c.dir/rosidl_typesupport_fastrtps_c/turtlesim/srv/detail/kill__type_support_c.cpp.o[0m
[17.813s] [ 56%] [32mBuilding CXX object CMakeFiles/turtlesim__rosidl_typesupport_introspection_cpp.dir/rosidl_typesupport_introspection_cpp/turtlesim/srv/detail/teleport_absolute__type_support.cpp.o[0m
[18.416s] [ 57%] [32mBuilding CXX object CMakeFiles/turtlesim__rosidl_typesupport_introspection_cpp.dir/rosidl_typesupport_introspection_cpp/turtlesim/srv/detail/teleport_relative__type_support.cpp.o[0m
[18.445s] [ 58%] [32mBuilding CXX object CMakeFiles/turtlesim__rosidl_typesupport_fastrtps_cpp.dir/rosidl_typesupport_fastrtps_cpp/turtlesim/srv/detail/dds_fastrtps/kill__type_support.cpp.o[0m
[18.452s] [ 59%] [32mBuilding CXX object CMakeFiles/turtlesim__rosidl_typesupport_cpp.dir/rosidl_typesupport_cpp/turtlesim/srv/teleport_relative__type_support.cpp.o[0m
[18.525s] [ 60%] [32mBuilding CXX object CMakeFiles/turtlesim__rosidl_typesupport_fastrtps_cpp.dir/rosidl_typesupport_fastrtps_cpp/turtlesim/srv/detail/dds_fastrtps/set_pen__type_support.cpp.o[0m
[18.575s] [ 61%] [32mBuilding CXX object CMakeFiles/turtlesim__rosidl_typesupport_fastrtps_c.dir/rosidl_typesupport_fastrtps_c/turtlesim/srv/detail/set_pen__type_support_c.cpp.o[0m
[18.808s] [ 62%] [32mBuilding CXX object CMakeFiles/turtlesim__rosidl_typesupport_fastrtps_c.dir/rosidl_typesupport_fastrtps_c/turtlesim/srv/detail/spawn__type_support_c.cpp.o[0m
[19.077s] [ 63%] [32mBuilding CXX object CMakeFiles/turtlesim__rosidl_typesupport_fastrtps_c.dir/rosidl_typesupport_fastrtps_c/turtlesim/srv/detail/teleport_absolute__type_support_c.cpp.o[0m
[19.182s] [ 64%] [32mBuilding CXX object CMakeFiles/turtlesim__rosidl_typesupport_fastrtps_c.dir/rosidl_typesupport_fastrtps_c/turtlesim/srv/detail/teleport_relative__type_support_c.cpp.o[0m
[19.373s] [ 65%] [32m[1mLinking CXX shared library libturtlesim__rosidl_typesupport_cpp.so[0m
[19.506s] [ 65%] Built target turtlesim__rosidl_typesupport_cpp
[19.535s] [ 66%] [34m[1mGenerating include/turtlesim/moc_turtle_frame.cpp[0m
[19.790s] [ 67%] [32mBuilding CXX object CMakeFiles/turtlesim__rosidl_typesupport_fastrtps_cpp.dir/rosidl_typesupport_fastrtps_cpp/turtlesim/srv/detail/dds_fastrtps/spawn__type_support.cpp.o[0m
[19.808s] [ 68%] [32m[1mLinking CXX shared library libturtlesim__rosidl_typesupport_introspection_cpp.so[0m
[19.934s] [ 69%] [32mBuilding CXX object CMakeFiles/turtlesim__rosidl_typesupport_fastrtps_cpp.dir/rosidl_typesupport_fastrtps_cpp/turtlesim/srv/detail/dds_fastrtps/teleport_absolute__type_support.cpp.o[0m
[19.991s] [ 70%] [32mBuilding CXX object CMakeFiles/turtlesim__rosidl_typesupport_fastrtps_cpp.dir/rosidl_typesupport_fastrtps_cpp/turtlesim/srv/detail/dds_fastrtps/teleport_relative__type_support.cpp.o[0m
[20.033s] [ 70%] Built target turtlesim__rosidl_typesupport_introspection_cpp
[20.088s] [ 71%] [32mBuilding CXX object CMakeFiles/turtle_teleop_key.dir/tutorials/teleop_turtle_key.cpp.o[0m
[20.186s] [ 72%] [32mBuilding CXX object CMakeFiles/turtlesim_node.dir/src/turtlesim.cpp.o[0m
[20.269s] [ 73%] [32mBuilding CXX object CMakeFiles/draw_square.dir/tutorials/draw_square.cpp.o[0m
[20.286s] [ 74%] [32m[1mLinking CXX shared library libturtlesim__rosidl_typesupport_fastrtps_c.so[0m
[20.288s] [ 75%] [32mBuilding CXX object CMakeFiles/mimic.dir/tutorials/mimic.cpp.o[0m
[20.507s] [ 75%] Built target turtlesim__rosidl_typesupport_fastrtps_c
[20.529s] [ 76%] [32mBuilding CXX object CMakeFiles/turtlesim_node.dir/src/turtle.cpp.o[0m
[21.042s] [ 77%] [32mBuilding CXX object CMakeFiles/turtlesim_node.dir/src/turtle_frame.cpp.o[0m
[21.416s] [ 78%] [32mBuilding CXX object CMakeFiles/turtlesim_node.dir/include/turtlesim/moc_turtle_frame.cpp.o[0m
[21.443s] [ 79%] [32m[1mLinking CXX shared library libturtlesim__rosidl_typesupport_fastrtps_cpp.so[0m
[21.815s] [ 79%] Built target turtlesim__rosidl_typesupport_fastrtps_cpp
[21.943s] [ 79%] Built target turtlesim
[21.997s] [ 80%] [34m[1mGenerating Python code for ROS interfaces[0m
[29.893s] [ 80%] Built target turtlesim__py
[30.045s] [ 81%] [32mBuilding C object CMakeFiles/turtlesim__rosidl_generator_py.dir/rosidl_generator_py/turtlesim/action/_rotate_absolute_s.c.o[0m
[31.348s] [ 82%] [32mBuilding C object CMakeFiles/turtlesim__rosidl_generator_py.dir/rosidl_generator_py/turtlesim/msg/_color_s.c.o[0m
[31.705s] [ 83%] [32mBuilding C object CMakeFiles/turtlesim__rosidl_generator_py.dir/rosidl_generator_py/turtlesim/msg/_pose_s.c.o[0m
[32.060s] [ 84%] [32mBuilding C object CMakeFiles/turtlesim__rosidl_generator_py.dir/rosidl_generator_py/turtlesim/srv/_kill_s.c.o[0m
[32.406s] [ 85%] [32mBuilding C object CMakeFiles/turtlesim__rosidl_generator_py.dir/rosidl_generator_py/turtlesim/srv/_set_pen_s.c.o[0m
[32.738s] [ 86%] [32mBuilding C object CMakeFiles/turtlesim__rosidl_generator_py.dir/rosidl_generator_py/turtlesim/srv/_spawn_s.c.o[0m
[33.559s] [ 87%] [32mBuilding C object CMakeFiles/turtlesim__rosidl_generator_py.dir/rosidl_generator_py/turtlesim/srv/_teleport_absolute_s.c.o[0m
[33.894s] [ 88%] [32mBuilding C object CMakeFiles/turtlesim__rosidl_generator_py.dir/rosidl_generator_py/turtlesim/srv/_teleport_relative_s.c.o[0m
[34.244s] [ 89%] [32m[1mLinking C shared library rosidl_generator_py/turtlesim/libturtlesim__rosidl_generator_py.so[0m
[34.376s] [ 89%] Built target turtlesim__rosidl_generator_py
[34.435s] [ 90%] [32mBuilding C object CMakeFiles/turtlesim__rosidl_typesupport_fastrtps_c__pyext.dir/rosidl_generator_py/turtlesim/_turtlesim_s.ep.rosidl_typesupport_fastrtps_c.c.o[0m
[34.601s] [ 91%] [32mBuilding C object CMakeFiles/turtlesim__rosidl_typesupport_introspection_c__pyext.dir/rosidl_generator_py/turtlesim/_turtlesim_s.ep.rosidl_typesupport_introspection_c.c.o[0m
[35.004s] [ 92%] [32m[1mLinking C shared library rosidl_generator_py/turtlesim/turtlesim_s__rosidl_typesupport_fastrtps_c.cpython-310-x86_64-linux-gnu.so[0m
[35.116s] [ 93%] [32m[1mLinking C shared library rosidl_generator_py/turtlesim/turtlesim_s__rosidl_typesupport_introspection_c.cpython-310-x86_64-linux-gnu.so[0m
[35.131s] [ 93%] Built target turtlesim__rosidl_typesupport_fastrtps_c__pyext
[35.191s] [ 94%] [32mBuilding C object CMakeFiles/turtlesim__rosidl_typesupport_c__pyext.dir/rosidl_generator_py/turtlesim/_turtlesim_s.ep.rosidl_typesupport_c.c.o[0m
[35.232s] [ 94%] Built target turtlesim__rosidl_typesupport_introspection_c__pyext
[35.588s] [ 95%] [32m[1mLinking C shared library rosidl_generator_py/turtlesim/turtlesim_s__rosidl_typesupport_c.cpython-310-x86_64-linux-gnu.so[0m
[35.669s] [ 95%] Built target turtlesim__rosidl_typesupport_c__pyext
[38.200s] [ 96%] [32m[1mLinking CXX executable turtle_teleop_key[0m
[38.913s] [ 96%] Built target turtle_teleop_key
[41.934s] [ 97%] [32m[1mLinking CXX executable mimic[0m
[42.730s] [ 97%] Built target mimic
[45.075s] [ 98%] [32m[1mLinking CXX executable draw_square[0m
[45.925s] [ 98%] Built target draw_square
[49.856s] [100%] [32m[1mLinking CXX executable turtlesim_node[0m
[53.770s] [100%] Built target turtlesim_node
[53.792s] Invoked command in '/home/michael/HRI/ros2_ws/build/turtlesim' returned '0': CMAKE_PREFIX_PATH=${CMAKE_PREFIX_PATH}:/opt/ros/humble /usr/bin/cmake --build /home/michael/HRI/ros2_ws/build/turtlesim -- -j8 -l8
[54.217s] Invoking command in '/home/michael/HRI/ros2_ws/build/turtlesim': CMAKE_PREFIX_PATH=${CMAKE_PREFIX_PATH}:/opt/ros/humble /usr/bin/cmake --install /home/michael/HRI/ros2_ws/build/turtlesim
[54.230s] -- Install configuration: ""
[54.230s] -- Installing: /home/michael/HRI/ros2_ws/install/turtlesim/share/ament_index/resource_index/rosidl_interfaces/turtlesim
[54.231s] -- Installing: /home/michael/HRI/ros2_ws/install/turtlesim/include/turtlesim/turtlesim
[54.231s] -- Installing: /home/michael/HRI/ros2_ws/install/turtlesim/include/turtlesim/turtlesim/action
[54.231s] -- Installing: /home/michael/HRI/ros2_ws/install/turtlesim/include/turtlesim/turtlesim/action/detail
[54.232s] -- Installing: /home/michael/HRI/ros2_ws/install/turtlesim/include/turtlesim/turtlesim/action/detail/rotate_absolute__struct.h
[54.232s] -- Installing: /home/michael/HRI/ros2_ws/install/turtlesim/include/turtlesim/turtlesim/action/detail/rotate_absolute__functions.c
[54.232s] -- Installing: /home/michael/HRI/ros2_ws/install/turtlesim/include/turtlesim/turtlesim/action/detail/rotate_absolute__functions.h
[54.233s] -- Installing: /home/michael/HRI/ros2_ws/install/turtlesim/include/turtlesim/turtlesim/action/detail/rotate_absolute__type_support.h
[54.233s] -- Installing: /home/michael/HRI/ros2_ws/install/turtlesim/include/turtlesim/turtlesim/action/rotate_absolute.h
[54.234s] -- Installing: /home/michael/HRI/ros2_ws/install/turtlesim/include/turtlesim/turtlesim/msg
[54.234s] -- Installing: /home/michael/HRI/ros2_ws/install/turtlesim/include/turtlesim/turtlesim/msg/detail
[54.234s] -- Installing: /home/michael/HRI/ros2_ws/install/turtlesim/include/turtlesim/turtlesim/msg/detail/pose__struct.h
[54.234s] -- Installing: /home/michael/HRI/ros2_ws/install/turtlesim/include/turtlesim/turtlesim/msg/detail/pose__functions.h
[54.235s] -- Installing: /home/michael/HRI/ros2_ws/install/turtlesim/include/turtlesim/turtlesim/msg/detail/pose__functions.c
[54.235s] -- Installing: /home/michael/HRI/ros2_ws/install/turtlesim/include/turtlesim/turtlesim/msg/detail/color__type_support.h
[54.235s] -- Installing: /home/michael/HRI/ros2_ws/install/turtlesim/include/turtlesim/turtlesim/msg/detail/color__functions.h
[54.235s] -- Installing: /home/michael/HRI/ros2_ws/install/turtlesim/include/turtlesim/turtlesim/msg/detail/color__struct.h
[54.236s] -- Installing: /home/michael/HRI/ros2_ws/install/turtlesim/include/turtlesim/turtlesim/msg/detail/color__functions.c
[54.236s] -- Installing: /home/michael/HRI/ros2_ws/install/turtlesim/include/turtlesim/turtlesim/msg/detail/pose__type_support.h
[54.236s] -- Installing: /home/michael/HRI/ros2_ws/install/turtlesim/include/turtlesim/turtlesim/msg/color.h
[54.236s] -- Installing: /home/michael/HRI/ros2_ws/install/turtlesim/include/turtlesim/turtlesim/msg/rosidl_generator_c__visibility_control.h
[54.237s] -- Installing: /home/michael/HRI/ros2_ws/install/turtlesim/include/turtlesim/turtlesim/msg/pose.h
[54.237s] -- Installing: /home/michael/HRI/ros2_ws/install/turtlesim/include/turtlesim/turtlesim/srv
[54.237s] -- Installing: /home/michael/HRI/ros2_ws/install/turtlesim/include/turtlesim/turtlesim/srv/teleport_absolute.h
[54.237s] -- Installing: /home/michael/HRI/ros2_ws/install/turtlesim/include/turtlesim/turtlesim/srv/detail
[54.237s] -- Installing: /home/michael/HRI/ros2_ws/install/turtlesim/include/turtlesim/turtlesim/srv/detail/spawn__struct.h
[54.238s] -- Installing: /home/michael/HRI/ros2_ws/install/turtlesim/include/turtlesim/turtlesim/srv/detail/teleport_relative__functions.c
[54.238s] -- Installing: /home/michael/HRI/ros2_ws/install/turtlesim/include/turtlesim/turtlesim/srv/detail/teleport_absolute__functions.h
[54.238s] -- Installing: /home/michael/HRI/ros2_ws/install/turtlesim/include/turtlesim/turtlesim/srv/detail/set_pen__struct.h
[54.238s] -- Installing: /home/michael/HRI/ros2_ws/install/turtlesim/include/turtlesim/turtlesim/srv/detail/kill__type_support.h
[54.239s] -- Installing: /home/michael/HRI/ros2_ws/install/turtlesim/include/turtlesim/turtlesim/srv/detail/kill__struct.h
[54.239s] -- Installing: /home/michael/HRI/ros2_ws/install/turtlesim/include/turtlesim/turtlesim/srv/detail/teleport_relative__functions.h
[54.239s] -- Installing: /home/michael/HRI/ros2_ws/install/turtlesim/include/turtlesim/turtlesim/srv/detail/teleport_relative__struct.h
[54.239s] -- Installing: /home/michael/HRI/ros2_ws/install/turtlesim/include/turtlesim/turtlesim/srv/detail/teleport_absolute__functions.c
[54.239s] -- Installing: /home/michael/HRI/ros2_ws/install/turtlesim/include/turtlesim/turtlesim/srv/detail/kill__functions.c
[54.239s] -- Installing: /home/michael/HRI/ros2_ws/install/turtlesim/include/turtlesim/turtlesim/srv/detail/set_pen__type_support.h
[54.240s] -- Installing: /home/michael/HRI/ros2_ws/install/turtlesim/include/turtlesim/turtlesim/srv/detail/teleport_absolute__type_support.h
[54.240s] -- Installing: /home/michael/HRI/ros2_ws/install/turtlesim/include/turtlesim/turtlesim/srv/detail/kill__functions.h
[54.240s] -- Installing: /home/michael/HRI/ros2_ws/install/turtlesim/include/turtlesim/turtlesim/srv/detail/spawn__type_support.h
[54.240s] -- Installing: /home/michael/HRI/ros2_ws/install/turtlesim/include/turtlesim/turtlesim/srv/detail/teleport_relative__type_support.h
[54.240s] -- Installing: /home/michael/HRI/ros2_ws/install/turtlesim/include/turtlesim/turtlesim/srv/detail/set_pen__functions.c
[54.240s] -- Installing: /home/michael/HRI/ros2_ws/install/turtlesim/include/turtlesim/turtlesim/srv/detail/spawn__functions.c
[54.241s] -- Installing: /home/michael/HRI/ros2_ws/install/turtlesim/include/turtlesim/turtlesim/srv/detail/spawn__functions.h
[54.241s] -- Installing: /home/michael/HRI/ros2_ws/install/turtlesim/include/turtlesim/turtlesim/srv/detail/set_pen__functions.h
[54.241s] -- Installing: /home/michael/HRI/ros2_ws/install/turtlesim/include/turtlesim/turtlesim/srv/detail/teleport_absolute__struct.h
[54.241s] -- Installing: /home/michael/HRI/ros2_ws/install/turtlesim/include/turtlesim/turtlesim/srv/kill.h
[54.241s] -- Installing: /home/michael/HRI/ros2_ws/install/turtlesim/include/turtlesim/turtlesim/srv/spawn.h
[54.242s] -- Installing: /home/michael/HRI/ros2_ws/install/turtlesim/include/turtlesim/turtlesim/srv/teleport_relative.h
[54.242s] -- Installing: /home/michael/HRI/ros2_ws/install/turtlesim/include/turtlesim/turtlesim/srv/set_pen.h
[54.242s] -- Installing: /home/michael/HRI/ros2_ws/install/turtlesim/share/turtlesim/environment/library_path.sh
[54.243s] -- Installing: /home/michael/HRI/ros2_ws/install/turtlesim/share/turtlesim/environment/library_path.dsv
[54.243s] -- Installing: /home/michael/HRI/ros2_ws/install/turtlesim/lib/libturtlesim__rosidl_generator_c.so
[54.244s] -- Set runtime path of "/home/michael/HRI/ros2_ws/install/turtlesim/lib/libturtlesim__rosidl_generator_c.so" to ""
[54.244s] -- Up-to-date: /home/michael/HRI/ros2_ws/install/turtlesim/include/turtlesim/turtlesim
[54.244s] -- Up-to-date: /home/michael/HRI/ros2_ws/install/turtlesim/include/turtlesim/turtlesim/action
[54.245s] -- Up-to-date: /home/michael/HRI/ros2_ws/install/turtlesim/include/turtlesim/turtlesim/action/detail
[54.245s] -- Installing: /home/michael/HRI/ros2_ws/install/turtlesim/include/turtlesim/turtlesim/action/detail/rotate_absolute__rosidl_typesupport_fastrtps_c.h
[54.245s] -- Up-to-date: /home/michael/HRI/ros2_ws/install/turtlesim/include/turtlesim/turtlesim/msg
[54.245s] -- Up-to-date: /home/michael/HRI/ros2_ws/install/turtlesim/include/turtlesim/turtlesim/msg/detail
[54.246s] -- Installing: /home/michael/HRI/ros2_ws/install/turtlesim/include/turtlesim/turtlesim/msg/detail/pose__rosidl_typesupport_fastrtps_c.h
[54.246s] -- Installing: /home/michael/HRI/ros2_ws/install/turtlesim/include/turtlesim/turtlesim/msg/detail/color__rosidl_typesupport_fastrtps_c.h
[54.246s] -- Installing: /home/michael/HRI/ros2_ws/install/turtlesim/include/turtlesim/turtlesim/msg/rosidl_typesupport_fastrtps_c__visibility_control.h
[54.246s] -- Up-to-date: /home/michael/HRI/ros2_ws/install/turtlesim/include/turtlesim/turtlesim/srv
[54.247s] -- Up-to-date: /home/michael/HRI/ros2_ws/install/turtlesim/include/turtlesim/turtlesim/srv/detail
[54.247s] -- Installing: /home/michael/HRI/ros2_ws/install/turtlesim/include/turtlesim/turtlesim/srv/detail/teleport_relative__rosidl_typesupport_fastrtps_c.h
[54.247s] -- Installing: /home/michael/HRI/ros2_ws/install/turtlesim/include/turtlesim/turtlesim/srv/detail/kill__rosidl_typesupport_fastrtps_c.h
[54.247s] -- Installing: /home/michael/HRI/ros2_ws/install/turtlesim/include/turtlesim/turtlesim/srv/detail/teleport_absolute__rosidl_typesupport_fastrtps_c.h
[54.247s] -- Installing: /home/michael/HRI/ros2_ws/install/turtlesim/include/turtlesim/turtlesim/srv/detail/spawn__rosidl_typesupport_fastrtps_c.h
[54.248s] -- Installing: /home/michael/HRI/ros2_ws/install/turtlesim/include/turtlesim/turtlesim/srv/detail/set_pen__rosidl_typesupport_fastrtps_c.h
[54.248s] -- Installing: /home/michael/HRI/ros2_ws/install/turtlesim/lib/libturtlesim__rosidl_typesupport_fastrtps_c.so
[54.248s] -- Set runtime path of "/home/michael/HRI/ros2_ws/install/turtlesim/lib/libturtlesim__rosidl_typesupport_fastrtps_c.so" to ""
[54.248s] -- Up-to-date: /home/michael/HRI/ros2_ws/install/turtlesim/include/turtlesim/turtlesim
[54.249s] -- Up-to-date: /home/michael/HRI/ros2_ws/install/turtlesim/include/turtlesim/turtlesim/action
[54.249s] -- Up-to-date: /home/michael/HRI/ros2_ws/install/turtlesim/include/turtlesim/turtlesim/action/detail
[54.249s] -- Installing: /home/michael/HRI/ros2_ws/install/turtlesim/include/turtlesim/turtlesim/action/detail/rotate_absolute__builder.hpp
[54.249s] -- Installing: /home/michael/HRI/ros2_ws/install/turtlesim/include/turtlesim/turtlesim/action/detail/rotate_absolute__traits.hpp
[54.250s] -- Installing: /home/michael/HRI/ros2_ws/install/turtlesim/include/turtlesim/turtlesim/action/detail/rotate_absolute__struct.hpp
[54.250s] -- Installing: /home/michael/HRI/ros2_ws/install/turtlesim/include/turtlesim/turtlesim/action/rotate_absolute.hpp
[54.250s] -- Up-to-date: /home/michael/HRI/ros2_ws/install/turtlesim/include/turtlesim/turtlesim/msg
[54.251s] -- Up-to-date: /home/michael/HRI/ros2_ws/install/turtlesim/include/turtlesim/turtlesim/msg/detail
[54.251s] -- Installing: /home/michael/HRI/ros2_ws/install/turtlesim/include/turtlesim/turtlesim/msg/detail/pose__struct.hpp
[54.251s] -- Installing: /home/michael/HRI/ros2_ws/install/turtlesim/include/turtlesim/turtlesim/msg/detail/pose__traits.hpp
[54.251s] -- Installing: /home/michael/HRI/ros2_ws/install/turtlesim/include/turtlesim/turtlesim/msg/detail/color__builder.hpp
[54.252s] -- Installing: /home/michael/HRI/ros2_ws/install/turtlesim/include/turtlesim/turtlesim/msg/detail/pose__builder.hpp
[54.252s] -- Installing: /home/michael/HRI/ros2_ws/install/turtlesim/include/turtlesim/turtlesim/msg/detail/color__struct.hpp
[54.252s] -- Installing: /home/michael/HRI/ros2_ws/install/turtlesim/include/turtlesim/turtlesim/msg/detail/color__traits.hpp
[54.252s] -- Installing: /home/michael/HRI/ros2_ws/install/turtlesim/include/turtlesim/turtlesim/msg/pose.hpp
[54.253s] -- Installing: /home/michael/HRI/ros2_ws/install/turtlesim/include/turtlesim/turtlesim/msg/color.hpp
[54.253s] -- Up-to-date: /home/michael/HRI/ros2_ws/install/turtlesim/include/turtlesim/turtlesim/srv
[54.253s] -- Up-to-date: /home/michael/HRI/ros2_ws/install/turtlesim/include/turtlesim/turtlesim/srv/detail
[54.254s] -- Installing: /home/michael/HRI/ros2_ws/install/turtlesim/include/turtlesim/turtlesim/srv/detail/set_pen__builder.hpp
[54.254s] -- Installing: /home/michael/HRI/ros2_ws/install/turtlesim/include/turtlesim/turtlesim/srv/detail/kill__builder.hpp
[54.254s] -- Installing: /home/michael/HRI/ros2_ws/install/turtlesim/include/turtlesim/turtlesim/srv/detail/set_pen__struct.hpp
[54.254s] -- Installing: /home/michael/HRI/ros2_ws/install/turtlesim/include/turtlesim/turtlesim/srv/detail/spawn__traits.hpp
[54.255s] -- Installing: /home/michael/HRI/ros2_ws/install/turtlesim/include/turtlesim/turtlesim/srv/detail/teleport_absolute__traits.hpp
[54.255s] -- Installing: /home/michael/HRI/ros2_ws/install/turtlesim/include/turtlesim/turtlesim/srv/detail/set_pen__traits.hpp
[54.255s] -- Installing: /home/michael/HRI/ros2_ws/install/turtlesim/include/turtlesim/turtlesim/srv/detail/teleport_relative__struct.hpp
[54.255s] -- Installing: /home/michael/HRI/ros2_ws/install/turtlesim/include/turtlesim/turtlesim/srv/detail/spawn__struct.hpp
[54.256s] -- Installing: /home/michael/HRI/ros2_ws/install/turtlesim/include/turtlesim/turtlesim/srv/detail/teleport_absolute__struct.hpp
[54.256s] -- Installing: /home/michael/HRI/ros2_ws/install/turtlesim/include/turtlesim/turtlesim/srv/detail/teleport_absolute__builder.hpp
[54.256s] -- Installing: /home/michael/HRI/ros2_ws/install/turtlesim/include/turtlesim/turtlesim/srv/detail/teleport_relative__builder.hpp
[54.257s] -- Installing: /home/michael/HRI/ros2_ws/install/turtlesim/include/turtlesim/turtlesim/srv/detail/spawn__builder.hpp
[54.257s] -- Installing: /home/michael/HRI/ros2_ws/install/turtlesim/include/turtlesim/turtlesim/srv/detail/teleport_relative__traits.hpp
[54.257s] -- Installing: /home/michael/HRI/ros2_ws/install/turtlesim/include/turtlesim/turtlesim/srv/detail/kill__traits.hpp
[54.257s] -- Installing: /home/michael/HRI/ros2_ws/install/turtlesim/include/turtlesim/turtlesim/srv/detail/kill__struct.hpp
[54.258s] -- Installing: /home/michael/HRI/ros2_ws/install/turtlesim/include/turtlesim/turtlesim/srv/teleport_absolute.hpp
[54.258s] -- Installing: /home/michael/HRI/ros2_ws/install/turtlesim/include/turtlesim/turtlesim/srv/set_pen.hpp
[54.258s] -- Installing: /home/michael/HRI/ros2_ws/install/turtlesim/include/turtlesim/turtlesim/srv/kill.hpp
[54.258s] -- Installing: /home/michael/HRI/ros2_ws/install/turtlesim/include/turtlesim/turtlesim/srv/teleport_relative.hpp
[54.258s] -- Installing: /home/michael/HRI/ros2_ws/install/turtlesim/include/turtlesim/turtlesim/srv/spawn.hpp
[54.259s] -- Up-to-date: /home/michael/HRI/ros2_ws/install/turtlesim/include/turtlesim/turtlesim
[54.259s] -- Up-to-date: /home/michael/HRI/ros2_ws/install/turtlesim/include/turtlesim/turtlesim/action
[54.259s] -- Up-to-date: /home/michael/HRI/ros2_ws/install/turtlesim/include/turtlesim/turtlesim/action/detail
[54.259s] -- Installing: /home/michael/HRI/ros2_ws/install/turtlesim/include/turtlesim/turtlesim/action/detail/dds_fastrtps
[54.260s] -- Installing: /home/michael/HRI/ros2_ws/install/turtlesim/include/turtlesim/turtlesim/action/detail/rotate_absolute__rosidl_typesupport_fastrtps_cpp.hpp
[54.260s] -- Up-to-date: /home/michael/HRI/ros2_ws/install/turtlesim/include/turtlesim/turtlesim/msg
[54.260s] -- Up-to-date: /home/michael/HRI/ros2_ws/install/turtlesim/include/turtlesim/turtlesim/msg/detail
[54.261s] -- Installing: /home/michael/HRI/ros2_ws/install/turtlesim/include/turtlesim/turtlesim/msg/detail/dds_fastrtps
[54.261s] -- Installing: /home/michael/HRI/ros2_ws/install/turtlesim/include/turtlesim/turtlesim/msg/detail/color__rosidl_typesupport_fastrtps_cpp.hpp
[54.261s] -- Installing: /home/michael/HRI/ros2_ws/install/turtlesim/include/turtlesim/turtlesim/msg/detail/pose__rosidl_typesupport_fastrtps_cpp.hpp
[54.261s] -- Installing: /home/michael/HRI/ros2_ws/install/turtlesim/include/turtlesim/turtlesim/msg/rosidl_typesupport_fastrtps_cpp__visibility_control.h
[54.261s] -- Up-to-date: /home/michael/HRI/ros2_ws/install/turtlesim/include/turtlesim/turtlesim/srv
[54.261s] -- Up-to-date: /home/michael/HRI/ros2_ws/install/turtlesim/include/turtlesim/turtlesim/srv/detail
[54.262s] -- Installing: /home/michael/HRI/ros2_ws/install/turtlesim/include/turtlesim/turtlesim/srv/detail/dds_fastrtps
[54.262s] -- Installing: /home/michael/HRI/ros2_ws/install/turtlesim/include/turtlesim/turtlesim/srv/detail/spawn__rosidl_typesupport_fastrtps_cpp.hpp
[54.262s] -- Installing: /home/michael/HRI/ros2_ws/install/turtlesim/include/turtlesim/turtlesim/srv/detail/kill__rosidl_typesupport_fastrtps_cpp.hpp
[54.262s] -- Installing: /home/michael/HRI/ros2_ws/install/turtlesim/include/turtlesim/turtlesim/srv/detail/teleport_relative__rosidl_typesupport_fastrtps_cpp.hpp
[54.262s] -- Installing: /home/michael/HRI/ros2_ws/install/turtlesim/include/turtlesim/turtlesim/srv/detail/teleport_absolute__rosidl_typesupport_fastrtps_cpp.hpp
[54.262s] -- Installing: /home/michael/HRI/ros2_ws/install/turtlesim/include/turtlesim/turtlesim/srv/detail/set_pen__rosidl_typesupport_fastrtps_cpp.hpp
[54.262s] -- Installing: /home/michael/HRI/ros2_ws/install/turtlesim/lib/libturtlesim__rosidl_typesupport_fastrtps_cpp.so
[54.262s] -- Set runtime path of "/home/michael/HRI/ros2_ws/install/turtlesim/lib/libturtlesim__rosidl_typesupport_fastrtps_cpp.so" to ""
[54.263s] -- Up-to-date: /home/michael/HRI/ros2_ws/install/turtlesim/include/turtlesim/turtlesim
[54.263s] -- Up-to-date: /home/michael/HRI/ros2_ws/install/turtlesim/include/turtlesim/turtlesim/action
[54.263s] -- Up-to-date: /home/michael/HRI/ros2_ws/install/turtlesim/include/turtlesim/turtlesim/action/detail
[54.263s] -- Installing: /home/michael/HRI/ros2_ws/install/turtlesim/include/turtlesim/turtlesim/action/detail/rotate_absolute__rosidl_typesupport_introspection_c.h
[54.263s] -- Installing: /home/michael/HRI/ros2_ws/install/turtlesim/include/turtlesim/turtlesim/action/detail/rotate_absolute__type_support.c
[54.263s] -- Up-to-date: /home/michael/HRI/ros2_ws/install/turtlesim/include/turtlesim/turtlesim/msg
[54.263s] -- Up-to-date: /home/michael/HRI/ros2_ws/install/turtlesim/include/turtlesim/turtlesim/msg/detail
[54.264s] -- Installing: /home/michael/HRI/ros2_ws/install/turtlesim/include/turtlesim/turtlesim/msg/detail/color__rosidl_typesupport_introspection_c.h
[54.264s] -- Installing: /home/michael/HRI/ros2_ws/install/turtlesim/include/turtlesim/turtlesim/msg/detail/pose__type_support.c
[54.264s] -- Installing: /home/michael/HRI/ros2_ws/install/turtlesim/include/turtlesim/turtlesim/msg/detail/pose__rosidl_typesupport_introspection_c.h
[54.264s] -- Installing: /home/michael/HRI/ros2_ws/install/turtlesim/include/turtlesim/turtlesim/msg/detail/color__type_support.c
[54.264s] -- Installing: /home/michael/HRI/ros2_ws/install/turtlesim/include/turtlesim/turtlesim/msg/rosidl_typesupport_introspection_c__visibility_control.h
[54.264s] -- Up-to-date: /home/michael/HRI/ros2_ws/install/turtlesim/include/turtlesim/turtlesim/srv
[54.264s] -- Up-to-date: /home/michael/HRI/ros2_ws/install/turtlesim/include/turtlesim/turtlesim/srv/detail
[54.264s] -- Installing: /home/michael/HRI/ros2_ws/install/turtlesim/include/turtlesim/turtlesim/srv/detail/set_pen__rosidl_typesupport_introspection_c.h
[54.264s] -- Installing: /home/michael/HRI/ros2_ws/install/turtlesim/include/turtlesim/turtlesim/srv/detail/kill__type_support.c
[54.265s] -- Installing: /home/michael/HRI/ros2_ws/install/turtlesim/include/turtlesim/turtlesim/srv/detail/teleport_absolute__type_support.c
[54.265s] -- Installing: /home/michael/HRI/ros2_ws/install/turtlesim/include/turtlesim/turtlesim/srv/detail/spawn__rosidl_typesupport_introspection_c.h
[54.265s] -- Installing: /home/michael/HRI/ros2_ws/install/turtlesim/include/turtlesim/turtlesim/srv/detail/teleport_absolute__rosidl_typesupport_introspection_c.h
[54.265s] -- Installing: /home/michael/HRI/ros2_ws/install/turtlesim/include/turtlesim/turtlesim/srv/detail/kill__rosidl_typesupport_introspection_c.h
[54.265s] -- Installing: /home/michael/HRI/ros2_ws/install/turtlesim/include/turtlesim/turtlesim/srv/detail/spawn__type_support.c
[54.265s] -- Installing: /home/michael/HRI/ros2_ws/install/turtlesim/include/turtlesim/turtlesim/srv/detail/teleport_relative__type_support.c
[54.265s] -- Installing: /home/michael/HRI/ros2_ws/install/turtlesim/include/turtlesim/turtlesim/srv/detail/teleport_relative__rosidl_typesupport_introspection_c.h
[54.265s] -- Installing: /home/michael/HRI/ros2_ws/install/turtlesim/include/turtlesim/turtlesim/srv/detail/set_pen__type_support.c
[54.266s] -- Installing: /home/michael/HRI/ros2_ws/install/turtlesim/lib/libturtlesim__rosidl_typesupport_introspection_c.so
[54.266s] -- Set runtime path of "/home/michael/HRI/ros2_ws/install/turtlesim/lib/libturtlesim__rosidl_typesupport_introspection_c.so" to ""
[54.266s] -- Installing: /home/michael/HRI/ros2_ws/install/turtlesim/lib/libturtlesim__rosidl_typesupport_c.so
[54.266s] -- Set runtime path of "/home/michael/HRI/ros2_ws/install/turtlesim/lib/libturtlesim__rosidl_typesupport_c.so" to ""
[54.266s] -- Up-to-date: /home/michael/HRI/ros2_ws/install/turtlesim/include/turtlesim/turtlesim
[54.266s] -- Up-to-date: /home/michael/HRI/ros2_ws/install/turtlesim/include/turtlesim/turtlesim/action
[54.266s] -- Up-to-date: /home/michael/HRI/ros2_ws/install/turtlesim/include/turtlesim/turtlesim/action/detail
[54.267s] -- Installing: /home/michael/HRI/ros2_ws/install/turtlesim/include/turtlesim/turtlesim/action/detail/rotate_absolute__rosidl_typesupport_introspection_cpp.hpp
[54.267s] -- Installing: /home/michael/HRI/ros2_ws/install/turtlesim/include/turtlesim/turtlesim/action/detail/rotate_absolute__type_support.cpp
[54.267s] -- Up-to-date: /home/michael/HRI/ros2_ws/install/turtlesim/include/turtlesim/turtlesim/msg
[54.267s] -- Up-to-date: /home/michael/HRI/ros2_ws/install/turtlesim/include/turtlesim/turtlesim/msg/detail
[54.267s] -- Installing: /home/michael/HRI/ros2_ws/install/turtlesim/include/turtlesim/turtlesim/msg/detail/color__rosidl_typesupport_introspection_cpp.hpp
[54.267s] -- Installing: /home/michael/HRI/ros2_ws/install/turtlesim/include/turtlesim/turtlesim/msg/detail/pose__rosidl_typesupport_introspection_cpp.hpp
[54.267s] -- Installing: /home/michael/HRI/ros2_ws/install/turtlesim/include/turtlesim/turtlesim/msg/detail/color__type_support.cpp
[54.268s] -- Installing: /home/michael/HRI/ros2_ws/install/turtlesim/include/turtlesim/turtlesim/msg/detail/pose__type_support.cpp
[54.268s] -- Up-to-date: /home/michael/HRI/ros2_ws/install/turtlesim/include/turtlesim/turtlesim/srv
[54.268s] -- Up-to-date: /home/michael/HRI/ros2_ws/install/turtlesim/include/turtlesim/turtlesim/srv/detail
[54.268s] -- Installing: /home/michael/HRI/ros2_ws/install/turtlesim/include/turtlesim/turtlesim/srv/detail/set_pen__type_support.cpp
[54.268s] -- Installing: /home/michael/HRI/ros2_ws/install/turtlesim/include/turtlesim/turtlesim/srv/detail/teleport_absolute__rosidl_typesupport_introspection_cpp.hpp
[54.268s] -- Installing: /home/michael/HRI/ros2_ws/install/turtlesim/include/turtlesim/turtlesim/srv/detail/teleport_relative__rosidl_typesupport_introspection_cpp.hpp
[54.268s] -- Installing: /home/michael/HRI/ros2_ws/install/turtlesim/include/turtlesim/turtlesim/srv/detail/spawn__rosidl_typesupport_introspection_cpp.hpp
[54.269s] -- Installing: /home/michael/HRI/ros2_ws/install/turtlesim/include/turtlesim/turtlesim/srv/detail/teleport_relative__type_support.cpp
[54.269s] -- Installing: /home/michael/HRI/ros2_ws/install/turtlesim/include/turtlesim/turtlesim/srv/detail/set_pen__rosidl_typesupport_introspection_cpp.hpp
[54.269s] -- Installing: /home/michael/HRI/ros2_ws/install/turtlesim/include/turtlesim/turtlesim/srv/detail/spawn__type_support.cpp
[54.269s] -- Installing: /home/michael/HRI/ros2_ws/install/turtlesim/include/turtlesim/turtlesim/srv/detail/kill__rosidl_typesupport_introspection_cpp.hpp
[54.269s] -- Installing: /home/michael/HRI/ros2_ws/install/turtlesim/include/turtlesim/turtlesim/srv/detail/teleport_absolute__type_support.cpp
[54.269s] -- Installing: /home/michael/HRI/ros2_ws/install/turtlesim/include/turtlesim/turtlesim/srv/detail/kill__type_support.cpp
[54.270s] -- Installing: /home/michael/HRI/ros2_ws/install/turtlesim/lib/libturtlesim__rosidl_typesupport_introspection_cpp.so
[54.270s] -- Set runtime path of "/home/michael/HRI/ros2_ws/install/turtlesim/lib/libturtlesim__rosidl_typesupport_introspection_cpp.so" to ""
[54.271s] -- Installing: /home/michael/HRI/ros2_ws/install/turtlesim/lib/libturtlesim__rosidl_typesupport_cpp.so
[54.272s] -- Set runtime path of "/home/michael/HRI/ros2_ws/install/turtlesim/lib/libturtlesim__rosidl_typesupport_cpp.so" to ""
[54.272s] -- Installing: /home/michael/HRI/ros2_ws/install/turtlesim/share/turtlesim/environment/pythonpath.sh
[54.272s] -- Installing: /home/michael/HRI/ros2_ws/install/turtlesim/share/turtlesim/environment/pythonpath.dsv
[54.272s] -- Installing: /home/michael/HRI/ros2_ws/install/turtlesim/local/lib/python3.10/dist-packages/turtlesim-1.4.2-py3.10.egg-info
[54.272s] -- Installing: /home/michael/HRI/ros2_ws/install/turtlesim/local/lib/python3.10/dist-packages/turtlesim-1.4.2-py3.10.egg-info/dependency_links.txt
[54.273s] -- Installing: /home/michael/HRI/ros2_ws/install/turtlesim/local/lib/python3.10/dist-packages/turtlesim-1.4.2-py3.10.egg-info/top_level.txt
[54.273s] -- Installing: /home/michael/HRI/ros2_ws/install/turtlesim/local/lib/python3.10/dist-packages/turtlesim-1.4.2-py3.10.egg-info/SOURCES.txt
[54.273s] -- Installing: /home/michael/HRI/ros2_ws/install/turtlesim/local/lib/python3.10/dist-packages/turtlesim-1.4.2-py3.10.egg-info/PKG-INFO
[54.273s] -- Installing: /home/michael/HRI/ros2_ws/install/turtlesim/local/lib/python3.10/dist-packages/turtlesim
[54.273s] -- Installing: /home/michael/HRI/ros2_ws/install/turtlesim/local/lib/python3.10/dist-packages/turtlesim/_turtlesim_s.ep.rosidl_typesupport_introspection_c.c
[54.274s] -- Installing: /home/michael/HRI/ros2_ws/install/turtlesim/local/lib/python3.10/dist-packages/turtlesim/_turtlesim_s.ep.rosidl_typesupport_fastrtps_c.c
[54.274s] -- Installing: /home/michael/HRI/ros2_ws/install/turtlesim/local/lib/python3.10/dist-packages/turtlesim/action
[54.275s] -- Installing: /home/michael/HRI/ros2_ws/install/turtlesim/local/lib/python3.10/dist-packages/turtlesim/action/_rotate_absolute.py
[54.275s] -- Installing: /home/michael/HRI/ros2_ws/install/turtlesim/local/lib/python3.10/dist-packages/turtlesim/action/_rotate_absolute_s.c
[54.275s] -- Installing: /home/michael/HRI/ros2_ws/install/turtlesim/local/lib/python3.10/dist-packages/turtlesim/action/__init__.py
[54.276s] -- Installing: /home/michael/HRI/ros2_ws/install/turtlesim/local/lib/python3.10/dist-packages/turtlesim/turtlesim_s__rosidl_typesupport_introspection_c.cpython-310-x86_64-linux-gnu.so
[54.276s] -- Installing: /home/michael/HRI/ros2_ws/install/turtlesim/local/lib/python3.10/dist-packages/turtlesim/msg
[54.276s] -- Installing: /home/michael/HRI/ros2_ws/install/turtlesim/local/lib/python3.10/dist-packages/turtlesim/msg/_pose.py
[54.276s] -- Installing: /home/michael/HRI/ros2_ws/install/turtlesim/local/lib/python3.10/dist-packages/turtlesim/msg/_color.py
[54.277s] -- Installing: /home/michael/HRI/ros2_ws/install/turtlesim/local/lib/python3.10/dist-packages/turtlesim/msg/_pose_s.c
[54.277s] -- Installing: /home/michael/HRI/ros2_ws/install/turtlesim/local/lib/python3.10/dist-packages/turtlesim/msg/_color_s.c
[54.277s] -- Installing: /home/michael/HRI/ros2_ws/install/turtlesim/local/lib/python3.10/dist-packages/turtlesim/msg/__init__.py
[54.277s] -- Installing: /home/michael/HRI/ros2_ws/install/turtlesim/local/lib/python3.10/dist-packages/turtlesim/_turtlesim_s.ep.rosidl_typesupport_c.c
[54.278s] -- Installing: /home/michael/HRI/ros2_ws/install/turtlesim/local/lib/python3.10/dist-packages/turtlesim/__init__.py
[54.278s] -- Installing: /home/michael/HRI/ros2_ws/install/turtlesim/local/lib/python3.10/dist-packages/turtlesim/turtlesim_s__rosidl_typesupport_fastrtps_c.cpython-310-x86_64-linux-gnu.so
[54.278s] -- Installing: /home/michael/HRI/ros2_ws/install/turtlesim/local/lib/python3.10/dist-packages/turtlesim/libturtlesim__rosidl_generator_py.so
[54.279s] -- Installing: /home/michael/HRI/ros2_ws/install/turtlesim/local/lib/python3.10/dist-packages/turtlesim/srv
[54.279s] -- Installing: /home/michael/HRI/ros2_ws/install/turtlesim/local/lib/python3.10/dist-packages/turtlesim/srv/_teleport_relative.py
[54.279s] -- Installing: /home/michael/HRI/ros2_ws/install/turtlesim/local/lib/python3.10/dist-packages/turtlesim/srv/_teleport_absolute.py
[54.279s] -- Installing: /home/michael/HRI/ros2_ws/install/turtlesim/local/lib/python3.10/dist-packages/turtlesim/srv/_kill_s.c
[54.280s] -- Installing: /home/michael/HRI/ros2_ws/install/turtlesim/local/lib/python3.10/dist-packages/turtlesim/srv/_teleport_absolute_s.c
[54.280s] -- Installing: /home/michael/HRI/ros2_ws/install/turtlesim/local/lib/python3.10/dist-packages/turtlesim/srv/_set_pen.py
[54.280s] -- Installing: /home/michael/HRI/ros2_ws/install/turtlesim/local/lib/python3.10/dist-packages/turtlesim/srv/_teleport_relative_s.c
[54.281s] -- Installing: /home/michael/HRI/ros2_ws/install/turtlesim/local/lib/python3.10/dist-packages/turtlesim/srv/_spawn_s.c
[54.281s] -- Installing: /home/michael/HRI/ros2_ws/install/turtlesim/local/lib/python3.10/dist-packages/turtlesim/srv/_set_pen_s.c
[54.281s] -- Installing: /home/michael/HRI/ros2_ws/install/turtlesim/local/lib/python3.10/dist-packages/turtlesim/srv/_spawn.py
[54.281s] -- Installing: /home/michael/HRI/ros2_ws/install/turtlesim/local/lib/python3.10/dist-packages/turtlesim/srv/__init__.py
[54.282s] -- Installing: /home/michael/HRI/ros2_ws/install/turtlesim/local/lib/python3.10/dist-packages/turtlesim/srv/_kill.py
[54.282s] -- Installing: /home/michael/HRI/ros2_ws/install/turtlesim/local/lib/python3.10/dist-packages/turtlesim/turtlesim_s__rosidl_typesupport_c.cpython-310-x86_64-linux-gnu.so
[54.371s] Listing '/home/michael/HRI/ros2_ws/install/turtlesim/local/lib/python3.10/dist-packages/turtlesim'...
[54.371s] Compiling '/home/michael/HRI/ros2_ws/install/turtlesim/local/lib/python3.10/dist-packages/turtlesim/__init__.py'...
[54.372s] Listing '/home/michael/HRI/ros2_ws/install/turtlesim/local/lib/python3.10/dist-packages/turtlesim/action'...
[54.372s] Compiling '/home/michael/HRI/ros2_ws/install/turtlesim/local/lib/python3.10/dist-packages/turtlesim/action/__init__.py'...
[54.372s] Compiling '/home/michael/HRI/ros2_ws/install/turtlesim/local/lib/python3.10/dist-packages/turtlesim/action/_rotate_absolute.py'...
[54.372s] Listing '/home/michael/HRI/ros2_ws/install/turtlesim/local/lib/python3.10/dist-packages/turtlesim/msg'...
[54.372s] Compiling '/home/michael/HRI/ros2_ws/install/turtlesim/local/lib/python3.10/dist-packages/turtlesim/msg/__init__.py'...
[54.372s] Compiling '/home/michael/HRI/ros2_ws/install/turtlesim/local/lib/python3.10/dist-packages/turtlesim/msg/_color.py'...
[54.372s] Compiling '/home/michael/HRI/ros2_ws/install/turtlesim/local/lib/python3.10/dist-packages/turtlesim/msg/_pose.py'...
[54.372s] Listing '/home/michael/HRI/ros2_ws/install/turtlesim/local/lib/python3.10/dist-packages/turtlesim/srv'...
[54.372s] Compiling '/home/michael/HRI/ros2_ws/install/turtlesim/local/lib/python3.10/dist-packages/turtlesim/srv/__init__.py'...
[54.373s] Compiling '/home/michael/HRI/ros2_ws/install/turtlesim/local/lib/python3.10/dist-packages/turtlesim/srv/_kill.py'...
[54.373s] Compiling '/home/michael/HRI/ros2_ws/install/turtlesim/local/lib/python3.10/dist-packages/turtlesim/srv/_set_pen.py'...
[54.373s] Compiling '/home/michael/HRI/ros2_ws/install/turtlesim/local/lib/python3.10/dist-packages/turtlesim/srv/_spawn.py'...
[54.373s] Compiling '/home/michael/HRI/ros2_ws/install/turtlesim/local/lib/python3.10/dist-packages/turtlesim/srv/_teleport_absolute.py'...
[54.373s] Compiling '/home/michael/HRI/ros2_ws/install/turtlesim/local/lib/python3.10/dist-packages/turtlesim/srv/_teleport_relative.py'...
[54.380s] -- Installing: /home/michael/HRI/ros2_ws/install/turtlesim/local/lib/python3.10/dist-packages/turtlesim/turtlesim_s__rosidl_typesupport_fastrtps_c.cpython-310-x86_64-linux-gnu.so
[54.381s] -- Set runtime path of "/home/michael/HRI/ros2_ws/install/turtlesim/local/lib/python3.10/dist-packages/turtlesim/turtlesim_s__rosidl_typesupport_fastrtps_c.cpython-310-x86_64-linux-gnu.so" to ""
[54.381s] -- Installing: /home/michael/HRI/ros2_ws/install/turtlesim/local/lib/python3.10/dist-packages/turtlesim/turtlesim_s__rosidl_typesupport_introspection_c.cpython-310-x86_64-linux-gnu.so
[54.382s] -- Set runtime path of "/home/michael/HRI/ros2_ws/install/turtlesim/local/lib/python3.10/dist-packages/turtlesim/turtlesim_s__rosidl_typesupport_introspection_c.cpython-310-x86_64-linux-gnu.so" to ""
[54.382s] -- Installing: /home/michael/HRI/ros2_ws/install/turtlesim/local/lib/python3.10/dist-packages/turtlesim/turtlesim_s__rosidl_typesupport_c.cpython-310-x86_64-linux-gnu.so
[54.383s] -- Set runtime path of "/home/michael/HRI/ros2_ws/install/turtlesim/local/lib/python3.10/dist-packages/turtlesim/turtlesim_s__rosidl_typesupport_c.cpython-310-x86_64-linux-gnu.so" to ""
[54.383s] -- Installing: /home/michael/HRI/ros2_ws/install/turtlesim/lib/libturtlesim__rosidl_generator_py.so
[54.384s] -- Set runtime path of "/home/michael/HRI/ros2_ws/install/turtlesim/lib/libturtlesim__rosidl_generator_py.so" to ""
[54.384s] -- Installing: /home/michael/HRI/ros2_ws/install/turtlesim/share/turtlesim/action/RotateAbsolute.idl
[54.385s] -- Installing: /home/michael/HRI/ros2_ws/install/turtlesim/share/turtlesim/msg/Color.idl
[54.385s] -- Installing: /home/michael/HRI/ros2_ws/install/turtlesim/share/turtlesim/msg/Pose.idl
[54.385s] -- Installing: /home/michael/HRI/ros2_ws/install/turtlesim/share/turtlesim/srv/Kill.idl
[54.386s] -- Installing: /home/michael/HRI/ros2_ws/install/turtlesim/share/turtlesim/srv/SetPen.idl
[54.386s] -- Installing: /home/michael/HRI/ros2_ws/install/turtlesim/share/turtlesim/srv/Spawn.idl
[54.386s] -- Installing: /home/michael/HRI/ros2_ws/install/turtlesim/share/turtlesim/srv/TeleportAbsolute.idl
[54.386s] -- Installing: /home/michael/HRI/ros2_ws/install/turtlesim/share/turtlesim/srv/TeleportRelative.idl
[54.386s] -- Installing: /home/michael/HRI/ros2_ws/install/turtlesim/share/turtlesim/action/RotateAbsolute.action
[54.387s] -- Installing: /home/michael/HRI/ros2_ws/install/turtlesim/share/turtlesim/msg/Color.msg
[54.387s] -- Installing: /home/michael/HRI/ros2_ws/install/turtlesim/share/turtlesim/msg/Pose.msg
[54.387s] -- Installing: /home/michael/HRI/ros2_ws/install/turtlesim/share/turtlesim/srv/Kill.srv
[54.388s] -- Installing: /home/michael/HRI/ros2_ws/install/turtlesim/share/turtlesim/srv/Kill_Request.msg
[54.388s] -- Installing: /home/michael/HRI/ros2_ws/install/turtlesim/share/turtlesim/srv/Kill_Response.msg
[54.388s] -- Installing: /home/michael/HRI/ros2_ws/install/turtlesim/share/turtlesim/srv/SetPen.srv
[54.389s] -- Installing: /home/michael/HRI/ros2_ws/install/turtlesim/share/turtlesim/srv/SetPen_Request.msg
[54.389s] -- Installing: /home/michael/HRI/ros2_ws/install/turtlesim/share/turtlesim/srv/SetPen_Response.msg
[54.389s] -- Installing: /home/michael/HRI/ros2_ws/install/turtlesim/share/turtlesim/srv/Spawn.srv
[54.389s] -- Installing: /home/michael/HRI/ros2_ws/install/turtlesim/share/turtlesim/srv/Spawn_Request.msg
[54.390s] -- Installing: /home/michael/HRI/ros2_ws/install/turtlesim/share/turtlesim/srv/Spawn_Response.msg
[54.390s] -- Installing: /home/michael/HRI/ros2_ws/install/turtlesim/share/turtlesim/srv/TeleportAbsolute.srv
[54.390s] -- Installing: /home/michael/HRI/ros2_ws/install/turtlesim/share/turtlesim/srv/TeleportAbsolute_Request.msg
[54.390s] -- Installing: /home/michael/HRI/ros2_ws/install/turtlesim/share/turtlesim/srv/TeleportAbsolute_Response.msg
[54.391s] -- Installing: /home/michael/HRI/ros2_ws/install/turtlesim/share/turtlesim/srv/TeleportRelative.srv
[54.391s] -- Installing: /home/michael/HRI/ros2_ws/install/turtlesim/share/turtlesim/srv/TeleportRelative_Request.msg
[54.391s] -- Installing: /home/michael/HRI/ros2_ws/install/turtlesim/share/turtlesim/srv/TeleportRelative_Response.msg
[54.391s] -- Installing: /home/michael/HRI/ros2_ws/install/turtlesim/lib/turtlesim/turtlesim_node
[54.408s] -- Set runtime path of "/home/michael/HRI/ros2_ws/install/turtlesim/lib/turtlesim/turtlesim_node" to ""
[54.408s] -- Installing: /home/michael/HRI/ros2_ws/install/turtlesim/lib/turtlesim/turtle_teleop_key
[54.411s] -- Set runtime path of "/home/michael/HRI/ros2_ws/install/turtlesim/lib/turtlesim/turtle_teleop_key" to ""
[54.412s] -- Installing: /home/michael/HRI/ros2_ws/install/turtlesim/lib/turtlesim/draw_square
[54.419s] -- Set runtime path of "/home/michael/HRI/ros2_ws/install/turtlesim/lib/turtlesim/draw_square" to ""
[54.420s] -- Installing: /home/michael/HRI/ros2_ws/install/turtlesim/lib/turtlesim/mimic
[54.427s] -- Set runtime path of "/home/michael/HRI/ros2_ws/install/turtlesim/lib/turtlesim/mimic" to ""
[54.427s] -- Installing: /home/michael/HRI/ros2_ws/install/turtlesim/share/turtlesim/images
[54.427s] -- Installing: /home/michael/HRI/ros2_ws/install/turtlesim/share/turtlesim/images/dashing.png
[54.428s] -- Installing: /home/michael/HRI/ros2_ws/install/turtlesim/share/turtlesim/images/rolling.png
[54.428s] -- Installing: /home/michael/HRI/ros2_ws/install/turtlesim/share/turtlesim/images/galactic.png
[54.429s] -- Installing: /home/michael/HRI/ros2_ws/install/turtlesim/share/turtlesim/images/crystal.png
[54.430s] -- Installing: /home/michael/HRI/ros2_ws/install/turtlesim/share/turtlesim/images/bouncy.png
[54.430s] -- Installing: /home/michael/HRI/ros2_ws/install/turtlesim/share/turtlesim/images/humble.png
[54.431s] -- Installing: /home/michael/HRI/ros2_ws/install/turtlesim/share/turtlesim/images/ardent.png
[54.431s] -- Installing: /home/michael/HRI/ros2_ws/install/turtlesim/share/turtlesim/images/foxy.png
[54.432s] -- Installing: /home/michael/HRI/ros2_ws/install/turtlesim/share/turtlesim/images/eloquent.png
[54.432s] -- Installing: /home/michael/HRI/ros2_ws/install/turtlesim/share/turtlesim/launch
[54.433s] -- Installing: /home/michael/HRI/ros2_ws/install/turtlesim/share/turtlesim/launch/multisim.launch.py
[54.433s] -- Installing: /home/michael/HRI/ros2_ws/install/turtlesim/share/ament_index/resource_index/package_run_dependencies/turtlesim
[54.433s] -- Installing: /home/michael/HRI/ros2_ws/install/turtlesim/share/ament_index/resource_index/parent_prefix_path/turtlesim
[54.434s] -- Installing: /home/michael/HRI/ros2_ws/install/turtlesim/share/turtlesim/environment/ament_prefix_path.sh
[54.434s] -- Installing: /home/michael/HRI/ros2_ws/install/turtlesim/share/turtlesim/environment/ament_prefix_path.dsv
[54.434s] -- Installing: /home/michael/HRI/ros2_ws/install/turtlesim/share/turtlesim/environment/path.sh
[54.435s] -- Installing: /home/michael/HRI/ros2_ws/install/turtlesim/share/turtlesim/environment/path.dsv
[54.435s] -- Installing: /home/michael/HRI/ros2_ws/install/turtlesim/share/turtlesim/local_setup.bash
[54.435s] -- Installing: /home/michael/HRI/ros2_ws/install/turtlesim/share/turtlesim/local_setup.sh
[54.435s] -- Installing: /home/michael/HRI/ros2_ws/install/turtlesim/share/turtlesim/local_setup.zsh
[54.436s] -- Installing: /home/michael/HRI/ros2_ws/install/turtlesim/share/turtlesim/local_setup.dsv
[54.436s] -- Installing: /home/michael/HRI/ros2_ws/install/turtlesim/share/turtlesim/package.dsv
[54.437s] -- Installing: /home/michael/HRI/ros2_ws/install/turtlesim/share/ament_index/resource_index/packages/turtlesim
[54.437s] -- Installing: /home/michael/HRI/ros2_ws/install/turtlesim/share/turtlesim/cmake/export_turtlesim__rosidl_generator_cExport.cmake
[54.437s] -- Installing: /home/michael/HRI/ros2_ws/install/turtlesim/share/turtlesim/cmake/export_turtlesim__rosidl_generator_cExport-noconfig.cmake
[54.438s] -- Installing: /home/michael/HRI/ros2_ws/install/turtlesim/share/turtlesim/cmake/export_turtlesim__rosidl_typesupport_fastrtps_cExport.cmake
[54.438s] -- Installing: /home/michael/HRI/ros2_ws/install/turtlesim/share/turtlesim/cmake/export_turtlesim__rosidl_typesupport_fastrtps_cExport-noconfig.cmake
[54.438s] -- Installing: /home/michael/HRI/ros2_ws/install/turtlesim/share/turtlesim/cmake/export_turtlesim__rosidl_generator_cppExport.cmake
[54.439s] -- Installing: /home/michael/HRI/ros2_ws/install/turtlesim/share/turtlesim/cmake/export_turtlesim__rosidl_typesupport_fastrtps_cppExport.cmake
[54.439s] -- Installing: /home/michael/HRI/ros2_ws/install/turtlesim/share/turtlesim/cmake/export_turtlesim__rosidl_typesupport_fastrtps_cppExport-noconfig.cmake
[54.439s] -- Installing: /home/michael/HRI/ros2_ws/install/turtlesim/share/turtlesim/cmake/turtlesim__rosidl_typesupport_introspection_cExport.cmake
[54.440s] -- Installing: /home/michael/HRI/ros2_ws/install/turtlesim/share/turtlesim/cmake/turtlesim__rosidl_typesupport_introspection_cExport-noconfig.cmake
[54.440s] -- Installing: /home/michael/HRI/ros2_ws/install/turtlesim/share/turtlesim/cmake/turtlesim__rosidl_typesupport_cExport.cmake
[54.440s] -- Installing: /home/michael/HRI/ros2_ws/install/turtlesim/share/turtlesim/cmake/turtlesim__rosidl_typesupport_cExport-noconfig.cmake
[54.440s] -- Installing: /home/michael/HRI/ros2_ws/install/turtlesim/share/turtlesim/cmake/turtlesim__rosidl_typesupport_introspection_cppExport.cmake
[54.441s] -- Installing: /home/michael/HRI/ros2_ws/install/turtlesim/share/turtlesim/cmake/turtlesim__rosidl_typesupport_introspection_cppExport-noconfig.cmake
[54.441s] -- Installing: /home/michael/HRI/ros2_ws/install/turtlesim/share/turtlesim/cmake/turtlesim__rosidl_typesupport_cppExport.cmake
[54.441s] -- Installing: /home/michael/HRI/ros2_ws/install/turtlesim/share/turtlesim/cmake/turtlesim__rosidl_typesupport_cppExport-noconfig.cmake
[54.442s] -- Installing: /home/michael/HRI/ros2_ws/install/turtlesim/share/turtlesim/cmake/export_turtlesim__rosidl_generator_pyExport.cmake
[54.442s] -- Installing: /home/michael/HRI/ros2_ws/install/turtlesim/share/turtlesim/cmake/export_turtlesim__rosidl_generator_pyExport-noconfig.cmake
[54.442s] -- Installing: /home/michael/HRI/ros2_ws/install/turtlesim/share/turtlesim/cmake/rosidl_cmake-extras.cmake
[54.443s] -- Installing: /home/michael/HRI/ros2_ws/install/turtlesim/share/turtlesim/cmake/ament_cmake_export_dependencies-extras.cmake
[54.443s] -- Installing: /home/michael/HRI/ros2_ws/install/turtlesim/share/turtlesim/cmake/ament_cmake_export_include_directories-extras.cmake
[54.443s] -- Installing: /home/michael/HRI/ros2_ws/install/turtlesim/share/turtlesim/cmake/ament_cmake_export_libraries-extras.cmake
[54.443s] -- Installing: /home/michael/HRI/ros2_ws/install/turtlesim/share/turtlesim/cmake/ament_cmake_export_targets-extras.cmake
[54.444s] -- Installing: /home/michael/HRI/ros2_ws/install/turtlesim/share/turtlesim/cmake/rosidl_cmake_export_typesupport_targets-extras.cmake
[54.444s] -- Installing: /home/michael/HRI/ros2_ws/install/turtlesim/share/turtlesim/cmake/rosidl_cmake_export_typesupport_libraries-extras.cmake
[54.444s] -- Installing: /home/michael/HRI/ros2_ws/install/turtlesim/share/turtlesim/cmake/turtlesimConfig.cmake
[54.444s] -- Installing: /home/michael/HRI/ros2_ws/install/turtlesim/share/turtlesim/cmake/turtlesimConfig-version.cmake
[54.445s] -- Installing: /home/michael/HRI/ros2_ws/install/turtlesim/share/turtlesim/package.xml
[54.452s] Invoked command in '/home/michael/HRI/ros2_ws/build/turtlesim' returned '0': CMAKE_PREFIX_PATH=${CMAKE_PREFIX_PATH}:/opt/ros/humble /usr/bin/cmake --install /home/michael/HRI/ros2_ws/build/turtlesim
