[1.763s] Invoking command in '/home/michael/HRI/ros2_ws/src/examples/rclpy/executors': PYTHONPATH=/home/michael/HRI/ros2_ws/build/examples_rclpy_executors/prefix_override:/home/michael/HRI/ros2_ws/install/examples_rclpy_executors/lib/python3.10/site-packages:${PYTHONPATH} /usr/bin/python3 setup.py egg_info --egg-base ../../../../build/examples_rclpy_executors build --build-base /home/michael/HRI/ros2_ws/build/examples_rclpy_executors/build install --record /home/michael/HRI/ros2_ws/build/examples_rclpy_executors/install.log --single-version-externally-managed
[2.232s] running egg_info
[2.234s] writing ../../../../build/examples_rclpy_executors/examples_rclpy_executors.egg-info/PKG-INFO
[2.234s] writing dependency_links to ../../../../build/examples_rclpy_executors/examples_rclpy_executors.egg-info/dependency_links.txt
[2.234s] writing entry points to ../../../../build/examples_rclpy_executors/examples_rclpy_executors.egg-info/entry_points.txt
[2.235s] writing requirements to ../../../../build/examples_rclpy_executors/examples_rclpy_executors.egg-info/requires.txt
[2.235s] writing top-level names to ../../../../build/examples_rclpy_executors/examples_rclpy_executors.egg-info/top_level.txt
[2.238s] reading manifest file '../../../../build/examples_rclpy_executors/examples_rclpy_executors.egg-info/SOURCES.txt'
[2.239s] writing manifest file '../../../../build/examples_rclpy_executors/examples_rclpy_executors.egg-info/SOURCES.txt'
[2.240s] running build
[2.240s] running build_py
[2.241s] running install
[2.241s] /usr/lib/python3/dist-packages/setuptools/command/install.py:34: SetuptoolsDeprecationWarning: setup.py install is deprecated. Use build and pip and other standards-based tools.
[2.241s]   warnings.warn(
[2.241s] running install_lib
[2.244s] running install_data
[2.245s] running install_egg_info
[2.247s] removing '/home/michael/HRI/ros2_ws/install/examples_rclpy_executors/lib/python3.10/site-packages/examples_rclpy_executors-0.15.1-py3.10.egg-info' (and everything under it)
[2.248s] Copying ../../../../build/examples_rclpy_executors/examples_rclpy_executors.egg-info to /home/michael/HRI/ros2_ws/install/examples_rclpy_executors/lib/python3.10/site-packages/examples_rclpy_executors-0.15.1-py3.10.egg-info
[2.249s] running install_scripts
[2.287s] Installing callback_group script to /home/michael/HRI/ros2_ws/install/examples_rclpy_executors/lib/examples_rclpy_executors
[2.287s] Installing composed script to /home/michael/HRI/ros2_ws/install/examples_rclpy_executors/lib/examples_rclpy_executors
[2.288s] Installing custom_callback_group script to /home/michael/HRI/ros2_ws/install/examples_rclpy_executors/lib/examples_rclpy_executors
[2.288s] Installing custom_executor script to /home/michael/HRI/ros2_ws/install/examples_rclpy_executors/lib/examples_rclpy_executors
[2.288s] Installing listener script to /home/michael/HRI/ros2_ws/install/examples_rclpy_executors/lib/examples_rclpy_executors
[2.289s] Installing talker script to /home/michael/HRI/ros2_ws/install/examples_rclpy_executors/lib/examples_rclpy_executors
[2.289s] writing list of installed files to '/home/michael/HRI/ros2_ws/build/examples_rclpy_executors/install.log'
[3.512s] Invoked command in '/home/michael/HRI/ros2_ws/src/examples/rclpy/executors' returned '0': PYTHONPATH=/home/michael/HRI/ros2_ws/build/examples_rclpy_executors/prefix_override:/home/michael/HRI/ros2_ws/install/examples_rclpy_executors/lib/python3.10/site-packages:${PYTHONPATH} /usr/bin/python3 setup.py egg_info --egg-base ../../../../build/examples_rclpy_executors build --build-base /home/michael/HRI/ros2_ws/build/examples_rclpy_executors/build install --record /home/michael/HRI/ros2_ws/build/examples_rclpy_executors/install.log --single-version-externally-managed
